Start time: Wed Dec 15 13:21:19 2021

              |=============================|
              |      REGENIE v2.0.2.gz      |
              |=============================|

Copyright (c) 2020 Joelle Mbatchou and Jonathan Marchini.
Distributed under the MIT License.
Compiled with Boost Iostream library.
Using Intel MKL with Eigen.

Log of output saved in file : regenie_output/PD_ukb_step2_LTFH.chr21.log

Options in effect:
  --step 2 \
  --pred regenie_output/PD_ukb_step1_LTFH_pred.list \
  --bgen /mnt/stsi/stsi1/ptseng/UKBB_Resources/impute_impute4/bgen_links/ukb_imp_chr21_v3.bgen \
  --sample /mnt/stsi/stsi1/ptseng/UKBB_Resources/impute_impute4/ukbb_impute4.sample \
  --ref-first \
  --phenoFile regenie_input/PD_ltfh.txt \
  --covarFile regenie_input/PD_covar.txt \
  --remove /gpfs/home/ptseng/Torkamani_Projects/20210901_PD_UKBB/ukbb_relatedness/king_output/king_degree_5_unrelatedunrelated_toberemoved.txt \
  --bsize 400 \
  --out regenie_output/PD_ukb_step2_LTFH.chr21

Association testing mode with fast multithreading using OpenMP
 * bgen             : [/mnt/stsi/stsi1/ptseng/UKBB_Resources/impute_impute4/bgen_links/ukb_imp_chr21_v3.bgen]
   -summary : bgen file (v1.2 layout, zlib compressed) with 487409 anonymous samples and 1261158 variants with 8-bit encoding.
   -index bgi file [/mnt/stsi/stsi1/ptseng/UKBB_Resources/impute_impute4/bgen_links/ukb_imp_chr21_v3.bgen.bgi]
   -sample file: /mnt/stsi/stsi1/ptseng/UKBB_Resources/impute_impute4/ukbb_impute4.sample
   -removing individuals specified in [/gpfs/home/ptseng/Torkamani_Projects/20210901_PD_UKBB/ukbb_relatedness/king_output/king_degree_5_unrelatedunrelated_toberemoved.txt]
     +number of genotyped individuals to exclude from the analysis = 34713
 * phenotypes       : [regenie_input/PD_ltfh.txt] n_pheno = 1
   -dropping observations with missing values at any of the phenotypes
   -number of phenotyped individuals = 445864
   -number of individuals remaining with non-missing phenotypes = 445864
 * covariates       : [regenie_input/PD_covar.txt] n_cov = 24
   -number of individuals with covariate data = 452360
 * number of individuals used in analysis = 445864
 * LOCO predictions : [regenie_output/PD_ukb_step1_LTFH_pred.list] n_files = 1
   -file [/gpfs/home/ptseng/Torkamani_Projects/20210901_PD_UKBB/ltfh-regenie/regenie_output/PD_ukb_step1_LTFH_1.loco] for phenotype 'ltfh'
    + 27186 individuals don't have LOCO predictions and will be ignored for the trait
   -residualizing and scaling phenotypes...done (14ms) 
 * # threads        : [15]
 * block size       : [400]
 * # blocks         : [3153]
 * approximate memory usage : 2GB
 * using minimum MAC of 5 (variants with lower MAC are ignored)

Chromosome 21 [3153 blocks in total]
   -reading loco predictions for the chromosome...done (24857ms) 
 block [1] : done (2726ms) 
 block [2] : done (2719ms) 
 block [3] : done (3293ms) 
 block [4] : done (3051ms) 
 block [5] : done (3019ms) 
 block [6] : done (2680ms) 
 block [7] : done (2643ms) 
 block [8] : done (2495ms) 
 block [9] : done (2555ms) 
 block [10] : done (3113ms) 
 block [11] : done (3186ms) 
 block [12] : done (2678ms) 
 block [13] : done (2972ms) 
 block [14] : done (2949ms) 
 block [15] : done (2840ms) 
 block [16] : done (2705ms) 
 block [17] : done (3029ms) 
 block [18] : done (3221ms) 
 block [19] : done (3418ms) 
 block [20] : done (3259ms) 
 block [21] : done (2698ms) 
 block [22] : done (2515ms) 
 block [23] : done (2719ms) 
 block [24] : done (2513ms) 
 block [25] : done (2500ms) 
 block [26] : done (2253ms) 
 block [27] : done (2449ms) 
 block [28] : done (2404ms) 
 block [29] : done (2386ms) 
 block [30] : done (2373ms) 
 block [31] : done (2399ms) 
 block [32] : done (2522ms) 
 block [33] : done (2437ms) 
 block [34] : done (2314ms) 
 block [35] : done (2344ms) 
 block [36] : done (2383ms) 
 block [37] : done (2403ms) 
 block [38] : done (2515ms) 
 block [39] : done (2576ms) 
 block [40] : done (2474ms) 
 block [41] : done (2423ms) 
 block [42] : done (2733ms) 
 block [43] : done (2609ms) 
 block [44] : done (2341ms) 
 block [45] : done (2459ms) 
 block [46] : done (2464ms) 
 block [47] : done (2565ms) 
 block [48] : done (2521ms) 
 block [49] : done (2591ms) 
 block [50] : done (2788ms) 
 block [51] : done (2725ms) 
 block [52] : done (2642ms) 
 block [53] : done (2697ms) 
 block [54] : done (2565ms) 
 block [55] : done (2462ms) 
 block [56] : done (2543ms) 
 block [57] : done (2644ms) 
 block [58] : done (2612ms) 
 block [59] : done (2583ms) 
 block [60] : done (2319ms) 
 block [61] : done (2456ms) 
 block [62] : done (2468ms) 
 block [63] : done (2609ms) 
 block [64] : done (2424ms) 
 block [65] : done (2451ms) 
 block [66] : done (2368ms) 
 block [67] : done (2371ms) 
 block [68] : done (2313ms) 
 block [69] : done (2524ms) 
 block [70] : done (2472ms) 
 block [71] : done (2420ms) 
 block [72] : done (2404ms) 
 block [73] : done (2514ms) 
 block [74] : done (2999ms) 
 block [75] : done (3283ms) 
 block [76] : done (3084ms) 
 block [77] : done (2941ms) 
 block [78] : done (3315ms) 
 block [79] : done (3342ms) 
 block [80] : done (2548ms) 
 block [81] : done (2233ms) 
 block [82] : done (2384ms) 
 block [83] : done (2410ms) 
 block [84] : done (2282ms) 
 block [85] : done (2449ms) 
 block [86] : done (2532ms) 
 block [87] : done (2530ms) 
 block [88] : done (2633ms) 
 block [89] : done (2439ms) 
 block [90] : done (2490ms) 
 block [91] : done (2230ms) 
 block [92] : done (2441ms) 
 block [93] : done (2438ms) 
 block [94] : done (2415ms) 
 block [95] : done (2507ms) 
 block [96] : done (2532ms) 
 block [97] : done (2414ms) 
 block [98] : done (2646ms) 
 block [99] : done (2526ms) 
 block [100] : done (2314ms) 
 block [101] : done (2599ms) 
 block [102] : done (2637ms) 
 block [103] : done (2432ms) 
 block [104] : done (2260ms) 
 block [105] : done (2385ms) 
 block [106] : done (2472ms) 
 block [107] : done (2450ms) 
 block [108] : done (2218ms) 
 block [109] : done (2274ms) 
 block [110] : done (2152ms) 
 block [111] : done (2275ms) 
 block [112] : done (2283ms) 
 block [113] : done (2461ms) 
 block [114] : done (2395ms) 
 block [115] : done (2345ms) 
 block [116] : done (2457ms) 
 block [117] : done (2330ms) 
 block [118] : done (2375ms) 
 block [119] : done (2246ms) 
 block [120] : done (2231ms) 
 block [121] : done (2381ms) 
 block [122] : done (2285ms) 
 block [123] : done (2206ms) 
 block [124] : done (2363ms) 
 block [125] : done (2323ms) 
 block [126] : done (2605ms) 
 block [127] : done (2345ms) 
 block [128] : done (2329ms) 
 block [129] : done (2279ms) 
 block [130] : done (2261ms) 
 block [131] : done (2188ms) 
 block [132] : done (2914ms) 
 block [133] : done (3242ms) 
 block [134] : done (3102ms) 
 block [135] : done (2792ms) 
 block [136] : done (2493ms) 
 block [137] : done (2303ms) 
 block [138] : done (2409ms) 
 block [139] : done (2479ms) 
 block [140] : done (2693ms) 
 block [141] : done (2656ms) 
 block [142] : done (2783ms) 
 block [143] : done (2592ms) 
 block [144] : done (2596ms) 
 block [145] : done (2715ms) 
 block [146] : done (2533ms) 
 block [147] : done (2619ms) 
 block [148] : done (2714ms) 
 block [149] : done (2651ms) 
 block [150] : done (2623ms) 
 block [151] : done (2448ms) 
 block [152] : done (2516ms) 
 block [153] : done (2384ms) 
 block [154] : done (2315ms) 
 block [155] : done (2318ms) 
 block [156] : done (2527ms) 
 block [157] : done (2492ms) 
 block [158] : done (2286ms) 
 block [159] : done (2442ms) 
 block [160] : done (2298ms) 
 block [161] : done (2256ms) 
 block [162] : done (2100ms) 
 block [163] : done (2309ms) 
 block [164] : done (2309ms) 
 block [165] : done (2398ms) 
 block [166] : done (2365ms) 
 block [167] : done (2595ms) 
 block [168] : done (2333ms) 
 block [169] : done (2243ms) 
 block [170] : done (2359ms) 
 block [171] : done (2150ms) 
 block [172] : done (2165ms) 
 block [173] : done (1991ms) 
 block [174] : done (2181ms) 
 block [175] : done (2296ms) 
 block [176] : done (2235ms) 
 block [177] : done (2157ms) 
 block [178] : done (2368ms) 
 block [179] : done (2375ms) 
 block [180] : done (2190ms) 
 block [181] : done (2080ms) 
 block [182] : done (2096ms) 
 block [183] : done (2106ms) 
 block [184] : done (2142ms) 
 block [185] : done (2206ms) 
 block [186] : done (2109ms) 
 block [187] : done (2109ms) 
 block [188] : done (1980ms) 
 block [189] : done (2150ms) 
 block [190] : done (2098ms) 
 block [191] : done (2131ms) 
 block [192] : done (2137ms) 
 block [193] : done (2104ms) 
 block [194] : done (1915ms) 
 block [195] : done (1907ms) 
 block [196] : done (1984ms) 
 block [197] : done (2165ms) 
 block [198] : done (1876ms) 
 block [199] : done (1992ms) 
 block [200] : done (2007ms) 
 block [201] : done (2095ms) 
 block [202] : done (2167ms) 
 block [203] : done (2174ms) 
 block [204] : done (2192ms) 
 block [205] : done (2042ms) 
 block [206] : done (2100ms) 
 block [207] : done (2297ms) 
 block [208] : done (2115ms) 
 block [209] : done (2068ms) 
 block [210] : done (1994ms) 
 block [211] : done (2014ms) 
 block [212] : done (2064ms) 
 block [213] : done (2280ms) 
 block [214] : done (2307ms) 
 block [215] : done (2068ms) 
 block [216] : done (2248ms) 
 block [217] : done (2187ms) 
 block [218] : done (2263ms) 
 block [219] : done (2235ms) 
 block [220] : done (2238ms) 
 block [221] : done (2316ms) 
 block [222] : done (2209ms) 
 block [223] : done (2294ms) 
 block [224] : done (2369ms) 
 block [225] : done (2400ms) 
 block [226] : done (2476ms) 
 block [227] : done (2386ms) 
 block [228] : done (2279ms) 
 block [229] : done (2130ms) 
 block [230] : done (2249ms) 
 block [231] : done (2252ms) 
 block [232] : done (2221ms) 
 block [233] : done (2257ms) 
 block [234] : done (2283ms) 
 block [235] : done (2333ms) 
 block [236] : done (2232ms) 
 block [237] : done (2137ms) 
 block [238] : done (2271ms) 
 block [239] : done (2322ms) 
 block [240] : done (2063ms) 
 block [241] : done (2020ms) 
 block [242] : done (2130ms) 
 block [243] : done (2061ms) 
 block [244] : done (1958ms) 
 block [245] : done (1980ms) 
 block [246] : done (1973ms) 
 block [247] : done (2173ms) 
 block [248] : done (2053ms) 
 block [249] : done (2063ms) 
 block [250] : done (2106ms) 
 block [251] : done (2060ms) 
 block [252] : done (1988ms) 
 block [253] : done (1967ms) 
 block [254] : done (1946ms) 
 block [255] : done (1957ms) 
 block [256] : done (1997ms) 
 block [257] : done (2264ms) 
 block [258] : done (2180ms) 
 block [259] : done (2053ms) 
 block [260] : done (2002ms) 
 block [261] : done (2070ms) 
 block [262] : done (1942ms) 
 block [263] : done (1897ms) 
 block [264] : done (1884ms) 
 block [265] : done (1982ms) 
 block [266] : done (1950ms) 
 block [267] : done (2036ms) 
 block [268] : done (1886ms) 
 block [269] : done (1935ms) 
 block [270] : done (1931ms) 
 block [271] : done (2150ms) 
 block [272] : done (2229ms) 
 block [273] : done (2141ms) 
 block [274] : done (2130ms) 
 block [275] : done (1861ms) 
 block [276] : done (1969ms) 
 block [277] : done (1947ms) 
 block [278] : done (1887ms) 
 block [279] : done (1942ms) 
 block [280] : done (2091ms) 
 block [281] : done (2128ms) 
 block [282] : done (2088ms) 
 block [283] : done (2091ms) 
 block [284] : done (2093ms) 
 block [285] : done (2073ms) 
 block [286] : done (2096ms) 
 block [287] : done (2162ms) 
 block [288] : done (2154ms) 
 block [289] : done (2226ms) 
 block [290] : done (2081ms) 
 block [291] : done (2126ms) 
 block [292] : done (2218ms) 
 block [293] : done (2189ms) 
 block [294] : done (2335ms) 
 block [295] : done (2206ms) 
 block [296] : done (2292ms) 
 block [297] : done (2265ms) 
 block [298] : done (2437ms) 
 block [299] : done (2162ms) 
 block [300] : done (2116ms) 
 block [301] : done (2277ms) 
 block [302] : done (2142ms) 
 block [303] : done (2217ms) 
 block [304] : done (2414ms) 
 block [305] : done (2347ms) 
 block [306] : done (2231ms) 
 block [307] : done (2346ms) 
 block [308] : done (2113ms) 
 block [309] : done (2313ms) 
 block [310] : done (2203ms) 
 block [311] : done (2213ms) 
 block [312] : done (2133ms) 
 block [313] : done (2285ms) 
 block [314] : done (2197ms) 
 block [315] : done (2116ms) 
 block [316] : done (2137ms) 
 block [317] : done (2170ms) 
 block [318] : done (2034ms) 
 block [319] : done (2183ms) 
 block [320] : done (2069ms) 
 block [321] : done (2004ms) 
 block [322] : done (2023ms) 
 block [323] : done (2037ms) 
 block [324] : done (2118ms) 
 block [325] : done (2140ms) 
 block [326] : done (2140ms) 
 block [327] : done (2039ms) 
 block [328] : done (2061ms) 
 block [329] : done (2148ms) 
 block [330] : done (2097ms) 
 block [331] : done (2026ms) 
 block [332] : done (2166ms) 
 block [333] : done (2268ms) 
 block [334] : done (2078ms) 
 block [335] : done (2206ms) 
 block [336] : done (2263ms) 
 block [337] : done (2249ms) 
 block [338] : done (2151ms) 
 block [339] : done (2280ms) 
 block [340] : done (2120ms) 
 block [341] : done (2187ms) 
 block [342] : done (2219ms) 
 block [343] : done (2197ms) 
 block [344] : done (2308ms) 
 block [345] : done (2213ms) 
 block [346] : done (2304ms) 
 block [347] : done (2146ms) 
 block [348] : done (2173ms) 
 block [349] : done (2197ms) 
 block [350] : done (2147ms) 
 block [351] : done (2055ms) 
 block [352] : done (2173ms) 
 block [353] : done (2181ms) 
 block [354] : done (2273ms) 
 block [355] : done (2253ms) 
 block [356] : done (2303ms) 
 block [357] : done (2076ms) 
 block [358] : done (2130ms) 
 block [359] : done (2149ms) 
 block [360] : done (2140ms) 
 block [361] : done (2227ms) 
 block [362] : done (1999ms) 
 block [363] : done (2279ms) 
 block [364] : done (2098ms) 
 block [365] : done (2113ms) 
 block [366] : done (2280ms) 
 block [367] : done (2148ms) 
 block [368] : done (2156ms) 
 block [369] : done (2056ms) 
 block [370] : done (2252ms) 
 block [371] : done (2321ms) 
 block [372] : done (2276ms) 
 block [373] : done (2234ms) 
 block [374] : done (2207ms) 
 block [375] : done (2366ms) 
 block [376] : done (2283ms) 
 block [377] : done (2245ms) 
 block [378] : done (2157ms) 
 block [379] : done (2380ms) 
 block [380] : done (2175ms) 
 block [381] : done (2096ms) 
 block [382] : done (2142ms) 
 block [383] : done (2157ms) 
 block [384] : done (2086ms) 
 block [385] : done (2177ms) 
 block [386] : done (2152ms) 
 block [387] : done (2084ms) 
 block [388] : done (2302ms) 
 block [389] : done (2316ms) 
 block [390] : done (2229ms) 
 block [391] : done (2265ms) 
 block [392] : done (2148ms) 
 block [393] : done (2077ms) 
 block [394] : done (2129ms) 
 block [395] : done (2172ms) 
 block [396] : done (2095ms) 
 block [397] : done (2036ms) 
 block [398] : done (2130ms) 
 block [399] : done (2170ms) 
 block [400] : done (2116ms) 
 block [401] : done (2013ms) 
 block [402] : done (1985ms) 
 block [403] : done (2022ms) 
 block [404] : done (2032ms) 
 block [405] : done (2064ms) 
 block [406] : done (1999ms) 
 block [407] : done (1960ms) 
 block [408] : done (1895ms) 
 block [409] : done (1952ms) 
 block [410] : done (2098ms) 
 block [411] : done (1944ms) 
 block [412] : done (1929ms) 
 block [413] : done (1980ms) 
 block [414] : done (2057ms) 
 block [415] : done (1921ms) 
 block [416] : done (2112ms) 
 block [417] : done (2025ms) 
 block [418] : done (1985ms) 
 block [419] : done (1955ms) 
 block [420] : done (1974ms) 
 block [421] : done (1952ms) 
 block [422] : done (2264ms) 
 block [423] : done (2270ms) 
 block [424] : done (2012ms) 
 block [425] : done (1976ms) 
 block [426] : done (1986ms) 
 block [427] : done (2284ms) 
 block [428] : done (1965ms) 
 block [429] : done (2186ms) 
 block [430] : done (2060ms) 
 block [431] : done (2165ms) 
 block [432] : done (2182ms) 
 block [433] : done (2027ms) 
 block [434] : done (2370ms) 
 block [435] : done (2152ms) 
 block [436] : done (2085ms) 
 block [437] : done (2124ms) 
 block [438] : done (2196ms) 
 block [439] : done (1961ms) 
 block [440] : done (2087ms) 
 block [441] : done (1994ms) 
 block [442] : done (2042ms) 
 block [443] : done (2070ms) 
 block [444] : done (1956ms) 
 block [445] : done (1949ms) 
 block [446] : done (2040ms) 
 block [447] : done (2161ms) 
 block [448] : done (2034ms) 
 block [449] : done (1906ms) 
 block [450] : done (2077ms) 
 block [451] : done (1926ms) 
 block [452] : done (1986ms) 
 block [453] : done (1996ms) 
 block [454] : done (2023ms) 
 block [455] : done (2127ms) 
 block [456] : done (2007ms) 
 block [457] : done (2095ms) 
 block [458] : done (2074ms) 
 block [459] : done (2117ms) 
 block [460] : done (2315ms) 
 block [461] : done (2135ms) 
 block [462] : done (2084ms) 
 block [463] : done (2032ms) 
 block [464] : done (2242ms) 
 block [465] : done (2263ms) 
 block [466] : done (2149ms) 
 block [467] : done (2257ms) 
 block [468] : done (1987ms) 
 block [469] : done (2098ms) 
 block [470] : done (2202ms) 
 block [471] : done (2201ms) 
 block [472] : done (2181ms) 
 block [473] : done (2303ms) 
 block [474] : done (2144ms) 
 block [475] : done (2125ms) 
 block [476] : done (2169ms) 
 block [477] : done (2428ms) 
 block [478] : done (2242ms) 
 block [479] : done (2255ms) 
 block [480] : done (2283ms) 
 block [481] : done (2127ms) 
 block [482] : done (2321ms) 
 block [483] : done (2194ms) 
 block [484] : done (2234ms) 
 block [485] : done (2133ms) 
 block [486] : done (2263ms) 
 block [487] : done (2162ms) 
 block [488] : done (2089ms) 
 block [489] : done (2232ms) 
 block [490] : done (2374ms) 
 block [491] : done (2254ms) 
 block [492] : done (2226ms) 
 block [493] : done (2245ms) 
 block [494] : done (2208ms) 
 block [495] : done (2159ms) 
 block [496] : done (2241ms) 
 block [497] : done (2177ms) 
 block [498] : done (2203ms) 
 block [499] : done (2227ms) 
 block [500] : done (2330ms) 
 block [501] : done (2263ms) 
 block [502] : done (2154ms) 
 block [503] : done (2273ms) 
 block [504] : done (2227ms) 
 block [505] : done (2250ms) 
 block [506] : done (2310ms) 
 block [507] : done (2235ms) 
 block [508] : done (2237ms) 
 block [509] : done (2319ms) 
 block [510] : done (2009ms) 
 block [511] : done (2112ms) 
 block [512] : done (2283ms) 
 block [513] : done (2077ms) 
 block [514] : done (2227ms) 
 block [515] : done (2223ms) 
 block [516] : done (2184ms) 
 block [517] : done (2398ms) 
 block [518] : done (2259ms) 
 block [519] : done (2271ms) 
 block [520] : done (2214ms) 
 block [521] : done (2254ms) 
 block [522] : done (2214ms) 
 block [523] : done (2196ms) 
 block [524] : done (2303ms) 
 block [525] : done (2256ms) 
 block [526] : done (2140ms) 
 block [527] : done (2158ms) 
 block [528] : done (2203ms) 
 block [529] : done (2218ms) 
 block [530] : done (2145ms) 
 block [531] : done (2201ms) 
 block [532] : done (2377ms) 
 block [533] : done (2133ms) 
 block [534] : done (1997ms) 
 block [535] : done (2143ms) 
 block [536] : done (2275ms) 
 block [537] : done (2221ms) 
 block [538] : done (2233ms) 
 block [539] : done (2183ms) 
 block [540] : done (2235ms) 
 block [541] : done (2173ms) 
 block [542] : done (2124ms) 
 block [543] : done (2260ms) 
 block [544] : done (2178ms) 
 block [545] : done (2275ms) 
 block [546] : done (2372ms) 
 block [547] : done (2285ms) 
 block [548] : done (2188ms) 
 block [549] : done (2459ms) 
 block [550] : done (2108ms) 
 block [551] : done (2217ms) 
 block [552] : done (2241ms) 
 block [553] : done (2301ms) 
 block [554] : done (2529ms) 
 block [555] : done (2305ms) 
 block [556] : done (2311ms) 
 block [557] : done (2269ms) 
 block [558] : done (2163ms) 
 block [559] : done (2084ms) 
 block [560] : done (2139ms) 
 block [561] : done (2175ms) 
 block [562] : done (2169ms) 
 block [563] : done (2055ms) 
 block [564] : done (2135ms) 
 block [565] : done (2035ms) 
 block [566] : done (1954ms) 
 block [567] : done (2092ms) 
 block [568] : done (1798ms) 
 block [569] : done (1988ms) 
 block [570] : done (1951ms) 
 block [571] : done (1982ms) 
 block [572] : done (2075ms) 
 block [573] : done (2013ms) 
 block [574] : done (2120ms) 
 block [575] : done (1964ms) 
 block [576] : done (2059ms) 
 block [577] : done (1988ms) 
 block [578] : done (2135ms) 
 block [579] : done (1908ms) 
 block [580] : done (2048ms) 
 block [581] : done (2108ms) 
 block [582] : done (2025ms) 
 block [583] : done (1857ms) 
 block [584] : done (2176ms) 
 block [585] : done (2026ms) 
 block [586] : done (2224ms) 
 block [587] : done (2206ms) 
 block [588] : done (2123ms) 
 block [589] : done (2157ms) 
 block [590] : done (2134ms) 
 block [591] : done (2114ms) 
 block [592] : done (2215ms) 
 block [593] : done (2172ms) 
 block [594] : done (2287ms) 
 block [595] : done (2116ms) 
 block [596] : done (2074ms) 
 block [597] : done (2195ms) 
 block [598] : done (2281ms) 
 block [599] : done (2473ms) 
 block [600] : done (2319ms) 
 block [601] : done (2179ms) 
 block [602] : done (2394ms) 
 block [603] : done (2469ms) 
 block [604] : done (2247ms) 
 block [605] : done (2008ms) 
 block [606] : done (2200ms) 
 block [607] : done (2178ms) 
 block [608] : done (2264ms) 
 block [609] : done (2277ms) 
 block [610] : done (2299ms) 
 block [611] : done (2384ms) 
 block [612] : done (2306ms) 
 block [613] : done (2381ms) 
 block [614] : done (2302ms) 
 block [615] : done (2354ms) 
 block [616] : done (2322ms) 
 block [617] : done (2399ms) 
 block [618] : done (2291ms) 
 block [619] : done (2377ms) 
 block [620] : done (2231ms) 
 block [621] : done (2253ms) 
 block [622] : done (2316ms) 
 block [623] : done (2180ms) 
 block [624] : done (2258ms) 
 block [625] : done (2128ms) 
 block [626] : done (2246ms) 
 block [627] : done (2191ms) 
 block [628] : done (2295ms) 
 block [629] : done (2238ms) 
 block [630] : done (2239ms) 
 block [631] : done (2387ms) 
 block [632] : done (2411ms) 
 block [633] : done (2408ms) 
 block [634] : done (2207ms) 
 block [635] : done (2347ms) 
 block [636] : done (2297ms) 
 block [637] : done (2116ms) 
 block [638] : done (2320ms) 
 block [639] : done (2491ms) 
 block [640] : done (2388ms) 
 block [641] : done (2290ms) 
 block [642] : done (2316ms) 
 block [643] : done (2302ms) 
 block [644] : done (2366ms) 
 block [645] : done (2275ms) 
 block [646] : done (2080ms) 
 block [647] : done (2207ms) 
 block [648] : done (2150ms) 
 block [649] : done (1957ms) 
 block [650] : done (2169ms) 
 block [651] : done (2026ms) 
 block [652] : done (2136ms) 
 block [653] : done (1994ms) 
 block [654] : done (2093ms) 
 block [655] : done (2172ms) 
 block [656] : done (2241ms) 
 block [657] : done (2105ms) 
 block [658] : done (2052ms) 
 block [659] : done (2261ms) 
 block [660] : done (2111ms) 
 block [661] : done (2312ms) 
 block [662] : done (2228ms) 
 block [663] : done (2211ms) 
 block [664] : done (2313ms) 
 block [665] : done (2052ms) 
 block [666] : done (2214ms) 
 block [667] : done (2326ms) 
 block [668] : done (2399ms) 
 block [669] : done (2198ms) 
 block [670] : done (2163ms) 
 block [671] : done (2196ms) 
 block [672] : done (2249ms) 
 block [673] : done (2087ms) 
 block [674] : done (2103ms) 
 block [675] : done (2226ms) 
 block [676] : done (2066ms) 
 block [677] : done (2145ms) 
 block [678] : done (2143ms) 
 block [679] : done (2243ms) 
 block [680] : done (2221ms) 
 block [681] : done (2093ms) 
 block [682] : done (1970ms) 
 block [683] : done (1974ms) 
 block [684] : done (2010ms) 
 block [685] : done (2004ms) 
 block [686] : done (2111ms) 
 block [687] : done (2002ms) 
 block [688] : done (1831ms) 
 block [689] : done (1944ms) 
 block [690] : done (1843ms) 
 block [691] : done (2180ms) 
 block [692] : done (2095ms) 
 block [693] : done (2044ms) 
 block [694] : done (1872ms) 
 block [695] : done (2169ms) 
 block [696] : done (2188ms) 
 block [697] : done (2135ms) 
 block [698] : done (1959ms) 
 block [699] : done (1958ms) 
 block [700] : done (2047ms) 
 block [701] : done (1946ms) 
 block [702] : done (1876ms) 
 block [703] : done (2019ms) 
 block [704] : done (1967ms) 
 block [705] : done (2028ms) 
 block [706] : done (2012ms) 
 block [707] : done (1968ms) 
 block [708] : done (2051ms) 
 block [709] : done (2112ms) 
 block [710] : done (2081ms) 
 block [711] : done (2185ms) 
 block [712] : done (2194ms) 
 block [713] : done (2011ms) 
 block [714] : done (2112ms) 
 block [715] : done (2199ms) 
 block [716] : done (2052ms) 
 block [717] : done (1935ms) 
 block [718] : done (2050ms) 
 block [719] : done (1897ms) 
 block [720] : done (2015ms) 
 block [721] : done (1977ms) 
 block [722] : done (1958ms) 
 block [723] : done (1948ms) 
 block [724] : done (2122ms) 
 block [725] : done (1926ms) 
 block [726] : done (2045ms) 
 block [727] : done (2028ms) 
 block [728] : done (2067ms) 
 block [729] : done (1960ms) 
 block [730] : done (1988ms) 
 block [731] : done (2189ms) 
 block [732] : done (2060ms) 
 block [733] : done (2291ms) 
 block [734] : done (2225ms) 
 block [735] : done (2169ms) 
 block [736] : done (2096ms) 
 block [737] : done (2065ms) 
 block [738] : done (2142ms) 
 block [739] : done (2242ms) 
 block [740] : done (2241ms) 
 block [741] : done (2255ms) 
 block [742] : done (2115ms) 
 block [743] : done (2208ms) 
 block [744] : done (2330ms) 
 block [745] : done (2110ms) 
 block [746] : done (2175ms) 
 block [747] : done (2442ms) 
 block [748] : done (2417ms) 
 block [749] : done (2350ms) 
 block [750] : done (2196ms) 
 block [751] : done (2167ms) 
 block [752] : done (2289ms) 
 block [753] : done (2156ms) 
 block [754] : done (2297ms) 
 block [755] : done (2385ms) 
 block [756] : done (2017ms) 
 block [757] : done (1983ms) 
 block [758] : done (2110ms) 
 block [759] : done (2122ms) 
 block [760] : done (2114ms) 
 block [761] : done (2087ms) 
 block [762] : done (2017ms) 
 block [763] : done (2110ms) 
 block [764] : done (1951ms) 
 block [765] : done (2052ms) 
 block [766] : done (2123ms) 
 block [767] : done (2105ms) 
 block [768] : done (2125ms) 
 block [769] : done (2042ms) 
 block [770] : done (2116ms) 
 block [771] : done (1986ms) 
 block [772] : done (2222ms) 
 block [773] : done (2186ms) 
 block [774] : done (2172ms) 
 block [775] : done (2264ms) 
 block [776] : done (2133ms) 
 block [777] : done (1967ms) 
 block [778] : done (2054ms) 
 block [779] : done (1950ms) 
 block [780] : done (2150ms) 
 block [781] : done (2206ms) 
 block [782] : done (2224ms) 
 block [783] : done (2299ms) 
 block [784] : done (2027ms) 
 block [785] : done (2128ms) 
 block [786] : done (2121ms) 
 block [787] : done (2264ms) 
 block [788] : done (2092ms) 
 block [789] : done (1992ms) 
 block [790] : done (1940ms) 
 block [791] : done (1930ms) 
 block [792] : done (1960ms) 
 block [793] : done (2026ms) 
 block [794] : done (2036ms) 
 block [795] : done (2192ms) 
 block [796] : done (2288ms) 
 block [797] : done (1889ms) 
 block [798] : done (2095ms) 
 block [799] : done (1913ms) 
 block [800] : done (2039ms) 
 block [801] : done (2040ms) 
 block [802] : done (2288ms) 
 block [803] : done (2103ms) 
 block [804] : done (2064ms) 
 block [805] : done (2039ms) 
 block [806] : done (2008ms) 
 block [807] : done (2080ms) 
 block [808] : done (1970ms) 
 block [809] : done (2032ms) 
 block [810] : done (2142ms) 
 block [811] : done (2137ms) 
 block [812] : done (2185ms) 
 block [813] : done (2027ms) 
 block [814] : done (2021ms) 
 block [815] : done (2055ms) 
 block [816] : done (2097ms) 
 block [817] : done (2279ms) 
 block [818] : done (2177ms) 
 block [819] : done (1971ms) 
 block [820] : done (2032ms) 
 block [821] : done (1829ms) 
 block [822] : done (2057ms) 
 block [823] : done (1976ms) 
 block [824] : done (1991ms) 
 block [825] : done (2047ms) 
 block [826] : done (1987ms) 
 block [827] : done (1947ms) 
 block [828] : done (2046ms) 
 block [829] : done (2117ms) 
 block [830] : done (1969ms) 
 block [831] : done (2010ms) 
 block [832] : done (1995ms) 
 block [833] : done (1962ms) 
 block [834] : done (1965ms) 
 block [835] : done (1857ms) 
 block [836] : done (2023ms) 
 block [837] : done (1886ms) 
 block [838] : done (2017ms) 
 block [839] : done (1870ms) 
 block [840] : done (1969ms) 
 block [841] : done (1772ms) 
 block [842] : done (2126ms) 
 block [843] : done (2071ms) 
 block [844] : done (2073ms) 
 block [845] : done (2045ms) 
 block [846] : done (2176ms) 
 block [847] : done (2141ms) 
 block [848] : done (2161ms) 
 block [849] : done (2172ms) 
 block [850] : done (2029ms) 
 block [851] : done (2133ms) 
 block [852] : done (2145ms) 
 block [853] : done (1980ms) 
 block [854] : done (2065ms) 
 block [855] : done (1944ms) 
 block [856] : done (1931ms) 
 block [857] : done (1893ms) 
 block [858] : done (1868ms) 
 block [859] : done (1978ms) 
 block [860] : done (1802ms) 
 block [861] : done (2020ms) 
 block [862] : done (1973ms) 
 block [863] : done (2091ms) 
 block [864] : done (2032ms) 
 block [865] : done (1843ms) 
 block [866] : done (1994ms) 
 block [867] : done (2060ms) 
 block [868] : done (2083ms) 
 block [869] : done (1883ms) 
 block [870] : done (1954ms) 
 block [871] : done (1937ms) 
 block [872] : done (1977ms) 
 block [873] : done (2142ms) 
 block [874] : done (2137ms) 
 block [875] : done (2133ms) 
 block [876] : done (2154ms) 
 block [877] : done (2131ms) 
 block [878] : done (2132ms) 
 block [879] : done (2166ms) 
 block [880] : done (2218ms) 
 block [881] : done (2047ms) 
 block [882] : done (2129ms) 
 block [883] : done (2149ms) 
 block [884] : done (2168ms) 
 block [885] : done (2144ms) 
 block [886] : done (2023ms) 
 block [887] : done (2114ms) 
 block [888] : done (2291ms) 
 block [889] : done (2499ms) 
 block [890] : done (2349ms) 
 block [891] : done (2340ms) 
 block [892] : done (2350ms) 
 block [893] : done (2247ms) 
 block [894] : done (2280ms) 
 block [895] : done (2194ms) 
 block [896] : done (2380ms) 
 block [897] : done (2528ms) 
 block [898] : done (2254ms) 
 block [899] : done (2153ms) 
 block [900] : done (2124ms) 
 block [901] : done (2196ms) 
 block [902] : done (2096ms) 
 block [903] : done (2003ms) 
 block [904] : done (2001ms) 
 block [905] : done (2006ms) 
 block [906] : done (2011ms) 
 block [907] : done (1895ms) 
 block [908] : done (2027ms) 
 block [909] : done (1993ms) 
 block [910] : done (1932ms) 
 block [911] : done (2094ms) 
 block [912] : done (2144ms) 
 block [913] : done (1921ms) 
 block [914] : done (1886ms) 
 block [915] : done (1835ms) 
 block [916] : done (1923ms) 
 block [917] : done (1969ms) 
 block [918] : done (1835ms) 
 block [919] : done (1880ms) 
 block [920] : done (2069ms) 
 block [921] : done (1938ms) 
 block [922] : done (2099ms) 
 block [923] : done (2029ms) 
 block [924] : done (2098ms) 
 block [925] : done (2329ms) 
 block [926] : done (2194ms) 
 block [927] : done (1989ms) 
 block [928] : done (2111ms) 
 block [929] : done (1982ms) 
 block [930] : done (1867ms) 
 block [931] : done (2066ms) 
 block [932] : done (2010ms) 
 block [933] : done (1962ms) 
 block [934] : done (2150ms) 
 block [935] : done (2088ms) 
 block [936] : done (1990ms) 
 block [937] : done (2129ms) 
 block [938] : done (2072ms) 
 block [939] : done (2023ms) 
 block [940] : done (2088ms) 
 block [941] : done (2060ms) 
 block [942] : done (1880ms) 
 block [943] : done (1783ms) 
 block [944] : done (2071ms) 
 block [945] : done (2034ms) 
 block [946] : done (2043ms) 
 block [947] : done (2010ms) 
 block [948] : done (2169ms) 
 block [949] : done (2184ms) 
 block [950] : done (2276ms) 
 block [951] : done (2059ms) 
 block [952] : done (2121ms) 
 block [953] : done (2067ms) 
 block [954] : done (2114ms) 
 block [955] : done (2102ms) 
 block [956] : done (2095ms) 
 block [957] : done (2122ms) 
 block [958] : done (2163ms) 
 block [959] : done (2254ms) 
 block [960] : done (2186ms) 
 block [961] : done (2077ms) 
 block [962] : done (2123ms) 
 block [963] : done (2095ms) 
 block [964] : done (2098ms) 
 block [965] : done (2060ms) 
 block [966] : done (2018ms) 
 block [967] : done (1961ms) 
 block [968] : done (2042ms) 
 block [969] : done (1999ms) 
 block [970] : done (2017ms) 
 block [971] : done (2044ms) 
 block [972] : done (2123ms) 
 block [973] : done (2204ms) 
 block [974] : done (2187ms) 
 block [975] : done (2009ms) 
 block [976] : done (2181ms) 
 block [977] : done (1842ms) 
 block [978] : done (1955ms) 
 block [979] : done (1934ms) 
 block [980] : done (2010ms) 
 block [981] : done (1993ms) 
 block [982] : done (1904ms) 
 block [983] : done (1898ms) 
 block [984] : done (2046ms) 
 block [985] : done (1948ms) 
 block [986] : done (2034ms) 
 block [987] : done (2090ms) 
 block [988] : done (2074ms) 
 block [989] : done (1984ms) 
 block [990] : done (2083ms) 
 block [991] : done (2151ms) 
 block [992] : done (2241ms) 
 block [993] : done (2050ms) 
 block [994] : done (2292ms) 
 block [995] : done (2241ms) 
 block [996] : done (2135ms) 
 block [997] : done (2093ms) 
 block [998] : done (2144ms) 
 block [999] : done (2224ms) 
 block [1000] : done (2168ms) 
 block [1001] : done (2097ms) 
 block [1002] : done (2194ms) 
 block [1003] : done (2080ms) 
 block [1004] : done (2121ms) 
 block [1005] : done (2053ms) 
 block [1006] : done (2145ms) 
 block [1007] : done (2243ms) 
 block [1008] : done (2131ms) 
 block [1009] : done (1966ms) 
 block [1010] : done (2024ms) 
 block [1011] : done (2120ms) 
 block [1012] : done (2034ms) 
 block [1013] : done (2192ms) 
 block [1014] : done (2048ms) 
 block [1015] : done (2031ms) 
 block [1016] : done (2125ms) 
 block [1017] : done (2162ms) 
 block [1018] : done (2323ms) 
 block [1019] : done (2152ms) 
 block [1020] : done (2186ms) 
 block [1021] : done (2164ms) 
 block [1022] : done (2033ms) 
 block [1023] : done (2067ms) 
 block [1024] : done (2233ms) 
 block [1025] : done (2123ms) 
 block [1026] : done (2055ms) 
 block [1027] : done (1820ms) 
 block [1028] : done (1903ms) 
 block [1029] : done (2074ms) 
 block [1030] : done (2172ms) 
 block [1031] : done (2150ms) 
 block [1032] : done (2190ms) 
 block [1033] : done (2254ms) 
 block [1034] : done (2040ms) 
 block [1035] : done (1986ms) 
 block [1036] : done (2023ms) 
 block [1037] : done (1912ms) 
 block [1038] : done (2143ms) 
 block [1039] : done (2235ms) 
 block [1040] : done (2017ms) 
 block [1041] : done (2052ms) 
 block [1042] : done (1935ms) 
 block [1043] : done (2098ms) 
 block [1044] : done (1991ms) 
 block [1045] : done (2021ms) 
 block [1046] : done (2008ms) 
 block [1047] : done (2066ms) 
 block [1048] : done (2166ms) 
 block [1049] : done (2121ms) 
 block [1050] : done (2141ms) 
 block [1051] : done (2077ms) 
 block [1052] : done (1966ms) 
 block [1053] : done (2124ms) 
 block [1054] : done (1975ms) 
 block [1055] : done (2083ms) 
 block [1056] : done (2138ms) 
 block [1057] : done (2119ms) 
 block [1058] : done (2166ms) 
 block [1059] : done (2109ms) 
 block [1060] : done (2058ms) 
 block [1061] : done (2150ms) 
 block [1062] : done (2089ms) 
 block [1063] : done (2067ms) 
 block [1064] : done (2207ms) 
 block [1065] : done (2186ms) 
 block [1066] : done (2168ms) 
 block [1067] : done (2162ms) 
 block [1068] : done (2184ms) 
 block [1069] : done (2053ms) 
 block [1070] : done (2194ms) 
 block [1071] : done (2248ms) 
 block [1072] : done (2203ms) 
 block [1073] : done (2042ms) 
 block [1074] : done (2084ms) 
 block [1075] : done (2252ms) 
 block [1076] : done (2140ms) 
 block [1077] : done (2097ms) 
 block [1078] : done (2054ms) 
 block [1079] : done (2184ms) 
 block [1080] : done (2142ms) 
 block [1081] : done (2169ms) 
 block [1082] : done (2298ms) 
 block [1083] : done (2216ms) 
 block [1084] : done (2425ms) 
 block [1085] : done (2287ms) 
 block [1086] : done (2079ms) 
 block [1087] : done (2125ms) 
 block [1088] : done (2276ms) 
 block [1089] : done (2155ms) 
 block [1090] : done (2131ms) 
 block [1091] : done (2178ms) 
 block [1092] : done (2206ms) 
 block [1093] : done (2340ms) 
 block [1094] : done (2360ms) 
 block [1095] : done (2098ms) 
 block [1096] : done (2237ms) 
 block [1097] : done (2300ms) 
 block [1098] : done (2346ms) 
 block [1099] : done (2354ms) 
 block [1100] : done (2267ms) 
 block [1101] : done (2359ms) 
 block [1102] : done (2262ms) 
 block [1103] : done (2277ms) 
 block [1104] : done (2110ms) 
 block [1105] : done (2189ms) 
 block [1106] : done (2273ms) 
 block [1107] : done (2170ms) 
 block [1108] : done (2163ms) 
 block [1109] : done (2235ms) 
 block [1110] : done (2256ms) 
 block [1111] : done (2275ms) 
 block [1112] : done (2137ms) 
 block [1113] : done (2275ms) 
 block [1114] : done (2078ms) 
 block [1115] : done (2237ms) 
 block [1116] : done (2227ms) 
 block [1117] : done (2224ms) 
 block [1118] : done (2196ms) 
 block [1119] : done (2152ms) 
 block [1120] : done (2246ms) 
 block [1121] : done (2164ms) 
 block [1122] : done (2138ms) 
 block [1123] : done (2129ms) 
 block [1124] : done (2150ms) 
 block [1125] : done (2154ms) 
 block [1126] : done (2047ms) 
 block [1127] : done (2020ms) 
 block [1128] : done (2139ms) 
 block [1129] : done (2117ms) 
 block [1130] : done (2026ms) 
 block [1131] : done (2148ms) 
 block [1132] : done (2126ms) 
 block [1133] : done (2073ms) 
 block [1134] : done (2075ms) 
 block [1135] : done (2017ms) 
 block [1136] : done (2207ms) 
 block [1137] : done (2142ms) 
 block [1138] : done (2158ms) 
 block [1139] : done (2050ms) 
 block [1140] : done (2191ms) 
 block [1141] : done (2249ms) 
 block [1142] : done (2158ms) 
 block [1143] : done (2138ms) 
 block [1144] : done (2188ms) 
 block [1145] : done (2210ms) 
 block [1146] : done (2127ms) 
 block [1147] : done (2091ms) 
 block [1148] : done (2007ms) 
 block [1149] : done (2040ms) 
 block [1150] : done (2230ms) 
 block [1151] : done (2198ms) 
 block [1152] : done (2148ms) 
 block [1153] : done (2136ms) 
 block [1154] : done (2169ms) 
 block [1155] : done (1998ms) 
 block [1156] : done (2250ms) 
 block [1157] : done (2169ms) 
 block [1158] : done (2166ms) 
 block [1159] : done (2146ms) 
 block [1160] : done (2156ms) 
 block [1161] : done (2086ms) 
 block [1162] : done (2103ms) 
 block [1163] : done (2151ms) 
 block [1164] : done (2078ms) 
 block [1165] : done (2190ms) 
 block [1166] : done (2103ms) 
 block [1167] : done (1994ms) 
 block [1168] : done (1881ms) 
 block [1169] : done (1993ms) 
 block [1170] : done (2021ms) 
 block [1171] : done (2069ms) 
 block [1172] : done (2052ms) 
 block [1173] : done (1878ms) 
 block [1174] : done (1853ms) 
 block [1175] : done (2074ms) 
 block [1176] : done (2158ms) 
 block [1177] : done (2118ms) 
 block [1178] : done (2086ms) 
 block [1179] : done (1993ms) 
 block [1180] : done (2083ms) 
 block [1181] : done (2061ms) 
 block [1182] : done (1994ms) 
 block [1183] : done (2095ms) 
 block [1184] : done (2027ms) 
 block [1185] : done (2011ms) 
 block [1186] : done (1930ms) 
 block [1187] : done (1865ms) 
 block [1188] : done (2005ms) 
 block [1189] : done (2061ms) 
 block [1190] : done (2019ms) 
 block [1191] : done (2117ms) 
 block [1192] : done (2121ms) 
 block [1193] : done (2125ms) 
 block [1194] : done (2061ms) 
 block [1195] : done (2104ms) 
 block [1196] : done (2130ms) 
 block [1197] : done (2027ms) 
 block [1198] : done (2025ms) 
 block [1199] : done (2055ms) 
 block [1200] : done (2001ms) 
 block [1201] : done (2110ms) 
 block [1202] : done (2062ms) 
 block [1203] : done (2117ms) 
 block [1204] : done (2226ms) 
 block [1205] : done (1846ms) 
 block [1206] : done (1880ms) 
 block [1207] : done (1908ms) 
 block [1208] : done (1791ms) 
 block [1209] : done (1979ms) 
 block [1210] : done (1867ms) 
 block [1211] : done (1793ms) 
 block [1212] : done (1831ms) 
 block [1213] : done (1845ms) 
 block [1214] : done (1928ms) 
 block [1215] : done (1894ms) 
 block [1216] : done (1988ms) 
 block [1217] : done (1787ms) 
 block [1218] : done (1863ms) 
 block [1219] : done (1924ms) 
 block [1220] : done (2007ms) 
 block [1221] : done (1929ms) 
 block [1222] : done (1869ms) 
 block [1223] : done (1870ms) 
 block [1224] : done (1923ms) 
 block [1225] : done (2010ms) 
 block [1226] : done (1941ms) 
 block [1227] : done (1839ms) 
 block [1228] : done (1802ms) 
 block [1229] : done (1892ms) 
 block [1230] : done (2021ms) 
 block [1231] : done (1954ms) 
 block [1232] : done (1993ms) 
 block [1233] : done (1994ms) 
 block [1234] : done (2078ms) 
 block [1235] : done (1994ms) 
 block [1236] : done (1929ms) 
 block [1237] : done (1924ms) 
 block [1238] : done (1881ms) 
 block [1239] : done (1961ms) 
 block [1240] : done (2036ms) 
 block [1241] : done (1888ms) 
 block [1242] : done (1903ms) 
 block [1243] : done (1872ms) 
 block [1244] : done (2085ms) 
 block [1245] : done (2040ms) 
 block [1246] : done (2011ms) 
 block [1247] : done (1971ms) 
 block [1248] : done (2086ms) 
 block [1249] : done (1983ms) 
 block [1250] : done (2086ms) 
 block [1251] : done (2125ms) 
 block [1252] : done (1911ms) 
 block [1253] : done (1928ms) 
 block [1254] : done (1940ms) 
 block [1255] : done (1951ms) 
 block [1256] : done (1936ms) 
 block [1257] : done (2076ms) 
 block [1258] : done (1945ms) 
 block [1259] : done (1983ms) 
 block [1260] : done (1979ms) 
 block [1261] : done (1916ms) 
 block [1262] : done (2057ms) 
 block [1263] : done (1804ms) 
 block [1264] : done (1966ms) 
 block [1265] : done (1744ms) 
 block [1266] : done (2226ms) 
 block [1267] : done (1971ms) 
 block [1268] : done (1945ms) 
 block [1269] : done (1963ms) 
 block [1270] : done (2011ms) 
 block [1271] : done (1954ms) 
 block [1272] : done (1937ms) 
 block [1273] : done (1967ms) 
 block [1274] : done (2039ms) 
 block [1275] : done (1832ms) 
 block [1276] : done (1893ms) 
 block [1277] : done (2053ms) 
 block [1278] : done (1853ms) 
 block [1279] : done (2016ms) 
 block [1280] : done (1979ms) 
 block [1281] : done (2089ms) 
 block [1282] : done (2129ms) 
 block [1283] : done (1954ms) 
 block [1284] : done (2026ms) 
 block [1285] : done (2081ms) 
 block [1286] : done (2013ms) 
 block [1287] : done (2132ms) 
 block [1288] : done (2035ms) 
 block [1289] : done (2147ms) 
 block [1290] : done (2076ms) 
 block [1291] : done (2101ms) 
 block [1292] : done (2262ms) 
 block [1293] : done (2125ms) 
 block [1294] : done (2185ms) 
 block [1295] : done (2081ms) 
 block [1296] : done (1991ms) 
 block [1297] : done (2084ms) 
 block [1298] : done (2101ms) 
 block [1299] : done (1972ms) 
 block [1300] : done (2035ms) 
 block [1301] : done (2179ms) 
 block [1302] : done (2108ms) 
 block [1303] : done (2098ms) 
 block [1304] : done (2320ms) 
 block [1305] : done (2254ms) 
 block [1306] : done (2232ms) 
 block [1307] : done (2072ms) 
 block [1308] : done (2175ms) 
 block [1309] : done (2253ms) 
 block [1310] : done (2285ms) 
 block [1311] : done (2344ms) 
 block [1312] : done (2243ms) 
 block [1313] : done (2276ms) 
 block [1314] : done (2359ms) 
 block [1315] : done (2161ms) 
 block [1316] : done (2321ms) 
 block [1317] : done (2392ms) 
 block [1318] : done (2244ms) 
 block [1319] : done (2255ms) 
 block [1320] : done (2193ms) 
 block [1321] : done (2463ms) 
 block [1322] : done (2302ms) 
 block [1323] : done (2463ms) 
 block [1324] : done (2136ms) 
 block [1325] : done (2325ms) 
 block [1326] : done (2344ms) 
 block [1327] : done (2240ms) 
 block [1328] : done (2351ms) 
 block [1329] : done (2258ms) 
 block [1330] : done (2400ms) 
 block [1331] : done (2199ms) 
 block [1332] : done (2356ms) 
 block [1333] : done (2290ms) 
 block [1334] : done (2304ms) 
 block [1335] : done (2243ms) 
 block [1336] : done (2107ms) 
 block [1337] : done (2183ms) 
 block [1338] : done (2192ms) 
 block [1339] : done (2232ms) 
 block [1340] : done (2186ms) 
 block [1341] : done (2301ms) 
 block [1342] : done (2301ms) 
 block [1343] : done (2286ms) 
 block [1344] : done (2078ms) 
 block [1345] : done (2136ms) 
 block [1346] : done (2175ms) 
 block [1347] : done (2078ms) 
 block [1348] : done (2084ms) 
 block [1349] : done (2264ms) 
 block [1350] : done (2167ms) 
 block [1351] : done (2181ms) 
 block [1352] : done (2067ms) 
 block [1353] : done (2228ms) 
 block [1354] : done (2159ms) 
 block [1355] : done (2346ms) 
 block [1356] : done (2426ms) 
 block [1357] : done (2368ms) 
 block [1358] : done (2174ms) 
 block [1359] : done (2148ms) 
 block [1360] : done (2163ms) 
 block [1361] : done (2018ms) 
 block [1362] : done (2242ms) 
 block [1363] : done (2263ms) 
 block [1364] : done (2233ms) 
 block [1365] : done (2276ms) 
 block [1366] : done (2278ms) 
 block [1367] : done (2313ms) 
 block [1368] : done (2078ms) 
 block [1369] : done (2261ms) 
 block [1370] : done (2460ms) 
 block [1371] : done (2412ms) 
 block [1372] : done (2275ms) 
 block [1373] : done (2309ms) 
 block [1374] : done (2210ms) 
 block [1375] : done (2140ms) 
 block [1376] : done (2294ms) 
 block [1377] : done (2158ms) 
 block [1378] : done (2401ms) 
 block [1379] : done (2249ms) 
 block [1380] : done (2185ms) 
 block [1381] : done (2318ms) 
 block [1382] : done (2296ms) 
 block [1383] : done (2178ms) 
 block [1384] : done (2026ms) 
 block [1385] : done (2116ms) 
 block [1386] : done (2173ms) 
 block [1387] : done (2110ms) 
 block [1388] : done (1939ms) 
 block [1389] : done (1998ms) 
 block [1390] : done (2026ms) 
 block [1391] : done (2086ms) 
 block [1392] : done (2115ms) 
 block [1393] : done (2027ms) 
 block [1394] : done (2025ms) 
 block [1395] : done (1854ms) 
 block [1396] : done (1985ms) 
 block [1397] : done (1915ms) 
 block [1398] : done (1857ms) 
 block [1399] : done (1948ms) 
 block [1400] : done (1836ms) 
 block [1401] : done (1876ms) 
 block [1402] : done (2067ms) 
 block [1403] : done (2075ms) 
 block [1404] : done (2011ms) 
 block [1405] : done (1959ms) 
 block [1406] : done (1963ms) 
 block [1407] : done (1980ms) 
 block [1408] : done (2077ms) 
 block [1409] : done (1990ms) 
 block [1410] : done (2042ms) 
 block [1411] : done (1992ms) 
 block [1412] : done (1964ms) 
 block [1413] : done (2268ms) 
 block [1414] : done (2201ms) 
 block [1415] : done (1892ms) 
 block [1416] : done (1914ms) 
 block [1417] : done (1922ms) 
 block [1418] : done (1986ms) 
 block [1419] : done (1909ms) 
 block [1420] : done (2091ms) 
 block [1421] : done (2059ms) 
 block [1422] : done (2018ms) 
 block [1423] : done (2158ms) 
 block [1424] : done (2173ms) 
 block [1425] : done (2166ms) 
 block [1426] : done (2176ms) 
 block [1427] : done (2105ms) 
 block [1428] : done (2231ms) 
 block [1429] : done (2300ms) 
 block [1430] : done (2253ms) 
 block [1431] : done (2140ms) 
 block [1432] : done (2264ms) 
 block [1433] : done (2276ms) 
 block [1434] : done (2360ms) 
 block [1435] : done (2271ms) 
 block [1436] : done (2205ms) 
 block [1437] : done (2349ms) 
 block [1438] : done (2294ms) 
 block [1439] : done (2433ms) 
 block [1440] : done (2276ms) 
 block [1441] : done (2068ms) 
 block [1442] : done (2145ms) 
 block [1443] : done (2356ms) 
 block [1444] : done (2311ms) 
 block [1445] : done (2264ms) 
 block [1446] : done (2324ms) 
 block [1447] : done (2329ms) 
 block [1448] : done (2372ms) 
 block [1449] : done (2445ms) 
 block [1450] : done (2255ms) 
 block [1451] : done (2311ms) 
 block [1452] : done (2302ms) 
 block [1453] : done (2441ms) 
 block [1454] : done (2347ms) 
 block [1455] : done (2274ms) 
 block [1456] : done (2117ms) 
 block [1457] : done (2099ms) 
 block [1458] : done (2254ms) 
 block [1459] : done (2046ms) 
 block [1460] : done (2164ms) 
 block [1461] : done (1874ms) 
 block [1462] : done (2008ms) 
 block [1463] : done (2114ms) 
 block [1464] : done (1847ms) 
 block [1465] : done (1982ms) 
 block [1466] : done (2130ms) 
 block [1467] : done (1960ms) 
 block [1468] : done (1955ms) 
 block [1469] : done (1884ms) 
 block [1470] : done (1965ms) 
 block [1471] : done (1919ms) 
 block [1472] : done (2001ms) 
 block [1473] : done (1948ms) 
 block [1474] : done (1990ms) 
 block [1475] : done (2131ms) 
 block [1476] : done (2067ms) 
 block [1477] : done (2122ms) 
 block [1478] : done (2149ms) 
 block [1479] : done (2009ms) 
 block [1480] : done (1988ms) 
 block [1481] : done (1871ms) 
 block [1482] : done (2053ms) 
 block [1483] : done (1779ms) 
 block [1484] : done (1968ms) 
 block [1485] : done (2181ms) 
 block [1486] : done (2075ms) 
 block [1487] : done (2059ms) 
 block [1488] : done (2009ms) 
 block [1489] : done (2026ms) 
 block [1490] : done (1947ms) 
 block [1491] : done (2077ms) 
 block [1492] : done (2202ms) 
 block [1493] : done (2120ms) 
 block [1494] : done (2025ms) 
 block [1495] : done (2122ms) 
 block [1496] : done (1975ms) 
 block [1497] : done (2008ms) 
 block [1498] : done (2071ms) 
 block [1499] : done (1899ms) 
 block [1500] : done (1963ms) 
 block [1501] : done (1803ms) 
 block [1502] : done (1970ms) 
 block [1503] : done (1962ms) 
 block [1504] : done (1852ms) 
 block [1505] : done (1988ms) 
 block [1506] : done (2132ms) 
 block [1507] : done (2136ms) 
 block [1508] : done (2045ms) 
 block [1509] : done (2077ms) 
 block [1510] : done (2060ms) 
 block [1511] : done (1857ms) 
 block [1512] : done (1994ms) 
 block [1513] : done (1783ms) 
 block [1514] : done (1876ms) 
 block [1515] : done (1811ms) 
 block [1516] : done (1963ms) 
 block [1517] : done (1832ms) 
 block [1518] : done (1852ms) 
 block [1519] : done (2015ms) 
 block [1520] : done (1961ms) 
 block [1521] : done (1957ms) 
 block [1522] : done (1991ms) 
 block [1523] : done (1854ms) 
 block [1524] : done (1904ms) 
 block [1525] : done (1848ms) 
 block [1526] : done (2007ms) 
 block [1527] : done (1929ms) 
 block [1528] : done (1808ms) 
 block [1529] : done (1976ms) 
 block [1530] : done (1886ms) 
 block [1531] : done (1831ms) 
 block [1532] : done (1878ms) 
 block [1533] : done (1880ms) 
 block [1534] : done (1804ms) 
 block [1535] : done (1918ms) 
 block [1536] : done (1903ms) 
 block [1537] : done (2039ms) 
 block [1538] : done (2180ms) 
 block [1539] : done (1929ms) 
 block [1540] : done (2002ms) 
 block [1541] : done (2018ms) 
 block [1542] : done (2071ms) 
 block [1543] : done (2214ms) 
 block [1544] : done (2084ms) 
 block [1545] : done (2052ms) 
 block [1546] : done (1989ms) 
 block [1547] : done (1952ms) 
 block [1548] : done (2016ms) 
 block [1549] : done (1867ms) 
 block [1550] : done (1855ms) 
 block [1551] : done (1855ms) 
 block [1552] : done (1946ms) 
 block [1553] : done (2028ms) 
 block [1554] : done (1803ms) 
 block [1555] : done (1861ms) 
 block [1556] : done (1821ms) 
 block [1557] : done (1878ms) 
 block [1558] : done (2122ms) 
 block [1559] : done (2063ms) 
 block [1560] : done (2002ms) 
 block [1561] : done (1941ms) 
 block [1562] : done (2109ms) 
 block [1563] : done (1955ms) 
 block [1564] : done (1981ms) 
 block [1565] : done (1961ms) 
 block [1566] : done (1941ms) 
 block [1567] : done (2069ms) 
 block [1568] : done (1997ms) 
 block [1569] : done (2085ms) 
 block [1570] : done (2149ms) 
 block [1571] : done (2047ms) 
 block [1572] : done (2083ms) 
 block [1573] : done (2010ms) 
 block [1574] : done (1980ms) 
 block [1575] : done (1995ms) 
 block [1576] : done (2045ms) 
 block [1577] : done (2023ms) 
 block [1578] : done (2076ms) 
 block [1579] : done (2072ms) 
 block [1580] : done (2086ms) 
 block [1581] : done (2047ms) 
 block [1582] : done (1980ms) 
 block [1583] : done (2058ms) 
 block [1584] : done (2121ms) 
 block [1585] : done (1852ms) 
 block [1586] : done (1898ms) 
 block [1587] : done (1961ms) 
 block [1588] : done (2037ms) 
 block [1589] : done (1932ms) 
 block [1590] : done (2088ms) 
 block [1591] : done (1767ms) 
 block [1592] : done (1948ms) 
 block [1593] : done (1975ms) 
 block [1594] : done (2014ms) 
 block [1595] : done (2019ms) 
 block [1596] : done (1963ms) 
 block [1597] : done (1908ms) 
 block [1598] : done (2132ms) 
 block [1599] : done (2132ms) 
 block [1600] : done (1959ms) 
 block [1601] : done (2046ms) 
 block [1602] : done (2070ms) 
 block [1603] : done (2047ms) 
 block [1604] : done (2019ms) 
 block [1605] : done (1877ms) 
 block [1606] : done (2021ms) 
 block [1607] : done (1976ms) 
 block [1608] : done (1951ms) 
 block [1609] : done (2143ms) 
 block [1610] : done (1924ms) 
 block [1611] : done (1890ms) 
 block [1612] : done (1929ms) 
 block [1613] : done (1863ms) 
 block [1614] : done (2011ms) 
 block [1615] : done (2064ms) 
 block [1616] : done (2048ms) 
 block [1617] : done (2262ms) 
 block [1618] : done (2269ms) 
 block [1619] : done (2167ms) 
 block [1620] : done (2159ms) 
 block [1621] : done (1966ms) 
 block [1622] : done (2157ms) 
 block [1623] : done (2284ms) 
 block [1624] : done (2141ms) 
 block [1625] : done (2234ms) 
 block [1626] : done (2115ms) 
 block [1627] : done (2106ms) 
 block [1628] : done (2098ms) 
 block [1629] : done (2124ms) 
 block [1630] : done (2097ms) 
 block [1631] : done (2135ms) 
 block [1632] : done (2165ms) 
 block [1633] : done (2172ms) 
 block [1634] : done (2069ms) 
 block [1635] : done (2083ms) 
 block [1636] : done (2042ms) 
 block [1637] : done (2085ms) 
 block [1638] : done (2106ms) 
 block [1639] : done (2181ms) 
 block [1640] : done (2022ms) 
 block [1641] : done (2002ms) 
 block [1642] : done (2015ms) 
 block [1643] : done (2017ms) 
 block [1644] : done (2003ms) 
 block [1645] : done (2151ms) 
 block [1646] : done (2038ms) 
 block [1647] : done (1986ms) 
 block [1648] : done (2036ms) 
 block [1649] : done (2103ms) 
 block [1650] : done (2072ms) 
 block [1651] : done (2052ms) 
 block [1652] : done (2087ms) 
 block [1653] : done (2173ms) 
 block [1654] : done (2106ms) 
 block [1655] : done (2193ms) 
 block [1656] : done (2032ms) 
 block [1657] : done (1926ms) 
 block [1658] : done (1910ms) 
 block [1659] : done (1843ms) 
 block [1660] : done (1886ms) 
 block [1661] : done (1938ms) 
 block [1662] : done (2011ms) 
 block [1663] : done (2009ms) 
 block [1664] : done (1890ms) 
 block [1665] : done (1959ms) 
 block [1666] : done (1877ms) 
 block [1667] : done (1898ms) 
 block [1668] : done (1945ms) 
 block [1669] : done (2170ms) 
 block [1670] : done (2088ms) 
 block [1671] : done (1989ms) 
 block [1672] : done (2098ms) 
 block [1673] : done (1874ms) 
 block [1674] : done (2015ms) 
 block [1675] : done (2046ms) 
 block [1676] : done (2172ms) 
 block [1677] : done (2178ms) 
 block [1678] : done (2151ms) 
 block [1679] : done (2077ms) 
 block [1680] : done (2105ms) 
 block [1681] : done (2097ms) 
 block [1682] : done (1933ms) 
 block [1683] : done (2111ms) 
 block [1684] : done (1898ms) 
 block [1685] : done (1959ms) 
 block [1686] : done (2111ms) 
 block [1687] : done (2058ms) 
 block [1688] : done (2094ms) 
 block [1689] : done (2177ms) 
 block [1690] : done (2320ms) 
 block [1691] : done (2193ms) 
 block [1692] : done (2097ms) 
 block [1693] : done (2065ms) 
 block [1694] : done (2077ms) 
 block [1695] : done (2060ms) 
 block [1696] : done (2122ms) 
 block [1697] : done (2052ms) 
 block [1698] : done (1996ms) 
 block [1699] : done (1964ms) 
 block [1700] : done (2039ms) 
 block [1701] : done (2032ms) 
 block [1702] : done (1938ms) 
 block [1703] : done (1891ms) 
 block [1704] : done (2088ms) 
 block [1705] : done (1913ms) 
 block [1706] : done (1952ms) 
 block [1707] : done (2080ms) 
 block [1708] : done (2041ms) 
 block [1709] : done (1963ms) 
 block [1710] : done (2015ms) 
 block [1711] : done (1892ms) 
 block [1712] : done (1955ms) 
 block [1713] : done (2149ms) 
 block [1714] : done (1923ms) 
 block [1715] : done (2082ms) 
 block [1716] : done (1880ms) 
 block [1717] : done (1938ms) 
 block [1718] : done (1831ms) 
 block [1719] : done (2000ms) 
 block [1720] : done (2018ms) 
 block [1721] : done (2016ms) 
 block [1722] : done (1914ms) 
 block [1723] : done (1903ms) 
 block [1724] : done (1930ms) 
 block [1725] : done (2000ms) 
 block [1726] : done (1890ms) 
 block [1727] : done (1955ms) 
 block [1728] : done (2010ms) 
 block [1729] : done (2094ms) 
 block [1730] : done (2105ms) 
 block [1731] : done (2067ms) 
 block [1732] : done (2190ms) 
 block [1733] : done (2266ms) 
 block [1734] : done (2118ms) 
 block [1735] : done (2247ms) 
 block [1736] : done (2208ms) 
 block [1737] : done (2398ms) 
 block [1738] : done (2368ms) 
 block [1739] : done (2449ms) 
 block [1740] : done (2365ms) 
 block [1741] : done (2268ms) 
 block [1742] : done (2092ms) 
 block [1743] : done (2067ms) 
 block [1744] : done (2237ms) 
 block [1745] : done (2207ms) 
 block [1746] : done (2205ms) 
 block [1747] : done (2162ms) 
 block [1748] : done (1980ms) 
 block [1749] : done (2044ms) 
 block [1750] : done (2104ms) 
 block [1751] : done (2217ms) 
 block [1752] : done (2060ms) 
 block [1753] : done (2129ms) 
 block [1754] : done (2070ms) 
 block [1755] : done (2150ms) 
 block [1756] : done (2085ms) 
 block [1757] : done (2057ms) 
 block [1758] : done (1896ms) 
 block [1759] : done (1945ms) 
 block [1760] : done (1970ms) 
 block [1761] : done (1815ms) 
 block [1762] : done (1835ms) 
 block [1763] : done (1954ms) 
 block [1764] : done (1915ms) 
 block [1765] : done (1935ms) 
 block [1766] : done (1928ms) 
 block [1767] : done (1865ms) 
 block [1768] : done (1878ms) 
 block [1769] : done (1908ms) 
 block [1770] : done (2031ms) 
 block [1771] : done (2123ms) 
 block [1772] : done (1983ms) 
 block [1773] : done (2038ms) 
 block [1774] : done (1882ms) 
 block [1775] : done (1848ms) 
 block [1776] : done (1903ms) 
 block [1777] : done (2058ms) 
 block [1778] : done (2025ms) 
 block [1779] : done (2009ms) 
 block [1780] : done (2044ms) 
 block [1781] : done (1922ms) 
 block [1782] : done (2030ms) 
 block [1783] : done (2032ms) 
 block [1784] : done (2156ms) 
 block [1785] : done (2064ms) 
 block [1786] : done (2220ms) 
 block [1787] : done (2208ms) 
 block [1788] : done (2165ms) 
 block [1789] : done (2021ms) 
 block [1790] : done (2105ms) 
 block [1791] : done (2160ms) 
 block [1792] : done (2155ms) 
 block [1793] : done (2258ms) 
 block [1794] : done (2218ms) 
 block [1795] : done (2157ms) 
 block [1796] : done (2266ms) 
 block [1797] : done (2177ms) 
 block [1798] : done (2147ms) 
 block [1799] : done (2223ms) 
 block [1800] : done (2132ms) 
 block [1801] : done (2136ms) 
 block [1802] : done (2094ms) 
 block [1803] : done (2151ms) 
 block [1804] : done (2208ms) 
 block [1805] : done (2194ms) 
 block [1806] : done (2260ms) 
 block [1807] : done (2292ms) 
 block [1808] : done (2116ms) 
 block [1809] : done (2099ms) 
 block [1810] : done (2005ms) 
 block [1811] : done (2049ms) 
 block [1812] : done (2066ms) 
 block [1813] : done (1977ms) 
 block [1814] : done (2048ms) 
 block [1815] : done (2276ms) 
 block [1816] : done (2133ms) 
 block [1817] : done (2044ms) 
 block [1818] : done (2112ms) 
 block [1819] : done (2182ms) 
 block [1820] : done (1974ms) 
 block [1821] : done (1946ms) 
 block [1822] : done (2091ms) 
 block [1823] : done (1976ms) 
 block [1824] : done (2122ms) 
 block [1825] : done (2119ms) 
 block [1826] : done (2014ms) 
 block [1827] : done (2198ms) 
 block [1828] : done (2098ms) 
 block [1829] : done (2010ms) 
 block [1830] : done (2080ms) 
 block [1831] : done (2038ms) 
 block [1832] : done (2033ms) 
 block [1833] : done (2128ms) 
 block [1834] : done (2049ms) 
 block [1835] : done (2094ms) 
 block [1836] : done (2060ms) 
 block [1837] : done (2082ms) 
 block [1838] : done (2187ms) 
 block [1839] : done (2092ms) 
 block [1840] : done (2061ms) 
 block [1841] : done (2123ms) 
 block [1842] : done (1966ms) 
 block [1843] : done (2074ms) 
 block [1844] : done (2023ms) 
 block [1845] : done (1969ms) 
 block [1846] : done (1817ms) 
 block [1847] : done (1748ms) 
 block [1848] : done (1905ms) 
 block [1849] : done (1920ms) 
 block [1850] : done (1823ms) 
 block [1851] : done (1984ms) 
 block [1852] : done (2009ms) 
 block [1853] : done (1908ms) 
 block [1854] : done (1987ms) 
 block [1855] : done (1960ms) 
 block [1856] : done (1784ms) 
 block [1857] : done (1980ms) 
 block [1858] : done (1943ms) 
 block [1859] : done (1906ms) 
 block [1860] : done (2023ms) 
 block [1861] : done (1972ms) 
 block [1862] : done (2027ms) 
 block [1863] : done (2192ms) 
 block [1864] : done (1908ms) 
 block [1865] : done (1974ms) 
 block [1866] : done (1973ms) 
 block [1867] : done (2055ms) 
 block [1868] : done (2039ms) 
 block [1869] : done (2040ms) 
 block [1870] : done (1943ms) 
 block [1871] : done (2104ms) 
 block [1872] : done (2139ms) 
 block [1873] : done (2370ms) 
 block [1874] : done (2110ms) 
 block [1875] : done (2106ms) 
 block [1876] : done (2049ms) 
 block [1877] : done (2015ms) 
 block [1878] : done (2192ms) 
 block [1879] : done (2096ms) 
 block [1880] : done (2012ms) 
 block [1881] : done (2135ms) 
 block [1882] : done (2107ms) 
 block [1883] : done (2145ms) 
 block [1884] : done (2152ms) 
 block [1885] : done (2227ms) 
 block [1886] : done (2167ms) 
 block [1887] : done (2121ms) 
 block [1888] : done (2059ms) 
 block [1889] : done (2048ms) 
 block [1890] : done (2213ms) 
 block [1891] : done (2319ms) 
 block [1892] : done (2217ms) 
 block [1893] : done (2094ms) 
 block [1894] : done (2099ms) 
 block [1895] : done (2100ms) 
 block [1896] : done (2108ms) 
 block [1897] : done (2145ms) 
 block [1898] : done (2178ms) 
 block [1899] : done (2187ms) 
 block [1900] : done (1891ms) 
 block [1901] : done (2311ms) 
 block [1902] : done (2031ms) 
 block [1903] : done (2054ms) 
 block [1904] : done (1866ms) 
 block [1905] : done (1964ms) 
 block [1906] : done (1978ms) 
 block [1907] : done (1961ms) 
 block [1908] : done (1799ms) 
 block [1909] : done (1865ms) 
 block [1910] : done (1969ms) 
 block [1911] : done (1935ms) 
 block [1912] : done (1934ms) 
 block [1913] : done (1836ms) 
 block [1914] : done (1862ms) 
 block [1915] : done (1986ms) 
 block [1916] : done (1933ms) 
 block [1917] : done (1849ms) 
 block [1918] : done (1835ms) 
 block [1919] : done (1923ms) 
 block [1920] : done (1751ms) 
 block [1921] : done (1742ms) 
 block [1922] : done (1893ms) 
 block [1923] : done (1878ms) 
 block [1924] : done (1949ms) 
 block [1925] : done (1881ms) 
 block [1926] : done (1971ms) 
 block [1927] : done (1869ms) 
 block [1928] : done (1991ms) 
 block [1929] : done (1916ms) 
 block [1930] : done (2000ms) 
 block [1931] : done (1973ms) 
 block [1932] : done (2033ms) 
 block [1933] : done (2011ms) 
 block [1934] : done (1940ms) 
 block [1935] : done (1957ms) 
 block [1936] : done (1922ms) 
 block [1937] : done (2074ms) 
 block [1938] : done (1995ms) 
 block [1939] : done (1923ms) 
 block [1940] : done (2141ms) 
 block [1941] : done (2091ms) 
 block [1942] : done (1903ms) 
 block [1943] : done (2081ms) 
 block [1944] : done (2269ms) 
 block [1945] : done (2179ms) 
 block [1946] : done (2087ms) 
 block [1947] : done (2078ms) 
 block [1948] : done (2047ms) 
 block [1949] : done (1984ms) 
 block [1950] : done (2117ms) 
 block [1951] : done (2170ms) 
 block [1952] : done (2049ms) 
 block [1953] : done (2126ms) 
 block [1954] : done (2171ms) 
 block [1955] : done (2152ms) 
 block [1956] : done (2006ms) 
 block [1957] : done (2069ms) 
 block [1958] : done (1983ms) 
 block [1959] : done (2057ms) 
 block [1960] : done (1992ms) 
 block [1961] : done (2201ms) 
 block [1962] : done (1911ms) 
 block [1963] : done (1913ms) 
 block [1964] : done (1919ms) 
 block [1965] : done (1742ms) 
 block [1966] : done (2018ms) 
 block [1967] : done (1956ms) 
 block [1968] : done (2084ms) 
 block [1969] : done (1843ms) 
 block [1970] : done (1857ms) 
 block [1971] : done (2049ms) 
 block [1972] : done (2006ms) 
 block [1973] : done (1958ms) 
 block [1974] : done (1974ms) 
 block [1975] : done (2001ms) 
 block [1976] : done (1920ms) 
 block [1977] : done (2009ms) 
 block [1978] : done (1902ms) 
 block [1979] : done (1790ms) 
 block [1980] : done (2081ms) 
 block [1981] : done (2138ms) 
 block [1982] : done (1849ms) 
 block [1983] : done (1972ms) 
 block [1984] : done (2025ms) 
 block [1985] : done (2010ms) 
 block [1986] : done (2074ms) 
 block [1987] : done (2133ms) 
 block [1988] : done (2137ms) 
 block [1989] : done (1863ms) 
 block [1990] : done (2096ms) 
 block [1991] : done (2020ms) 
 block [1992] : done (1994ms) 
 block [1993] : done (1871ms) 
 block [1994] : done (1999ms) 
 block [1995] : done (1891ms) 
 block [1996] : done (2030ms) 
 block [1997] : done (2010ms) 
 block [1998] : done (1934ms) 
 block [1999] : done (2200ms) 
 block [2000] : done (1834ms) 
 block [2001] : done (1935ms) 
 block [2002] : done (1889ms) 
 block [2003] : done (1998ms) 
 block [2004] : done (1966ms) 
 block [2005] : done (2041ms) 
 block [2006] : done (2180ms) 
 block [2007] : done (1954ms) 
 block [2008] : done (2138ms) 
 block [2009] : done (1983ms) 
 block [2010] : done (1999ms) 
 block [2011] : done (1934ms) 
 block [2012] : done (2053ms) 
 block [2013] : done (2075ms) 
 block [2014] : done (2118ms) 
 block [2015] : done (2042ms) 
 block [2016] : done (2125ms) 
 block [2017] : done (2037ms) 
 block [2018] : done (1999ms) 
 block [2019] : done (2052ms) 
 block [2020] : done (2013ms) 
 block [2021] : done (2023ms) 
 block [2022] : done (1984ms) 
 block [2023] : done (2285ms) 
 block [2024] : done (2316ms) 
 block [2025] : done (2068ms) 
 block [2026] : done (2130ms) 
 block [2027] : done (2186ms) 
 block [2028] : done (2338ms) 
 block [2029] : done (2355ms) 
 block [2030] : done (2192ms) 
 block [2031] : done (2166ms) 
 block [2032] : done (2360ms) 
 block [2033] : done (2362ms) 
 block [2034] : done (2335ms) 
 block [2035] : done (2294ms) 
 block [2036] : done (2423ms) 
 block [2037] : done (2244ms) 
 block [2038] : done (2343ms) 
 block [2039] : done (2281ms) 
 block [2040] : done (2246ms) 
 block [2041] : done (2238ms) 
 block [2042] : done (2240ms) 
 block [2043] : done (2179ms) 
 block [2044] : done (2279ms) 
 block [2045] : done (2151ms) 
 block [2046] : done (2189ms) 
 block [2047] : done (2083ms) 
 block [2048] : done (2281ms) 
 block [2049] : done (2133ms) 
 block [2050] : done (2023ms) 
 block [2051] : done (1930ms) 
 block [2052] : done (2010ms) 
 block [2053] : done (2065ms) 
 block [2054] : done (2211ms) 
 block [2055] : done (2214ms) 
 block [2056] : done (2059ms) 
 block [2057] : done (2160ms) 
 block [2058] : done (2313ms) 
 block [2059] : done (2086ms) 
 block [2060] : done (2143ms) 
 block [2061] : done (2045ms) 
 block [2062] : done (2048ms) 
 block [2063] : done (2027ms) 
 block [2064] : done (2124ms) 
 block [2065] : done (2021ms) 
 block [2066] : done (2100ms) 
 block [2067] : done (2147ms) 
 block [2068] : done (2058ms) 
 block [2069] : done (1941ms) 
 block [2070] : done (2012ms) 
 block [2071] : done (2160ms) 
 block [2072] : done (2122ms) 
 block [2073] : done (2013ms) 
 block [2074] : done (1969ms) 
 block [2075] : done (2028ms) 
 block [2076] : done (2006ms) 
 block [2077] : done (1996ms) 
 block [2078] : done (2067ms) 
 block [2079] : done (1950ms) 
 block [2080] : done (1945ms) 
 block [2081] : done (2057ms) 
 block [2082] : done (2075ms) 
 block [2083] : done (1957ms) 
 block [2084] : done (2095ms) 
 block [2085] : done (2087ms) 
 block [2086] : done (2029ms) 
 block [2087] : done (2109ms) 
 block [2088] : done (2075ms) 
 block [2089] : done (2145ms) 
 block [2090] : done (2280ms) 
 block [2091] : done (2098ms) 
 block [2092] : done (2163ms) 
 block [2093] : done (2230ms) 
 block [2094] : done (2157ms) 
 block [2095] : done (2239ms) 
 block [2096] : done (2161ms) 
 block [2097] : done (2128ms) 
 block [2098] : done (2193ms) 
 block [2099] : done (2287ms) 
 block [2100] : done (2146ms) 
 block [2101] : done (2102ms) 
 block [2102] : done (2171ms) 
 block [2103] : done (2164ms) 
 block [2104] : done (2050ms) 
 block [2105] : done (2172ms) 
 block [2106] : done (1968ms) 
 block [2107] : done (2083ms) 
 block [2108] : done (2038ms) 
 block [2109] : done (1878ms) 
 block [2110] : done (2118ms) 
 block [2111] : done (2018ms) 
 block [2112] : done (2037ms) 
 block [2113] : done (1989ms) 
 block [2114] : done (2052ms) 
 block [2115] : done (1967ms) 
 block [2116] : done (2067ms) 
 block [2117] : done (2061ms) 
 block [2118] : done (2003ms) 
 block [2119] : done (1878ms) 
 block [2120] : done (1944ms) 
 block [2121] : done (2007ms) 
 block [2122] : done (1904ms) 
 block [2123] : done (1873ms) 
 block [2124] : done (1846ms) 
 block [2125] : done (2108ms) 
 block [2126] : done (2080ms) 
 block [2127] : done (2172ms) 
 block [2128] : done (2171ms) 
 block [2129] : done (2130ms) 
 block [2130] : done (2166ms) 
 block [2131] : done (2139ms) 
 block [2132] : done (2133ms) 
 block [2133] : done (2155ms) 
 block [2134] : done (2083ms) 
 block [2135] : done (2078ms) 
 block [2136] : done (1911ms) 
 block [2137] : done (2193ms) 
 block [2138] : done (2048ms) 
 block [2139] : done (2090ms) 
 block [2140] : done (2004ms) 
 block [2141] : done (2158ms) 
 block [2142] : done (2006ms) 
 block [2143] : done (2003ms) 
 block [2144] : done (2122ms) 
 block [2145] : done (2222ms) 
 block [2146] : done (2089ms) 
 block [2147] : done (2151ms) 
 block [2148] : done (2108ms) 
 block [2149] : done (2251ms) 
 block [2150] : done (1978ms) 
 block [2151] : done (1953ms) 
 block [2152] : done (2037ms) 
 block [2153] : done (2040ms) 
 block [2154] : done (1984ms) 
 block [2155] : done (2206ms) 
 block [2156] : done (2191ms) 
 block [2157] : done (2100ms) 
 block [2158] : done (2250ms) 
 block [2159] : done (2095ms) 
 block [2160] : done (2240ms) 
 block [2161] : done (2072ms) 
 block [2162] : done (2020ms) 
 block [2163] : done (2124ms) 
 block [2164] : done (2114ms) 
 block [2165] : done (2130ms) 
 block [2166] : done (2052ms) 
 block [2167] : done (2140ms) 
 block [2168] : done (2125ms) 
 block [2169] : done (2103ms) 
 block [2170] : done (2058ms) 
 block [2171] : done (2193ms) 
 block [2172] : done (2466ms) 
 block [2173] : done (2330ms) 
 block [2174] : done (2145ms) 
 block [2175] : done (2081ms) 
 block [2176] : done (2198ms) 
 block [2177] : done (2229ms) 
 block [2178] : done (2315ms) 
 block [2179] : done (2287ms) 
 block [2180] : done (2255ms) 
 block [2181] : done (2311ms) 
 block [2182] : done (2288ms) 
 block [2183] : done (2280ms) 
 block [2184] : done (2205ms) 
 block [2185] : done (2287ms) 
 block [2186] : done (2205ms) 
 block [2187] : done (2243ms) 
 block [2188] : done (2284ms) 
 block [2189] : done (2333ms) 
 block [2190] : done (2230ms) 
 block [2191] : done (2352ms) 
 block [2192] : done (2130ms) 
 block [2193] : done (2221ms) 
 block [2194] : done (2387ms) 
 block [2195] : done (2223ms) 
 block [2196] : done (2227ms) 
 block [2197] : done (2344ms) 
 block [2198] : done (2140ms) 
 block [2199] : done (2257ms) 
 block [2200] : done (2248ms) 
 block [2201] : done (2251ms) 
 block [2202] : done (2133ms) 
 block [2203] : done (2135ms) 
 block [2204] : done (2212ms) 
 block [2205] : done (2096ms) 
 block [2206] : done (2011ms) 
 block [2207] : done (2064ms) 
 block [2208] : done (2095ms) 
 block [2209] : done (1994ms) 
 block [2210] : done (2026ms) 
 block [2211] : done (2010ms) 
 block [2212] : done (1976ms) 
 block [2213] : done (1876ms) 
 block [2214] : done (1846ms) 
 block [2215] : done (1870ms) 
 block [2216] : done (1930ms) 
 block [2217] : done (1797ms) 
 block [2218] : done (2017ms) 
 block [2219] : done (2137ms) 
 block [2220] : done (2228ms) 
 block [2221] : done (2212ms) 
 block [2222] : done (2227ms) 
 block [2223] : done (2148ms) 
 block [2224] : done (2083ms) 
 block [2225] : done (2237ms) 
 block [2226] : done (2248ms) 
 block [2227] : done (1976ms) 
 block [2228] : done (2074ms) 
 block [2229] : done (2001ms) 
 block [2230] : done (2074ms) 
 block [2231] : done (2001ms) 
 block [2232] : done (1979ms) 
 block [2233] : done (2155ms) 
 block [2234] : done (2018ms) 
 block [2235] : done (2067ms) 
 block [2236] : done (2071ms) 
 block [2237] : done (2001ms) 
 block [2238] : done (2091ms) 
 block [2239] : done (1950ms) 
 block [2240] : done (1912ms) 
 block [2241] : done (2197ms) 
 block [2242] : done (2023ms) 
 block [2243] : done (1906ms) 
 block [2244] : done (2050ms) 
 block [2245] : done (2000ms) 
 block [2246] : done (1938ms) 
 block [2247] : done (2079ms) 
 block [2248] : done (2175ms) 
 block [2249] : done (2035ms) 
 block [2250] : done (2055ms) 
 block [2251] : done (2109ms) 
 block [2252] : done (2073ms) 
 block [2253] : done (2061ms) 
 block [2254] : done (2080ms) 
 block [2255] : done (1888ms) 
 block [2256] : done (1902ms) 
 block [2257] : done (1972ms) 
 block [2258] : done (1903ms) 
 block [2259] : done (1997ms) 
 block [2260] : done (1999ms) 
 block [2261] : done (1940ms) 
 block [2262] : done (2005ms) 
 block [2263] : done (1965ms) 
 block [2264] : done (1877ms) 
 block [2265] : done (1928ms) 
 block [2266] : done (1899ms) 
 block [2267] : done (1910ms) 
 block [2268] : done (2156ms) 
 block [2269] : done (1842ms) 
 block [2270] : done (2077ms) 
 block [2271] : done (2021ms) 
 block [2272] : done (1965ms) 
 block [2273] : done (1905ms) 
 block [2274] : done (2214ms) 
 block [2275] : done (1997ms) 
 block [2276] : done (2151ms) 
 block [2277] : done (2055ms) 
 block [2278] : done (2055ms) 
 block [2279] : done (2162ms) 
 block [2280] : done (2137ms) 
 block [2281] : done (1992ms) 
 block [2282] : done (2159ms) 
 block [2283] : done (2062ms) 
 block [2284] : done (2100ms) 
 block [2285] : done (2006ms) 
 block [2286] : done (2070ms) 
 block [2287] : done (2086ms) 
 block [2288] : done (1964ms) 
 block [2289] : done (2051ms) 
 block [2290] : done (2038ms) 
 block [2291] : done (2126ms) 
 block [2292] : done (2133ms) 
 block [2293] : done (2135ms) 
 block [2294] : done (1956ms) 
 block [2295] : done (2055ms) 
 block [2296] : done (2165ms) 
 block [2297] : done (2199ms) 
 block [2298] : done (2087ms) 
 block [2299] : done (2109ms) 
 block [2300] : done (2185ms) 
 block [2301] : done (2131ms) 
 block [2302] : done (2153ms) 
 block [2303] : done (2273ms) 
 block [2304] : done (2227ms) 
 block [2305] : done (2271ms) 
 block [2306] : done (2312ms) 
 block [2307] : done (2170ms) 
 block [2308] : done (2414ms) 
 block [2309] : done (2116ms) 
 block [2310] : done (2234ms) 
 block [2311] : done (2066ms) 
 block [2312] : done (2080ms) 
 block [2313] : done (2241ms) 
 block [2314] : done (2092ms) 
 block [2315] : done (2026ms) 
 block [2316] : done (2004ms) 
 block [2317] : done (1998ms) 
 block [2318] : done (2018ms) 
 block [2319] : done (2106ms) 
 block [2320] : done (2002ms) 
 block [2321] : done (2062ms) 
 block [2322] : done (1943ms) 
 block [2323] : done (1917ms) 
 block [2324] : done (1969ms) 
 block [2325] : done (2078ms) 
 block [2326] : done (2036ms) 
 block [2327] : done (1918ms) 
 block [2328] : done (2035ms) 
 block [2329] : done (1950ms) 
 block [2330] : done (2038ms) 
 block [2331] : done (2068ms) 
 block [2332] : done (2180ms) 
 block [2333] : done (2130ms) 
 block [2334] : done (1967ms) 
 block [2335] : done (2073ms) 
 block [2336] : done (2046ms) 
 block [2337] : done (2177ms) 
 block [2338] : done (2158ms) 
 block [2339] : done (2130ms) 
 block [2340] : done (2083ms) 
 block [2341] : done (2200ms) 
 block [2342] : done (2094ms) 
 block [2343] : done (2171ms) 
 block [2344] : done (2424ms) 
 block [2345] : done (2247ms) 
 block [2346] : done (2142ms) 
 block [2347] : done (2171ms) 
 block [2348] : done (1994ms) 
 block [2349] : done (2126ms) 
 block [2350] : done (2044ms) 
 block [2351] : done (1939ms) 
 block [2352] : done (2020ms) 
 block [2353] : done (2116ms) 
 block [2354] : done (2076ms) 
 block [2355] : done (2109ms) 
 block [2356] : done (1971ms) 
 block [2357] : done (2186ms) 
 block [2358] : done (2097ms) 
 block [2359] : done (2119ms) 
 block [2360] : done (2056ms) 
 block [2361] : done (2015ms) 
 block [2362] : done (2028ms) 
 block [2363] : done (1971ms) 
 block [2364] : done (2091ms) 
 block [2365] : done (2003ms) 
 block [2366] : done (2060ms) 
 block [2367] : done (1982ms) 
 block [2368] : done (2109ms) 
 block [2369] : done (2046ms) 
 block [2370] : done (1988ms) 
 block [2371] : done (2187ms) 
 block [2372] : done (2054ms) 
 block [2373] : done (2033ms) 
 block [2374] : done (1883ms) 
 block [2375] : done (1838ms) 
 block [2376] : done (1959ms) 
 block [2377] : done (1806ms) 
 block [2378] : done (1974ms) 
 block [2379] : done (2059ms) 
 block [2380] : done (1911ms) 
 block [2381] : done (2056ms) 
 block [2382] : done (2097ms) 
 block [2383] : done (2063ms) 
 block [2384] : done (1879ms) 
 block [2385] : done (1934ms) 
 block [2386] : done (2101ms) 
 block [2387] : done (2273ms) 
 block [2388] : done (1974ms) 
 block [2389] : done (2011ms) 
 block [2390] : done (1942ms) 
 block [2391] : done (1994ms) 
 block [2392] : done (2076ms) 
 block [2393] : done (2107ms) 
 block [2394] : done (2057ms) 
 block [2395] : done (2179ms) 
 block [2396] : done (2493ms) 
 block [2397] : done (2243ms) 
 block [2398] : done (2208ms) 
 block [2399] : done (2185ms) 
 block [2400] : done (2243ms) 
 block [2401] : done (2305ms) 
 block [2402] : done (2347ms) 
 block [2403] : done (2270ms) 
 block [2404] : done (2134ms) 
 block [2405] : done (2213ms) 
 block [2406] : done (2170ms) 
 block [2407] : done (2209ms) 
 block [2408] : done (2125ms) 
 block [2409] : done (2156ms) 
 block [2410] : done (2146ms) 
 block [2411] : done (2093ms) 
 block [2412] : done (1899ms) 
 block [2413] : done (2044ms) 
 block [2414] : done (1950ms) 
 block [2415] : done (2112ms) 
 block [2416] : done (2110ms) 
 block [2417] : done (1896ms) 
 block [2418] : done (2013ms) 
 block [2419] : done (1998ms) 
 block [2420] : done (1996ms) 
 block [2421] : done (2085ms) 
 block [2422] : done (2123ms) 
 block [2423] : done (1979ms) 
 block [2424] : done (2178ms) 
 block [2425] : done (1975ms) 
 block [2426] : done (2017ms) 
 block [2427] : done (2065ms) 
 block [2428] : done (2007ms) 
 block [2429] : done (2012ms) 
 block [2430] : done (2073ms) 
 block [2431] : done (2125ms) 
 block [2432] : done (2095ms) 
 block [2433] : done (1983ms) 
 block [2434] : done (1977ms) 
 block [2435] : done (1965ms) 
 block [2436] : done (1975ms) 
 block [2437] : done (1868ms) 
 block [2438] : done (1984ms) 
 block [2439] : done (1993ms) 
 block [2440] : done (2125ms) 
 block [2441] : done (2156ms) 
 block [2442] : done (2158ms) 
 block [2443] : done (2201ms) 
 block [2444] : done (1992ms) 
 block [2445] : done (2214ms) 
 block [2446] : done (2221ms) 
 block [2447] : done (2034ms) 
 block [2448] : done (2269ms) 
 block [2449] : done (2035ms) 
 block [2450] : done (2083ms) 
 block [2451] : done (2076ms) 
 block [2452] : done (2103ms) 
 block [2453] : done (2080ms) 
 block [2454] : done (2307ms) 
 block [2455] : done (2303ms) 
 block [2456] : done (2095ms) 
 block [2457] : done (2054ms) 
 block [2458] : done (2193ms) 
 block [2459] : done (2253ms) 
 block [2460] : done (2298ms) 
 block [2461] : done (2282ms) 
 block [2462] : done (2095ms) 
 block [2463] : done (2097ms) 
 block [2464] : done (2223ms) 
 block [2465] : done (2156ms) 
 block [2466] : done (2085ms) 
 block [2467] : done (2119ms) 
 block [2468] : done (2121ms) 
 block [2469] : done (2153ms) 
 block [2470] : done (2102ms) 
 block [2471] : done (2203ms) 
 block [2472] : done (2194ms) 
 block [2473] : done (2128ms) 
 block [2474] : done (2302ms) 
 block [2475] : done (2241ms) 
 block [2476] : done (2462ms) 
 block [2477] : done (2264ms) 
 block [2478] : done (2202ms) 
 block [2479] : done (2192ms) 
 block [2480] : done (2222ms) 
 block [2481] : done (2353ms) 
 block [2482] : done (2382ms) 
 block [2483] : done (2108ms) 
 block [2484] : done (2143ms) 
 block [2485] : done (2161ms) 
 block [2486] : done (2154ms) 
 block [2487] : done (2271ms) 
 block [2488] : done (2222ms) 
 block [2489] : done (2082ms) 
 block [2490] : done (2090ms) 
 block [2491] : done (2059ms) 
 block [2492] : done (2205ms) 
 block [2493] : done (2124ms) 
 block [2494] : done (2059ms) 
 block [2495] : done (2099ms) 
 block [2496] : done (2076ms) 
 block [2497] : done (2028ms) 
 block [2498] : done (2043ms) 
 block [2499] : done (2173ms) 
 block [2500] : done (2394ms) 
 block [2501] : done (2070ms) 
 block [2502] : done (2081ms) 
 block [2503] : done (2021ms) 
 block [2504] : done (2154ms) 
 block [2505] : done (2070ms) 
 block [2506] : done (2109ms) 
 block [2507] : done (2025ms) 
 block [2508] : done (1926ms) 
 block [2509] : done (1964ms) 
 block [2510] : done (2123ms) 
 block [2511] : done (2044ms) 
 block [2512] : done (2082ms) 
 block [2513] : done (2027ms) 
 block [2514] : done (2102ms) 
 block [2515] : done (2094ms) 
 block [2516] : done (2014ms) 
 block [2517] : done (2111ms) 
 block [2518] : done (2200ms) 
 block [2519] : done (2097ms) 
 block [2520] : done (2003ms) 
 block [2521] : done (2089ms) 
 block [2522] : done (2144ms) 
 block [2523] : done (2255ms) 
 block [2524] : done (2182ms) 
 block [2525] : done (2135ms) 
 block [2526] : done (2187ms) 
 block [2527] : done (2126ms) 
 block [2528] : done (2151ms) 
 block [2529] : done (2231ms) 
 block [2530] : done (2056ms) 
 block [2531] : done (2107ms) 
 block [2532] : done (2056ms) 
 block [2533] : done (2030ms) 
 block [2534] : done (1961ms) 
 block [2535] : done (2119ms) 
 block [2536] : done (2109ms) 
 block [2537] : done (1998ms) 
 block [2538] : done (2211ms) 
 block [2539] : done (2214ms) 
 block [2540] : done (2149ms) 
 block [2541] : done (2205ms) 
 block [2542] : done (2204ms) 
 block [2543] : done (2169ms) 
 block [2544] : done (2056ms) 
 block [2545] : done (2090ms) 
 block [2546] : done (2322ms) 
 block [2547] : done (2306ms) 
 block [2548] : done (2336ms) 
 block [2549] : done (2319ms) 
 block [2550] : done (2284ms) 
 block [2551] : done (2369ms) 
 block [2552] : done (2376ms) 
 block [2553] : done (2178ms) 
 block [2554] : done (2158ms) 
 block [2555] : done (2011ms) 
 block [2556] : done (2046ms) 
 block [2557] : done (2257ms) 
 block [2558] : done (2196ms) 
 block [2559] : done (2289ms) 
 block [2560] : done (2339ms) 
 block [2561] : done (2357ms) 
 block [2562] : done (2368ms) 
 block [2563] : done (2427ms) 
 block [2564] : done (2507ms) 
 block [2565] : done (2423ms) 
 block [2566] : done (2559ms) 
 block [2567] : done (2280ms) 
 block [2568] : done (2270ms) 
 block [2569] : done (2216ms) 
 block [2570] : done (2257ms) 
 block [2571] : done (2200ms) 
 block [2572] : done (2250ms) 
 block [2573] : done (2137ms) 
 block [2574] : done (2236ms) 
 block [2575] : done (1993ms) 
 block [2576] : done (2267ms) 
 block [2577] : done (2176ms) 
 block [2578] : done (2045ms) 
 block [2579] : done (2249ms) 
 block [2580] : done (2203ms) 
 block [2581] : done (2175ms) 
 block [2582] : done (2198ms) 
 block [2583] : done (2202ms) 
 block [2584] : done (2151ms) 
 block [2585] : done (2086ms) 
 block [2586] : done (2064ms) 
 block [2587] : done (2031ms) 
 block [2588] : done (2153ms) 
 block [2589] : done (2311ms) 
 block [2590] : done (2096ms) 
 block [2591] : done (2279ms) 
 block [2592] : done (2286ms) 
 block [2593] : done (2365ms) 
 block [2594] : done (2207ms) 
 block [2595] : done (2184ms) 
 block [2596] : done (2171ms) 
 block [2597] : done (2298ms) 
 block [2598] : done (2174ms) 
 block [2599] : done (2232ms) 
 block [2600] : done (2281ms) 
 block [2601] : done (2253ms) 
 block [2602] : done (2115ms) 
 block [2603] : done (2169ms) 
 block [2604] : done (2252ms) 
 block [2605] : done (2233ms) 
 block [2606] : done (2198ms) 
 block [2607] : done (2306ms) 
 block [2608] : done (2285ms) 
 block [2609] : done (2266ms) 
 block [2610] : done (2267ms) 
 block [2611] : done (2187ms) 
 block [2612] : done (2137ms) 
 block [2613] : done (2197ms) 
 block [2614] : done (2123ms) 
 block [2615] : done (2103ms) 
 block [2616] : done (2036ms) 
 block [2617] : done (2034ms) 
 block [2618] : done (2215ms) 
 block [2619] : done (2180ms) 
 block [2620] : done (2288ms) 
 block [2621] : done (2307ms) 
 block [2622] : done (2257ms) 
 block [2623] : done (2101ms) 
 block [2624] : done (2217ms) 
 block [2625] : done (2273ms) 
 block [2626] : done (2156ms) 
 block [2627] : done (2247ms) 
 block [2628] : done (2068ms) 
 block [2629] : done (2172ms) 
 block [2630] : done (2442ms) 
 block [2631] : done (2422ms) 
 block [2632] : done (2612ms) 
 block [2633] : done (2581ms) 
 block [2634] : done (2532ms) 
 block [2635] : done (2414ms) 
 block [2636] : done (2386ms) 
 block [2637] : done (2364ms) 
 block [2638] : done (2436ms) 
 block [2639] : done (2417ms) 
 block [2640] : done (2487ms) 
 block [2641] : done (2429ms) 
 block [2642] : done (2266ms) 
 block [2643] : done (2289ms) 
 block [2644] : done (2201ms) 
 block [2645] : done (2131ms) 
 block [2646] : done (2245ms) 
 block [2647] : done (2281ms) 
 block [2648] : done (2334ms) 
 block [2649] : done (2343ms) 
 block [2650] : done (2220ms) 
 block [2651] : done (2010ms) 
 block [2652] : done (2071ms) 
 block [2653] : done (2207ms) 
 block [2654] : done (2414ms) 
 block [2655] : done (2238ms) 
 block [2656] : done (2185ms) 
 block [2657] : done (2377ms) 
 block [2658] : done (2099ms) 
 block [2659] : done (2303ms) 
 block [2660] : done (2179ms) 
 block [2661] : done (2187ms) 
 block [2662] : done (2243ms) 
 block [2663] : done (2169ms) 
 block [2664] : done (2211ms) 
 block [2665] : done (2337ms) 
 block [2666] : done (2346ms) 
 block [2667] : done (2515ms) 
 block [2668] : done (2438ms) 
 block [2669] : done (2335ms) 
 block [2670] : done (2366ms) 
 block [2671] : done (2462ms) 
 block [2672] : done (2465ms) 
 block [2673] : done (2200ms) 
 block [2674] : done (2336ms) 
 block [2675] : done (2342ms) 
 block [2676] : done (2412ms) 
 block [2677] : done (2364ms) 
 block [2678] : done (2485ms) 
 block [2679] : done (2450ms) 
 block [2680] : done (2380ms) 
 block [2681] : done (2274ms) 
 block [2682] : done (2333ms) 
 block [2683] : done (2204ms) 
 block [2684] : done (2278ms) 
 block [2685] : done (2101ms) 
 block [2686] : done (2206ms) 
 block [2687] : done (2297ms) 
 block [2688] : done (2099ms) 
 block [2689] : done (2115ms) 
 block [2690] : done (2382ms) 
 block [2691] : done (2221ms) 
 block [2692] : done (2208ms) 
 block [2693] : done (2079ms) 
 block [2694] : done (2103ms) 
 block [2695] : done (2219ms) 
 block [2696] : done (2166ms) 
 block [2697] : done (2201ms) 
 block [2698] : done (2145ms) 
 block [2699] : done (2081ms) 
 block [2700] : done (2028ms) 
 block [2701] : done (2229ms) 
 block [2702] : done (2262ms) 
 block [2703] : done (2329ms) 
 block [2704] : done (2289ms) 
 block [2705] : done (2479ms) 
 block [2706] : done (2292ms) 
 block [2707] : done (2243ms) 
 block [2708] : done (2218ms) 
 block [2709] : done (2258ms) 
 block [2710] : done (2038ms) 
 block [2711] : done (2199ms) 
 block [2712] : done (2154ms) 
 block [2713] : done (2113ms) 
 block [2714] : done (2116ms) 
 block [2715] : done (2248ms) 
 block [2716] : done (2226ms) 
 block [2717] : done (2076ms) 
 block [2718] : done (2002ms) 
 block [2719] : done (2037ms) 
 block [2720] : done (2011ms) 
 block [2721] : done (1996ms) 
 block [2722] : done (1978ms) 
 block [2723] : done (2174ms) 
 block [2724] : done (2038ms) 
 block [2725] : done (2019ms) 
 block [2726] : done (2148ms) 
 block [2727] : done (1832ms) 
 block [2728] : done (1951ms) 
 block [2729] : done (1948ms) 
 block [2730] : done (2019ms) 
 block [2731] : done (2015ms) 
 block [2732] : done (2002ms) 
 block [2733] : done (2014ms) 
 block [2734] : done (2121ms) 
 block [2735] : done (2219ms) 
 block [2736] : done (2215ms) 
 block [2737] : done (2080ms) 
 block [2738] : done (2200ms) 
 block [2739] : done (2101ms) 
 block [2740] : done (2218ms) 
 block [2741] : done (2160ms) 
 block [2742] : done (2140ms) 
 block [2743] : done (2035ms) 
 block [2744] : done (2169ms) 
 block [2745] : done (2132ms) 
 block [2746] : done (2116ms) 
 block [2747] : done (2063ms) 
 block [2748] : done (2107ms) 
 block [2749] : done (2209ms) 
 block [2750] : done (2036ms) 
 block [2751] : done (2160ms) 
 block [2752] : done (2233ms) 
 block [2753] : done (2135ms) 
 block [2754] : done (2142ms) 
 block [2755] : done (2027ms) 
 block [2756] : done (2170ms) 
 block [2757] : done (2187ms) 
 block [2758] : done (2068ms) 
 block [2759] : done (2055ms) 
 block [2760] : done (1975ms) 
 block [2761] : done (2007ms) 
 block [2762] : done (1979ms) 
 block [2763] : done (1939ms) 
 block [2764] : done (1949ms) 
 block [2765] : done (1971ms) 
 block [2766] : done (1955ms) 
 block [2767] : done (2043ms) 
 block [2768] : done (1862ms) 
 block [2769] : done (1942ms) 
 block [2770] : done (1978ms) 
 block [2771] : done (1980ms) 
 block [2772] : done (1959ms) 
 block [2773] : done (2198ms) 
 block [2774] : done (2074ms) 
 block [2775] : done (2002ms) 
 block [2776] : done (2136ms) 
 block [2777] : done (1963ms) 
 block [2778] : done (1821ms) 
 block [2779] : done (1875ms) 
 block [2780] : done (1884ms) 
 block [2781] : done (1995ms) 
 block [2782] : done (2159ms) 
 block [2783] : done (2098ms) 
 block [2784] : done (1988ms) 
 block [2785] : done (2017ms) 
 block [2786] : done (2068ms) 
 block [2787] : done (2131ms) 
 block [2788] : done (2405ms) 
 block [2789] : done (2269ms) 
 block [2790] : done (2169ms) 
 block [2791] : done (2132ms) 
 block [2792] : done (2190ms) 
 block [2793] : done (2247ms) 
 block [2794] : done (2378ms) 
 block [2795] : done (2270ms) 
 block [2796] : done (2385ms) 
 block [2797] : done (2338ms) 
 block [2798] : done (2437ms) 
 block [2799] : done (2363ms) 
 block [2800] : done (2502ms) 
 block [2801] : done (2239ms) 
 block [2802] : done (2375ms) 
 block [2803] : done (2176ms) 
 block [2804] : done (2143ms) 
 block [2805] : done (2182ms) 
 block [2806] : done (2203ms) 
 block [2807] : done (1990ms) 
 block [2808] : done (2126ms) 
 block [2809] : done (2038ms) 
 block [2810] : done (2123ms) 
 block [2811] : done (2235ms) 
 block [2812] : done (2253ms) 
 block [2813] : done (2154ms) 
 block [2814] : done (2298ms) 
 block [2815] : done (2034ms) 
 block [2816] : done (1975ms) 
 block [2817] : done (2080ms) 
 block [2818] : done (2314ms) 
 block [2819] : done (2018ms) 
 block [2820] : done (1999ms) 
 block [2821] : done (2029ms) 
 block [2822] : done (2064ms) 
 block [2823] : done (1966ms) 
 block [2824] : done (1905ms) 
 block [2825] : done (2139ms) 
 block [2826] : done (1970ms) 
 block [2827] : done (2089ms) 
 block [2828] : done (1932ms) 
 block [2829] : done (2050ms) 
 block [2830] : done (2083ms) 
 block [2831] : done (2046ms) 
 block [2832] : done (1943ms) 
 block [2833] : done (1920ms) 
 block [2834] : done (1937ms) 
 block [2835] : done (2083ms) 
 block [2836] : done (2021ms) 
 block [2837] : done (2069ms) 
 block [2838] : done (1947ms) 
 block [2839] : done (2192ms) 
 block [2840] : done (2296ms) 
 block [2841] : done (2307ms) 
 block [2842] : done (2157ms) 
 block [2843] : done (2017ms) 
 block [2844] : done (2070ms) 
 block [2845] : done (2035ms) 
 block [2846] : done (2040ms) 
 block [2847] : done (2106ms) 
 block [2848] : done (2005ms) 
 block [2849] : done (2144ms) 
 block [2850] : done (2025ms) 
 block [2851] : done (2126ms) 
 block [2852] : done (2180ms) 
 block [2853] : done (2073ms) 
 block [2854] : done (2209ms) 
 block [2855] : done (2275ms) 
 block [2856] : done (2307ms) 
 block [2857] : done (1982ms) 
 block [2858] : done (1954ms) 
 block [2859] : done (1932ms) 
 block [2860] : done (2044ms) 
 block [2861] : done (2019ms) 
 block [2862] : done (1816ms) 
 block [2863] : done (1936ms) 
 block [2864] : done (1805ms) 
 block [2865] : done (1864ms) 
 block [2866] : done (1996ms) 
 block [2867] : done (1859ms) 
 block [2868] : done (1900ms) 
 block [2869] : done (1990ms) 
 block [2870] : done (1955ms) 
 block [2871] : done (1953ms) 
 block [2872] : done (2010ms) 
 block [2873] : done (1966ms) 
 block [2874] : done (1866ms) 
 block [2875] : done (1759ms) 
 block [2876] : done (1847ms) 
 block [2877] : done (1912ms) 
 block [2878] : done (1827ms) 
 block [2879] : done (1892ms) 
 block [2880] : done (1802ms) 
 block [2881] : done (1845ms) 
 block [2882] : done (1851ms) 
 block [2883] : done (1813ms) 
 block [2884] : done (1910ms) 
 block [2885] : done (1827ms) 
 block [2886] : done (1938ms) 
 block [2887] : done (1917ms) 
 block [2888] : done (1854ms) 
 block [2889] : done (1900ms) 
 block [2890] : done (2067ms) 
 block [2891] : done (1986ms) 
 block [2892] : done (1943ms) 
 block [2893] : done (2142ms) 
 block [2894] : done (1957ms) 
 block [2895] : done (1873ms) 
 block [2896] : done (1960ms) 
 block [2897] : done (2029ms) 
 block [2898] : done (2042ms) 
 block [2899] : done (2195ms) 
 block [2900] : done (2220ms) 
 block [2901] : done (1961ms) 
 block [2902] : done (2042ms) 
 block [2903] : done (2139ms) 
 block [2904] : done (2115ms) 
 block [2905] : done (2053ms) 
 block [2906] : done (2112ms) 
 block [2907] : done (2111ms) 
 block [2908] : done (2035ms) 
 block [2909] : done (2391ms) 
 block [2910] : done (2056ms) 
 block [2911] : done (2127ms) 
 block [2912] : done (1923ms) 
 block [2913] : done (2007ms) 
 block [2914] : done (2127ms) 
 block [2915] : done (2186ms) 
 block [2916] : done (2019ms) 
 block [2917] : done (2012ms) 
 block [2918] : done (2026ms) 
 block [2919] : done (2187ms) 
 block [2920] : done (2021ms) 
 block [2921] : done (1983ms) 
 block [2922] : done (2093ms) 
 block [2923] : done (2044ms) 
 block [2924] : done (1993ms) 
 block [2925] : done (2069ms) 
 block [2926] : done (2054ms) 
 block [2927] : done (2083ms) 
 block [2928] : done (2153ms) 
 block [2929] : done (2219ms) 
 block [2930] : done (2256ms) 
 block [2931] : done (2233ms) 
 block [2932] : done (2216ms) 
 block [2933] : done (2101ms) 
 block [2934] : done (2078ms) 
 block [2935] : done (2192ms) 
 block [2936] : done (2354ms) 
 block [2937] : done (2220ms) 
 block [2938] : done (2084ms) 
 block [2939] : done (2140ms) 
 block [2940] : done (2221ms) 
 block [2941] : done (2255ms) 
 block [2942] : done (2191ms) 
 block [2943] : done (2210ms) 
 block [2944] : done (2267ms) 
 block [2945] : done (2287ms) 
 block [2946] : done (2312ms) 
 block [2947] : done (2156ms) 
 block [2948] : done (2210ms) 
 block [2949] : done (2481ms) 
 block [2950] : done (2225ms) 
 block [2951] : done (2342ms) 
 block [2952] : done (2291ms) 
 block [2953] : done (2317ms) 
 block [2954] : done (2343ms) 
 block [2955] : done (2211ms) 
 block [2956] : done (2276ms) 
 block [2957] : done (2186ms) 
 block [2958] : done (2176ms) 
 block [2959] : done (2060ms) 
 block [2960] : done (2144ms) 
 block [2961] : done (2123ms) 
 block [2962] : done (2116ms) 
 block [2963] : done (2090ms) 
 block [2964] : done (1979ms) 
 block [2965] : done (2034ms) 
 block [2966] : done (1971ms) 
 block [2967] : done (2102ms) 
 block [2968] : done (2152ms) 
 block [2969] : done (2038ms) 
 block [2970] : done (2217ms) 
 block [2971] : done (2353ms) 
 block [2972] : done (2279ms) 
 block [2973] : done (2160ms) 
 block [2974] : done (2243ms) 
 block [2975] : done (2124ms) 
 block [2976] : done (2162ms) 
 block [2977] : done (2297ms) 
 block [2978] : done (2249ms) 
 block [2979] : done (2138ms) 
 block [2980] : done (2179ms) 
 block [2981] : done (2092ms) 
 block [2982] : done (2234ms) 
 block [2983] : done (2217ms) 
 block [2984] : done (2009ms) 
 block [2985] : done (2073ms) 
 block [2986] : done (1931ms) 
 block [2987] : done (2009ms) 
 block [2988] : done (2108ms) 
 block [2989] : done (2069ms) 
 block [2990] : done (1984ms) 
 block [2991] : done (2156ms) 
 block [2992] : done (2100ms) 
 block [2993] : done (2006ms) 
 block [2994] : done (2006ms) 
 block [2995] : done (1976ms) 
 block [2996] : done (2071ms) 
 block [2997] : done (2018ms) 
 block [2998] : done (2015ms) 
 block [2999] : done (2019ms) 
 block [3000] : done (2002ms) 
 block [3001] : done (2022ms) 
 block [3002] : done (2061ms) 
 block [3003] : done (2073ms) 
 block [3004] : done (2156ms) 
 block [3005] : done (2060ms) 
 block [3006] : done (2072ms) 
 block [3007] : done (2059ms) 
 block [3008] : done (2074ms) 
 block [3009] : done (2069ms) 
 block [3010] : done (2078ms) 
 block [3011] : done (1995ms) 
 block [3012] : done (2158ms) 
 block [3013] : done (2479ms) 
 block [3014] : done (2358ms) 
 block [3015] : done (2233ms) 
 block [3016] : done (2100ms) 
 block [3017] : done (2186ms) 
 block [3018] : done (2215ms) 
 block [3019] : done (2130ms) 
 block [3020] : done (2107ms) 
 block [3021] : done (2240ms) 
 block [3022] : done (2077ms) 
 block [3023] : done (2029ms) 
 block [3024] : done (2088ms) 
 block [3025] : done (2034ms) 
 block [3026] : done (2088ms) 
 block [3027] : done (2069ms) 
 block [3028] : done (1983ms) 
 block [3029] : done (2192ms) 
 block [3030] : done (1947ms) 
 block [3031] : done (2176ms) 
 block [3032] : done (2199ms) 
 block [3033] : done (2313ms) 
 block [3034] : done (2224ms) 
 block [3035] : done (2253ms) 
 block [3036] : done (2037ms) 
 block [3037] : done (2148ms) 
 block [3038] : done (2050ms) 
 block [3039] : done (2082ms) 
 block [3040] : done (2242ms) 
 block [3041] : done (2115ms) 
 block [3042] : done (2071ms) 
 block [3043] : done (2083ms) 
 block [3044] : done (2218ms) 
 block [3045] : done (2263ms) 
 block [3046] : done (2172ms) 
 block [3047] : done (1987ms) 
 block [3048] : done (1986ms) 
 block [3049] : done (2136ms) 
 block [3050] : done (2022ms) 
 block [3051] : done (1868ms) 
 block [3052] : done (1984ms) 
 block [3053] : done (2054ms) 
 block [3054] : done (2009ms) 
 block [3055] : done (1947ms) 
 block [3056] : done (1938ms) 
 block [3057] : done (1997ms) 
 block [3058] : done (2057ms) 
 block [3059] : done (1965ms) 
 block [3060] : done (2012ms) 
 block [3061] : done (1947ms) 
 block [3062] : done (1922ms) 
 block [3063] : done (2075ms) 
 block [3064] : done (2230ms) 
 block [3065] : done (1996ms) 
 block [3066] : done (2105ms) 
 block [3067] : done (2080ms) 
 block [3068] : done (2068ms) 
 block [3069] : done (2092ms) 
 block [3070] : done (2238ms) 
 block [3071] : done (2071ms) 
 block [3072] : done (2192ms) 
 block [3073] : done (2061ms) 
 block [3074] : done (2102ms) 
 block [3075] : done (2184ms) 
 block [3076] : done (2006ms) 
 block [3077] : done (1971ms) 
 block [3078] : done (2064ms) 
 block [3079] : done (1905ms) 
 block [3080] : done (2108ms) 
 block [3081] : done (2130ms) 
 block [3082] : done (2233ms) 
 block [3083] : done (2113ms) 
 block [3084] : done (2142ms) 
 block [3085] : done (2103ms) 
 block [3086] : done (2183ms) 
 block [3087] : done (2164ms) 
 block [3088] : done (2397ms) 
 block [3089] : done (2280ms) 
 block [3090] : done (2463ms) 
 block [3091] : done (2383ms) 
 block [3092] : done (2313ms) 
 block [3093] : done (2117ms) 
 block [3094] : done (2331ms) 
 block [3095] : done (2031ms) 
 block [3096] : done (2241ms) 
 block [3097] : done (2144ms) 
 block [3098] : done (2124ms) 
 block [3099] : done (2274ms) 
 block [3100] : done (2260ms) 
 block [3101] : done (2229ms) 
 block [3102] : done (2054ms) 
 block [3103] : done (2191ms) 
 block [3104] : done (2179ms) 
 block [3105] : done (2115ms) 
 block [3106] : done (1991ms) 
 block [3107] : done (1962ms) 
 block [3108] : done (2117ms) 
 block [3109] : done (2029ms) 
 block [3110] : done (2015ms) 
 block [3111] : done (1948ms) 
 block [3112] : done (1929ms) 
 block [3113] : done (1956ms) 
 block [3114] : done (2071ms) 
 block [3115] : done (2111ms) 
 block [3116] : done (2052ms) 
 block [3117] : done (2015ms) 
 block [3118] : done (1916ms) 
 block [3119] : done (2019ms) 
 block [3120] : done (2014ms) 
 block [3121] : done (1911ms) 
 block [3122] : done (2059ms) 
 block [3123] : done (2083ms) 
 block [3124] : done (2002ms) 
 block [3125] : done (2090ms) 
 block [3126] : done (2013ms) 
 block [3127] : done (1970ms) 
 block [3128] : done (2043ms) 
 block [3129] : done (1948ms) 
 block [3130] : done (2084ms) 
 block [3131] : done (2161ms) 
 block [3132] : done (1905ms) 
 block [3133] : done (1988ms) 
 block [3134] : done (1993ms) 
 block [3135] : done (2045ms) 
 block [3136] : done (2231ms) 
 block [3137] : done (2016ms) 
 block [3138] : done (2127ms) 
 block [3139] : done (2061ms) 
 block [3140] : done (2006ms) 
 block [3141] : done (2163ms) 
 block [3142] : done (2098ms) 
 block [3143] : done (2112ms) 
 block [3144] : done (2035ms) 
 block [3145] : done (2176ms) 
 block [3146] : done (2215ms) 
 block [3147] : done (2287ms) 
 block [3148] : done (2184ms) 
 block [3149] : done (2269ms) 
 block [3150] : done (2328ms) 
 block [3151] : done (2082ms) 
 block [3152] : done (2031ms) 
 block [3153] : done (1896ms) 

Association results stored separately for each trait in files : 
* [regenie_output/PD_ukb_step2_LTFH.chr21_ltfh.regenie]

Number of ignored tests due to low MAC : 308935

Elapsed time : 6862.04s
End time: Wed Dec 15 15:15:41 2021

