Start time: Wed Dec 15 02:06:29 2021

              |=============================|
              |      REGENIE v2.0.2.gz      |
              |=============================|

Copyright (c) 2020 Joelle Mbatchou and Jonathan Marchini.
Distributed under the MIT License.
Compiled with Boost Iostream library.
Using Intel MKL with Eigen.

Log of output saved in file : regenie_output/PD_ukb_step1_LTFH.log

Options in effect:
  --step 1 \
  --bed /mnt/stsi/stsi1/ptseng/UKBB_Resources/filtered_noimpute_bed/ukb_cal_allChrs_prune \
  --phenoFile regenie_input/PD_ltfh.txt \
  --covarFile regenie_input/PD_covar.txt \
  --remove /gpfs/home/ptseng/Torkamani_Projects/20210901_PD_UKBB/ukbb_relatedness/king_output/king_degree_5_unrelatedunrelated_toberemoved.txt \
  --exclude /mnt/stsi/stsi1/ptseng/UKBB_Resources/ID_list/ICLD_low-complexity.exclude \
  --bsize 1000 \
  --out regenie_output/PD_ukb_step1_LTFH

Fitting null model
 * bim              : [/mnt/stsi/stsi1/ptseng/UKBB_Resources/filtered_noimpute_bed/ukb_cal_allChrs_prune.bim] n_snps = 487427
   -removing variants specified in [/mnt/stsi/stsi1/ptseng/UKBB_Resources/ID_list/ICLD_low-complexity.exclude]
     +number of variants remaining in the analysis = 487427
 * fam              : [/mnt/stsi/stsi1/ptseng/UKBB_Resources/filtered_noimpute_bed/ukb_cal_allChrs_prune.fam] n_samples = 460108
   -removing individuals specified in [/gpfs/home/ptseng/Torkamani_Projects/20210901_PD_UKBB/ukbb_relatedness/king_output/king_degree_5_unrelatedunrelated_toberemoved.txt]
     +number of genotyped individuals to exclude from the analysis = 34787
 * bed              : [/mnt/stsi/stsi1/ptseng/UKBB_Resources/filtered_noimpute_bed/ukb_cal_allChrs_prune.bed]
 * phenotypes       : [regenie_input/PD_ltfh.txt] n_pheno = 1
   -dropping observations with missing values at any of the phenotypes
   -number of phenotyped individuals = 419488
   -number of individuals remaining with non-missing phenotypes = 419488
 * covariates       : [regenie_input/PD_covar.txt] n_cov = 24
   -number of individuals with covariate data = 425140
 * number of individuals used in analysis = 419488
   -residualizing and scaling phenotypes...done (18ms) 
 * # threads        : [15]
 * block size       : [1000]
 * # blocks         : [498]
 * # CV folds       : [5]
 * ridge data_l0    : [5 : 0.01 0.25 0.5 0.75 0.99 ]
 * ridge data_l1    : [5 : 0.01 0.25 0.5 0.75 0.99 ]
 * approximate memory usage : 12GB
 * setting memory...done

Chromosome 1
 block [1] : 1000 snps  (60278ms) 
   -residualizing and scaling genotypes...done (14884ms) 
   -calc working matrices...done (2932ms) 
   -calc level 0 ridge...done (5850ms) 
 block [2] : 1000 snps  (64677ms) 
   -residualizing and scaling genotypes...done (15297ms) 
   -calc working matrices...done (3403ms) 
   -calc level 0 ridge...done (6132ms) 
 block [3] : 1000 snps  (64692ms) 
   -residualizing and scaling genotypes...done (15371ms) 
   -calc working matrices...done (2927ms) 
   -calc level 0 ridge...done (6110ms) 
 block [4] : 1000 snps  (65991ms) 
   -residualizing and scaling genotypes...done (15815ms) 
   -calc working matrices...done (3123ms) 
   -calc level 0 ridge...done (5937ms) 
 block [5] : 1000 snps  (64981ms) 
   -residualizing and scaling genotypes...done (17855ms) 
   -calc working matrices...done (3151ms) 
   -calc level 0 ridge...done (5313ms) 
 block [6] : 1000 snps  (69521ms) 
   -residualizing and scaling genotypes...done (21266ms) 
   -calc working matrices...done (2916ms) 
   -calc level 0 ridge...done (4790ms) 
 block [7] : 1000 snps  (66423ms) 
   -residualizing and scaling genotypes...done (21482ms) 
   -calc working matrices...done (3755ms) 
   -calc level 0 ridge...done (4708ms) 
 block [8] : 1000 snps  (71165ms) 
   -residualizing and scaling genotypes...done (19362ms) 
   -calc working matrices...done (3079ms) 
   -calc level 0 ridge...done (5817ms) 
 block [9] : 1000 snps  (66676ms) 
   -residualizing and scaling genotypes...done (18305ms) 
   -calc working matrices...done (3182ms) 
   -calc level 0 ridge...done (6489ms) 
 block [10] : 1000 snps  (66789ms) 
   -residualizing and scaling genotypes...done (15863ms) 
   -calc working matrices...done (3066ms) 
   -calc level 0 ridge...done (6178ms) 
 block [11] : 1000 snps  (61357ms) 
   -residualizing and scaling genotypes...done (24635ms) 
   -calc working matrices...done (3175ms) 
   -calc level 0 ridge...done (6272ms) 
 block [12] : 1000 snps  (76724ms) 
   -residualizing and scaling genotypes...done (18972ms) 
   -calc working matrices...done (2921ms) 
   -calc level 0 ridge...done (6278ms) 
 block [13] : 1000 snps  (64587ms) 
   -residualizing and scaling genotypes...done (18028ms) 
   -calc working matrices...done (2902ms) 
   -calc level 0 ridge...done (6125ms) 
 block [14] : 1000 snps  (64526ms) 
   -residualizing and scaling genotypes...done (18351ms) 
   -calc working matrices...done (3108ms) 
   -calc level 0 ridge...done (6190ms) 
 block [15] : 1000 snps  (64991ms) 
   -residualizing and scaling genotypes...done (18250ms) 
   -calc working matrices...done (3226ms) 
   -calc level 0 ridge...done (6309ms) 
 block [16] : 1000 snps  (65054ms) 
   -residualizing and scaling genotypes...done (18141ms) 
   -calc working matrices...done (3385ms) 
   -calc level 0 ridge...done (6268ms) 
 block [17] : 1000 snps  (76394ms) 
   -residualizing and scaling genotypes...done (15451ms) 
   -calc working matrices...done (2971ms) 
   -calc level 0 ridge...done (6169ms) 
 block [18] : 1000 snps  (60734ms) 
   -residualizing and scaling genotypes...done (16054ms) 
   -calc working matrices...done (2906ms) 
   -calc level 0 ridge...done (6250ms) 
 block [19] : 1000 snps  (61392ms) 
   -residualizing and scaling genotypes...done (16914ms) 
   -calc working matrices...done (3230ms) 
   -calc level 0 ridge...done (5538ms) 
 block [20] : 1000 snps  (67104ms) 
   -residualizing and scaling genotypes...done (20489ms) 
   -calc working matrices...done (2954ms) 
   -calc level 0 ridge...done (5208ms) 
 block [21] : 1000 snps  (75744ms) 
   -residualizing and scaling genotypes...done (16086ms) 
   -calc working matrices...done (2931ms) 
   -calc level 0 ridge...done (5952ms) 
 block [22] : 1000 snps  (61911ms) 
   -residualizing and scaling genotypes...done (27555ms) 
   -calc working matrices...done (3387ms) 
   -calc level 0 ridge...done (6209ms) 
 block [23] : 1000 snps  (70341ms) 
   -residualizing and scaling genotypes...done (15799ms) 
   -calc working matrices...done (2980ms) 
   -calc level 0 ridge...done (6204ms) 
 block [24] : 1000 snps  (69932ms) 
   -residualizing and scaling genotypes...done (19019ms) 
   -calc working matrices...done (3077ms) 
   -calc level 0 ridge...done (6239ms) 
 block [25] : 1000 snps  (75865ms) 
   -residualizing and scaling genotypes...done (18613ms) 
   -calc working matrices...done (3011ms) 
   -calc level 0 ridge...done (6316ms) 
 block [26] : 1000 snps  (63143ms) 
   -residualizing and scaling genotypes...done (17664ms) 
   -calc working matrices...done (3071ms) 
   -calc level 0 ridge...done (6233ms) 
 block [27] : 1000 snps  (63253ms) 
   -residualizing and scaling genotypes...done (18107ms) 
   -calc working matrices...done (3188ms) 
   -calc level 0 ridge...done (6462ms) 
 block [28] : 1000 snps  (65288ms) 
   -residualizing and scaling genotypes...done (17811ms) 
   -calc working matrices...done (2972ms) 
   -calc level 0 ridge...done (6075ms) 
 block [29] : 1000 snps  (64460ms) 
   -residualizing and scaling genotypes...done (18099ms) 
   -calc working matrices...done (3007ms) 
   -calc level 0 ridge...done (6139ms) 
 block [30] : 1000 snps  (63316ms) 
   -residualizing and scaling genotypes...done (17712ms) 
   -calc working matrices...done (3030ms) 
   -calc level 0 ridge...done (6131ms) 
 block [31] : 1000 snps  (63356ms) 
   -residualizing and scaling genotypes...done (17725ms) 
   -calc working matrices...done (3237ms) 
   -calc level 0 ridge...done (6126ms) 
 block [32] : 1000 snps  (63608ms) 
   -residualizing and scaling genotypes...done (17985ms) 
   -calc working matrices...done (3158ms) 
   -calc level 0 ridge...done (6052ms) 
 block [33] : 1000 snps  (66466ms) 
   -residualizing and scaling genotypes...done (15845ms) 
   -calc working matrices...done (3138ms) 
   -calc level 0 ridge...done (6199ms) 
 block [34] : 1000 snps  (65583ms) 
   -residualizing and scaling genotypes...done (17975ms) 
   -calc working matrices...done (2951ms) 
   -calc level 0 ridge...done (6102ms) 
 block [35] : 1000 snps  (63269ms) 
   -residualizing and scaling genotypes...done (18112ms) 
   -calc working matrices...done (3030ms) 
   -calc level 0 ridge...done (6181ms) 
 block [36] : 1000 snps  (64728ms) 
   -residualizing and scaling genotypes...done (18097ms) 
   -calc working matrices...done (3059ms) 
   -calc level 0 ridge...done (6222ms) 
 block [37] : 1000 snps  (66409ms) 
   -residualizing and scaling genotypes...done (18126ms) 
   -calc working matrices...done (3248ms) 
   -calc level 0 ridge...done (6532ms) 
 block [38] : 1000 snps  (66229ms) 
   -residualizing and scaling genotypes...done (18423ms) 
   -calc working matrices...done (3051ms) 
   -calc level 0 ridge...done (6187ms) 
 block [39] : 862 snps  (41120ms) 
   -residualizing and scaling genotypes...done (6285ms) 
   -calc working matrices...done (2098ms) 
   -calc level 0 ridge...done (5085ms) 
Chromosome 2
 block [40] : 1000 snps  (47309ms) 
   -residualizing and scaling genotypes...done (7232ms) 
   -calc working matrices...done (2869ms) 
   -calc level 0 ridge...done (5830ms) 
 block [41] : 1000 snps  (49533ms) 
   -residualizing and scaling genotypes...done (7227ms) 
   -calc working matrices...done (2967ms) 
   -calc level 0 ridge...done (5972ms) 
 block [42] : 1000 snps  (47645ms) 
   -residualizing and scaling genotypes...done (7214ms) 
   -calc working matrices...done (2962ms) 
   -calc level 0 ridge...done (5226ms) 
 block [43] : 1000 snps  (49837ms) 
   -residualizing and scaling genotypes...done (7264ms) 
   -calc working matrices...done (3098ms) 
   -calc level 0 ridge...done (5893ms) 
 block [44] : 1000 snps  (72752ms) 
   -residualizing and scaling genotypes...done (11082ms) 
   -calc working matrices...done (3005ms) 
   -calc level 0 ridge...done (5044ms) 
 block [45] : 1000 snps  (48004ms) 
   -residualizing and scaling genotypes...done (7220ms) 
   -calc working matrices...done (3025ms) 
   -calc level 0 ridge...done (5931ms) 
 block [46] : 1000 snps  (49635ms) 
   -residualizing and scaling genotypes...done (7211ms) 
   -calc working matrices...done (2872ms) 
   -calc level 0 ridge...done (6067ms) 
 block [47] : 1000 snps  (47197ms) 
   -residualizing and scaling genotypes...done (8362ms) 
   -calc working matrices...done (3085ms) 
   -calc level 0 ridge...done (5406ms) 
 block [48] : 1000 snps  (72930ms) 
   -residualizing and scaling genotypes...done (11240ms) 
   -calc working matrices...done (3102ms) 
   -calc level 0 ridge...done (5125ms) 
 block [49] : 1000 snps  (55630ms) 
   -residualizing and scaling genotypes...done (7241ms) 
   -calc working matrices...done (2986ms) 
   -calc level 0 ridge...done (5842ms) 
 block [50] : 1000 snps  (49326ms) 
   -residualizing and scaling genotypes...done (7243ms) 
   -calc working matrices...done (3017ms) 
   -calc level 0 ridge...done (5818ms) 
 block [51] : 1000 snps  (49705ms) 
   -residualizing and scaling genotypes...done (7267ms) 
   -calc working matrices...done (2976ms) 
   -calc level 0 ridge...done (6142ms) 
 block [52] : 1000 snps  (47691ms) 
   -residualizing and scaling genotypes...done (7249ms) 
   -calc working matrices...done (3150ms) 
   -calc level 0 ridge...done (5994ms) 
 block [53] : 1000 snps  (73767ms) 
   -residualizing and scaling genotypes...done (7841ms) 
   -calc working matrices...done (3058ms) 
   -calc level 0 ridge...done (4930ms) 
 block [54] : 1000 snps  (72714ms) 
   -residualizing and scaling genotypes...done (7836ms) 
   -calc working matrices...done (3055ms) 
   -calc level 0 ridge...done (4962ms) 
 block [55] : 1000 snps  (50630ms) 
   -residualizing and scaling genotypes...done (7255ms) 
   -calc working matrices...done (3008ms) 
   -calc level 0 ridge...done (6029ms) 
 block [56] : 1000 snps  (73103ms) 
   -residualizing and scaling genotypes...done (8363ms) 
   -calc working matrices...done (2893ms) 
   -calc level 0 ridge...done (5554ms) 
 block [57] : 1000 snps  (64296ms) 
   -residualizing and scaling genotypes...done (7582ms) 
   -calc working matrices...done (3006ms) 
   -calc level 0 ridge...done (5089ms) 
 block [58] : 1000 snps  (63364ms) 
   -residualizing and scaling genotypes...done (11450ms) 
   -calc working matrices...done (2985ms) 
   -calc level 0 ridge...done (5329ms) 
 block [59] : 1000 snps  (49124ms) 
   -residualizing and scaling genotypes...done (7241ms) 
   -calc working matrices...done (3032ms) 
   -calc level 0 ridge...done (6013ms) 
 block [60] : 1000 snps  (47223ms) 
   -residualizing and scaling genotypes...done (7246ms) 
   -calc working matrices...done (3079ms) 
   -calc level 0 ridge...done (6044ms) 
 block [61] : 1000 snps  (47398ms) 
   -residualizing and scaling genotypes...done (7231ms) 
   -calc working matrices...done (3001ms) 
   -calc level 0 ridge...done (5967ms) 
 block [62] : 1000 snps  (47310ms) 
   -residualizing and scaling genotypes...done (7228ms) 
   -calc working matrices...done (3092ms) 
   -calc level 0 ridge...done (6023ms) 
 block [63] : 1000 snps  (47131ms) 
   -residualizing and scaling genotypes...done (7214ms) 
   -calc working matrices...done (3046ms) 
   -calc level 0 ridge...done (6072ms) 
 block [64] : 1000 snps  (47176ms) 
   -residualizing and scaling genotypes...done (7234ms) 
   -calc working matrices...done (3049ms) 
   -calc level 0 ridge...done (6019ms) 
 block [65] : 1000 snps  (47131ms) 
   -residualizing and scaling genotypes...done (7242ms) 
   -calc working matrices...done (2978ms) 
   -calc level 0 ridge...done (6014ms) 
 block [66] : 1000 snps  (73294ms) 
   -residualizing and scaling genotypes...done (11432ms) 
   -calc working matrices...done (3028ms) 
   -calc level 0 ridge...done (5418ms) 
 block [67] : 1000 snps  (48581ms) 
   -residualizing and scaling genotypes...done (7262ms) 
   -calc working matrices...done (3036ms) 
   -calc level 0 ridge...done (5903ms) 
 block [68] : 1000 snps  (71938ms) 
   -residualizing and scaling genotypes...done (11330ms) 
   -calc working matrices...done (3058ms) 
   -calc level 0 ridge...done (5211ms) 
 block [69] : 1000 snps  (72089ms) 
   -residualizing and scaling genotypes...done (7911ms) 
   -calc working matrices...done (2886ms) 
   -calc level 0 ridge...done (5786ms) 
 block [70] : 1000 snps  (48244ms) 
   -residualizing and scaling genotypes...done (7227ms) 
   -calc working matrices...done (3099ms) 
   -calc level 0 ridge...done (6047ms) 
 block [71] : 1000 snps  (48369ms) 
   -residualizing and scaling genotypes...done (7253ms) 
   -calc working matrices...done (3043ms) 
   -calc level 0 ridge...done (6076ms) 
 block [72] : 1000 snps  (47404ms) 
   -residualizing and scaling genotypes...done (7236ms) 
   -calc working matrices...done (2956ms) 
   -calc level 0 ridge...done (6123ms) 
 block [73] : 1000 snps  (47297ms) 
   -residualizing and scaling genotypes...done (7259ms) 
   -calc working matrices...done (3186ms) 
   -calc level 0 ridge...done (6066ms) 
 block [74] : 1000 snps  (59180ms) 
   -residualizing and scaling genotypes...done (7384ms) 
   -calc working matrices...done (3092ms) 
   -calc level 0 ridge...done (6010ms) 
 block [75] : 1000 snps  (47464ms) 
   -residualizing and scaling genotypes...done (8045ms) 
   -calc working matrices...done (2890ms) 
   -calc level 0 ridge...done (4883ms) 
 block [76] : 1000 snps  (71805ms) 
   -residualizing and scaling genotypes...done (11270ms) 
   -calc working matrices...done (2961ms) 
   -calc level 0 ridge...done (4587ms) 
 block [77] : 1000 snps  (71868ms) 
   -residualizing and scaling genotypes...done (11314ms) 
   -calc working matrices...done (3021ms) 
   -calc level 0 ridge...done (4902ms) 
 block [78] : 1000 snps  (72312ms) 
   -residualizing and scaling genotypes...done (11310ms) 
   -calc working matrices...done (2802ms) 
   -calc level 0 ridge...done (5048ms) 
 block [79] : 403 snps  (19860ms) 
   -residualizing and scaling genotypes...done (2992ms) 
   -calc working matrices...done (568ms) 
   -calc level 0 ridge...done (2456ms) 
Chromosome 3
 block [80] : 1000 snps  (47334ms) 
   -residualizing and scaling genotypes...done (7224ms) 
   -calc working matrices...done (2970ms) 
   -calc level 0 ridge...done (6039ms) 
 block [81] : 1000 snps  (47279ms) 
   -residualizing and scaling genotypes...done (7237ms) 
   -calc working matrices...done (3005ms) 
   -calc level 0 ridge...done (6158ms) 
 block [82] : 1000 snps  (47469ms) 
   -residualizing and scaling genotypes...done (7213ms) 
   -calc working matrices...done (3032ms) 
   -calc level 0 ridge...done (5552ms) 
 block [83] : 1000 snps  (51649ms) 
   -residualizing and scaling genotypes...done (7533ms) 
   -calc working matrices...done (2949ms) 
   -calc level 0 ridge...done (5749ms) 
 block [84] : 1000 snps  (70709ms) 
   -residualizing and scaling genotypes...done (11544ms) 
   -calc working matrices...done (2863ms) 
   -calc level 0 ridge...done (4852ms) 
 block [85] : 1000 snps  (47976ms) 
   -residualizing and scaling genotypes...done (8044ms) 
   -calc working matrices...done (2789ms) 
   -calc level 0 ridge...done (5738ms) 
 block [86] : 1000 snps  (66234ms) 
   -residualizing and scaling genotypes...done (8094ms) 
   -calc working matrices...done (2801ms) 
   -calc level 0 ridge...done (4926ms) 
 block [87] : 1000 snps  (47654ms) 
   -residualizing and scaling genotypes...done (11197ms) 
   -calc working matrices...done (2907ms) 
   -calc level 0 ridge...done (4948ms) 
 block [88] : 1000 snps  (70766ms) 
   -residualizing and scaling genotypes...done (11171ms) 
   -calc working matrices...done (2926ms) 
   -calc level 0 ridge...done (4877ms) 
 block [89] : 1000 snps  (61121ms) 
   -residualizing and scaling genotypes...done (7810ms) 
   -calc working matrices...done (2801ms) 
   -calc level 0 ridge...done (5109ms) 
 block [90] : 1000 snps  (50394ms) 
   -residualizing and scaling genotypes...done (7442ms) 
   -calc working matrices...done (2783ms) 
   -calc level 0 ridge...done (6004ms) 
 block [91] : 1000 snps  (71351ms) 
   -residualizing and scaling genotypes...done (10837ms) 
   -calc working matrices...done (2856ms) 
   -calc level 0 ridge...done (4477ms) 
 block [92] : 1000 snps  (71014ms) 
   -residualizing and scaling genotypes...done (11187ms) 
   -calc working matrices...done (2875ms) 
   -calc level 0 ridge...done (4965ms) 
 block [93] : 1000 snps  (64218ms) 
   -residualizing and scaling genotypes...done (7247ms) 
   -calc working matrices...done (2894ms) 
   -calc level 0 ridge...done (6089ms) 
 block [94] : 1000 snps  (56178ms) 
   -residualizing and scaling genotypes...done (7673ms) 
   -calc working matrices...done (2928ms) 
   -calc level 0 ridge...done (4985ms) 
 block [95] : 1000 snps  (69961ms) 
   -residualizing and scaling genotypes...done (10958ms) 
   -calc working matrices...done (2855ms) 
   -calc level 0 ridge...done (4572ms) 
 block [96] : 1000 snps  (69996ms) 
   -residualizing and scaling genotypes...done (11108ms) 
   -calc working matrices...done (2771ms) 
   -calc level 0 ridge...done (4979ms) 
 block [97] : 1000 snps  (70128ms) 
   -residualizing and scaling genotypes...done (11093ms) 
   -calc working matrices...done (3078ms) 
   -calc level 0 ridge...done (4603ms) 
 block [98] : 1000 snps  (69943ms) 
   -residualizing and scaling genotypes...done (10113ms) 
   -calc working matrices...done (3014ms) 
   -calc level 0 ridge...done (4864ms) 
 block [99] : 1000 snps  (63942ms) 
   -residualizing and scaling genotypes...done (9089ms) 
   -calc working matrices...done (3134ms) 
   -calc level 0 ridge...done (5275ms) 
 block [100] : 1000 snps  (68687ms) 
   -residualizing and scaling genotypes...done (11484ms) 
   -calc working matrices...done (2852ms) 
   -calc level 0 ridge...done (4744ms) 
 block [101] : 1000 snps  (69918ms) 
   -residualizing and scaling genotypes...done (8566ms) 
   -calc working matrices...done (2834ms) 
   -calc level 0 ridge...done (4708ms) 
 block [102] : 1000 snps  (69789ms) 
   -residualizing and scaling genotypes...done (8675ms) 
   -calc working matrices...done (2891ms) 
   -calc level 0 ridge...done (4718ms) 
 block [103] : 1000 snps  (70122ms) 
   -residualizing and scaling genotypes...done (11143ms) 
   -calc working matrices...done (2948ms) 
   -calc level 0 ridge...done (4481ms) 
 block [104] : 1000 snps  (70263ms) 
   -residualizing and scaling genotypes...done (11187ms) 
   -calc working matrices...done (2899ms) 
   -calc level 0 ridge...done (4517ms) 
 block [105] : 1000 snps  (69928ms) 
   -residualizing and scaling genotypes...done (8121ms) 
   -calc working matrices...done (3092ms) 
   -calc level 0 ridge...done (5757ms) 
 block [106] : 1000 snps  (68845ms) 
   -residualizing and scaling genotypes...done (11357ms) 
   -calc working matrices...done (2875ms) 
   -calc level 0 ridge...done (4569ms) 
 block [107] : 1000 snps  (69391ms) 
   -residualizing and scaling genotypes...done (8017ms) 
   -calc working matrices...done (2815ms) 
   -calc level 0 ridge...done (6084ms) 
 block [108] : 1000 snps  (66707ms) 
   -residualizing and scaling genotypes...done (10902ms) 
   -calc working matrices...done (2855ms) 
   -calc level 0 ridge...done (4569ms) 
 block [109] : 1000 snps  (69551ms) 
   -residualizing and scaling genotypes...done (11049ms) 
   -calc working matrices...done (2924ms) 
   -calc level 0 ridge...done (4905ms) 
 block [110] : 1000 snps  (69487ms) 
   -residualizing and scaling genotypes...done (10891ms) 
   -calc working matrices...done (2910ms) 
   -calc level 0 ridge...done (4371ms) 
 block [111] : 1000 snps  (69167ms) 
   -residualizing and scaling genotypes...done (10953ms) 
   -calc working matrices...done (2903ms) 
   -calc level 0 ridge...done (4399ms) 
 block [112] : 1000 snps  (69507ms) 
   -residualizing and scaling genotypes...done (10856ms) 
   -calc working matrices...done (2928ms) 
   -calc level 0 ridge...done (4299ms) 
 block [113] : 332 snps  (19288ms) 
   -residualizing and scaling genotypes...done (3216ms) 
   -calc working matrices...done (337ms) 
   -calc level 0 ridge...done (2023ms) 
Chromosome 4
 block [114] : 1000 snps  (58416ms) 
   -residualizing and scaling genotypes...done (14173ms) 
   -calc working matrices...done (2807ms) 
   -calc level 0 ridge...done (6083ms) 
 block [115] : 1000 snps  (61337ms) 
   -residualizing and scaling genotypes...done (13939ms) 
   -calc working matrices...done (3032ms) 
   -calc level 0 ridge...done (5803ms) 
 block [116] : 1000 snps  (61436ms) 
   -residualizing and scaling genotypes...done (14866ms) 
   -calc working matrices...done (2949ms) 
   -calc level 0 ridge...done (6140ms) 
 block [117] : 1000 snps  (71445ms) 
   -residualizing and scaling genotypes...done (13751ms) 
   -calc working matrices...done (2957ms) 
   -calc level 0 ridge...done (6227ms) 
 block [118] : 1000 snps  (59390ms) 
   -residualizing and scaling genotypes...done (13380ms) 
   -calc working matrices...done (3015ms) 
   -calc level 0 ridge...done (5984ms) 
 block [119] : 1000 snps  (66739ms) 
   -residualizing and scaling genotypes...done (13507ms) 
   -calc working matrices...done (2859ms) 
   -calc level 0 ridge...done (6009ms) 
 block [120] : 1000 snps  (57740ms) 
   -residualizing and scaling genotypes...done (13639ms) 
   -calc working matrices...done (3032ms) 
   -calc level 0 ridge...done (6080ms) 
 block [121] : 1000 snps  (59112ms) 
   -residualizing and scaling genotypes...done (13616ms) 
   -calc working matrices...done (2939ms) 
   -calc level 0 ridge...done (6134ms) 
 block [122] : 1000 snps  (60918ms) 
   -residualizing and scaling genotypes...done (13664ms) 
   -calc working matrices...done (3042ms) 
   -calc level 0 ridge...done (6161ms) 
 block [123] : 1000 snps  (59175ms) 
   -residualizing and scaling genotypes...done (13649ms) 
   -calc working matrices...done (2955ms) 
   -calc level 0 ridge...done (6094ms) 
 block [124] : 1000 snps  (58674ms) 
   -residualizing and scaling genotypes...done (13788ms) 
   -calc working matrices...done (2964ms) 
   -calc level 0 ridge...done (5728ms) 
 block [125] : 1000 snps  (61659ms) 
   -residualizing and scaling genotypes...done (13833ms) 
   -calc working matrices...done (3391ms) 
   -calc level 0 ridge...done (5185ms) 
 block [126] : 1000 snps  (62305ms) 
   -residualizing and scaling genotypes...done (13940ms) 
   -calc working matrices...done (2906ms) 
   -calc level 0 ridge...done (5944ms) 
 block [127] : 1000 snps  (59029ms) 
   -residualizing and scaling genotypes...done (13780ms) 
   -calc working matrices...done (2859ms) 
   -calc level 0 ridge...done (5787ms) 
 block [128] : 1000 snps  (59338ms) 
   -residualizing and scaling genotypes...done (13566ms) 
   -calc working matrices...done (3036ms) 
   -calc level 0 ridge...done (5955ms) 
 block [129] : 1000 snps  (60102ms) 
   -residualizing and scaling genotypes...done (13766ms) 
   -calc working matrices...done (2895ms) 
   -calc level 0 ridge...done (5730ms) 
 block [130] : 1000 snps  (61763ms) 
   -residualizing and scaling genotypes...done (13716ms) 
   -calc working matrices...done (2938ms) 
   -calc level 0 ridge...done (5818ms) 
 block [131] : 1000 snps  (61022ms) 
   -residualizing and scaling genotypes...done (13477ms) 
   -calc working matrices...done (2918ms) 
   -calc level 0 ridge...done (6022ms) 
 block [132] : 1000 snps  (58885ms) 
   -residualizing and scaling genotypes...done (18440ms) 
   -calc working matrices...done (2887ms) 
   -calc level 0 ridge...done (4362ms) 
 block [133] : 1000 snps  (73866ms) 
   -residualizing and scaling genotypes...done (15740ms) 
   -calc working matrices...done (3002ms) 
   -calc level 0 ridge...done (5405ms) 
 block [134] : 1000 snps  (69520ms) 
   -residualizing and scaling genotypes...done (13294ms) 
   -calc working matrices...done (2823ms) 
   -calc level 0 ridge...done (6540ms) 
 block [135] : 1000 snps  (61410ms) 
   -residualizing and scaling genotypes...done (13852ms) 
   -calc working matrices...done (2944ms) 
   -calc level 0 ridge...done (6230ms) 
 block [136] : 1000 snps  (68647ms) 
   -residualizing and scaling genotypes...done (14319ms) 
   -calc working matrices...done (3182ms) 
   -calc level 0 ridge...done (4732ms) 
 block [137] : 1000 snps  (63607ms) 
   -residualizing and scaling genotypes...done (13990ms) 
   -calc working matrices...done (2937ms) 
   -calc level 0 ridge...done (4827ms) 
 block [138] : 1000 snps  (63289ms) 
   -residualizing and scaling genotypes...done (14112ms) 
   -calc working matrices...done (2861ms) 
   -calc level 0 ridge...done (4891ms) 
 block [139] : 1000 snps  (61394ms) 
   -residualizing and scaling genotypes...done (14789ms) 
   -calc working matrices...done (2942ms) 
   -calc level 0 ridge...done (5052ms) 
 block [140] : 1000 snps  (62616ms) 
   -residualizing and scaling genotypes...done (14946ms) 
   -calc working matrices...done (2900ms) 
   -calc level 0 ridge...done (4485ms) 
 block [141] : 1000 snps  (64700ms) 
   -residualizing and scaling genotypes...done (20351ms) 
   -calc working matrices...done (3213ms) 
   -calc level 0 ridge...done (6175ms) 
 block [142] : 1000 snps  (68520ms) 
   -residualizing and scaling genotypes...done (15100ms) 
   -calc working matrices...done (3007ms) 
   -calc level 0 ridge...done (5059ms) 
 block [143] : 1000 snps  (62296ms) 
   -residualizing and scaling genotypes...done (14038ms) 
   -calc working matrices...done (3043ms) 
   -calc level 0 ridge...done (5371ms) 
 block [144] : 1000 snps  (62388ms) 
   -residualizing and scaling genotypes...done (14173ms) 
   -calc working matrices...done (3005ms) 
   -calc level 0 ridge...done (4966ms) 
 block [145] : 195 snps  (14429ms) 
   -residualizing and scaling genotypes...done (1646ms) 
   -calc working matrices...done (171ms) 
   -calc level 0 ridge...done (1222ms) 
Chromosome 5
 block [146] : 1000 snps  (63918ms) 
   -residualizing and scaling genotypes...done (14813ms) 
   -calc working matrices...done (2870ms) 
   -calc level 0 ridge...done (6159ms) 
 block [147] : 1000 snps  (65083ms) 
   -residualizing and scaling genotypes...done (14787ms) 
   -calc working matrices...done (2799ms) 
   -calc level 0 ridge...done (6223ms) 
 block [148] : 1000 snps  (59701ms) 
   -residualizing and scaling genotypes...done (14817ms) 
   -calc working matrices...done (2959ms) 
   -calc level 0 ridge...done (6533ms) 
 block [149] : 1000 snps  (61803ms) 
   -residualizing and scaling genotypes...done (14705ms) 
   -calc working matrices...done (2910ms) 
   -calc level 0 ridge...done (6272ms) 
 block [150] : 1000 snps  (62892ms) 
   -residualizing and scaling genotypes...done (14674ms) 
   -calc working matrices...done (3154ms) 
   -calc level 0 ridge...done (6382ms) 
 block [151] : 1000 snps  (62279ms) 
   -residualizing and scaling genotypes...done (16114ms) 
   -calc working matrices...done (2868ms) 
   -calc level 0 ridge...done (6533ms) 
 block [152] : 1000 snps  (60860ms) 
   -residualizing and scaling genotypes...done (14830ms) 
   -calc working matrices...done (2961ms) 
   -calc level 0 ridge...done (6289ms) 
 block [153] : 1000 snps  (60834ms) 
   -residualizing and scaling genotypes...done (14972ms) 
   -calc working matrices...done (2792ms) 
   -calc level 0 ridge...done (6384ms) 
 block [154] : 1000 snps  (59172ms) 
   -residualizing and scaling genotypes...done (15549ms) 
   -calc working matrices...done (3101ms) 
   -calc level 0 ridge...done (6067ms) 
 block [155] : 1000 snps  (61019ms) 
   -residualizing and scaling genotypes...done (14660ms) 
   -calc working matrices...done (2891ms) 
   -calc level 0 ridge...done (6273ms) 
 block [156] : 1000 snps  (59443ms) 
   -residualizing and scaling genotypes...done (14605ms) 
   -calc working matrices...done (2998ms) 
   -calc level 0 ridge...done (6043ms) 
 block [157] : 1000 snps  (62734ms) 
   -residualizing and scaling genotypes...done (14766ms) 
   -calc working matrices...done (2878ms) 
   -calc level 0 ridge...done (5778ms) 
 block [158] : 1000 snps  (69095ms) 
   -residualizing and scaling genotypes...done (15883ms) 
   -calc working matrices...done (2896ms) 
   -calc level 0 ridge...done (5359ms) 
 block [159] : 1000 snps  (62176ms) 
   -residualizing and scaling genotypes...done (14617ms) 
   -calc working matrices...done (2830ms) 
   -calc level 0 ridge...done (6446ms) 
 block [160] : 1000 snps  (61938ms) 
   -residualizing and scaling genotypes...done (20346ms) 
   -calc working matrices...done (2886ms) 
   -calc level 0 ridge...done (4419ms) 
 block [161] : 1000 snps  (76390ms) 
   -residualizing and scaling genotypes...done (16532ms) 
   -calc working matrices...done (2871ms) 
   -calc level 0 ridge...done (4430ms) 
 block [162] : 1000 snps  (77868ms) 
   -residualizing and scaling genotypes...done (26564ms) 
   -calc working matrices...done (3137ms) 
   -calc level 0 ridge...done (6466ms) 
 block [163] : 1000 snps  (65438ms) 
   -residualizing and scaling genotypes...done (18064ms) 
   -calc working matrices...done (3318ms) 
   -calc level 0 ridge...done (5792ms) 
 block [164] : 1000 snps  (65727ms) 
   -residualizing and scaling genotypes...done (15799ms) 
   -calc working matrices...done (2832ms) 
   -calc level 0 ridge...done (6301ms) 
 block [165] : 1000 snps  (63871ms) 
   -residualizing and scaling genotypes...done (17127ms) 
   -calc working matrices...done (2917ms) 
   -calc level 0 ridge...done (6264ms) 
 block [166] : 1000 snps  (64843ms) 
   -residualizing and scaling genotypes...done (19319ms) 
   -calc working matrices...done (3170ms) 
   -calc level 0 ridge...done (6437ms) 
 block [167] : 1000 snps  (67740ms) 
   -residualizing and scaling genotypes...done (16350ms) 
   -calc working matrices...done (3225ms) 
   -calc level 0 ridge...done (6054ms) 
 block [168] : 1000 snps  (62354ms) 
   -residualizing and scaling genotypes...done (15870ms) 
   -calc working matrices...done (2906ms) 
   -calc level 0 ridge...done (6293ms) 
 block [169] : 1000 snps  (60402ms) 
   -residualizing and scaling genotypes...done (15252ms) 
   -calc working matrices...done (2882ms) 
   -calc level 0 ridge...done (6106ms) 
 block [170] : 1000 snps  (59512ms) 
   -residualizing and scaling genotypes...done (14611ms) 
   -calc working matrices...done (3082ms) 
   -calc level 0 ridge...done (6233ms) 
 block [171] : 1000 snps  (73223ms) 
   -residualizing and scaling genotypes...done (15997ms) 
   -calc working matrices...done (2844ms) 
   -calc level 0 ridge...done (6403ms) 
 block [172] : 1000 snps  (58611ms) 
   -residualizing and scaling genotypes...done (14331ms) 
   -calc working matrices...done (2886ms) 
   -calc level 0 ridge...done (6215ms) 
 block [173] : 1000 snps  (59176ms) 
   -residualizing and scaling genotypes...done (13337ms) 
   -calc working matrices...done (3166ms) 
   -calc level 0 ridge...done (6146ms) 
 block [174] : 1000 snps  (57699ms) 
   -residualizing and scaling genotypes...done (12731ms) 
   -calc working matrices...done (2812ms) 
   -calc level 0 ridge...done (6206ms) 
 block [175] : 940 snps  (44584ms) 
   -residualizing and scaling genotypes...done (6867ms) 
   -calc working matrices...done (2696ms) 
   -calc level 0 ridge...done (5738ms) 
Chromosome 6
 block [176] : 1000 snps  (47342ms) 
   -residualizing and scaling genotypes...done (7237ms) 
   -calc working matrices...done (2833ms) 
   -calc level 0 ridge...done (5688ms) 
 block [177] : 1000 snps  (59536ms) 
   -residualizing and scaling genotypes...done (11633ms) 
   -calc working matrices...done (2837ms) 
   -calc level 0 ridge...done (5471ms) 
 block [178] : 1000 snps  (75003ms) 
   -residualizing and scaling genotypes...done (7491ms) 
   -calc working matrices...done (3289ms) 
   -calc level 0 ridge...done (6035ms) 
 block [179] : 1000 snps  (70372ms) 
   -residualizing and scaling genotypes...done (12040ms) 
   -calc working matrices...done (3169ms) 
   -calc level 0 ridge...done (5483ms) 
 block [180] : 1000 snps  (74525ms) 
   -residualizing and scaling genotypes...done (12282ms) 
   -calc working matrices...done (2830ms) 
   -calc level 0 ridge...done (5481ms) 
 block [181] : 1000 snps  (74350ms) 
   -residualizing and scaling genotypes...done (12091ms) 
   -calc working matrices...done (2994ms) 
   -calc level 0 ridge...done (5419ms) 
 block [182] : 1000 snps  (74590ms) 
   -residualizing and scaling genotypes...done (12035ms) 
   -calc working matrices...done (2992ms) 
   -calc level 0 ridge...done (6051ms) 
 block [183] : 1000 snps  (74559ms) 
   -residualizing and scaling genotypes...done (7628ms) 
   -calc working matrices...done (3158ms) 
   -calc level 0 ridge...done (5474ms) 
 block [184] : 1000 snps  (74874ms) 
   -residualizing and scaling genotypes...done (9590ms) 
   -calc working matrices...done (3015ms) 
   -calc level 0 ridge...done (5597ms) 
 block [185] : 1000 snps  (65589ms) 
   -residualizing and scaling genotypes...done (11369ms) 
   -calc working matrices...done (2863ms) 
   -calc level 0 ridge...done (5467ms) 
 block [186] : 1000 snps  (64571ms) 
   -residualizing and scaling genotypes...done (11037ms) 
   -calc working matrices...done (2983ms) 
   -calc level 0 ridge...done (5712ms) 
 block [187] : 1000 snps  (75277ms) 
   -residualizing and scaling genotypes...done (11900ms) 
   -calc working matrices...done (2984ms) 
   -calc level 0 ridge...done (5457ms) 
 block [188] : 1000 snps  (75130ms) 
   -residualizing and scaling genotypes...done (11751ms) 
   -calc working matrices...done (2968ms) 
   -calc level 0 ridge...done (5749ms) 
 block [189] : 1000 snps  (70614ms) 
   -residualizing and scaling genotypes...done (7254ms) 
   -calc working matrices...done (3041ms) 
   -calc level 0 ridge...done (5876ms) 
 block [190] : 1000 snps  (74717ms) 
   -residualizing and scaling genotypes...done (8281ms) 
   -calc working matrices...done (3103ms) 
   -calc level 0 ridge...done (5986ms) 
 block [191] : 1000 snps  (47945ms) 
   -residualizing and scaling genotypes...done (7246ms) 
   -calc working matrices...done (2816ms) 
   -calc level 0 ridge...done (6017ms) 
 block [192] : 1000 snps  (73204ms) 
   -residualizing and scaling genotypes...done (11074ms) 
   -calc working matrices...done (2837ms) 
   -calc level 0 ridge...done (5606ms) 
 block [193] : 1000 snps  (74198ms) 
   -residualizing and scaling genotypes...done (9105ms) 
   -calc working matrices...done (2742ms) 
   -calc level 0 ridge...done (6189ms) 
 block [194] : 1000 snps  (47266ms) 
   -residualizing and scaling genotypes...done (7234ms) 
   -calc working matrices...done (2763ms) 
   -calc level 0 ridge...done (6087ms) 
 block [195] : 1000 snps  (47264ms) 
   -residualizing and scaling genotypes...done (7220ms) 
   -calc working matrices...done (2928ms) 
   -calc level 0 ridge...done (6112ms) 
 block [196] : 1000 snps  (47252ms) 
   -residualizing and scaling genotypes...done (7204ms) 
   -calc working matrices...done (2785ms) 
   -calc level 0 ridge...done (6044ms) 
 block [197] : 1000 snps  (47142ms) 
   -residualizing and scaling genotypes...done (7222ms) 
   -calc working matrices...done (2804ms) 
   -calc level 0 ridge...done (5934ms) 
 block [198] : 1000 snps  (48641ms) 
   -residualizing and scaling genotypes...done (7224ms) 
   -calc working matrices...done (2841ms) 
   -calc level 0 ridge...done (5515ms) 
 block [199] : 1000 snps  (49670ms) 
   -residualizing and scaling genotypes...done (7221ms) 
   -calc working matrices...done (2797ms) 
   -calc level 0 ridge...done (5999ms) 
 block [200] : 1000 snps  (54711ms) 
   -residualizing and scaling genotypes...done (7195ms) 
   -calc working matrices...done (2990ms) 
   -calc level 0 ridge...done (5594ms) 
 block [201] : 1000 snps  (73802ms) 
   -residualizing and scaling genotypes...done (9371ms) 
   -calc working matrices...done (2946ms) 
   -calc level 0 ridge...done (5426ms) 
 block [202] : 1000 snps  (54612ms) 
   -residualizing and scaling genotypes...done (11125ms) 
   -calc working matrices...done (2774ms) 
   -calc level 0 ridge...done (5387ms) 
 block [203] : 1000 snps  (48504ms) 
   -residualizing and scaling genotypes...done (11017ms) 
   -calc working matrices...done (3065ms) 
   -calc level 0 ridge...done (5916ms) 
 block [204] : 1000 snps  (67851ms) 
   -residualizing and scaling genotypes...done (7255ms) 
   -calc working matrices...done (3066ms) 
   -calc level 0 ridge...done (6085ms) 
 block [205] : 625 snps  (30006ms) 
   -residualizing and scaling genotypes...done (4572ms) 
   -calc working matrices...done (1219ms) 
   -calc level 0 ridge...done (3666ms) 
Chromosome 7
 block [206] : 1000 snps  (47603ms) 
   -residualizing and scaling genotypes...done (7259ms) 
   -calc working matrices...done (3019ms) 
   -calc level 0 ridge...done (5956ms) 
 block [207] : 1000 snps  (49369ms) 
   -residualizing and scaling genotypes...done (7267ms) 
   -calc working matrices...done (3099ms) 
   -calc level 0 ridge...done (5990ms) 
 block [208] : 1000 snps  (47822ms) 
   -residualizing and scaling genotypes...done (7242ms) 
   -calc working matrices...done (3077ms) 
   -calc level 0 ridge...done (5516ms) 
 block [209] : 1000 snps  (50370ms) 
   -residualizing and scaling genotypes...done (11102ms) 
   -calc working matrices...done (2952ms) 
   -calc level 0 ridge...done (5776ms) 
 block [210] : 1000 snps  (74349ms) 
   -residualizing and scaling genotypes...done (7672ms) 
   -calc working matrices...done (2888ms) 
   -calc level 0 ridge...done (5376ms) 
 block [211] : 1000 snps  (67015ms) 
   -residualizing and scaling genotypes...done (7211ms) 
   -calc working matrices...done (2781ms) 
   -calc level 0 ridge...done (6024ms) 
 block [212] : 1000 snps  (48144ms) 
   -residualizing and scaling genotypes...done (7242ms) 
   -calc working matrices...done (2836ms) 
   -calc level 0 ridge...done (6092ms) 
 block [213] : 1000 snps  (47158ms) 
   -residualizing and scaling genotypes...done (7232ms) 
   -calc working matrices...done (3069ms) 
   -calc level 0 ridge...done (5172ms) 
 block [214] : 1000 snps  (49803ms) 
   -residualizing and scaling genotypes...done (7227ms) 
   -calc working matrices...done (2877ms) 
   -calc level 0 ridge...done (5501ms) 
 block [215] : 1000 snps  (72605ms) 
   -residualizing and scaling genotypes...done (8052ms) 
   -calc working matrices...done (2804ms) 
   -calc level 0 ridge...done (5055ms) 
 block [216] : 1000 snps  (51691ms) 
   -residualizing and scaling genotypes...done (8191ms) 
   -calc working matrices...done (2929ms) 
   -calc level 0 ridge...done (5453ms) 
 block [217] : 1000 snps  (50685ms) 
   -residualizing and scaling genotypes...done (7186ms) 
   -calc working matrices...done (2764ms) 
   -calc level 0 ridge...done (6038ms) 
 block [218] : 1000 snps  (72342ms) 
   -residualizing and scaling genotypes...done (11367ms) 
   -calc working matrices...done (3075ms) 
   -calc level 0 ridge...done (4843ms) 
 block [219] : 1000 snps  (72379ms) 
   -residualizing and scaling genotypes...done (8491ms) 
   -calc working matrices...done (2914ms) 
   -calc level 0 ridge...done (6059ms) 
 block [220] : 1000 snps  (46901ms) 
   -residualizing and scaling genotypes...done (7231ms) 
   -calc working matrices...done (2834ms) 
   -calc level 0 ridge...done (6104ms) 
 block [221] : 1000 snps  (47499ms) 
   -residualizing and scaling genotypes...done (7223ms) 
   -calc working matrices...done (3084ms) 
   -calc level 0 ridge...done (5999ms) 
 block [222] : 1000 snps  (72520ms) 
   -residualizing and scaling genotypes...done (9542ms) 
   -calc working matrices...done (3061ms) 
   -calc level 0 ridge...done (5278ms) 
 block [223] : 1000 snps  (47865ms) 
   -residualizing and scaling genotypes...done (7235ms) 
   -calc working matrices...done (3082ms) 
   -calc level 0 ridge...done (5983ms) 
 block [224] : 1000 snps  (47993ms) 
   -residualizing and scaling genotypes...done (7231ms) 
   -calc working matrices...done (3169ms) 
   -calc level 0 ridge...done (6041ms) 
 block [225] : 1000 snps  (47223ms) 
   -residualizing and scaling genotypes...done (7234ms) 
   -calc working matrices...done (2896ms) 
   -calc level 0 ridge...done (6065ms) 
 block [226] : 1000 snps  (47281ms) 
   -residualizing and scaling genotypes...done (7235ms) 
   -calc working matrices...done (3018ms) 
   -calc level 0 ridge...done (6074ms) 
 block [227] : 1000 snps  (47256ms) 
   -residualizing and scaling genotypes...done (7229ms) 
   -calc working matrices...done (2986ms) 
   -calc level 0 ridge...done (5456ms) 
 block [228] : 1000 snps  (51103ms) 
   -residualizing and scaling genotypes...done (8411ms) 
   -calc working matrices...done (3077ms) 
   -calc level 0 ridge...done (5209ms) 
 block [229] : 1000 snps  (71785ms) 
   -residualizing and scaling genotypes...done (9465ms) 
   -calc working matrices...done (3157ms) 
   -calc level 0 ridge...done (5151ms) 
 block [230] : 1000 snps  (62920ms) 
   -residualizing and scaling genotypes...done (11328ms) 
   -calc working matrices...done (2902ms) 
   -calc level 0 ridge...done (4780ms) 
 block [231] : 1000 snps  (69981ms) 
   -residualizing and scaling genotypes...done (12061ms) 
   -calc working matrices...done (2720ms) 
   -calc level 0 ridge...done (4843ms) 
 block [232] : 1000 snps  (71951ms) 
   -residualizing and scaling genotypes...done (11322ms) 
   -calc working matrices...done (2748ms) 
   -calc level 0 ridge...done (4832ms) 
 block [233] : 128 snps  (6935ms) 
   -residualizing and scaling genotypes...done (1548ms) 
   -calc working matrices...done (93ms) 
   -calc level 0 ridge...done (865ms) 
Chromosome 8
 block [234] : 1000 snps  (59930ms) 
   -residualizing and scaling genotypes...done (14349ms) 
   -calc working matrices...done (2803ms) 
   -calc level 0 ridge...done (5995ms) 
 block [235] : 1000 snps  (60980ms) 
   -residualizing and scaling genotypes...done (14449ms) 
   -calc working matrices...done (2969ms) 
   -calc level 0 ridge...done (6183ms) 
 block [236] : 1000 snps  (60655ms) 
   -residualizing and scaling genotypes...done (14040ms) 
   -calc working matrices...done (2933ms) 
   -calc level 0 ridge...done (5911ms) 
 block [237] : 1000 snps  (63017ms) 
   -residualizing and scaling genotypes...done (14815ms) 
   -calc working matrices...done (2941ms) 
   -calc level 0 ridge...done (5680ms) 
 block [238] : 1000 snps  (74864ms) 
   -residualizing and scaling genotypes...done (16594ms) 
   -calc working matrices...done (2872ms) 
   -calc level 0 ridge...done (4608ms) 
 block [239] : 1000 snps  (66481ms) 
   -residualizing and scaling genotypes...done (15200ms) 
   -calc working matrices...done (2745ms) 
   -calc level 0 ridge...done (5616ms) 
 block [240] : 1000 snps  (69609ms) 
   -residualizing and scaling genotypes...done (13749ms) 
   -calc working matrices...done (2993ms) 
   -calc level 0 ridge...done (6140ms) 
 block [241] : 1000 snps  (60116ms) 
   -residualizing and scaling genotypes...done (13869ms) 
   -calc working matrices...done (2950ms) 
   -calc level 0 ridge...done (6192ms) 
 block [242] : 1000 snps  (58320ms) 
   -residualizing and scaling genotypes...done (14151ms) 
   -calc working matrices...done (2937ms) 
   -calc level 0 ridge...done (6045ms) 
 block [243] : 1000 snps  (58248ms) 
   -residualizing and scaling genotypes...done (13868ms) 
   -calc working matrices...done (3177ms) 
   -calc level 0 ridge...done (5710ms) 
 block [244] : 1000 snps  (77330ms) 
   -residualizing and scaling genotypes...done (14411ms) 
   -calc working matrices...done (3189ms) 
   -calc level 0 ridge...done (3716ms) 
 block [245] : 1000 snps  (65210ms) 
   -residualizing and scaling genotypes...done (13775ms) 
   -calc working matrices...done (2917ms) 
   -calc level 0 ridge...done (6210ms) 
 block [246] : 1000 snps  (59705ms) 
   -residualizing and scaling genotypes...done (14005ms) 
   -calc working matrices...done (2849ms) 
   -calc level 0 ridge...done (6004ms) 
 block [247] : 1000 snps  (75286ms) 
   -residualizing and scaling genotypes...done (15942ms) 
   -calc working matrices...done (2891ms) 
   -calc level 0 ridge...done (4396ms) 
 block [248] : 1000 snps  (67825ms) 
   -residualizing and scaling genotypes...done (15665ms) 
   -calc working matrices...done (2882ms) 
   -calc level 0 ridge...done (6485ms) 
 block [249] : 1000 snps  (58593ms) 
   -residualizing and scaling genotypes...done (15448ms) 
   -calc working matrices...done (3241ms) 
   -calc level 0 ridge...done (5482ms) 
 block [250] : 1000 snps  (67918ms) 
   -residualizing and scaling genotypes...done (14735ms) 
   -calc working matrices...done (2942ms) 
   -calc level 0 ridge...done (6692ms) 
 block [251] : 1000 snps  (64034ms) 
   -residualizing and scaling genotypes...done (15007ms) 
   -calc working matrices...done (3329ms) 
   -calc level 0 ridge...done (5969ms) 
 block [252] : 1000 snps  (61544ms) 
   -residualizing and scaling genotypes...done (14262ms) 
   -calc working matrices...done (2833ms) 
   -calc level 0 ridge...done (6169ms) 
 block [253] : 1000 snps  (58332ms) 
   -residualizing and scaling genotypes...done (15433ms) 
   -calc working matrices...done (2986ms) 
   -calc level 0 ridge...done (5966ms) 
 block [254] : 1000 snps  (61060ms) 
   -residualizing and scaling genotypes...done (19368ms) 
   -calc working matrices...done (2986ms) 
   -calc level 0 ridge...done (5211ms) 
 block [255] : 1000 snps  (66754ms) 
   -residualizing and scaling genotypes...done (18264ms) 
   -calc working matrices...done (2944ms) 
   -calc level 0 ridge...done (4865ms) 
 block [256] : 1000 snps  (61711ms) 
   -residualizing and scaling genotypes...done (14228ms) 
   -calc working matrices...done (2933ms) 
   -calc level 0 ridge...done (6216ms) 
 block [257] : 1000 snps  (60146ms) 
   -residualizing and scaling genotypes...done (14061ms) 
   -calc working matrices...done (2931ms) 
   -calc level 0 ridge...done (6030ms) 
 block [258] : 1000 snps  (79456ms) 
   -residualizing and scaling genotypes...done (18287ms) 
   -calc working matrices...done (3063ms) 
   -calc level 0 ridge...done (6074ms) 
 block [259] : 794 snps  (37411ms) 
   -residualizing and scaling genotypes...done (5806ms) 
   -calc working matrices...done (1788ms) 
   -calc level 0 ridge...done (4619ms) 
Chromosome 9
 block [260] : 1000 snps  (76190ms) 
   -residualizing and scaling genotypes...done (13278ms) 
   -calc working matrices...done (3129ms) 
   -calc level 0 ridge...done (6137ms) 
 block [261] : 1000 snps  (62228ms) 
   -residualizing and scaling genotypes...done (13356ms) 
   -calc working matrices...done (2862ms) 
   -calc level 0 ridge...done (6627ms) 
 block [262] : 1000 snps  (71692ms) 
   -residualizing and scaling genotypes...done (18273ms) 
   -calc working matrices...done (2862ms) 
   -calc level 0 ridge...done (6122ms) 
 block [263] : 1000 snps  (64165ms) 
   -residualizing and scaling genotypes...done (14264ms) 
   -calc working matrices...done (2755ms) 
   -calc level 0 ridge...done (6169ms) 
 block [264] : 1000 snps  (56974ms) 
   -residualizing and scaling genotypes...done (14036ms) 
   -calc working matrices...done (2730ms) 
   -calc level 0 ridge...done (6102ms) 
 block [265] : 1000 snps  (58130ms) 
   -residualizing and scaling genotypes...done (13981ms) 
   -calc working matrices...done (2844ms) 
   -calc level 0 ridge...done (6187ms) 
 block [266] : 1000 snps  (58737ms) 
   -residualizing and scaling genotypes...done (13903ms) 
   -calc working matrices...done (2872ms) 
   -calc level 0 ridge...done (6154ms) 
 block [267] : 1000 snps  (69594ms) 
   -residualizing and scaling genotypes...done (14017ms) 
   -calc working matrices...done (2986ms) 
   -calc level 0 ridge...done (6215ms) 
 block [268] : 1000 snps  (59535ms) 
   -residualizing and scaling genotypes...done (18999ms) 
   -calc working matrices...done (2723ms) 
   -calc level 0 ridge...done (4134ms) 
 block [269] : 1000 snps  (68968ms) 
   -residualizing and scaling genotypes...done (15459ms) 
   -calc working matrices...done (2815ms) 
   -calc level 0 ridge...done (6249ms) 
 block [270] : 1000 snps  (61600ms) 
   -residualizing and scaling genotypes...done (15458ms) 
   -calc working matrices...done (2684ms) 
   -calc level 0 ridge...done (6211ms) 
 block [271] : 1000 snps  (61449ms) 
   -residualizing and scaling genotypes...done (15558ms) 
   -calc working matrices...done (2914ms) 
   -calc level 0 ridge...done (6180ms) 
 block [272] : 1000 snps  (61573ms) 
   -residualizing and scaling genotypes...done (15566ms) 
   -calc working matrices...done (2690ms) 
   -calc level 0 ridge...done (6164ms) 
 block [273] : 1000 snps  (61600ms) 
   -residualizing and scaling genotypes...done (15396ms) 
   -calc working matrices...done (2720ms) 
   -calc level 0 ridge...done (6186ms) 
 block [274] : 1000 snps  (74405ms) 
   -residualizing and scaling genotypes...done (13480ms) 
   -calc working matrices...done (2777ms) 
   -calc level 0 ridge...done (6419ms) 
 block [275] : 1000 snps  (60223ms) 
   -residualizing and scaling genotypes...done (14748ms) 
   -calc working matrices...done (2780ms) 
   -calc level 0 ridge...done (5882ms) 
 block [276] : 1000 snps  (59226ms) 
   -residualizing and scaling genotypes...done (13788ms) 
   -calc working matrices...done (2757ms) 
   -calc level 0 ridge...done (6036ms) 
 block [277] : 1000 snps  (57232ms) 
   -residualizing and scaling genotypes...done (13984ms) 
   -calc working matrices...done (2958ms) 
   -calc level 0 ridge...done (5966ms) 
 block [278] : 1000 snps  (58581ms) 
   -residualizing and scaling genotypes...done (13904ms) 
   -calc working matrices...done (2827ms) 
   -calc level 0 ridge...done (6185ms) 
 block [279] : 1000 snps  (57653ms) 
   -residualizing and scaling genotypes...done (13662ms) 
   -calc working matrices...done (2832ms) 
   -calc level 0 ridge...done (6335ms) 
 block [280] : 1000 snps  (59168ms) 
   -residualizing and scaling genotypes...done (13916ms) 
   -calc working matrices...done (3183ms) 
   -calc level 0 ridge...done (5919ms) 
 block [281] : 841 snps  (44983ms) 
   -residualizing and scaling genotypes...done (6979ms) 
   -calc working matrices...done (2256ms) 
   -calc level 0 ridge...done (4509ms) 
Chromosome 10
 block [282] : 1000 snps  (68488ms) 
   -residualizing and scaling genotypes...done (8510ms) 
   -calc working matrices...done (2948ms) 
   -calc level 0 ridge...done (6082ms) 
 block [283] : 1000 snps  (68196ms) 
   -residualizing and scaling genotypes...done (7934ms) 
   -calc working matrices...done (2666ms) 
   -calc level 0 ridge...done (6006ms) 
 block [284] : 1000 snps  (68288ms) 
   -residualizing and scaling genotypes...done (11623ms) 
   -calc working matrices...done (2774ms) 
   -calc level 0 ridge...done (4050ms) 
 block [285] : 1000 snps  (68372ms) 
   -residualizing and scaling genotypes...done (10733ms) 
   -calc working matrices...done (2874ms) 
   -calc level 0 ridge...done (3961ms) 
 block [286] : 1000 snps  (48553ms) 
   -residualizing and scaling genotypes...done (7218ms) 
   -calc working matrices...done (2781ms) 
   -calc level 0 ridge...done (5475ms) 
 block [287] : 1000 snps  (64832ms) 
   -residualizing and scaling genotypes...done (10628ms) 
   -calc working matrices...done (2737ms) 
   -calc level 0 ridge...done (3995ms) 
 block [288] : 1000 snps  (67726ms) 
   -residualizing and scaling genotypes...done (10757ms) 
   -calc working matrices...done (2809ms) 
   -calc level 0 ridge...done (3780ms) 
 block [289] : 1000 snps  (53239ms) 
   -residualizing and scaling genotypes...done (10845ms) 
   -calc working matrices...done (2765ms) 
   -calc level 0 ridge...done (5524ms) 
 block [290] : 1000 snps  (50656ms) 
   -residualizing and scaling genotypes...done (7221ms) 
   -calc working matrices...done (2756ms) 
   -calc level 0 ridge...done (5958ms) 
 block [291] : 1000 snps  (68587ms) 
   -residualizing and scaling genotypes...done (10867ms) 
   -calc working matrices...done (2813ms) 
   -calc level 0 ridge...done (4496ms) 
 block [292] : 1000 snps  (55979ms) 
   -residualizing and scaling genotypes...done (7231ms) 
   -calc working matrices...done (2892ms) 
   -calc level 0 ridge...done (4534ms) 
 block [293] : 1000 snps  (53646ms) 
   -residualizing and scaling genotypes...done (7419ms) 
   -calc working matrices...done (2738ms) 
   -calc level 0 ridge...done (4499ms) 
 block [294] : 1000 snps  (67792ms) 
   -residualizing and scaling genotypes...done (8303ms) 
   -calc working matrices...done (2723ms) 
   -calc level 0 ridge...done (4143ms) 
 block [295] : 1000 snps  (49788ms) 
   -residualizing and scaling genotypes...done (7226ms) 
   -calc working matrices...done (2881ms) 
   -calc level 0 ridge...done (5714ms) 
 block [296] : 1000 snps  (49116ms) 
   -residualizing and scaling genotypes...done (7236ms) 
   -calc working matrices...done (2687ms) 
   -calc level 0 ridge...done (5960ms) 
 block [297] : 1000 snps  (51916ms) 
   -residualizing and scaling genotypes...done (7252ms) 
   -calc working matrices...done (2854ms) 
   -calc level 0 ridge...done (5958ms) 
 block [298] : 1000 snps  (47212ms) 
   -residualizing and scaling genotypes...done (7225ms) 
   -calc working matrices...done (2898ms) 
   -calc level 0 ridge...done (6027ms) 
 block [299] : 1000 snps  (47326ms) 
   -residualizing and scaling genotypes...done (7196ms) 
   -calc working matrices...done (2762ms) 
   -calc level 0 ridge...done (6072ms) 
 block [300] : 1000 snps  (47072ms) 
   -residualizing and scaling genotypes...done (7212ms) 
   -calc working matrices...done (2796ms) 
   -calc level 0 ridge...done (6026ms) 
 block [301] : 1000 snps  (47170ms) 
   -residualizing and scaling genotypes...done (7229ms) 
   -calc working matrices...done (2670ms) 
   -calc level 0 ridge...done (6116ms) 
 block [302] : 1000 snps  (47302ms) 
   -residualizing and scaling genotypes...done (7230ms) 
   -calc working matrices...done (2727ms) 
   -calc level 0 ridge...done (6071ms) 
 block [303] : 1000 snps  (69302ms) 
   -residualizing and scaling genotypes...done (10627ms) 
   -calc working matrices...done (2868ms) 
   -calc level 0 ridge...done (3511ms) 
 block [304] : 1000 snps  (66781ms) 
   -residualizing and scaling genotypes...done (10645ms) 
   -calc working matrices...done (2745ms) 
   -calc level 0 ridge...done (3443ms) 
 block [305] : 1000 snps  (48246ms) 
   -residualizing and scaling genotypes...done (7343ms) 
   -calc working matrices...done (2730ms) 
   -calc level 0 ridge...done (5994ms) 
 block [306] : 487 snps  (25212ms) 
   -residualizing and scaling genotypes...done (4568ms) 
   -calc working matrices...done (776ms) 
   -calc level 0 ridge...done (2892ms) 
Chromosome 11
 block [307] : 1000 snps  (60107ms) 
   -residualizing and scaling genotypes...done (12838ms) 
   -calc working matrices...done (2866ms) 
   -calc level 0 ridge...done (6173ms) 
 block [308] : 1000 snps  (57094ms) 
   -residualizing and scaling genotypes...done (12884ms) 
   -calc working matrices...done (2817ms) 
   -calc level 0 ridge...done (5989ms) 
 block [309] : 1000 snps  (57415ms) 
   -residualizing and scaling genotypes...done (12993ms) 
   -calc working matrices...done (2775ms) 
   -calc level 0 ridge...done (6028ms) 
 block [310] : 1000 snps  (56852ms) 
   -residualizing and scaling genotypes...done (13220ms) 
   -calc working matrices...done (2792ms) 
   -calc level 0 ridge...done (6112ms) 
 block [311] : 1000 snps  (58158ms) 
   -residualizing and scaling genotypes...done (13070ms) 
   -calc working matrices...done (2823ms) 
   -calc level 0 ridge...done (6020ms) 
 block [312] : 1000 snps  (56533ms) 
   -residualizing and scaling genotypes...done (13001ms) 
   -calc working matrices...done (2690ms) 
   -calc level 0 ridge...done (6163ms) 
 block [313] : 1000 snps  (57951ms) 
   -residualizing and scaling genotypes...done (15010ms) 
   -calc working matrices...done (2816ms) 
   -calc level 0 ridge...done (5553ms) 
 block [314] : 1000 snps  (58201ms) 
   -residualizing and scaling genotypes...done (12675ms) 
   -calc working matrices...done (2926ms) 
   -calc level 0 ridge...done (6048ms) 
 block [315] : 1000 snps  (56654ms) 
   -residualizing and scaling genotypes...done (13187ms) 
   -calc working matrices...done (2794ms) 
   -calc level 0 ridge...done (6142ms) 
 block [316] : 1000 snps  (57860ms) 
   -residualizing and scaling genotypes...done (14065ms) 
   -calc working matrices...done (2762ms) 
   -calc level 0 ridge...done (6108ms) 
 block [317] : 1000 snps  (56673ms) 
   -residualizing and scaling genotypes...done (13709ms) 
   -calc working matrices...done (2962ms) 
   -calc level 0 ridge...done (5867ms) 
 block [318] : 1000 snps  (60009ms) 
   -residualizing and scaling genotypes...done (13697ms) 
   -calc working matrices...done (2801ms) 
   -calc level 0 ridge...done (5890ms) 
 block [319] : 1000 snps  (57580ms) 
   -residualizing and scaling genotypes...done (12921ms) 
   -calc working matrices...done (2687ms) 
   -calc level 0 ridge...done (5217ms) 
 block [320] : 1000 snps  (69982ms) 
   -residualizing and scaling genotypes...done (13034ms) 
   -calc working matrices...done (2833ms) 
   -calc level 0 ridge...done (5635ms) 
 block [321] : 1000 snps  (58113ms) 
   -residualizing and scaling genotypes...done (13364ms) 
   -calc working matrices...done (3222ms) 
   -calc level 0 ridge...done (6032ms) 
 block [322] : 1000 snps  (58387ms) 
   -residualizing and scaling genotypes...done (13807ms) 
   -calc working matrices...done (2883ms) 
   -calc level 0 ridge...done (5812ms) 
 block [323] : 1000 snps  (58548ms) 
   -residualizing and scaling genotypes...done (14159ms) 
   -calc working matrices...done (2844ms) 
   -calc level 0 ridge...done (6068ms) 
 block [324] : 1000 snps  (59063ms) 
   -residualizing and scaling genotypes...done (12736ms) 
   -calc working matrices...done (2715ms) 
   -calc level 0 ridge...done (6215ms) 
 block [325] : 1000 snps  (56355ms) 
   -residualizing and scaling genotypes...done (12805ms) 
   -calc working matrices...done (2814ms) 
   -calc level 0 ridge...done (5963ms) 
 block [326] : 1000 snps  (71110ms) 
   -residualizing and scaling genotypes...done (12674ms) 
   -calc working matrices...done (2760ms) 
   -calc level 0 ridge...done (6318ms) 
 block [327] : 1000 snps  (54150ms) 
   -residualizing and scaling genotypes...done (12478ms) 
   -calc working matrices...done (2965ms) 
   -calc level 0 ridge...done (6053ms) 
 block [328] : 1000 snps  (70065ms) 
   -residualizing and scaling genotypes...done (13212ms) 
   -calc working matrices...done (2835ms) 
   -calc level 0 ridge...done (5959ms) 
 block [329] : 1000 snps  (58330ms) 
   -residualizing and scaling genotypes...done (14185ms) 
   -calc working matrices...done (3176ms) 
   -calc level 0 ridge...done (5677ms) 
 block [330] : 937 snps  (52864ms) 
   -residualizing and scaling genotypes...done (15156ms) 
   -calc working matrices...done (2522ms) 
   -calc level 0 ridge...done (5260ms) 
Chromosome 12
 block [331] : 1000 snps  (58889ms) 
   -residualizing and scaling genotypes...done (13527ms) 
   -calc working matrices...done (2866ms) 
   -calc level 0 ridge...done (6212ms) 
 block [332] : 1000 snps  (57899ms) 
   -residualizing and scaling genotypes...done (17703ms) 
   -calc working matrices...done (2845ms) 
   -calc level 0 ridge...done (4566ms) 
 block [333] : 1000 snps  (66083ms) 
   -residualizing and scaling genotypes...done (12926ms) 
   -calc working matrices...done (3235ms) 
   -calc level 0 ridge...done (6266ms) 
 block [334] : 1000 snps  (59570ms) 
   -residualizing and scaling genotypes...done (14338ms) 
   -calc working matrices...done (2733ms) 
   -calc level 0 ridge...done (6122ms) 
 block [335] : 1000 snps  (58783ms) 
   -residualizing and scaling genotypes...done (13076ms) 
   -calc working matrices...done (2848ms) 
   -calc level 0 ridge...done (6124ms) 
 block [336] : 1000 snps  (61817ms) 
   -residualizing and scaling genotypes...done (12738ms) 
   -calc working matrices...done (2916ms) 
   -calc level 0 ridge...done (6214ms) 
 block [337] : 1000 snps  (57287ms) 
   -residualizing and scaling genotypes...done (13900ms) 
   -calc working matrices...done (3021ms) 
   -calc level 0 ridge...done (5716ms) 
 block [338] : 1000 snps  (57370ms) 
   -residualizing and scaling genotypes...done (13023ms) 
   -calc working matrices...done (2935ms) 
   -calc level 0 ridge...done (5972ms) 
 block [339] : 1000 snps  (59344ms) 
   -residualizing and scaling genotypes...done (13355ms) 
   -calc working matrices...done (2991ms) 
   -calc level 0 ridge...done (6065ms) 
 block [340] : 1000 snps  (58756ms) 
   -residualizing and scaling genotypes...done (13228ms) 
   -calc working matrices...done (2752ms) 
   -calc level 0 ridge...done (6114ms) 
 block [341] : 1000 snps  (57573ms) 
   -residualizing and scaling genotypes...done (13492ms) 
   -calc working matrices...done (2881ms) 
   -calc level 0 ridge...done (6222ms) 
 block [342] : 1000 snps  (56885ms) 
   -residualizing and scaling genotypes...done (13388ms) 
   -calc working matrices...done (2827ms) 
   -calc level 0 ridge...done (6034ms) 
 block [343] : 1000 snps  (67884ms) 
   -residualizing and scaling genotypes...done (16818ms) 
   -calc working matrices...done (2863ms) 
   -calc level 0 ridge...done (4958ms) 
 block [344] : 1000 snps  (66462ms) 
   -residualizing and scaling genotypes...done (15400ms) 
   -calc working matrices...done (2790ms) 
   -calc level 0 ridge...done (5344ms) 
 block [345] : 1000 snps  (67845ms) 
   -residualizing and scaling genotypes...done (12882ms) 
   -calc working matrices...done (2859ms) 
   -calc level 0 ridge...done (5848ms) 
 block [346] : 1000 snps  (60729ms) 
   -residualizing and scaling genotypes...done (12929ms) 
   -calc working matrices...done (2991ms) 
   -calc level 0 ridge...done (6026ms) 
 block [347] : 1000 snps  (58777ms) 
   -residualizing and scaling genotypes...done (13108ms) 
   -calc working matrices...done (2818ms) 
   -calc level 0 ridge...done (6146ms) 
 block [348] : 1000 snps  (56893ms) 
   -residualizing and scaling genotypes...done (14101ms) 
   -calc working matrices...done (2911ms) 
   -calc level 0 ridge...done (6054ms) 
 block [349] : 1000 snps  (72980ms) 
   -residualizing and scaling genotypes...done (13163ms) 
   -calc working matrices...done (2809ms) 
   -calc level 0 ridge...done (6036ms) 
 block [350] : 1000 snps  (57749ms) 
   -residualizing and scaling genotypes...done (13107ms) 
   -calc working matrices...done (2783ms) 
   -calc level 0 ridge...done (6030ms) 
 block [351] : 1000 snps  (58371ms) 
   -residualizing and scaling genotypes...done (13141ms) 
   -calc working matrices...done (2788ms) 
   -calc level 0 ridge...done (6424ms) 
 block [352] : 1000 snps  (58764ms) 
   -residualizing and scaling genotypes...done (12908ms) 
   -calc working matrices...done (2946ms) 
   -calc level 0 ridge...done (6204ms) 
 block [353] : 1000 snps  (57650ms) 
   -residualizing and scaling genotypes...done (14581ms) 
   -calc working matrices...done (2871ms) 
   -calc level 0 ridge...done (5341ms) 
 block [354] : 482 snps  (25528ms) 
   -residualizing and scaling genotypes...done (5952ms) 
   -calc working matrices...done (752ms) 
   -calc level 0 ridge...done (2913ms) 
Chromosome 13
 block [355] : 1000 snps  (57931ms) 
   -residualizing and scaling genotypes...done (12509ms) 
   -calc working matrices...done (2810ms) 
   -calc level 0 ridge...done (6003ms) 
 block [356] : 1000 snps  (58630ms) 
   -residualizing and scaling genotypes...done (12479ms) 
   -calc working matrices...done (2796ms) 
   -calc level 0 ridge...done (6325ms) 
 block [357] : 1000 snps  (56385ms) 
   -residualizing and scaling genotypes...done (13791ms) 
   -calc working matrices...done (3118ms) 
   -calc level 0 ridge...done (5631ms) 
 block [358] : 1000 snps  (60207ms) 
   -residualizing and scaling genotypes...done (13671ms) 
   -calc working matrices...done (2741ms) 
   -calc level 0 ridge...done (5406ms) 
 block [359] : 1000 snps  (61769ms) 
   -residualizing and scaling genotypes...done (12920ms) 
   -calc working matrices...done (2754ms) 
   -calc level 0 ridge...done (6083ms) 
 block [360] : 1000 snps  (56793ms) 
   -residualizing and scaling genotypes...done (12794ms) 
   -calc working matrices...done (2769ms) 
   -calc level 0 ridge...done (5996ms) 
 block [361] : 1000 snps  (58526ms) 
   -residualizing and scaling genotypes...done (12885ms) 
   -calc working matrices...done (2764ms) 
   -calc level 0 ridge...done (6329ms) 
 block [362] : 1000 snps  (58182ms) 
   -residualizing and scaling genotypes...done (13251ms) 
   -calc working matrices...done (2810ms) 
   -calc level 0 ridge...done (5967ms) 
 block [363] : 1000 snps  (61247ms) 
   -residualizing and scaling genotypes...done (16110ms) 
   -calc working matrices...done (2812ms) 
   -calc level 0 ridge...done (5685ms) 
 block [364] : 1000 snps  (67540ms) 
   -residualizing and scaling genotypes...done (14340ms) 
   -calc working matrices...done (2979ms) 
   -calc level 0 ridge...done (5724ms) 
 block [365] : 1000 snps  (69939ms) 
   -residualizing and scaling genotypes...done (15095ms) 
   -calc working matrices...done (2586ms) 
   -calc level 0 ridge...done (4160ms) 
 block [366] : 1000 snps  (60133ms) 
   -residualizing and scaling genotypes...done (12696ms) 
   -calc working matrices...done (2767ms) 
   -calc level 0 ridge...done (6271ms) 
 block [367] : 1000 snps  (62347ms) 
   -residualizing and scaling genotypes...done (12976ms) 
   -calc working matrices...done (2802ms) 
   -calc level 0 ridge...done (5978ms) 
 block [368] : 1000 snps  (56877ms) 
   -residualizing and scaling genotypes...done (13008ms) 
   -calc working matrices...done (2791ms) 
   -calc level 0 ridge...done (6054ms) 
 block [369] : 1000 snps  (67249ms) 
   -residualizing and scaling genotypes...done (14128ms) 
   -calc working matrices...done (2894ms) 
   -calc level 0 ridge...done (4116ms) 
 block [370] : 1000 snps  (67328ms) 
   -residualizing and scaling genotypes...done (14287ms) 
   -calc working matrices...done (3148ms) 
   -calc level 0 ridge...done (4438ms) 
 block [371] : 1000 snps  (67599ms) 
   -residualizing and scaling genotypes...done (21059ms) 
   -calc working matrices...done (2827ms) 
   -calc level 0 ridge...done (6076ms) 
 block [372] : 207 snps  (9856ms) 
   -residualizing and scaling genotypes...done (2439ms) 
   -calc working matrices...done (190ms) 
   -calc level 0 ridge...done (1284ms) 
Chromosome 14
 block [373] : 1000 snps  (57819ms) 
   -residualizing and scaling genotypes...done (8342ms) 
   -calc working matrices...done (2790ms) 
   -calc level 0 ridge...done (4902ms) 
 block [374] : 1000 snps  (58249ms) 
   -residualizing and scaling genotypes...done (7753ms) 
   -calc working matrices...done (2758ms) 
   -calc level 0 ridge...done (5500ms) 
 block [375] : 1000 snps  (56790ms) 
   -residualizing and scaling genotypes...done (7382ms) 
   -calc working matrices...done (2771ms) 
   -calc level 0 ridge...done (4837ms) 
 block [376] : 1000 snps  (66136ms) 
   -residualizing and scaling genotypes...done (10466ms) 
   -calc working matrices...done (2740ms) 
   -calc level 0 ridge...done (2930ms) 
 block [377] : 1000 snps  (64568ms) 
   -residualizing and scaling genotypes...done (10472ms) 
   -calc working matrices...done (2894ms) 
   -calc level 0 ridge...done (3723ms) 
 block [378] : 1000 snps  (56785ms) 
   -residualizing and scaling genotypes...done (7445ms) 
   -calc working matrices...done (2778ms) 
   -calc level 0 ridge...done (5122ms) 
 block [379] : 1000 snps  (50952ms) 
   -residualizing and scaling genotypes...done (7588ms) 
   -calc working matrices...done (2735ms) 
   -calc level 0 ridge...done (6011ms) 
 block [380] : 1000 snps  (65475ms) 
   -residualizing and scaling genotypes...done (10279ms) 
   -calc working matrices...done (2750ms) 
   -calc level 0 ridge...done (3389ms) 
 block [381] : 1000 snps  (55517ms) 
   -residualizing and scaling genotypes...done (7366ms) 
   -calc working matrices...done (2764ms) 
   -calc level 0 ridge...done (5741ms) 
 block [382] : 1000 snps  (47963ms) 
   -residualizing and scaling genotypes...done (7200ms) 
   -calc working matrices...done (2955ms) 
   -calc level 0 ridge...done (5841ms) 
 block [383] : 1000 snps  (47763ms) 
   -residualizing and scaling genotypes...done (7458ms) 
   -calc working matrices...done (2759ms) 
   -calc level 0 ridge...done (5836ms) 
 block [384] : 1000 snps  (66101ms) 
   -residualizing and scaling genotypes...done (10394ms) 
   -calc working matrices...done (2996ms) 
   -calc level 0 ridge...done (3896ms) 
 block [385] : 1000 snps  (64102ms) 
   -residualizing and scaling genotypes...done (10279ms) 
   -calc working matrices...done (2827ms) 
   -calc level 0 ridge...done (3583ms) 
 block [386] : 1000 snps  (63810ms) 
   -residualizing and scaling genotypes...done (10362ms) 
   -calc working matrices...done (2795ms) 
   -calc level 0 ridge...done (4291ms) 
 block [387] : 1000 snps  (63378ms) 
   -residualizing and scaling genotypes...done (9347ms) 
   -calc working matrices...done (2778ms) 
   -calc level 0 ridge...done (3850ms) 
 block [388] : 1000 snps  (63874ms) 
   -residualizing and scaling genotypes...done (10389ms) 
   -calc working matrices...done (2871ms) 
   -calc level 0 ridge...done (3068ms) 
 block [389] : 106 snps  (4816ms) 
   -residualizing and scaling genotypes...done (1047ms) 
   -calc working matrices...done (77ms) 
   -calc level 0 ridge...done (755ms) 
Chromosome 15
 block [390] : 1000 snps  (56337ms) 
   -residualizing and scaling genotypes...done (12030ms) 
   -calc working matrices...done (2950ms) 
   -calc level 0 ridge...done (5144ms) 
 block [391] : 1000 snps  (62735ms) 
   -residualizing and scaling genotypes...done (13190ms) 
   -calc working matrices...done (2763ms) 
   -calc level 0 ridge...done (5840ms) 
 block [392] : 1000 snps  (63159ms) 
   -residualizing and scaling genotypes...done (12812ms) 
   -calc working matrices...done (3578ms) 
   -calc level 0 ridge...done (4927ms) 
 block [393] : 1000 snps  (61261ms) 
   -residualizing and scaling genotypes...done (11899ms) 
   -calc working matrices...done (3026ms) 
   -calc level 0 ridge...done (6322ms) 
 block [394] : 1000 snps  (56251ms) 
   -residualizing and scaling genotypes...done (12154ms) 
   -calc working matrices...done (2818ms) 
   -calc level 0 ridge...done (6044ms) 
 block [395] : 1000 snps  (56120ms) 
   -residualizing and scaling genotypes...done (13341ms) 
   -calc working matrices...done (2813ms) 
   -calc level 0 ridge...done (5800ms) 
 block [396] : 1000 snps  (67313ms) 
   -residualizing and scaling genotypes...done (12863ms) 
   -calc working matrices...done (2948ms) 
   -calc level 0 ridge...done (5514ms) 
 block [397] : 1000 snps  (57668ms) 
   -residualizing and scaling genotypes...done (18382ms) 
   -calc working matrices...done (2877ms) 
   -calc level 0 ridge...done (6131ms) 
 block [398] : 1000 snps  (65645ms) 
   -residualizing and scaling genotypes...done (12457ms) 
   -calc working matrices...done (2893ms) 
   -calc level 0 ridge...done (5990ms) 
 block [399] : 1000 snps  (58499ms) 
   -residualizing and scaling genotypes...done (12017ms) 
   -calc working matrices...done (2759ms) 
   -calc level 0 ridge...done (6410ms) 
 block [400] : 1000 snps  (59684ms) 
   -residualizing and scaling genotypes...done (13404ms) 
   -calc working matrices...done (2943ms) 
   -calc level 0 ridge...done (6094ms) 
 block [401] : 1000 snps  (56659ms) 
   -residualizing and scaling genotypes...done (12991ms) 
   -calc working matrices...done (2849ms) 
   -calc level 0 ridge...done (6219ms) 
 block [402] : 1000 snps  (57881ms) 
   -residualizing and scaling genotypes...done (12237ms) 
   -calc working matrices...done (2837ms) 
   -calc level 0 ridge...done (6055ms) 
 block [403] : 1000 snps  (55994ms) 
   -residualizing and scaling genotypes...done (13102ms) 
   -calc working matrices...done (3075ms) 
   -calc level 0 ridge...done (5916ms) 
 block [404] : 1000 snps  (58037ms) 
   -residualizing and scaling genotypes...done (11971ms) 
   -calc working matrices...done (2906ms) 
   -calc level 0 ridge...done (6216ms) 
 block [405] : 386 snps  (24758ms) 
   -residualizing and scaling genotypes...done (4053ms) 
   -calc working matrices...done (621ms) 
   -calc level 0 ridge...done (2173ms) 
Chromosome 16
 block [406] : 1000 snps  (55880ms) 
   -residualizing and scaling genotypes...done (12648ms) 
   -calc working matrices...done (2936ms) 
   -calc level 0 ridge...done (5903ms) 
 block [407] : 1000 snps  (57106ms) 
   -residualizing and scaling genotypes...done (12607ms) 
   -calc working matrices...done (2843ms) 
   -calc level 0 ridge...done (6346ms) 
 block [408] : 1000 snps  (59673ms) 
   -residualizing and scaling genotypes...done (12847ms) 
   -calc working matrices...done (3170ms) 
   -calc level 0 ridge...done (6243ms) 
 block [409] : 1000 snps  (56068ms) 
   -residualizing and scaling genotypes...done (13310ms) 
   -calc working matrices...done (2966ms) 
   -calc level 0 ridge...done (4987ms) 
 block [410] : 1000 snps  (62988ms) 
   -residualizing and scaling genotypes...done (12210ms) 
   -calc working matrices...done (2900ms) 
   -calc level 0 ridge...done (5860ms) 
 block [411] : 1000 snps  (58121ms) 
   -residualizing and scaling genotypes...done (12280ms) 
   -calc working matrices...done (2833ms) 
   -calc level 0 ridge...done (5910ms) 
 block [412] : 1000 snps  (57353ms) 
   -residualizing and scaling genotypes...done (12108ms) 
   -calc working matrices...done (3221ms) 
   -calc level 0 ridge...done (6160ms) 
 block [413] : 1000 snps  (55060ms) 
   -residualizing and scaling genotypes...done (12581ms) 
   -calc working matrices...done (2990ms) 
   -calc level 0 ridge...done (6015ms) 
 block [414] : 1000 snps  (55348ms) 
   -residualizing and scaling genotypes...done (19901ms) 
   -calc working matrices...done (2843ms) 
   -calc level 0 ridge...done (6207ms) 
 block [415] : 1000 snps  (62610ms) 
   -residualizing and scaling genotypes...done (13396ms) 
   -calc working matrices...done (2921ms) 
   -calc level 0 ridge...done (5523ms) 
 block [416] : 1000 snps  (59159ms) 
   -residualizing and scaling genotypes...done (13337ms) 
   -calc working matrices...done (2844ms) 
   -calc level 0 ridge...done (5683ms) 
 block [417] : 1000 snps  (59429ms) 
   -residualizing and scaling genotypes...done (12462ms) 
   -calc working matrices...done (2868ms) 
   -calc level 0 ridge...done (6096ms) 
 block [418] : 1000 snps  (68641ms) 
   -residualizing and scaling genotypes...done (13348ms) 
   -calc working matrices...done (2877ms) 
   -calc level 0 ridge...done (5482ms) 
 block [419] : 1000 snps  (65648ms) 
   -residualizing and scaling genotypes...done (12893ms) 
   -calc working matrices...done (2887ms) 
   -calc level 0 ridge...done (6193ms) 
 block [420] : 1000 snps  (55342ms) 
   -residualizing and scaling genotypes...done (16608ms) 
   -calc working matrices...done (2807ms) 
   -calc level 0 ridge...done (4681ms) 
 block [421] : 1000 snps  (64729ms) 
   -residualizing and scaling genotypes...done (15193ms) 
   -calc working matrices...done (2886ms) 
   -calc level 0 ridge...done (5820ms) 
 block [422] : 1000 snps  (59875ms) 
   -residualizing and scaling genotypes...done (12034ms) 
   -calc working matrices...done (2767ms) 
   -calc level 0 ridge...done (6220ms) 
 block [423] : 404 snps  (20023ms) 
   -residualizing and scaling genotypes...done (3929ms) 
   -calc working matrices...done (573ms) 
   -calc level 0 ridge...done (2463ms) 
Chromosome 17
 block [424] : 1000 snps  (56137ms) 
   -residualizing and scaling genotypes...done (12814ms) 
   -calc working matrices...done (3374ms) 
   -calc level 0 ridge...done (4815ms) 
 block [425] : 1000 snps  (62267ms) 
   -residualizing and scaling genotypes...done (12219ms) 
   -calc working matrices...done (2919ms) 
   -calc level 0 ridge...done (5720ms) 
 block [426] : 1000 snps  (60143ms) 
   -residualizing and scaling genotypes...done (11868ms) 
   -calc working matrices...done (2796ms) 
   -calc level 0 ridge...done (6386ms) 
 block [427] : 1000 snps  (66209ms) 
   -residualizing and scaling genotypes...done (14146ms) 
   -calc working matrices...done (2753ms) 
   -calc level 0 ridge...done (3828ms) 
 block [428] : 1000 snps  (71451ms) 
   -residualizing and scaling genotypes...done (12910ms) 
   -calc working matrices...done (2818ms) 
   -calc level 0 ridge...done (4265ms) 
 block [429] : 1000 snps  (60717ms) 
   -residualizing and scaling genotypes...done (13068ms) 
   -calc working matrices...done (2817ms) 
   -calc level 0 ridge...done (6157ms) 
 block [430] : 1000 snps  (55512ms) 
   -residualizing and scaling genotypes...done (12914ms) 
   -calc working matrices...done (3396ms) 
   -calc level 0 ridge...done (5704ms) 
 block [431] : 1000 snps  (57551ms) 
   -residualizing and scaling genotypes...done (12192ms) 
   -calc working matrices...done (2886ms) 
   -calc level 0 ridge...done (6458ms) 
 block [432] : 1000 snps  (58959ms) 
   -residualizing and scaling genotypes...done (12921ms) 
   -calc working matrices...done (2844ms) 
   -calc level 0 ridge...done (5811ms) 
 block [433] : 1000 snps  (57574ms) 
   -residualizing and scaling genotypes...done (12829ms) 
   -calc working matrices...done (2989ms) 
   -calc level 0 ridge...done (4987ms) 
 block [434] : 1000 snps  (58826ms) 
   -residualizing and scaling genotypes...done (12498ms) 
   -calc working matrices...done (2877ms) 
   -calc level 0 ridge...done (5572ms) 
 block [435] : 1000 snps  (60004ms) 
   -residualizing and scaling genotypes...done (12899ms) 
   -calc working matrices...done (2979ms) 
   -calc level 0 ridge...done (5501ms) 
 block [436] : 1000 snps  (57563ms) 
   -residualizing and scaling genotypes...done (13363ms) 
   -calc working matrices...done (2870ms) 
   -calc level 0 ridge...done (6057ms) 
 block [437] : 1000 snps  (62252ms) 
   -residualizing and scaling genotypes...done (11982ms) 
   -calc working matrices...done (2772ms) 
   -calc level 0 ridge...done (6009ms) 
 block [438] : 1000 snps  (54559ms) 
   -residualizing and scaling genotypes...done (11961ms) 
   -calc working matrices...done (2970ms) 
   -calc level 0 ridge...done (6002ms) 
 block [439] : 798 snps  (37731ms) 
   -residualizing and scaling genotypes...done (5793ms) 
   -calc working matrices...done (1845ms) 
   -calc level 0 ridge...done (4741ms) 
Chromosome 18
 block [440] : 1000 snps  (47341ms) 
   -residualizing and scaling genotypes...done (7200ms) 
   -calc working matrices...done (2683ms) 
   -calc level 0 ridge...done (6079ms) 
 block [441] : 1000 snps  (47107ms) 
   -residualizing and scaling genotypes...done (10585ms) 
   -calc working matrices...done (2812ms) 
   -calc level 0 ridge...done (4864ms) 
 block [442] : 1000 snps  (48139ms) 
   -residualizing and scaling genotypes...done (7192ms) 
   -calc working matrices...done (2757ms) 
   -calc level 0 ridge...done (5652ms) 
 block [443] : 1000 snps  (52627ms) 
   -residualizing and scaling genotypes...done (7250ms) 
   -calc working matrices...done (2677ms) 
   -calc level 0 ridge...done (5913ms) 
 block [444] : 1000 snps  (64008ms) 
   -residualizing and scaling genotypes...done (9891ms) 
   -calc working matrices...done (2728ms) 
   -calc level 0 ridge...done (3719ms) 
 block [445] : 1000 snps  (61042ms) 
   -residualizing and scaling genotypes...done (9949ms) 
   -calc working matrices...done (2723ms) 
   -calc level 0 ridge...done (3876ms) 
 block [446] : 1000 snps  (53255ms) 
   -residualizing and scaling genotypes...done (7354ms) 
   -calc working matrices...done (2827ms) 
   -calc level 0 ridge...done (4824ms) 
 block [447] : 1000 snps  (59068ms) 
   -residualizing and scaling genotypes...done (8180ms) 
   -calc working matrices...done (2706ms) 
   -calc level 0 ridge...done (3776ms) 
 block [448] : 1000 snps  (52109ms) 
   -residualizing and scaling genotypes...done (7176ms) 
   -calc working matrices...done (2667ms) 
   -calc level 0 ridge...done (6102ms) 
 block [449] : 1000 snps  (63289ms) 
   -residualizing and scaling genotypes...done (10328ms) 
   -calc working matrices...done (2829ms) 
   -calc level 0 ridge...done (5287ms) 
 block [450] : 1000 snps  (61644ms) 
   -residualizing and scaling genotypes...done (10155ms) 
   -calc working matrices...done (2834ms) 
   -calc level 0 ridge...done (2794ms) 
 block [451] : 1000 snps  (60802ms) 
   -residualizing and scaling genotypes...done (9895ms) 
   -calc working matrices...done (2868ms) 
   -calc level 0 ridge...done (2823ms) 
 block [452] : 1000 snps  (60740ms) 
   -residualizing and scaling genotypes...done (9882ms) 
   -calc working matrices...done (2867ms) 
   -calc level 0 ridge...done (2592ms) 
 block [453] : 1000 snps  (60865ms) 
   -residualizing and scaling genotypes...done (9886ms) 
   -calc working matrices...done (2669ms) 
   -calc level 0 ridge...done (3098ms) 
 block [454] : 1000 snps  (60914ms) 
   -residualizing and scaling genotypes...done (9887ms) 
   -calc working matrices...done (2744ms) 
   -calc level 0 ridge...done (3133ms) 
 block [455] : 133 snps  (6408ms) 
   -residualizing and scaling genotypes...done (974ms) 
   -calc working matrices...done (107ms) 
   -calc level 0 ridge...done (892ms) 
Chromosome 19
 block [456] : 1000 snps  (54986ms) 
   -residualizing and scaling genotypes...done (11076ms) 
   -calc working matrices...done (2869ms) 
   -calc level 0 ridge...done (5302ms) 
 block [457] : 1000 snps  (64057ms) 
   -residualizing and scaling genotypes...done (11306ms) 
   -calc working matrices...done (2776ms) 
   -calc level 0 ridge...done (6196ms) 
 block [458] : 1000 snps  (54843ms) 
   -residualizing and scaling genotypes...done (11137ms) 
   -calc working matrices...done (2849ms) 
   -calc level 0 ridge...done (6135ms) 
 block [459] : 1000 snps  (55069ms) 
   -residualizing and scaling genotypes...done (11218ms) 
   -calc working matrices...done (2838ms) 
   -calc level 0 ridge...done (6127ms) 
 block [460] : 1000 snps  (54391ms) 
   -residualizing and scaling genotypes...done (12607ms) 
   -calc working matrices...done (3045ms) 
   -calc level 0 ridge...done (5942ms) 
 block [461] : 1000 snps  (60176ms) 
   -residualizing and scaling genotypes...done (11421ms) 
   -calc working matrices...done (2870ms) 
   -calc level 0 ridge...done (5980ms) 
 block [462] : 1000 snps  (53718ms) 
   -residualizing and scaling genotypes...done (11309ms) 
   -calc working matrices...done (2892ms) 
   -calc level 0 ridge...done (6174ms) 
 block [463] : 1000 snps  (53542ms) 
   -residualizing and scaling genotypes...done (11252ms) 
   -calc working matrices...done (2979ms) 
   -calc level 0 ridge...done (6348ms) 
 block [464] : 1000 snps  (54619ms) 
   -residualizing and scaling genotypes...done (11217ms) 
   -calc working matrices...done (2757ms) 
   -calc level 0 ridge...done (6078ms) 
 block [465] : 1000 snps  (53773ms) 
   -residualizing and scaling genotypes...done (11443ms) 
   -calc working matrices...done (2863ms) 
   -calc level 0 ridge...done (6068ms) 
 block [466] : 1000 snps  (67396ms) 
   -residualizing and scaling genotypes...done (11103ms) 
   -calc working matrices...done (2885ms) 
   -calc level 0 ridge...done (5719ms) 
 block [467] : 1000 snps  (65209ms) 
   -residualizing and scaling genotypes...done (11404ms) 
   -calc working matrices...done (2795ms) 
   -calc level 0 ridge...done (6050ms) 
 block [468] : 551 snps  (27344ms) 
   -residualizing and scaling genotypes...done (4798ms) 
   -calc working matrices...done (982ms) 
   -calc level 0 ridge...done (3261ms) 
Chromosome 20
 block [469] : 1000 snps  (54445ms) 
   -residualizing and scaling genotypes...done (11320ms) 
   -calc working matrices...done (2784ms) 
   -calc level 0 ridge...done (6191ms) 
 block [470] : 1000 snps  (54394ms) 
   -residualizing and scaling genotypes...done (11370ms) 
   -calc working matrices...done (2812ms) 
   -calc level 0 ridge...done (6071ms) 
 block [471] : 1000 snps  (69634ms) 
   -residualizing and scaling genotypes...done (10986ms) 
   -calc working matrices...done (2857ms) 
   -calc level 0 ridge...done (5812ms) 
 block [472] : 1000 snps  (56630ms) 
   -residualizing and scaling genotypes...done (11506ms) 
   -calc working matrices...done (2776ms) 
   -calc level 0 ridge...done (5964ms) 
 block [473] : 1000 snps  (66087ms) 
   -residualizing and scaling genotypes...done (11506ms) 
   -calc working matrices...done (2844ms) 
   -calc level 0 ridge...done (5360ms) 
 block [474] : 1000 snps  (58541ms) 
   -residualizing and scaling genotypes...done (11377ms) 
   -calc working matrices...done (2825ms) 
   -calc level 0 ridge...done (6064ms) 
 block [475] : 1000 snps  (57394ms) 
   -residualizing and scaling genotypes...done (11252ms) 
   -calc working matrices...done (2874ms) 
   -calc level 0 ridge...done (5894ms) 
 block [476] : 1000 snps  (66605ms) 
   -residualizing and scaling genotypes...done (11676ms) 
   -calc working matrices...done (2815ms) 
   -calc level 0 ridge...done (6166ms) 
 block [477] : 1000 snps  (54789ms) 
   -residualizing and scaling genotypes...done (11207ms) 
   -calc working matrices...done (2733ms) 
   -calc level 0 ridge...done (6206ms) 
 block [478] : 1000 snps  (54614ms) 
   -residualizing and scaling genotypes...done (11389ms) 
   -calc working matrices...done (2836ms) 
   -calc level 0 ridge...done (6261ms) 
 block [479] : 1000 snps  (54603ms) 
   -residualizing and scaling genotypes...done (11231ms) 
   -calc working matrices...done (2872ms) 
   -calc level 0 ridge...done (6112ms) 
 block [480] : 1000 snps  (54612ms) 
   -residualizing and scaling genotypes...done (11434ms) 
   -calc working matrices...done (2824ms) 
   -calc level 0 ridge...done (6016ms) 
 block [481] : 1000 snps  (54732ms) 
   -residualizing and scaling genotypes...done (11364ms) 
   -calc working matrices...done (2808ms) 
   -calc level 0 ridge...done (6124ms) 
 block [482] : 299 snps  (14766ms) 
   -residualizing and scaling genotypes...done (2307ms) 
   -calc working matrices...done (360ms) 
   -calc level 0 ridge...done (1862ms) 
Chromosome 21
 block [483] : 1000 snps  (54969ms) 
   -residualizing and scaling genotypes...done (11174ms) 
   -calc working matrices...done (2848ms) 
   -calc level 0 ridge...done (6177ms) 
 block [484] : 1000 snps  (55035ms) 
   -residualizing and scaling genotypes...done (11308ms) 
   -calc working matrices...done (2863ms) 
   -calc level 0 ridge...done (6064ms) 
 block [485] : 1000 snps  (55017ms) 
   -residualizing and scaling genotypes...done (11296ms) 
   -calc working matrices...done (2909ms) 
   -calc level 0 ridge...done (6208ms) 
 block [486] : 1000 snps  (54970ms) 
   -residualizing and scaling genotypes...done (11187ms) 
   -calc working matrices...done (2803ms) 
   -calc level 0 ridge...done (6130ms) 
 block [487] : 1000 snps  (55121ms) 
   -residualizing and scaling genotypes...done (11476ms) 
   -calc working matrices...done (2798ms) 
   -calc level 0 ridge...done (6072ms) 
 block [488] : 1000 snps  (55236ms) 
   -residualizing and scaling genotypes...done (11306ms) 
   -calc working matrices...done (2835ms) 
   -calc level 0 ridge...done (6089ms) 
 block [489] : 1000 snps  (55504ms) 
   -residualizing and scaling genotypes...done (11237ms) 
   -calc working matrices...done (2892ms) 
   -calc level 0 ridge...done (6149ms) 
 block [490] : 550 snps  (27317ms) 
   -residualizing and scaling genotypes...done (4777ms) 
   -calc working matrices...done (1001ms) 
   -calc level 0 ridge...done (3302ms) 
Chromosome 22
 block [491] : 1000 snps  (54228ms) 
   -residualizing and scaling genotypes...done (11150ms) 
   -calc working matrices...done (2748ms) 
   -calc level 0 ridge...done (6050ms) 
 block [492] : 1000 snps  (60062ms) 
   -residualizing and scaling genotypes...done (11472ms) 
   -calc working matrices...done (2854ms) 
   -calc level 0 ridge...done (5864ms) 
 block [493] : 1000 snps  (54891ms) 
   -residualizing and scaling genotypes...done (11276ms) 
   -calc working matrices...done (2821ms) 
   -calc level 0 ridge...done (6118ms) 
 block [494] : 1000 snps  (54451ms) 
   -residualizing and scaling genotypes...done (11261ms) 
   -calc working matrices...done (2845ms) 
   -calc level 0 ridge...done (6128ms) 
 block [495] : 1000 snps  (54503ms) 
   -residualizing and scaling genotypes...done (11298ms) 
   -calc working matrices...done (2826ms) 
   -calc level 0 ridge...done (6015ms) 
 block [496] : 1000 snps  (54512ms) 
   -residualizing and scaling genotypes...done (11302ms) 
   -calc working matrices...done (2850ms) 
   -calc level 0 ridge...done (5990ms) 
 block [497] : 1000 snps  (54545ms) 
   -residualizing and scaling genotypes...done (11248ms) 
   -calc working matrices...done (2841ms) 
   -calc level 0 ridge...done (6075ms) 
 block [498] : 967 snps  (53101ms) 
   -residualizing and scaling genotypes...done (10712ms) 
   -calc working matrices...done (2629ms) 
   -calc level 0 ridge...done (5978ms) 

 Level 1 ridge...
   -on phenotype 1 (ltfh)...done (20451ms) 

Output
------
phenotype 1 (ltfh) : 
  0.01  : Rsq = 0.00270898, MSE = 0.997245
  0.25  : Rsq = 0.00395058, MSE = 0.996663
  0.5   : Rsq = 0.00423622, MSE = 0.996618
  0.75  : Rsq = 0.00446582, MSE = 0.996638
  0.99  : Rsq = 0.00512919, MSE = 0.996547<- min value
  * making predictions...writing LOCO predictions...done (8703ms) 

List of blup files written to: [regenie_output/PD_ukb_step1_LTFH_pred.list]

Elapsed time : 39999.5s
End time: Wed Dec 15 13:13:09 2021

