Start time: Sun Nov 14 20:14:06 2021

              |=============================|
              |      REGENIE v2.0.2.gz      |
              |=============================|

Copyright (c) 2020 Joelle Mbatchou and Jonathan Marchini.
Distributed under the MIT License.
Compiled with Boost Iostream library.
Using Intel MKL with Eigen.

Log of output saved in file : /gpfs/home/ptseng/Torkamani_Projects/20210901_PD_UKBB/pejman_PCa_run/regenie_output/PCa_ukb_step2_BT.chr22.log

Options in effect:
  --step 2 \
  --pred /gpfs/home/ptseng/Torkamani_Projects/20210901_PD_UKBB/pejman_PCa_run/regenie_output/PCa_ukb_step1_BT_pred.list \
  --bgen /mnt/stsi/stsi1/ptseng/UKBB_Resources/impute_impute4/bgen_links/ukb_imp_chr22_v3.bgen \
  --sample /mnt/stsi/stsi1/ptseng/UKBB_Resources/impute_impute4/ukbb_impute4.sample \
  --ref-first \
  --phenoFile /gpfs/home/ptseng/Torkamani_Projects/20210901_PD_UKBB/pejman_PCa_run/regenie_input/PCa_pheno.txt \
  --covarFile /gpfs/home/ptseng/Torkamani_Projects/20210901_PD_UKBB/pejman_PCa_run/regenie_input/PCa_covar.txt \
  --bt \
  --spa \
  --bsize 400 \
  --out /gpfs/home/ptseng/Torkamani_Projects/20210901_PD_UKBB/pejman_PCa_run/regenie_output/PCa_ukb_step2_BT.chr22

Association testing mode with fast multithreading using OpenMP
 * bgen             : [/mnt/stsi/stsi1/ptseng/UKBB_Resources/impute_impute4/bgen_links/ukb_imp_chr22_v3.bgen]
   -summary : bgen file (v1.2 layout, zlib compressed) with 487409 anonymous samples and 1255683 variants with 8-bit encoding.
   -index bgi file [/mnt/stsi/stsi1/ptseng/UKBB_Resources/impute_impute4/bgen_links/ukb_imp_chr22_v3.bgen.bgi]
   -sample file: /mnt/stsi/stsi1/ptseng/UKBB_Resources/impute_impute4/ukbb_impute4.sample
 * phenotypes       : [/gpfs/home/ptseng/Torkamani_Projects/20210901_PD_UKBB/pejman_PCa_run/regenie_input/PCa_pheno.txt] n_pheno = 1
   -dropping observations with missing values at any of the phenotypes
   -number of phenotyped individuals = 487062
   -number of individuals remaining with non-missing phenotypes = 487062
 * covariates       : [/gpfs/home/ptseng/Torkamani_Projects/20210901_PD_UKBB/pejman_PCa_run/regenie_input/PCa_covar.txt] n_cov = 24
   -number of individuals with covariate data = 487062
 * number of individuals used in analysis = 487062
 * LOCO predictions : [/gpfs/home/ptseng/Torkamani_Projects/20210901_PD_UKBB/pejman_PCa_run/regenie_output/PCa_ukb_step1_BT_pred.list] n_files = 1
   -file [/gpfs/home/ptseng/Torkamani_Projects/20210901_PD_UKBB/pejman_PCa_run/regenie_output/PCa_ukb_step1_BT_1.loco] for phenotype 'PCa'
    + 319034 individuals don't have LOCO predictions and will be ignored for the trait
 * # threads        : [15]
 * block size       : [400]
 * # blocks         : [3140]
 * approximate memory usage : 4GB
 * using minimum MAC of 5 (variants with lower MAC are ignored)
 * using SPA correction for logistic regression p-values less than 0.05

Chromosome 22 [3140 blocks in total]
   -reading loco predictions for the chromosome...done (506ms) 
   -fitting null logistic regression on binary phenotypes...done (1504ms) 
 block [1] : done (6095ms) 
 block [2] : done (6232ms) 
 block [3] : done (5996ms) 
 block [4] : done (5938ms) 
 block [5] : done (5644ms) 
 block [6] : done (5948ms) 
 block [7] : done (6131ms) 
 block [8] : done (6031ms) 
 block [9] : done (5920ms) 
 block [10] : done (5658ms) 
 block [11] : done (5735ms) 
 block [12] : done (6063ms) 
 block [13] : done (6064ms) 
 block [14] : done (5952ms) 
 block [15] : done (6016ms) 
 block [16] : done (5904ms) 
 block [17] : done (6084ms) 
 block [18] : done (6286ms) 
 block [19] : done (6095ms) 
 block [20] : done (5793ms) 
 block [21] : done (5797ms) 
 block [22] : done (5738ms) 
 block [23] : done (5714ms) 
 block [24] : done (5730ms) 
 block [25] : done (5810ms) 
 block [26] : done (6053ms) 
 block [27] : done (5771ms) 
 block [28] : done (5783ms) 
 block [29] : done (6198ms) 
 block [30] : done (6195ms) 
 block [31] : done (6143ms) 
 block [32] : done (6141ms) 
 block [33] : done (5825ms) 
 block [34] : done (5707ms) 
 block [35] : done (5713ms) 
 block [36] : done (5699ms) 
 block [37] : done (5548ms) 
 block [38] : done (5552ms) 
 block [39] : done (5486ms) 
 block [40] : done (5690ms) 
 block [41] : done (5578ms) 
 block [42] : done (5326ms) 
 block [43] : done (5434ms) 
 block [44] : done (6556ms) 
 block [45] : done (5666ms) 
 block [46] : done (5501ms) 
 block [47] : done (5912ms) 
 block [48] : done (5871ms) 
 block [49] : done (5361ms) 
 block [50] : done (5075ms) 
 block [51] : done (4898ms) 
 block [52] : done (4988ms) 
 block [53] : done (5286ms) 
 block [54] : done (4923ms) 
 block [55] : done (5120ms) 
 block [56] : done (5052ms) 
 block [57] : done (5195ms) 
 block [58] : done (5172ms) 
 block [59] : done (5059ms) 
 block [60] : done (4566ms) 
 block [61] : done (4571ms) 
 block [62] : done (5036ms) 
 block [63] : done (5159ms) 
 block [64] : done (4664ms) 
 block [65] : done (4925ms) 
 block [66] : done (4758ms) 
 block [67] : done (4954ms) 
 block [68] : done (4668ms) 
 block [69] : done (5277ms) 
 block [70] : done (5036ms) 
 block [71] : done (5242ms) 
 block [72] : done (5193ms) 
 block [73] : done (4671ms) 
 block [74] : done (4870ms) 
 block [75] : done (4619ms) 
 block [76] : done (4543ms) 
 block [77] : done (4507ms) 
 block [78] : done (4861ms) 
 block [79] : done (4378ms) 
 block [80] : done (4522ms) 
 block [81] : done (4512ms) 
 block [82] : done (4822ms) 
 block [83] : done (5164ms) 
 block [84] : done (4736ms) 
 block [85] : done (4788ms) 
 block [86] : done (4933ms) 
 block [87] : done (4952ms) 
 block [88] : done (4702ms) 
 block [89] : done (4464ms) 
 block [90] : done (4688ms) 
 block [91] : done (4903ms) 
 block [92] : done (4740ms) 
 block [93] : done (4801ms) 
 block [94] : done (4557ms) 
 block [95] : done (5242ms) 
 block [96] : done (5024ms) 
 block [97] : done (4777ms) 
 block [98] : done (4735ms) 
 block [99] : done (5083ms) 
 block [100] : done (5154ms) 
 block [101] : done (5153ms) 
 block [102] : done (5369ms) 
 block [103] : done (5002ms) 
 block [104] : done (5197ms) 
 block [105] : done (5199ms) 
 block [106] : done (5060ms) 
 block [107] : done (5249ms) 
 block [108] : done (4759ms) 
 block [109] : done (5375ms) 
 block [110] : done (4899ms) 
 block [111] : done (4932ms) 
 block [112] : done (5136ms) 
 block [113] : done (4994ms) 
 block [114] : done (4880ms) 
 block [115] : done (5056ms) 
 block [116] : done (4510ms) 
 block [117] : done (4897ms) 
 block [118] : done (4969ms) 
 block [119] : done (5134ms) 
 block [120] : done (5050ms) 
 block [121] : done (4843ms) 
 block [122] : done (4735ms) 
 block [123] : done (4770ms) 
 block [124] : done (4757ms) 
 block [125] : done (4847ms) 
 block [126] : done (4832ms) 
 block [127] : done (4598ms) 
 block [128] : done (5296ms) 
 block [129] : done (5001ms) 
 block [130] : done (4794ms) 
 block [131] : done (4456ms) 
 block [132] : done (4857ms) 
 block [133] : done (4832ms) 
 block [134] : done (4934ms) 
 block [135] : done (5227ms) 
 block [136] : done (4720ms) 
 block [137] : done (5051ms) 
 block [138] : done (4957ms) 
 block [139] : done (5114ms) 
 block [140] : done (4650ms) 
 block [141] : done (4691ms) 
 block [142] : done (4795ms) 
 block [143] : done (4421ms) 
 block [144] : done (4432ms) 
 block [145] : done (4971ms) 
 block [146] : done (4585ms) 
 block [147] : done (4403ms) 
 block [148] : done (4597ms) 
 block [149] : done (4351ms) 
 block [150] : done (4599ms) 
 block [151] : done (4665ms) 
 block [152] : done (4946ms) 
 block [153] : done (4529ms) 
 block [154] : done (4531ms) 
 block [155] : done (4731ms) 
 block [156] : done (4391ms) 
 block [157] : done (4489ms) 
 block [158] : done (4500ms) 
 block [159] : done (4474ms) 
 block [160] : done (4273ms) 
 block [161] : done (4366ms) 
 block [162] : done (4120ms) 
 block [163] : done (3638ms) 
 block [164] : done (4043ms) 
 block [165] : done (3794ms) 
 block [166] : done (4082ms) 
 block [167] : done (3885ms) 
 block [168] : done (4052ms) 
 block [169] : done (3924ms) 
 block [170] : done (3903ms) 
 block [171] : done (4145ms) 
 block [172] : done (4195ms) 
 block [173] : done (4403ms) 
 block [174] : done (4664ms) 
 block [175] : done (4409ms) 
 block [176] : done (4728ms) 
 block [177] : done (4517ms) 
 block [178] : done (4724ms) 
 block [179] : done (4736ms) 
 block [180] : done (4611ms) 
 block [181] : done (5091ms) 
 block [182] : done (4411ms) 
 block [183] : done (4476ms) 
 block [184] : done (4553ms) 
 block [185] : done (4748ms) 
 block [186] : done (4703ms) 
 block [187] : done (4666ms) 
 block [188] : done (4404ms) 
 block [189] : done (4631ms) 
 block [190] : done (4560ms) 
 block [191] : done (4657ms) 
 block [192] : done (4790ms) 
 block [193] : done (4461ms) 
 block [194] : done (5433ms) 
 block [195] : done (5908ms) 
 block [196] : done (5422ms) 
 block [197] : done (5073ms) 
 block [198] : done (5617ms) 
 block [199] : done (5508ms) 
 block [200] : done (5385ms) 
 block [201] : done (4804ms) 
 block [202] : done (4826ms) 
 block [203] : done (4685ms) 
 block [204] : done (4753ms) 
 block [205] : done (5148ms) 
 block [206] : done (4670ms) 
 block [207] : done (4891ms) 
 block [208] : done (4927ms) 
 block [209] : done (4569ms) 
 block [210] : done (4517ms) 
 block [211] : done (4324ms) 
 block [212] : done (4780ms) 
 block [213] : done (4720ms) 
 block [214] : done (4726ms) 
 block [215] : done (4833ms) 
 block [216] : done (4972ms) 
 block [217] : done (4689ms) 
 block [218] : done (4927ms) 
 block [219] : done (4802ms) 
 block [220] : done (4801ms) 
 block [221] : done (4699ms) 
 block [222] : done (4658ms) 
 block [223] : done (4492ms) 
 block [224] : done (4885ms) 
 block [225] : done (5511ms) 
 block [226] : done (4899ms) 
 block [227] : done (4769ms) 
 block [228] : done (4494ms) 
 block [229] : done (4596ms) 
 block [230] : done (4476ms) 
 block [231] : done (4392ms) 
 block [232] : done (4164ms) 
 block [233] : done (4401ms) 
 block [234] : done (4537ms) 
 block [235] : done (4901ms) 
 block [236] : done (4506ms) 
 block [237] : done (4565ms) 
 block [238] : done (4639ms) 
 block [239] : done (4525ms) 
 block [240] : done (4651ms) 
 block [241] : done (4142ms) 
 block [242] : done (4044ms) 
 block [243] : done (3935ms) 
 block [244] : done (4354ms) 
 block [245] : done (4046ms) 
 block [246] : done (4131ms) 
 block [247] : done (4326ms) 
 block [248] : done (4426ms) 
 block [249] : done (4275ms) 
 block [250] : done (4310ms) 
 block [251] : done (4004ms) 
 block [252] : done (3918ms) 
 block [253] : done (4262ms) 
 block [254] : done (3904ms) 
 block [255] : done (4231ms) 
 block [256] : done (4250ms) 
 block [257] : done (4516ms) 
 block [258] : done (4185ms) 
 block [259] : done (4641ms) 
 block [260] : done (4133ms) 
 block [261] : done (4631ms) 
 block [262] : done (4895ms) 
 block [263] : done (4657ms) 
 block [264] : done (4750ms) 
 block [265] : done (4815ms) 
 block [266] : done (4513ms) 
 block [267] : done (4518ms) 
 block [268] : done (5039ms) 
 block [269] : done (5068ms) 
 block [270] : done (4934ms) 
 block [271] : done (4763ms) 
 block [272] : done (5052ms) 
 block [273] : done (5061ms) 
 block [274] : done (4785ms) 
 block [275] : done (5000ms) 
 block [276] : done (4650ms) 
 block [277] : done (4772ms) 
 block [278] : done (4631ms) 
 block [279] : done (4732ms) 
 block [280] : done (4332ms) 
 block [281] : done (4434ms) 
 block [282] : done (4576ms) 
 block [283] : done (4405ms) 
 block [284] : done (4135ms) 
 block [285] : done (4495ms) 
 block [286] : done (4326ms) 
 block [287] : done (4424ms) 
 block [288] : done (4262ms) 
 block [289] : done (4129ms) 
 block [290] : done (4577ms) 
 block [291] : done (4359ms) 
 block [292] : done (4260ms) 
 block [293] : done (4543ms) 
 block [294] : done (4807ms) 
 block [295] : done (4258ms) 
 block [296] : done (4195ms) 
 block [297] : done (4473ms) 
 block [298] : done (4638ms) 
 block [299] : done (4135ms) 
 block [300] : done (3947ms) 
 block [301] : done (4243ms) 
 block [302] : done (4104ms) 
 block [303] : done (3953ms) 
 block [304] : done (4007ms) 
 block [305] : done (4052ms) 
 block [306] : done (3937ms) 
 block [307] : done (3822ms) 
 block [308] : done (3885ms) 
 block [309] : done (3662ms) 
 block [310] : done (3733ms) 
 block [311] : done (4085ms) 
 block [312] : done (3810ms) 
 block [313] : done (3852ms) 
 block [314] : done (3829ms) 
 block [315] : done (3891ms) 
 block [316] : done (4203ms) 
 block [317] : done (4310ms) 
 block [318] : done (3944ms) 
 block [319] : done (4675ms) 
 block [320] : done (4244ms) 
 block [321] : done (4002ms) 
 block [322] : done (4174ms) 
 block [323] : done (4388ms) 
 block [324] : done (4255ms) 
 block [325] : done (4862ms) 
 block [326] : done (4513ms) 
 block [327] : done (4565ms) 
 block [328] : done (4689ms) 
 block [329] : done (4777ms) 
 block [330] : done (4735ms) 
 block [331] : done (4581ms) 
 block [332] : done (4616ms) 
 block [333] : done (4904ms) 
 block [334] : done (5494ms) 
 block [335] : done (5587ms) 
 block [336] : done (5680ms) 
 block [337] : done (5940ms) 
 block [338] : done (5387ms) 
 block [339] : done (5312ms) 
 block [340] : done (5020ms) 
 block [341] : done (4911ms) 
 block [342] : done (4653ms) 
 block [343] : done (4883ms) 
 block [344] : done (4643ms) 
 block [345] : done (4472ms) 
 block [346] : done (4565ms) 
 block [347] : done (4385ms) 
 block [348] : done (4403ms) 
 block [349] : done (4336ms) 
 block [350] : done (4554ms) 
 block [351] : done (4496ms) 
 block [352] : done (4559ms) 
 block [353] : done (4322ms) 
 block [354] : done (4809ms) 
 block [355] : done (4646ms) 
 block [356] : done (4646ms) 
 block [357] : done (4299ms) 
 block [358] : done (4441ms) 
 block [359] : done (4432ms) 
 block [360] : done (5431ms) 
 block [361] : done (5123ms) 
 block [362] : done (4977ms) 
 block [363] : done (4828ms) 
 block [364] : done (4971ms) 
 block [365] : done (4613ms) 
 block [366] : done (4611ms) 
 block [367] : done (4112ms) 
 block [368] : done (4382ms) 
 block [369] : done (4239ms) 
 block [370] : done (4257ms) 
 block [371] : done (4549ms) 
 block [372] : done (4281ms) 
 block [373] : done (3877ms) 
 block [374] : done (4111ms) 
 block [375] : done (4021ms) 
 block [376] : done (4105ms) 
 block [377] : done (3979ms) 
 block [378] : done (4290ms) 
 block [379] : done (4368ms) 
 block [380] : done (4072ms) 
 block [381] : done (4129ms) 
 block [382] : done (3908ms) 
 block [383] : done (4189ms) 
 block [384] : done (3753ms) 
 block [385] : done (4431ms) 
 block [386] : done (4062ms) 
 block [387] : done (4302ms) 
 block [388] : done (4164ms) 
 block [389] : done (4323ms) 
 block [390] : done (4111ms) 
 block [391] : done (4111ms) 
 block [392] : done (3989ms) 
 block [393] : done (4361ms) 
 block [394] : done (4157ms) 
 block [395] : done (4623ms) 
 block [396] : done (4568ms) 
 block [397] : done (4561ms) 
 block [398] : done (4557ms) 
 block [399] : done (4756ms) 
 block [400] : done (4645ms) 
 block [401] : done (4491ms) 
 block [402] : done (4183ms) 
 block [403] : done (4367ms) 
 block [404] : done (4354ms) 
 block [405] : done (4364ms) 
 block [406] : done (4593ms) 
 block [407] : done (4894ms) 
 block [408] : done (5005ms) 
 block [409] : done (5072ms) 
 block [410] : done (5772ms) 
 block [411] : done (5686ms) 
 block [412] : done (5118ms) 
 block [413] : done (5849ms) 
 block [414] : done (5507ms) 
 block [415] : done (4614ms) 
 block [416] : done (4929ms) 
 block [417] : done (4764ms) 
 block [418] : done (4551ms) 
 block [419] : done (4274ms) 
 block [420] : done (4264ms) 
 block [421] : done (4163ms) 
 block [422] : done (4587ms) 
 block [423] : done (4408ms) 
 block [424] : done (4145ms) 
 block [425] : done (4204ms) 
 block [426] : done (4633ms) 
 block [427] : done (4784ms) 
 block [428] : done (4812ms) 
 block [429] : done (4582ms) 
 block [430] : done (4824ms) 
 block [431] : done (4683ms) 
 block [432] : done (4901ms) 
 block [433] : done (4346ms) 
 block [434] : done (4462ms) 
 block [435] : done (4346ms) 
 block [436] : done (4032ms) 
 block [437] : done (3798ms) 
 block [438] : done (4145ms) 
 block [439] : done (4434ms) 
 block [440] : done (4173ms) 
 block [441] : done (4412ms) 
 block [442] : done (4077ms) 
 block [443] : done (4194ms) 
 block [444] : done (4381ms) 
 block [445] : done (4231ms) 
 block [446] : done (4347ms) 
 block [447] : done (4527ms) 
 block [448] : done (4287ms) 
 block [449] : done (4258ms) 
 block [450] : done (4697ms) 
 block [451] : done (4302ms) 
 block [452] : done (4046ms) 
 block [453] : done (4330ms) 
 block [454] : done (4294ms) 
 block [455] : done (4574ms) 
 block [456] : done (4454ms) 
 block [457] : done (4358ms) 
 block [458] : done (4679ms) 
 block [459] : done (4339ms) 
 block [460] : done (4161ms) 
 block [461] : done (4192ms) 
 block [462] : done (4657ms) 
 block [463] : done (4357ms) 
 block [464] : done (4370ms) 
 block [465] : done (4444ms) 
 block [466] : done (4471ms) 
 block [467] : done (4208ms) 
 block [468] : done (4731ms) 
 block [469] : done (4901ms) 
 block [470] : done (4717ms) 
 block [471] : done (4802ms) 
 block [472] : done (4767ms) 
 block [473] : done (4362ms) 
 block [474] : done (4041ms) 
 block [475] : done (4092ms) 
 block [476] : done (4727ms) 
 block [477] : done (4425ms) 
 block [478] : done (4312ms) 
 block [479] : done (4628ms) 
 block [480] : done (4407ms) 
 block [481] : done (4758ms) 
 block [482] : done (4737ms) 
 block [483] : done (4783ms) 
 block [484] : done (4647ms) 
 block [485] : done (4428ms) 
 block [486] : done (5014ms) 
 block [487] : done (4695ms) 
 block [488] : done (4351ms) 
 block [489] : done (4371ms) 
 block [490] : done (4158ms) 
 block [491] : done (4481ms) 
 block [492] : done (4258ms) 
 block [493] : done (4653ms) 
 block [494] : done (4413ms) 
 block [495] : done (4432ms) 
 block [496] : done (4357ms) 
 block [497] : done (4895ms) 
 block [498] : done (4593ms) 
 block [499] : done (4268ms) 
 block [500] : done (4761ms) 
 block [501] : done (4691ms) 
 block [502] : done (4259ms) 
 block [503] : done (4532ms) 
 block [504] : done (4666ms) 
 block [505] : done (4666ms) 
 block [506] : done (4927ms) 
 block [507] : done (4820ms) 
 block [508] : done (4552ms) 
 block [509] : done (5101ms) 
 block [510] : done (5174ms) 
 block [511] : done (4670ms) 
 block [512] : done (4709ms) 
 block [513] : done (4739ms) 
 block [514] : done (4963ms) 
 block [515] : done (5060ms) 
 block [516] : done (4682ms) 
 block [517] : done (4361ms) 
 block [518] : done (4593ms) 
 block [519] : done (5795ms) 
 block [520] : done (5073ms) 
 block [521] : done (5604ms) 
 block [522] : done (4746ms) 
 block [523] : done (5138ms) 
 block [524] : done (4577ms) 
 block [525] : done (4853ms) 
 block [526] : done (4637ms) 
 block [527] : done (5593ms) 
 block [528] : done (5211ms) 
 block [529] : done (5901ms) 
 block [530] : done (5215ms) 
 block [531] : done (5319ms) 
 block [532] : done (5181ms) 
 block [533] : done (5499ms) 
 block [534] : done (5233ms) 
 block [535] : done (5586ms) 
 block [536] : done (5452ms) 
 block [537] : done (5060ms) 
 block [538] : done (5384ms) 
 block [539] : done (5203ms) 
 block [540] : done (4970ms) 
 block [541] : done (5195ms) 
 block [542] : done (5141ms) 
 block [543] : done (4971ms) 
 block [544] : done (4939ms) 
 block [545] : done (4783ms) 
 block [546] : done (5184ms) 
 block [547] : done (4727ms) 
 block [548] : done (4265ms) 
 block [549] : done (4200ms) 
 block [550] : done (4555ms) 
 block [551] : done (4099ms) 
 block [552] : done (4868ms) 
 block [553] : done (4805ms) 
 block [554] : done (4433ms) 
 block [555] : done (4512ms) 
 block [556] : done (4464ms) 
 block [557] : done (4230ms) 
 block [558] : done (4381ms) 
 block [559] : done (4514ms) 
 block [560] : done (4146ms) 
 block [561] : done (4344ms) 
 block [562] : done (4425ms) 
 block [563] : done (4316ms) 
 block [564] : done (4351ms) 
 block [565] : done (4239ms) 
 block [566] : done (4357ms) 
 block [567] : done (4194ms) 
 block [568] : done (3902ms) 
 block [569] : done (4131ms) 
 block [570] : done (3823ms) 
 block [571] : done (3795ms) 
 block [572] : done (4018ms) 
 block [573] : done (4182ms) 
 block [574] : done (3980ms) 
 block [575] : done (3856ms) 
 block [576] : done (3998ms) 
 block [577] : done (4301ms) 
 block [578] : done (3951ms) 
 block [579] : done (4179ms) 
 block [580] : done (4537ms) 
 block [581] : done (3866ms) 
 block [582] : done (3954ms) 
 block [583] : done (3986ms) 
 block [584] : done (3949ms) 
 block [585] : done (4146ms) 
 block [586] : done (4013ms) 
 block [587] : done (4293ms) 
 block [588] : done (3991ms) 
 block [589] : done (4364ms) 
 block [590] : done (4368ms) 
 block [591] : done (3977ms) 
 block [592] : done (4534ms) 
 block [593] : done (4928ms) 
 block [594] : done (4681ms) 
 block [595] : done (4262ms) 
 block [596] : done (4379ms) 
 block [597] : done (4781ms) 
 block [598] : done (4519ms) 
 block [599] : done (4504ms) 
 block [600] : done (4176ms) 
 block [601] : done (4355ms) 
 block [602] : done (4656ms) 
 block [603] : done (4391ms) 
 block [604] : done (4111ms) 
 block [605] : done (4498ms) 
 block [606] : done (4043ms) 
 block [607] : done (4345ms) 
 block [608] : done (5131ms) 
 block [609] : done (4413ms) 
 block [610] : done (5066ms) 
 block [611] : done (4756ms) 
 block [612] : done (5078ms) 
 block [613] : done (5036ms) 
 block [614] : done (4912ms) 
 block [615] : done (4885ms) 
 block [616] : done (5071ms) 
 block [617] : done (5239ms) 
 block [618] : done (4681ms) 
 block [619] : done (4853ms) 
 block [620] : done (4973ms) 
 block [621] : done (4545ms) 
 block [622] : done (5081ms) 
 block [623] : done (4731ms) 
 block [624] : done (4680ms) 
 block [625] : done (4348ms) 
 block [626] : done (4710ms) 
 block [627] : done (4367ms) 
 block [628] : done (4885ms) 
 block [629] : done (4595ms) 
 block [630] : done (4406ms) 
 block [631] : done (3997ms) 
 block [632] : done (3643ms) 
 block [633] : done (4393ms) 
 block [634] : done (4413ms) 
 block [635] : done (4386ms) 
 block [636] : done (4489ms) 
 block [637] : done (4532ms) 
 block [638] : done (4582ms) 
 block [639] : done (4513ms) 
 block [640] : done (4291ms) 
 block [641] : done (4607ms) 
 block [642] : done (4815ms) 
 block [643] : done (4914ms) 
 block [644] : done (4954ms) 
 block [645] : done (4444ms) 
 block [646] : done (4926ms) 
 block [647] : done (4588ms) 
 block [648] : done (5109ms) 
 block [649] : done (4828ms) 
 block [650] : done (4932ms) 
 block [651] : done (4630ms) 
 block [652] : done (5039ms) 
 block [653] : done (4818ms) 
 block [654] : done (5005ms) 
 block [655] : done (5566ms) 
 block [656] : done (5407ms) 
 block [657] : done (5216ms) 
 block [658] : done (5120ms) 
 block [659] : done (5109ms) 
 block [660] : done (5385ms) 
 block [661] : done (5224ms) 
 block [662] : done (4705ms) 
 block [663] : done (4064ms) 
 block [664] : done (3989ms) 
 block [665] : done (4309ms) 
 block [666] : done (4131ms) 
 block [667] : done (4017ms) 
 block [668] : done (4041ms) 
 block [669] : done (4203ms) 
 block [670] : done (4103ms) 
 block [671] : done (4316ms) 
 block [672] : done (4145ms) 
 block [673] : done (4129ms) 
 block [674] : done (4423ms) 
 block [675] : done (3946ms) 
 block [676] : done (3890ms) 
 block [677] : done (4392ms) 
 block [678] : done (4510ms) 
 block [679] : done (4619ms) 
 block [680] : done (4370ms) 
 block [681] : done (4205ms) 
 block [682] : done (4642ms) 
 block [683] : done (4614ms) 
 block [684] : done (4404ms) 
 block [685] : done (4168ms) 
 block [686] : done (3905ms) 
 block [687] : done (4224ms) 
 block [688] : done (3841ms) 
 block [689] : done (3901ms) 
 block [690] : done (3625ms) 
 block [691] : done (4205ms) 
 block [692] : done (4001ms) 
 block [693] : done (3872ms) 
 block [694] : done (4180ms) 
 block [695] : done (3869ms) 
 block [696] : done (3972ms) 
 block [697] : done (3689ms) 
 block [698] : done (4034ms) 
 block [699] : done (4133ms) 
 block [700] : done (4213ms) 
 block [701] : done (3915ms) 
 block [702] : done (3908ms) 
 block [703] : done (4263ms) 
 block [704] : done (4354ms) 
 block [705] : done (4259ms) 
 block [706] : done (3959ms) 
 block [707] : done (4044ms) 
 block [708] : done (4345ms) 
 block [709] : done (4075ms) 
 block [710] : done (4199ms) 
 block [711] : done (4374ms) 
 block [712] : done (4641ms) 
 block [713] : done (4590ms) 
 block [714] : done (4723ms) 
 block [715] : done (4726ms) 
 block [716] : done (4685ms) 
 block [717] : done (4648ms) 
 block [718] : done (4869ms) 
 block [719] : done (4610ms) 
 block [720] : done (5162ms) 
 block [721] : done (4370ms) 
 block [722] : done (4677ms) 
 block [723] : done (4637ms) 
 block [724] : done (4169ms) 
 block [725] : done (4375ms) 
 block [726] : done (4203ms) 
 block [727] : done (4163ms) 
 block [728] : done (4279ms) 
 block [729] : done (4568ms) 
 block [730] : done (4284ms) 
 block [731] : done (4677ms) 
 block [732] : done (4119ms) 
 block [733] : done (4177ms) 
 block [734] : done (4569ms) 
 block [735] : done (4422ms) 
 block [736] : done (4489ms) 
 block [737] : done (4542ms) 
 block [738] : done (3860ms) 
 block [739] : done (4333ms) 
 block [740] : done (4536ms) 
 block [741] : done (4745ms) 
 block [742] : done (4334ms) 
 block [743] : done (4695ms) 
 block [744] : done (4606ms) 
 block [745] : done (4439ms) 
 block [746] : done (4324ms) 
 block [747] : done (4237ms) 
 block [748] : done (5038ms) 
 block [749] : done (4528ms) 
 block [750] : done (4598ms) 
 block [751] : done (4411ms) 
 block [752] : done (5226ms) 
 block [753] : done (4685ms) 
 block [754] : done (4438ms) 
 block [755] : done (3945ms) 
 block [756] : done (4064ms) 
 block [757] : done (4235ms) 
 block [758] : done (4076ms) 
 block [759] : done (3751ms) 
 block [760] : done (4145ms) 
 block [761] : done (4683ms) 
 block [762] : done (4391ms) 
 block [763] : done (4099ms) 
 block [764] : done (4305ms) 
 block [765] : done (4289ms) 
 block [766] : done (4136ms) 
 block [767] : done (4744ms) 
 block [768] : done (4904ms) 
 block [769] : done (4942ms) 
 block [770] : done (5063ms) 
 block [771] : done (5408ms) 
 block [772] : done (5778ms) 
 block [773] : done (5427ms) 
 block [774] : done (5294ms) 
 block [775] : done (5011ms) 
 block [776] : done (5350ms) 
 block [777] : done (5116ms) 
 block [778] : done (5380ms) 
 block [779] : done (4464ms) 
 block [780] : done (4426ms) 
 block [781] : done (4361ms) 
 block [782] : done (4152ms) 
 block [783] : done (4167ms) 
 block [784] : done (4018ms) 
 block [785] : done (4034ms) 
 block [786] : done (4205ms) 
 block [787] : done (4228ms) 
 block [788] : done (4542ms) 
 block [789] : done (4844ms) 
 block [790] : done (4905ms) 
 block [791] : done (4741ms) 
 block [792] : done (4418ms) 
 block [793] : done (4472ms) 
 block [794] : done (4458ms) 
 block [795] : done (4454ms) 
 block [796] : done (4269ms) 
 block [797] : done (4307ms) 
 block [798] : done (4325ms) 
 block [799] : done (4477ms) 
 block [800] : done (4678ms) 
 block [801] : done (4402ms) 
 block [802] : done (4314ms) 
 block [803] : done (4172ms) 
 block [804] : done (4187ms) 
 block [805] : done (4248ms) 
 block [806] : done (4188ms) 
 block [807] : done (4007ms) 
 block [808] : done (3920ms) 
 block [809] : done (4042ms) 
 block [810] : done (4324ms) 
 block [811] : done (3968ms) 
 block [812] : done (4113ms) 
 block [813] : done (4140ms) 
 block [814] : done (4333ms) 
 block [815] : done (4334ms) 
 block [816] : done (4062ms) 
 block [817] : done (4547ms) 
 block [818] : done (4541ms) 
 block [819] : done (4930ms) 
 block [820] : done (4388ms) 
 block [821] : done (4460ms) 
 block [822] : done (4543ms) 
 block [823] : done (4706ms) 
 block [824] : done (4554ms) 
 block [825] : done (4534ms) 
 block [826] : done (4619ms) 
 block [827] : done (4675ms) 
 block [828] : done (4839ms) 
 block [829] : done (4481ms) 
 block [830] : done (4761ms) 
 block [831] : done (4740ms) 
 block [832] : done (4731ms) 
 block [833] : done (4758ms) 
 block [834] : done (4614ms) 
 block [835] : done (4685ms) 
 block [836] : done (4738ms) 
 block [837] : done (4962ms) 
 block [838] : done (4551ms) 
 block [839] : done (4586ms) 
 block [840] : done (4558ms) 
 block [841] : done (4939ms) 
 block [842] : done (5064ms) 
 block [843] : done (4686ms) 
 block [844] : done (4541ms) 
 block [845] : done (4700ms) 
 block [846] : done (4803ms) 
 block [847] : done (4197ms) 
 block [848] : done (4326ms) 
 block [849] : done (4419ms) 
 block [850] : done (4179ms) 
 block [851] : done (4489ms) 
 block [852] : done (4383ms) 
 block [853] : done (4145ms) 
 block [854] : done (4041ms) 
 block [855] : done (4017ms) 
 block [856] : done (3877ms) 
 block [857] : done (3858ms) 
 block [858] : done (3950ms) 
 block [859] : done (3842ms) 
 block [860] : done (4064ms) 
 block [861] : done (4021ms) 
 block [862] : done (3985ms) 
 block [863] : done (4135ms) 
 block [864] : done (4108ms) 
 block [865] : done (4134ms) 
 block [866] : done (4085ms) 
 block [867] : done (4345ms) 
 block [868] : done (4022ms) 
 block [869] : done (4075ms) 
 block [870] : done (4432ms) 
 block [871] : done (4130ms) 
 block [872] : done (4296ms) 
 block [873] : done (4435ms) 
 block [874] : done (4340ms) 
 block [875] : done (4352ms) 
 block [876] : done (4410ms) 
 block [877] : done (4358ms) 
 block [878] : done (4725ms) 
 block [879] : done (4464ms) 
 block [880] : done (4092ms) 
 block [881] : done (4177ms) 
 block [882] : done (3969ms) 
 block [883] : done (4051ms) 
 block [884] : done (4124ms) 
 block [885] : done (3924ms) 
 block [886] : done (4128ms) 
 block [887] : done (4093ms) 
 block [888] : done (4011ms) 
 block [889] : done (4479ms) 
 block [890] : done (4031ms) 
 block [891] : done (4165ms) 
 block [892] : done (4145ms) 
 block [893] : done (4149ms) 
 block [894] : done (4393ms) 
 block [895] : done (4020ms) 
 block [896] : done (3818ms) 
 block [897] : done (3757ms) 
 block [898] : done (4161ms) 
 block [899] : done (4181ms) 
 block [900] : done (4172ms) 
 block [901] : done (4496ms) 
 block [902] : done (4350ms) 
 block [903] : done (4592ms) 
 block [904] : done (4635ms) 
 block [905] : done (4211ms) 
 block [906] : done (4712ms) 
 block [907] : done (4355ms) 
 block [908] : done (4243ms) 
 block [909] : done (4705ms) 
 block [910] : done (4499ms) 
 block [911] : done (4744ms) 
 block [912] : done (4874ms) 
 block [913] : done (5168ms) 
 block [914] : done (5270ms) 
 block [915] : done (4811ms) 
 block [916] : done (4695ms) 
 block [917] : done (4894ms) 
 block [918] : done (5045ms) 
 block [919] : done (4502ms) 
 block [920] : done (4634ms) 
 block [921] : done (4692ms) 
 block [922] : done (4610ms) 
 block [923] : done (4929ms) 
 block [924] : done (4257ms) 
 block [925] : done (4408ms) 
 block [926] : done (4758ms) 
 block [927] : done (4677ms) 
 block [928] : done (4564ms) 
 block [929] : done (4542ms) 
 block [930] : done (4922ms) 
 block [931] : done (4537ms) 
 block [932] : done (4395ms) 
 block [933] : done (4505ms) 
 block [934] : done (4475ms) 
 block [935] : done (4822ms) 
 block [936] : done (4474ms) 
 block [937] : done (4576ms) 
 block [938] : done (4248ms) 
 block [939] : done (4133ms) 
 block [940] : done (4422ms) 
 block [941] : done (4236ms) 
 block [942] : done (4532ms) 
 block [943] : done (4465ms) 
 block [944] : done (4613ms) 
 block [945] : done (4265ms) 
 block [946] : done (4478ms) 
 block [947] : done (4565ms) 
 block [948] : done (4298ms) 
 block [949] : done (4219ms) 
 block [950] : done (4593ms) 
 block [951] : done (3987ms) 
 block [952] : done (4396ms) 
 block [953] : done (4043ms) 
 block [954] : done (4205ms) 
 block [955] : done (4705ms) 
 block [956] : done (4733ms) 
 block [957] : done (4860ms) 
 block [958] : done (5063ms) 
 block [959] : done (4765ms) 
 block [960] : done (4860ms) 
 block [961] : done (4562ms) 
 block [962] : done (4549ms) 
 block [963] : done (4450ms) 
 block [964] : done (4571ms) 
 block [965] : done (4630ms) 
 block [966] : done (4335ms) 
 block [967] : done (4669ms) 
 block [968] : done (4669ms) 
 block [969] : done (4536ms) 
 block [970] : done (4507ms) 
 block [971] : done (4647ms) 
 block [972] : done (4749ms) 
 block [973] : done (4447ms) 
 block [974] : done (4689ms) 
 block [975] : done (4840ms) 
 block [976] : done (5042ms) 
 block [977] : done (4438ms) 
 block [978] : done (4404ms) 
 block [979] : done (4079ms) 
 block [980] : done (4630ms) 
 block [981] : done (4522ms) 
 block [982] : done (4422ms) 
 block [983] : done (4836ms) 
 block [984] : done (4781ms) 
 block [985] : done (4638ms) 
 block [986] : done (4517ms) 
 block [987] : done (4232ms) 
 block [988] : done (4516ms) 
 block [989] : done (4587ms) 
 block [990] : done (4477ms) 
 block [991] : done (4154ms) 
 block [992] : done (4618ms) 
 block [993] : done (4484ms) 
 block [994] : done (4515ms) 
 block [995] : done (4565ms) 
 block [996] : done (4409ms) 
 block [997] : done (4317ms) 
 block [998] : done (4223ms) 
 block [999] : done (4437ms) 
 block [1000] : done (4079ms) 
 block [1001] : done (4043ms) 
 block [1002] : done (4400ms) 
 block [1003] : done (4102ms) 
 block [1004] : done (4119ms) 
 block [1005] : done (4462ms) 
 block [1006] : done (4657ms) 
 block [1007] : done (4778ms) 
 block [1008] : done (4844ms) 
 block [1009] : done (4627ms) 
 block [1010] : done (4860ms) 
 block [1011] : done (4241ms) 
 block [1012] : done (4438ms) 
 block [1013] : done (5181ms) 
 block [1014] : done (4319ms) 
 block [1015] : done (4054ms) 
 block [1016] : done (4304ms) 
 block [1017] : done (4217ms) 
 block [1018] : done (4559ms) 
 block [1019] : done (4076ms) 
 block [1020] : done (4413ms) 
 block [1021] : done (4154ms) 
 block [1022] : done (4352ms) 
 block [1023] : done (4233ms) 
 block [1024] : done (4346ms) 
 block [1025] : done (4327ms) 
 block [1026] : done (4176ms) 
 block [1027] : done (4298ms) 
 block [1028] : done (4349ms) 
 block [1029] : done (3999ms) 
 block [1030] : done (4334ms) 
 block [1031] : done (4050ms) 
 block [1032] : done (4180ms) 
 block [1033] : done (4232ms) 
 block [1034] : done (4454ms) 
 block [1035] : done (4211ms) 
 block [1036] : done (4253ms) 
 block [1037] : done (3967ms) 
 block [1038] : done (4135ms) 
 block [1039] : done (3903ms) 
 block [1040] : done (4102ms) 
 block [1041] : done (4432ms) 
 block [1042] : done (4413ms) 
 block [1043] : done (4105ms) 
 block [1044] : done (4374ms) 
 block [1045] : done (4186ms) 
 block [1046] : done (4069ms) 
 block [1047] : done (4104ms) 
 block [1048] : done (4360ms) 
 block [1049] : done (3908ms) 
 block [1050] : done (4265ms) 
 block [1051] : done (4135ms) 
 block [1052] : done (4431ms) 
 block [1053] : done (4218ms) 
 block [1054] : done (4075ms) 
 block [1055] : done (4352ms) 
 block [1056] : done (4209ms) 
 block [1057] : done (4334ms) 
 block [1058] : done (4011ms) 
 block [1059] : done (4005ms) 
 block [1060] : done (4168ms) 
 block [1061] : done (4498ms) 
 block [1062] : done (4405ms) 
 block [1063] : done (4129ms) 
 block [1064] : done (4065ms) 
 block [1065] : done (4458ms) 
 block [1066] : done (4347ms) 
 block [1067] : done (4396ms) 
 block [1068] : done (4363ms) 
 block [1069] : done (4091ms) 
 block [1070] : done (4141ms) 
 block [1071] : done (4298ms) 
 block [1072] : done (3904ms) 
 block [1073] : done (4173ms) 
 block [1074] : done (4475ms) 
 block [1075] : done (4209ms) 
 block [1076] : done (4375ms) 
 block [1077] : done (4520ms) 
 block [1078] : done (4238ms) 
 block [1079] : done (4572ms) 
 block [1080] : done (4615ms) 
 block [1081] : done (4305ms) 
 block [1082] : done (4417ms) 
 block [1083] : done (4450ms) 
 block [1084] : done (4563ms) 
 block [1085] : done (4636ms) 
 block [1086] : done (4311ms) 
 block [1087] : done (4222ms) 
 block [1088] : done (4380ms) 
 block [1089] : done (4200ms) 
 block [1090] : done (4135ms) 
 block [1091] : done (4175ms) 
 block [1092] : done (4037ms) 
 block [1093] : done (4214ms) 
 block [1094] : done (4022ms) 
 block [1095] : done (4448ms) 
 block [1096] : done (3921ms) 
 block [1097] : done (4403ms) 
 block [1098] : done (4282ms) 
 block [1099] : done (4527ms) 
 block [1100] : done (3879ms) 
 block [1101] : done (4705ms) 
 block [1102] : done (4463ms) 
 block [1103] : done (4320ms) 
 block [1104] : done (4378ms) 
 block [1105] : done (4195ms) 
 block [1106] : done (4825ms) 
 block [1107] : done (4525ms) 
 block [1108] : done (4395ms) 
 block [1109] : done (4381ms) 
 block [1110] : done (4148ms) 
 block [1111] : done (4186ms) 
 block [1112] : done (4439ms) 
 block [1113] : done (4787ms) 
 block [1114] : done (4132ms) 
 block [1115] : done (4348ms) 
 block [1116] : done (4425ms) 
 block [1117] : done (4470ms) 
 block [1118] : done (4132ms) 
 block [1119] : done (3943ms) 
 block [1120] : done (4121ms) 
 block [1121] : done (4109ms) 
 block [1122] : done (3905ms) 
 block [1123] : done (3742ms) 
 block [1124] : done (4039ms) 
 block [1125] : done (4068ms) 
 block [1126] : done (3919ms) 
 block [1127] : done (4431ms) 
 block [1128] : done (4257ms) 
 block [1129] : done (3909ms) 
 block [1130] : done (4386ms) 
 block [1131] : done (4468ms) 
 block [1132] : done (4171ms) 
 block [1133] : done (4084ms) 
 block [1134] : done (4513ms) 
 block [1135] : done (4248ms) 
 block [1136] : done (3904ms) 
 block [1137] : done (4125ms) 
 block [1138] : done (4113ms) 
 block [1139] : done (4040ms) 
 block [1140] : done (4293ms) 
 block [1141] : done (3961ms) 
 block [1142] : done (3991ms) 
 block [1143] : done (4113ms) 
 block [1144] : done (4106ms) 
 block [1145] : done (4185ms) 
 block [1146] : done (4017ms) 
 block [1147] : done (3885ms) 
 block [1148] : done (3642ms) 
 block [1149] : done (3895ms) 
 block [1150] : done (4039ms) 
 block [1151] : done (4002ms) 
 block [1152] : done (4004ms) 
 block [1153] : done (3893ms) 
 block [1154] : done (3965ms) 
 block [1155] : done (3937ms) 
 block [1156] : done (3918ms) 
 block [1157] : done (4242ms) 
 block [1158] : done (3644ms) 
 block [1159] : done (3924ms) 
 block [1160] : done (4113ms) 
 block [1161] : done (3817ms) 
 block [1162] : done (3870ms) 
 block [1163] : done (3806ms) 
 block [1164] : done (3804ms) 
 block [1165] : done (3984ms) 
 block [1166] : done (4311ms) 
 block [1167] : done (3984ms) 
 block [1168] : done (3997ms) 
 block [1169] : done (4353ms) 
 block [1170] : done (4366ms) 
 block [1171] : done (4272ms) 
 block [1172] : done (3885ms) 
 block [1173] : done (4074ms) 
 block [1174] : done (3678ms) 
 block [1175] : done (3703ms) 
 block [1176] : done (3866ms) 
 block [1177] : done (3714ms) 
 block [1178] : done (3959ms) 
 block [1179] : done (3613ms) 
 block [1180] : done (3434ms) 
 block [1181] : done (3750ms) 
 block [1182] : done (3803ms) 
 block [1183] : done (4050ms) 
 block [1184] : done (3982ms) 
 block [1185] : done (3815ms) 
 block [1186] : done (3992ms) 
 block [1187] : done (3997ms) 
 block [1188] : done (3894ms) 
 block [1189] : done (3863ms) 
 block [1190] : done (4009ms) 
 block [1191] : done (3756ms) 
 block [1192] : done (3866ms) 
 block [1193] : done (4209ms) 
 block [1194] : done (4033ms) 
 block [1195] : done (4189ms) 
 block [1196] : done (3801ms) 
 block [1197] : done (3848ms) 
 block [1198] : done (4018ms) 
 block [1199] : done (3888ms) 
 block [1200] : done (4249ms) 
 block [1201] : done (3469ms) 
 block [1202] : done (3937ms) 
 block [1203] : done (3784ms) 
 block [1204] : done (3909ms) 
 block [1205] : done (4021ms) 
 block [1206] : done (4097ms) 
 block [1207] : done (3811ms) 
 block [1208] : done (3879ms) 
 block [1209] : done (4163ms) 
 block [1210] : done (3992ms) 
 block [1211] : done (4006ms) 
 block [1212] : done (4011ms) 
 block [1213] : done (4227ms) 
 block [1214] : done (4699ms) 
 block [1215] : done (4416ms) 
 block [1216] : done (4360ms) 
 block [1217] : done (4087ms) 
 block [1218] : done (4154ms) 
 block [1219] : done (4119ms) 
 block [1220] : done (4255ms) 
 block [1221] : done (4293ms) 
 block [1222] : done (3946ms) 
 block [1223] : done (4187ms) 
 block [1224] : done (3997ms) 
 block [1225] : done (3931ms) 
 block [1226] : done (4400ms) 
 block [1227] : done (4052ms) 
 block [1228] : done (3949ms) 
 block [1229] : done (4102ms) 
 block [1230] : done (4537ms) 
 block [1231] : done (4444ms) 
 block [1232] : done (4265ms) 
 block [1233] : done (4480ms) 
 block [1234] : done (3912ms) 
 block [1235] : done (3949ms) 
 block [1236] : done (3704ms) 
 block [1237] : done (3937ms) 
 block [1238] : done (4126ms) 
 block [1239] : done (4123ms) 
 block [1240] : done (4144ms) 
 block [1241] : done (3853ms) 
 block [1242] : done (3885ms) 
 block [1243] : done (3845ms) 
 block [1244] : done (3961ms) 
 block [1245] : done (4122ms) 
 block [1246] : done (4103ms) 
 block [1247] : done (4373ms) 
 block [1248] : done (4100ms) 
 block [1249] : done (4446ms) 
 block [1250] : done (3942ms) 
 block [1251] : done (3890ms) 
 block [1252] : done (4183ms) 
 block [1253] : done (4204ms) 
 block [1254] : done (3988ms) 
 block [1255] : done (4000ms) 
 block [1256] : done (3593ms) 
 block [1257] : done (3925ms) 
 block [1258] : done (3895ms) 
 block [1259] : done (4150ms) 
 block [1260] : done (4034ms) 
 block [1261] : done (3977ms) 
 block [1262] : done (4354ms) 
 block [1263] : done (4421ms) 
 block [1264] : done (4046ms) 
 block [1265] : done (3914ms) 
 block [1266] : done (4400ms) 
 block [1267] : done (4053ms) 
 block [1268] : done (3955ms) 
 block [1269] : done (4525ms) 
 block [1270] : done (4086ms) 
 block [1271] : done (4020ms) 
 block [1272] : done (3877ms) 
 block [1273] : done (4000ms) 
 block [1274] : done (4024ms) 
 block [1275] : done (4297ms) 
 block [1276] : done (4194ms) 
 block [1277] : done (3747ms) 
 block [1278] : done (3670ms) 
 block [1279] : done (3890ms) 
 block [1280] : done (3821ms) 
 block [1281] : done (3976ms) 
 block [1282] : done (3690ms) 
 block [1283] : done (4127ms) 
 block [1284] : done (4052ms) 
 block [1285] : done (4106ms) 
 block [1286] : done (3760ms) 
 block [1287] : done (4157ms) 
 block [1288] : done (4095ms) 
 block [1289] : done (4398ms) 
 block [1290] : done (4078ms) 
 block [1291] : done (3989ms) 
 block [1292] : done (4372ms) 
 block [1293] : done (4009ms) 
 block [1294] : done (3948ms) 
 block [1295] : done (4294ms) 
 block [1296] : done (4246ms) 
 block [1297] : done (3964ms) 
 block [1298] : done (3889ms) 
 block [1299] : done (4028ms) 
 block [1300] : done (4133ms) 
 block [1301] : done (3751ms) 
 block [1302] : done (4317ms) 
 block [1303] : done (4258ms) 
 block [1304] : done (4369ms) 
 block [1305] : done (3880ms) 
 block [1306] : done (4076ms) 
 block [1307] : done (4333ms) 
 block [1308] : done (3996ms) 
 block [1309] : done (4023ms) 
 block [1310] : done (4047ms) 
 block [1311] : done (4231ms) 
 block [1312] : done (4134ms) 
 block [1313] : done (4084ms) 
 block [1314] : done (4077ms) 
 block [1315] : done (4257ms) 
 block [1316] : done (4147ms) 
 block [1317] : done (4029ms) 
 block [1318] : done (3975ms) 
 block [1319] : done (4214ms) 
 block [1320] : done (3763ms) 
 block [1321] : done (4082ms) 
 block [1322] : done (3797ms) 
 block [1323] : done (3879ms) 
 block [1324] : done (3854ms) 
 block [1325] : done (4028ms) 
 block [1326] : done (4070ms) 
 block [1327] : done (3879ms) 
 block [1328] : done (3715ms) 
 block [1329] : done (4065ms) 
 block [1330] : done (4009ms) 
 block [1331] : done (4295ms) 
 block [1332] : done (4187ms) 
 block [1333] : done (4032ms) 
 block [1334] : done (4175ms) 
 block [1335] : done (4258ms) 
 block [1336] : done (4199ms) 
 block [1337] : done (4519ms) 
 block [1338] : done (4419ms) 
 block [1339] : done (4484ms) 
 block [1340] : done (4132ms) 
 block [1341] : done (4577ms) 
 block [1342] : done (4310ms) 
 block [1343] : done (4195ms) 
 block [1344] : done (4073ms) 
 block [1345] : done (4117ms) 
 block [1346] : done (4117ms) 
 block [1347] : done (4166ms) 
 block [1348] : done (4036ms) 
 block [1349] : done (4093ms) 
 block [1350] : done (3883ms) 
 block [1351] : done (4691ms) 
 block [1352] : done (4370ms) 
 block [1353] : done (4239ms) 
 block [1354] : done (4144ms) 
 block [1355] : done (4357ms) 
 block [1356] : done (4324ms) 
 block [1357] : done (3902ms) 
 block [1358] : done (4331ms) 
 block [1359] : done (4044ms) 
 block [1360] : done (4319ms) 
 block [1361] : done (4389ms) 
 block [1362] : done (4440ms) 
 block [1363] : done (4437ms) 
 block [1364] : done (4499ms) 
 block [1365] : done (5142ms) 
 block [1366] : done (4860ms) 
 block [1367] : done (4952ms) 
 block [1368] : done (4702ms) 
 block [1369] : done (4905ms) 
 block [1370] : done (4552ms) 
 block [1371] : done (4723ms) 
 block [1372] : done (5040ms) 
 block [1373] : done (4884ms) 
 block [1374] : done (5086ms) 
 block [1375] : done (4609ms) 
 block [1376] : done (4766ms) 
 block [1377] : done (4888ms) 
 block [1378] : done (4640ms) 
 block [1379] : done (4867ms) 
 block [1380] : done (4298ms) 
 block [1381] : done (4988ms) 
 block [1382] : done (4533ms) 
 block [1383] : done (4806ms) 
 block [1384] : done (4731ms) 
 block [1385] : done (5392ms) 
 block [1386] : done (5623ms) 
 block [1387] : done (5498ms) 
 block [1388] : done (5288ms) 
 block [1389] : done (5507ms) 
 block [1390] : done (5580ms) 
 block [1391] : done (5343ms) 
 block [1392] : done (5212ms) 
 block [1393] : done (5026ms) 
 block [1394] : done (5363ms) 
 block [1395] : done (5378ms) 
 block [1396] : done (5021ms) 
 block [1397] : done (4905ms) 
 block [1398] : done (4991ms) 
 block [1399] : done (5152ms) 
 block [1400] : done (5691ms) 
 block [1401] : done (4619ms) 
 block [1402] : done (4682ms) 
 block [1403] : done (4405ms) 
 block [1404] : done (4848ms) 
 block [1405] : done (4855ms) 
 block [1406] : done (4937ms) 
 block [1407] : done (5134ms) 
 block [1408] : done (4892ms) 
 block [1409] : done (5082ms) 
 block [1410] : done (4344ms) 
 block [1411] : done (4810ms) 
 block [1412] : done (5087ms) 
 block [1413] : done (4827ms) 
 block [1414] : done (4514ms) 
 block [1415] : done (4803ms) 
 block [1416] : done (4770ms) 
 block [1417] : done (4828ms) 
 block [1418] : done (4669ms) 
 block [1419] : done (4536ms) 
 block [1420] : done (4811ms) 
 block [1421] : done (4485ms) 
 block [1422] : done (5208ms) 
 block [1423] : done (4723ms) 
 block [1424] : done (4869ms) 
 block [1425] : done (5045ms) 
 block [1426] : done (4866ms) 
 block [1427] : done (4959ms) 
 block [1428] : done (5151ms) 
 block [1429] : done (5212ms) 
 block [1430] : done (5322ms) 
 block [1431] : done (5081ms) 
 block [1432] : done (4772ms) 
 block [1433] : done (4779ms) 
 block [1434] : done (5049ms) 
 block [1435] : done (4971ms) 
 block [1436] : done (5374ms) 
 block [1437] : done (5446ms) 
 block [1438] : done (5406ms) 
 block [1439] : done (5300ms) 
 block [1440] : done (5432ms) 
 block [1441] : done (5549ms) 
 block [1442] : done (5827ms) 
 block [1443] : done (5737ms) 
 block [1444] : done (5037ms) 
 block [1445] : done (4971ms) 
 block [1446] : done (5067ms) 
 block [1447] : done (5227ms) 
 block [1448] : done (5226ms) 
 block [1449] : done (4943ms) 
 block [1450] : done (5348ms) 
 block [1451] : done (5357ms) 
 block [1452] : done (5475ms) 
 block [1453] : done (5319ms) 
 block [1454] : done (5161ms) 
 block [1455] : done (5403ms) 
 block [1456] : done (5276ms) 
 block [1457] : done (5210ms) 
 block [1458] : done (5472ms) 
 block [1459] : done (5366ms) 
 block [1460] : done (5077ms) 
 block [1461] : done (5337ms) 
 block [1462] : done (5254ms) 
 block [1463] : done (5230ms) 
 block [1464] : done (5513ms) 
 block [1465] : done (5591ms) 
 block [1466] : done (5366ms) 
 block [1467] : done (5597ms) 
 block [1468] : done (5582ms) 
 block [1469] : done (5313ms) 
 block [1470] : done (5449ms) 
 block [1471] : done (5103ms) 
 block [1472] : done (5044ms) 
 block [1473] : done (5364ms) 
 block [1474] : done (5398ms) 
 block [1475] : done (5565ms) 
 block [1476] : done (5718ms) 
 block [1477] : done (5704ms) 
 block [1478] : done (5174ms) 
 block [1479] : done (5635ms) 
 block [1480] : done (5849ms) 
 block [1481] : done (4923ms) 
 block [1482] : done (5168ms) 
 block [1483] : done (5412ms) 
 block [1484] : done (5148ms) 
 block [1485] : done (5007ms) 
 block [1486] : done (5332ms) 
 block [1487] : done (5528ms) 
 block [1488] : done (5252ms) 
 block [1489] : done (5459ms) 
 block [1490] : done (5128ms) 
 block [1491] : done (5218ms) 
 block [1492] : done (5107ms) 
 block [1493] : done (4938ms) 
 block [1494] : done (4934ms) 
 block [1495] : done (5435ms) 
 block [1496] : done (5160ms) 
 block [1497] : done (5098ms) 
 block [1498] : done (5250ms) 
 block [1499] : done (4819ms) 
 block [1500] : done (4822ms) 
 block [1501] : done (5001ms) 
 block [1502] : done (5062ms) 
 block [1503] : done (5242ms) 
 block [1504] : done (5013ms) 
 block [1505] : done (4567ms) 
 block [1506] : done (5220ms) 
 block [1507] : done (5276ms) 
 block [1508] : done (5103ms) 
 block [1509] : done (5418ms) 
 block [1510] : done (5029ms) 
 block [1511] : done (5579ms) 
 block [1512] : done (5183ms) 
 block [1513] : done (4845ms) 
 block [1514] : done (5250ms) 
 block [1515] : done (4999ms) 
 block [1516] : done (5566ms) 
 block [1517] : done (5351ms) 
 block [1518] : done (5311ms) 
 block [1519] : done (5247ms) 
 block [1520] : done (5102ms) 
 block [1521] : done (4849ms) 
 block [1522] : done (5190ms) 
 block [1523] : done (5208ms) 
 block [1524] : done (5067ms) 
 block [1525] : done (5386ms) 
 block [1526] : done (5074ms) 
 block [1527] : done (4962ms) 
 block [1528] : done (5172ms) 
 block [1529] : done (4847ms) 
 block [1530] : done (4937ms) 
 block [1531] : done (5214ms) 
 block [1532] : done (4551ms) 
 block [1533] : done (4986ms) 
 block [1534] : done (5423ms) 
 block [1535] : done (5379ms) 
 block [1536] : done (4877ms) 
 block [1537] : done (5007ms) 
 block [1538] : done (4992ms) 
 block [1539] : done (4716ms) 
 block [1540] : done (5027ms) 
 block [1541] : done (4781ms) 
 block [1542] : done (4292ms) 
 block [1543] : done (5096ms) 
 block [1544] : done (4709ms) 
 block [1545] : done (4537ms) 
 block [1546] : done (4828ms) 
 block [1547] : done (4945ms) 
 block [1548] : done (5154ms) 
 block [1549] : done (4918ms) 
 block [1550] : done (4918ms) 
 block [1551] : done (4819ms) 
 block [1552] : done (5181ms) 
 block [1553] : done (4804ms) 
 block [1554] : done (4979ms) 
 block [1555] : done (5176ms) 
 block [1556] : done (5117ms) 
 block [1557] : done (4807ms) 
 block [1558] : done (4911ms) 
 block [1559] : done (4762ms) 
 block [1560] : done (4682ms) 
 block [1561] : done (4407ms) 
 block [1562] : done (5279ms) 
 block [1563] : done (4868ms) 
 block [1564] : done (5526ms) 
 block [1565] : done (5168ms) 
 block [1566] : done (5105ms) 
 block [1567] : done (4723ms) 
 block [1568] : done (4772ms) 
 block [1569] : done (4615ms) 
 block [1570] : done (4809ms) 
 block [1571] : done (4825ms) 
 block [1572] : done (5264ms) 
 block [1573] : done (4734ms) 
 block [1574] : done (5413ms) 
 block [1575] : done (4643ms) 
 block [1576] : done (4682ms) 
 block [1577] : done (4270ms) 
 block [1578] : done (4471ms) 
 block [1579] : done (4987ms) 
 block [1580] : done (4701ms) 
 block [1581] : done (4744ms) 
 block [1582] : done (4635ms) 
 block [1583] : done (4701ms) 
 block [1584] : done (4903ms) 
 block [1585] : done (4998ms) 
 block [1586] : done (4541ms) 
 block [1587] : done (4930ms) 
 block [1588] : done (4712ms) 
 block [1589] : done (4946ms) 
 block [1590] : done (4580ms) 
 block [1591] : done (4797ms) 
 block [1592] : done (4768ms) 
 block [1593] : done (4711ms) 
 block [1594] : done (5168ms) 
 block [1595] : done (4903ms) 
 block [1596] : done (4829ms) 
 block [1597] : done (4656ms) 
 block [1598] : done (4651ms) 
 block [1599] : done (5018ms) 
 block [1600] : done (5016ms) 
 block [1601] : done (4945ms) 
 block [1602] : done (4793ms) 
 block [1603] : done (4624ms) 
 block [1604] : done (4909ms) 
 block [1605] : done (4897ms) 
 block [1606] : done (5112ms) 
 block [1607] : done (4526ms) 
 block [1608] : done (4901ms) 
 block [1609] : done (5206ms) 
 block [1610] : done (5165ms) 
 block [1611] : done (4801ms) 
 block [1612] : done (5364ms) 
 block [1613] : done (5038ms) 
 block [1614] : done (5180ms) 
 block [1615] : done (5456ms) 
 block [1616] : done (4846ms) 
 block [1617] : done (5216ms) 
 block [1618] : done (4866ms) 
 block [1619] : done (5365ms) 
 block [1620] : done (5196ms) 
 block [1621] : done (4939ms) 
 block [1622] : done (5152ms) 
 block [1623] : done (5445ms) 
 block [1624] : done (4979ms) 
 block [1625] : done (4962ms) 
 block [1626] : done (5289ms) 
 block [1627] : done (5260ms) 
 block [1628] : done (5251ms) 
 block [1629] : done (5157ms) 
 block [1630] : done (5746ms) 
 block [1631] : done (5505ms) 
 block [1632] : done (5090ms) 
 block [1633] : done (5505ms) 
 block [1634] : done (5156ms) 
 block [1635] : done (5144ms) 
 block [1636] : done (4807ms) 
 block [1637] : done (5440ms) 
 block [1638] : done (5153ms) 
 block [1639] : done (4656ms) 
 block [1640] : done (4820ms) 
 block [1641] : done (4957ms) 
 block [1642] : done (5163ms) 
 block [1643] : done (5033ms) 
 block [1644] : done (4810ms) 
 block [1645] : done (4854ms) 
 block [1646] : done (5283ms) 
 block [1647] : done (5328ms) 
 block [1648] : done (5130ms) 
 block [1649] : done (4810ms) 
 block [1650] : done (5457ms) 
 block [1651] : done (4868ms) 
 block [1652] : done (4830ms) 
 block [1653] : done (5107ms) 
 block [1654] : done (5158ms) 
 block [1655] : done (5341ms) 
 block [1656] : done (5425ms) 
 block [1657] : done (5303ms) 
 block [1658] : done (5300ms) 
 block [1659] : done (5475ms) 
 block [1660] : done (5519ms) 
 block [1661] : done (5564ms) 
 block [1662] : done (5408ms) 
 block [1663] : done (5198ms) 
 block [1664] : done (5227ms) 
 block [1665] : done (5199ms) 
 block [1666] : done (5164ms) 
 block [1667] : done (5093ms) 
 block [1668] : done (5158ms) 
 block [1669] : done (5186ms) 
 block [1670] : done (5343ms) 
 block [1671] : done (4797ms) 
 block [1672] : done (4731ms) 
 block [1673] : done (5204ms) 
 block [1674] : done (5313ms) 
 block [1675] : done (4986ms) 
 block [1676] : done (5482ms) 
 block [1677] : done (5663ms) 
 block [1678] : done (5896ms) 
 block [1679] : done (6446ms) 
 block [1680] : done (5218ms) 
 block [1681] : done (5028ms) 
 block [1682] : done (5534ms) 
 block [1683] : done (4869ms) 
 block [1684] : done (4626ms) 
 block [1685] : done (4711ms) 
 block [1686] : done (4674ms) 
 block [1687] : done (4771ms) 
 block [1688] : done (4848ms) 
 block [1689] : done (4608ms) 
 block [1690] : done (4853ms) 
 block [1691] : done (4524ms) 
 block [1692] : done (4492ms) 
 block [1693] : done (4291ms) 
 block [1694] : done (4607ms) 
 block [1695] : done (4692ms) 
 block [1696] : done (4756ms) 
 block [1697] : done (4882ms) 
 block [1698] : done (4844ms) 
 block [1699] : done (4842ms) 
 block [1700] : done (4435ms) 
 block [1701] : done (4413ms) 
 block [1702] : done (4359ms) 
 block [1703] : done (4538ms) 
 block [1704] : done (4979ms) 
 block [1705] : done (4795ms) 
 block [1706] : done (5447ms) 
 block [1707] : done (5236ms) 
 block [1708] : done (5118ms) 
 block [1709] : done (5178ms) 
 block [1710] : done (4915ms) 
 block [1711] : done (5259ms) 
 block [1712] : done (5325ms) 
 block [1713] : done (4966ms) 
 block [1714] : done (5246ms) 
 block [1715] : done (5382ms) 
 block [1716] : done (5245ms) 
 block [1717] : done (6734ms) 
 block [1718] : done (5507ms) 
 block [1719] : done (5726ms) 
 block [1720] : done (5728ms) 
 block [1721] : done (5238ms) 
 block [1722] : done (5556ms) 
 block [1723] : done (5309ms) 
 block [1724] : done (5721ms) 
 block [1725] : done (5198ms) 
 block [1726] : done (5302ms) 
 block [1727] : done (5815ms) 
 block [1728] : done (5586ms) 
 block [1729] : done (5151ms) 
 block [1730] : done (5158ms) 
 block [1731] : done (5051ms) 
 block [1732] : done (5438ms) 
 block [1733] : done (5196ms) 
 block [1734] : done (5134ms) 
 block [1735] : done (5391ms) 
 block [1736] : done (5417ms) 
 block [1737] : done (5096ms) 
 block [1738] : done (5168ms) 
 block [1739] : done (5352ms) 
 block [1740] : done (5596ms) 
 block [1741] : done (5414ms) 
 block [1742] : done (5522ms) 
 block [1743] : done (5226ms) 
 block [1744] : done (5218ms) 
 block [1745] : done (5587ms) 
 block [1746] : done (5826ms) 
 block [1747] : done (5081ms) 
 block [1748] : done (5255ms) 
 block [1749] : done (4964ms) 
 block [1750] : done (5422ms) 
 block [1751] : done (5407ms) 
 block [1752] : done (5823ms) 
 block [1753] : done (5675ms) 
 block [1754] : done (5676ms) 
 block [1755] : done (5914ms) 
 block [1756] : done (5927ms) 
 block [1757] : done (5868ms) 
 block [1758] : done (6036ms) 
 block [1759] : done (6031ms) 
 block [1760] : done (5547ms) 
 block [1761] : done (6025ms) 
 block [1762] : done (5625ms) 
 block [1763] : done (5739ms) 
 block [1764] : done (6182ms) 
 block [1765] : done (6123ms) 
 block [1766] : done (6046ms) 
 block [1767] : done (5801ms) 
 block [1768] : done (5329ms) 
 block [1769] : done (5683ms) 
 block [1770] : done (5762ms) 
 block [1771] : done (5456ms) 
 block [1772] : done (5332ms) 
 block [1773] : done (5226ms) 
 block [1774] : done (5522ms) 
 block [1775] : done (5121ms) 
 block [1776] : done (5361ms) 
 block [1777] : done (5787ms) 
 block [1778] : done (5524ms) 
 block [1779] : done (5414ms) 
 block [1780] : done (5585ms) 
 block [1781] : done (5309ms) 
 block [1782] : done (5565ms) 
 block [1783] : done (5833ms) 
 block [1784] : done (5627ms) 
 block [1785] : done (5873ms) 
 block [1786] : done (5264ms) 
 block [1787] : done (5705ms) 
 block [1788] : done (5922ms) 
 block [1789] : done (5961ms) 
 block [1790] : done (5560ms) 
 block [1791] : done (5442ms) 
 block [1792] : done (5717ms) 
 block [1793] : done (5226ms) 
 block [1794] : done (5888ms) 
 block [1795] : done (5297ms) 
 block [1796] : done (5211ms) 
 block [1797] : done (5147ms) 
 block [1798] : done (5517ms) 
 block [1799] : done (5073ms) 
 block [1800] : done (4877ms) 
 block [1801] : done (5101ms) 
 block [1802] : done (4837ms) 
 block [1803] : done (5100ms) 
 block [1804] : done (5578ms) 
 block [1805] : done (5121ms) 
 block [1806] : done (5219ms) 
 block [1807] : done (5180ms) 
 block [1808] : done (5212ms) 
 block [1809] : done (5514ms) 
 block [1810] : done (5489ms) 
 block [1811] : done (5455ms) 
 block [1812] : done (5478ms) 
 block [1813] : done (5915ms) 
 block [1814] : done (5733ms) 
 block [1815] : done (5267ms) 
 block [1816] : done (5204ms) 
 block [1817] : done (4638ms) 
 block [1818] : done (5528ms) 
 block [1819] : done (5487ms) 
 block [1820] : done (5154ms) 
 block [1821] : done (5650ms) 
 block [1822] : done (5541ms) 
 block [1823] : done (5266ms) 
 block [1824] : done (5240ms) 
 block [1825] : done (5475ms) 
 block [1826] : done (5540ms) 
 block [1827] : done (5885ms) 
 block [1828] : done (5201ms) 
 block [1829] : done (5466ms) 
 block [1830] : done (5445ms) 
 block [1831] : done (5733ms) 
 block [1832] : done (5412ms) 
 block [1833] : done (5543ms) 
 block [1834] : done (5321ms) 
 block [1835] : done (5312ms) 
 block [1836] : done (5473ms) 
 block [1837] : done (5093ms) 
 block [1838] : done (5271ms) 
 block [1839] : done (4745ms) 
 block [1840] : done (5014ms) 
 block [1841] : done (5044ms) 
 block [1842] : done (4979ms) 
 block [1843] : done (5049ms) 
 block [1844] : done (4771ms) 
 block [1845] : done (5029ms) 
 block [1846] : done (5478ms) 
 block [1847] : done (5716ms) 
 block [1848] : done (4996ms) 
 block [1849] : done (5143ms) 
 block [1850] : done (5625ms) 
 block [1851] : done (5673ms) 
 block [1852] : done (5746ms) 
 block [1853] : done (5013ms) 
 block [1854] : done (5417ms) 
 block [1855] : done (5103ms) 
 block [1856] : done (4460ms) 
 block [1857] : done (4592ms) 
 block [1858] : done (4868ms) 
 block [1859] : done (4848ms) 
 block [1860] : done (4705ms) 
 block [1861] : done (4849ms) 
 block [1862] : done (4819ms) 
 block [1863] : done (5270ms) 
 block [1864] : done (5073ms) 
 block [1865] : done (4879ms) 
 block [1866] : done (4671ms) 
 block [1867] : done (4649ms) 
 block [1868] : done (4330ms) 
 block [1869] : done (4603ms) 
 block [1870] : done (4690ms) 
 block [1871] : done (5085ms) 
 block [1872] : done (4888ms) 
 block [1873] : done (4523ms) 
 block [1874] : done (4593ms) 
 block [1875] : done (4342ms) 
 block [1876] : done (4607ms) 
 block [1877] : done (4170ms) 
 block [1878] : done (4635ms) 
 block [1879] : done (4337ms) 
 block [1880] : done (4644ms) 
 block [1881] : done (4535ms) 
 block [1882] : done (4569ms) 
 block [1883] : done (4476ms) 
 block [1884] : done (4794ms) 
 block [1885] : done (4840ms) 
 block [1886] : done (4176ms) 
 block [1887] : done (4547ms) 
 block [1888] : done (4784ms) 
 block [1889] : done (4645ms) 
 block [1890] : done (4555ms) 
 block [1891] : done (4482ms) 
 block [1892] : done (4447ms) 
 block [1893] : done (4873ms) 
 block [1894] : done (4661ms) 
 block [1895] : done (5034ms) 
 block [1896] : done (4820ms) 
 block [1897] : done (4692ms) 
 block [1898] : done (4995ms) 
 block [1899] : done (4097ms) 
 block [1900] : done (4641ms) 
 block [1901] : done (4947ms) 
 block [1902] : done (4917ms) 
 block [1903] : done (5264ms) 
 block [1904] : done (5311ms) 
 block [1905] : done (4756ms) 
 block [1906] : done (4950ms) 
 block [1907] : done (4458ms) 
 block [1908] : done (5140ms) 
 block [1909] : done (4997ms) 
 block [1910] : done (5127ms) 
 block [1911] : done (5279ms) 
 block [1912] : done (4886ms) 
 block [1913] : done (5224ms) 
 block [1914] : done (5300ms) 
 block [1915] : done (4906ms) 
 block [1916] : done (5174ms) 
 block [1917] : done (5035ms) 
 block [1918] : done (4963ms) 
 block [1919] : done (5112ms) 
 block [1920] : done (4446ms) 
 block [1921] : done (4997ms) 
 block [1922] : done (4747ms) 
 block [1923] : done (4924ms) 
 block [1924] : done (5320ms) 
 block [1925] : done (5240ms) 
 block [1926] : done (5532ms) 
 block [1927] : done (5373ms) 
 block [1928] : done (4954ms) 
 block [1929] : done (5241ms) 
 block [1930] : done (4971ms) 
 block [1931] : done (4819ms) 
 block [1932] : done (5275ms) 
 block [1933] : done (5276ms) 
 block [1934] : done (4638ms) 
 block [1935] : done (4959ms) 
 block [1936] : done (4966ms) 
 block [1937] : done (5077ms) 
 block [1938] : done (4851ms) 
 block [1939] : done (5143ms) 
 block [1940] : done (4473ms) 
 block [1941] : done (4895ms) 
 block [1942] : done (4910ms) 
 block [1943] : done (5234ms) 
 block [1944] : done (5088ms) 
 block [1945] : done (5307ms) 
 block [1946] : done (4919ms) 
 block [1947] : done (4414ms) 
 block [1948] : done (4665ms) 
 block [1949] : done (4552ms) 
 block [1950] : done (4511ms) 
 block [1951] : done (4646ms) 
 block [1952] : done (4624ms) 
 block [1953] : done (5617ms) 
 block [1954] : done (5090ms) 
 block [1955] : done (5086ms) 
 block [1956] : done (4906ms) 
 block [1957] : done (4969ms) 
 block [1958] : done (5127ms) 
 block [1959] : done (4910ms) 
 block [1960] : done (4606ms) 
 block [1961] : done (5026ms) 
 block [1962] : done (4816ms) 
 block [1963] : done (5449ms) 
 block [1964] : done (5547ms) 
 block [1965] : done (6371ms) 
 block [1966] : done (5317ms) 
 block [1967] : done (5403ms) 
 block [1968] : done (5574ms) 
 block [1969] : done (5403ms) 
 block [1970] : done (5616ms) 
 block [1971] : done (5934ms) 
 block [1972] : done (6127ms) 
 block [1973] : done (5944ms) 
 block [1974] : done (5940ms) 
 block [1975] : done (5443ms) 
 block [1976] : done (5150ms) 
 block [1977] : done (5354ms) 
 block [1978] : done (5023ms) 
 block [1979] : done (5470ms) 
 block [1980] : done (5338ms) 
 block [1981] : done (5663ms) 
 block [1982] : done (4935ms) 
 block [1983] : done (5300ms) 
 block [1984] : done (5397ms) 
 block [1985] : done (5619ms) 
 block [1986] : done (5743ms) 
 block [1987] : done (5884ms) 
 block [1988] : done (5211ms) 
 block [1989] : done (5034ms) 
 block [1990] : done (5769ms) 
 block [1991] : done (5785ms) 
 block [1992] : done (5335ms) 
 block [1993] : done (5353ms) 
 block [1994] : done (5760ms) 
 block [1995] : done (5792ms) 
 block [1996] : done (5357ms) 
 block [1997] : done (5104ms) 
 block [1998] : done (5066ms) 
 block [1999] : done (5251ms) 
 block [2000] : done (5254ms) 
 block [2001] : done (4836ms) 
 block [2002] : done (4882ms) 
 block [2003] : done (5590ms) 
 block [2004] : done (5313ms) 
 block [2005] : done (4874ms) 
 block [2006] : done (4968ms) 
 block [2007] : done (5766ms) 
 block [2008] : done (5307ms) 
 block [2009] : done (4411ms) 
 block [2010] : done (5372ms) 
 block [2011] : done (5113ms) 
 block [2012] : done (5109ms) 
 block [2013] : done (4938ms) 
 block [2014] : done (4667ms) 
 block [2015] : done (4917ms) 
 block [2016] : done (5108ms) 
 block [2017] : done (5182ms) 
 block [2018] : done (5366ms) 
 block [2019] : done (5109ms) 
 block [2020] : done (5032ms) 
 block [2021] : done (5299ms) 
 block [2022] : done (5278ms) 
 block [2023] : done (4868ms) 
 block [2024] : done (5003ms) 
 block [2025] : done (5065ms) 
 block [2026] : done (5246ms) 
 block [2027] : done (5418ms) 
 block [2028] : done (5245ms) 
 block [2029] : done (5579ms) 
 block [2030] : done (5221ms) 
 block [2031] : done (5543ms) 
 block [2032] : done (5530ms) 
 block [2033] : done (5110ms) 
 block [2034] : done (5230ms) 
 block [2035] : done (5234ms) 
 block [2036] : done (5271ms) 
 block [2037] : done (5164ms) 
 block [2038] : done (5157ms) 
 block [2039] : done (5737ms) 
 block [2040] : done (5765ms) 
 block [2041] : done (5544ms) 
 block [2042] : done (5452ms) 
 block [2043] : done (5487ms) 
 block [2044] : done (5161ms) 
 block [2045] : done (5410ms) 
 block [2046] : done (5173ms) 
 block [2047] : done (5330ms) 
 block [2048] : done (5072ms) 
 block [2049] : done (5218ms) 
 block [2050] : done (5428ms) 
 block [2051] : done (5382ms) 
 block [2052] : done (5402ms) 
 block [2053] : done (5186ms) 
 block [2054] : done (5130ms) 
 block [2055] : done (5244ms) 
 block [2056] : done (5222ms) 
 block [2057] : done (5073ms) 
 block [2058] : done (5615ms) 
 block [2059] : done (5078ms) 
 block [2060] : done (5158ms) 
 block [2061] : done (5262ms) 
 block [2062] : done (4999ms) 
 block [2063] : done (5053ms) 
 block [2064] : done (4973ms) 
 block [2065] : done (4856ms) 
 block [2066] : done (4975ms) 
 block [2067] : done (5260ms) 
 block [2068] : done (5338ms) 
 block [2069] : done (4886ms) 
 block [2070] : done (5015ms) 
 block [2071] : done (4941ms) 
 block [2072] : done (4849ms) 
 block [2073] : done (5393ms) 
 block [2074] : done (5234ms) 
 block [2075] : done (5013ms) 
 block [2076] : done (4704ms) 
 block [2077] : done (4610ms) 
 block [2078] : done (4800ms) 
 block [2079] : done (5210ms) 
 block [2080] : done (4833ms) 
 block [2081] : done (5102ms) 
 block [2082] : done (4803ms) 
 block [2083] : done (4495ms) 
 block [2084] : done (4613ms) 
 block [2085] : done (4777ms) 
 block [2086] : done (4838ms) 
 block [2087] : done (4577ms) 
 block [2088] : done (4808ms) 
 block [2089] : done (4746ms) 
 block [2090] : done (4686ms) 
 block [2091] : done (4588ms) 
 block [2092] : done (4725ms) 
 block [2093] : done (4390ms) 
 block [2094] : done (4764ms) 
 block [2095] : done (4664ms) 
 block [2096] : done (5075ms) 
 block [2097] : done (4934ms) 
 block [2098] : done (5003ms) 
 block [2099] : done (4776ms) 
 block [2100] : done (5135ms) 
 block [2101] : done (4796ms) 
 block [2102] : done (4966ms) 
 block [2103] : done (4505ms) 
 block [2104] : done (5004ms) 
 block [2105] : done (5012ms) 
 block [2106] : done (4759ms) 
 block [2107] : done (4431ms) 
 block [2108] : done (4700ms) 
 block [2109] : done (4592ms) 
 block [2110] : done (5227ms) 
 block [2111] : done (5354ms) 
 block [2112] : done (5098ms) 
 block [2113] : done (4839ms) 
 block [2114] : done (4835ms) 
 block [2115] : done (5211ms) 
 block [2116] : done (4832ms) 
 block [2117] : done (5426ms) 
 block [2118] : done (5196ms) 
 block [2119] : done (5663ms) 
 block [2120] : done (5145ms) 
 block [2121] : done (4848ms) 
 block [2122] : done (4555ms) 
 block [2123] : done (4816ms) 
 block [2124] : done (4767ms) 
 block [2125] : done (4583ms) 
 block [2126] : done (4469ms) 
 block [2127] : done (4704ms) 
 block [2128] : done (4500ms) 
 block [2129] : done (4779ms) 
 block [2130] : done (4862ms) 
 block [2131] : done (4703ms) 
 block [2132] : done (4833ms) 
 block [2133] : done (5044ms) 
 block [2134] : done (4907ms) 
 block [2135] : done (4712ms) 
 block [2136] : done (4478ms) 
 block [2137] : done (5093ms) 
 block [2138] : done (4679ms) 
 block [2139] : done (4912ms) 
 block [2140] : done (5407ms) 
 block [2141] : done (4964ms) 
 block [2142] : done (5479ms) 
 block [2143] : done (4667ms) 
 block [2144] : done (4470ms) 
 block [2145] : done (4641ms) 
 block [2146] : done (4398ms) 
 block [2147] : done (4611ms) 
 block [2148] : done (4485ms) 
 block [2149] : done (4743ms) 
 block [2150] : done (4513ms) 
 block [2151] : done (4242ms) 
 block [2152] : done (4496ms) 
 block [2153] : done (4618ms) 
 block [2154] : done (4499ms) 
 block [2155] : done (4475ms) 
 block [2156] : done (4559ms) 
 block [2157] : done (5351ms) 
 block [2158] : done (4626ms) 
 block [2159] : done (4656ms) 
 block [2160] : done (4632ms) 
 block [2161] : done (4658ms) 
 block [2162] : done (4457ms) 
 block [2163] : done (4724ms) 
 block [2164] : done (4831ms) 
 block [2165] : done (4644ms) 
 block [2166] : done (4893ms) 
 block [2167] : done (4473ms) 
 block [2168] : done (4972ms) 
 block [2169] : done (4192ms) 
 block [2170] : done (4610ms) 
 block [2171] : done (5005ms) 
 block [2172] : done (4626ms) 
 block [2173] : done (5229ms) 
 block [2174] : done (4999ms) 
 block [2175] : done (4860ms) 
 block [2176] : done (4636ms) 
 block [2177] : done (5152ms) 
 block [2178] : done (4896ms) 
 block [2179] : done (4619ms) 
 block [2180] : done (4825ms) 
 block [2181] : done (4293ms) 
 block [2182] : done (4330ms) 
 block [2183] : done (4747ms) 
 block [2184] : done (4970ms) 
 block [2185] : done (4916ms) 
 block [2186] : done (4354ms) 
 block [2187] : done (4510ms) 
 block [2188] : done (4668ms) 
 block [2189] : done (4545ms) 
 block [2190] : done (4782ms) 
 block [2191] : done (5019ms) 
 block [2192] : done (4865ms) 
 block [2193] : done (4386ms) 
 block [2194] : done (5343ms) 
 block [2195] : done (4770ms) 
 block [2196] : done (4288ms) 
 block [2197] : done (4625ms) 
 block [2198] : done (4671ms) 
 block [2199] : done (4767ms) 
 block [2200] : done (4406ms) 
 block [2201] : done (4703ms) 
 block [2202] : done (4625ms) 
 block [2203] : done (5019ms) 
 block [2204] : done (4690ms) 
 block [2205] : done (4307ms) 
 block [2206] : done (4556ms) 
 block [2207] : done (4743ms) 
 block [2208] : done (4908ms) 
 block [2209] : done (4491ms) 
 block [2210] : done (4957ms) 
 block [2211] : done (4887ms) 
 block [2212] : done (4643ms) 
 block [2213] : done (4798ms) 
 block [2214] : done (4722ms) 
 block [2215] : done (4286ms) 
 block [2216] : done (4765ms) 
 block [2217] : done (4830ms) 
 block [2218] : done (4458ms) 
 block [2219] : done (4640ms) 
 block [2220] : done (4690ms) 
 block [2221] : done (4508ms) 
 block [2222] : done (4509ms) 
 block [2223] : done (4695ms) 
 block [2224] : done (4959ms) 
 block [2225] : done (5030ms) 
 block [2226] : done (4880ms) 
 block [2227] : done (4339ms) 
 block [2228] : done (4931ms) 
 block [2229] : done (4881ms) 
 block [2230] : done (5425ms) 
 block [2231] : done (5051ms) 
 block [2232] : done (5115ms) 
 block [2233] : done (4886ms) 
 block [2234] : done (4644ms) 
 block [2235] : done (4537ms) 
 block [2236] : done (4583ms) 
 block [2237] : done (4187ms) 
 block [2238] : done (4561ms) 
 block [2239] : done (4676ms) 
 block [2240] : done (4543ms) 
 block [2241] : done (4522ms) 
 block [2242] : done (4376ms) 
 block [2243] : done (4692ms) 
 block [2244] : done (4484ms) 
 block [2245] : done (4641ms) 
 block [2246] : done (5231ms) 
 block [2247] : done (4774ms) 
 block [2248] : done (5139ms) 
 block [2249] : done (5516ms) 
 block [2250] : done (5344ms) 
 block [2251] : done (5193ms) 
 block [2252] : done (5138ms) 
 block [2253] : done (5089ms) 
 block [2254] : done (5810ms) 
 block [2255] : done (5409ms) 
 block [2256] : done (5413ms) 
 block [2257] : done (5534ms) 
 block [2258] : done (5228ms) 
 block [2259] : done (5180ms) 
 block [2260] : done (5536ms) 
 block [2261] : done (5456ms) 
 block [2262] : done (5649ms) 
 block [2263] : done (5359ms) 
 block [2264] : done (5438ms) 
 block [2265] : done (4990ms) 
 block [2266] : done (5430ms) 
 block [2267] : done (4916ms) 
 block [2268] : done (5339ms) 
 block [2269] : done (5055ms) 
 block [2270] : done (5398ms) 
 block [2271] : done (5031ms) 
 block [2272] : done (5492ms) 
 block [2273] : done (5383ms) 
 block [2274] : done (5255ms) 
 block [2275] : done (5100ms) 
 block [2276] : done (4673ms) 
 block [2277] : done (4612ms) 
 block [2278] : done (5705ms) 
 block [2279] : done (5471ms) 
 block [2280] : done (5277ms) 
 block [2281] : done (5201ms) 
 block [2282] : done (5471ms) 
 block [2283] : done (5260ms) 
 block [2284] : done (4904ms) 
 block [2285] : done (5287ms) 
 block [2286] : done (5097ms) 
 block [2287] : done (5440ms) 
 block [2288] : done (5708ms) 
 block [2289] : done (5085ms) 
 block [2290] : done (4752ms) 
 block [2291] : done (5253ms) 
 block [2292] : done (5708ms) 
 block [2293] : done (5294ms) 
 block [2294] : done (5138ms) 
 block [2295] : done (5032ms) 
 block [2296] : done (5024ms) 
 block [2297] : done (4830ms) 
 block [2298] : done (4903ms) 
 block [2299] : done (4934ms) 
 block [2300] : done (5255ms) 
 block [2301] : done (4756ms) 
 block [2302] : done (4630ms) 
 block [2303] : done (4807ms) 
 block [2304] : done (4855ms) 
 block [2305] : done (4821ms) 
 block [2306] : done (4611ms) 
 block [2307] : done (4598ms) 
 block [2308] : done (4770ms) 
 block [2309] : done (4361ms) 
 block [2310] : done (4970ms) 
 block [2311] : done (4640ms) 
 block [2312] : done (4513ms) 
 block [2313] : done (4834ms) 
 block [2314] : done (4768ms) 
 block [2315] : done (4859ms) 
 block [2316] : done (4905ms) 
 block [2317] : done (5095ms) 
 block [2318] : done (4587ms) 
 block [2319] : done (5133ms) 
 block [2320] : done (4684ms) 
 block [2321] : done (5064ms) 
 block [2322] : done (4562ms) 
 block [2323] : done (5145ms) 
 block [2324] : done (5146ms) 
 block [2325] : done (4839ms) 
 block [2326] : done (4844ms) 
 block [2327] : done (5054ms) 
 block [2328] : done (4856ms) 
 block [2329] : done (5034ms) 
 block [2330] : done (5624ms) 
 block [2331] : done (4634ms) 
 block [2332] : done (5596ms) 
 block [2333] : done (5608ms) 
 block [2334] : done (5579ms) 
 block [2335] : done (5597ms) 
 block [2336] : done (5521ms) 
 block [2337] : done (5152ms) 
 block [2338] : done (5488ms) 
 block [2339] : done (5212ms) 
 block [2340] : done (5176ms) 
 block [2341] : done (5066ms) 
 block [2342] : done (5228ms) 
 block [2343] : done (5453ms) 
 block [2344] : done (5389ms) 
 block [2345] : done (5301ms) 
 block [2346] : done (5752ms) 
 block [2347] : done (5217ms) 
 block [2348] : done (5482ms) 
 block [2349] : done (5397ms) 
 block [2350] : done (5374ms) 
 block [2351] : done (5062ms) 
 block [2352] : done (5060ms) 
 block [2353] : done (5162ms) 
 block [2354] : done (4843ms) 
 block [2355] : done (5102ms) 
 block [2356] : done (5212ms) 
 block [2357] : done (5310ms) 
 block [2358] : done (5218ms) 
 block [2359] : done (5255ms) 
 block [2360] : done (4920ms) 
 block [2361] : done (4989ms) 
 block [2362] : done (4652ms) 
 block [2363] : done (5073ms) 
 block [2364] : done (4900ms) 
 block [2365] : done (5524ms) 
 block [2366] : done (5199ms) 
 block [2367] : done (4134ms) 
 block [2368] : done (5149ms) 
 block [2369] : done (5058ms) 
 block [2370] : done (4497ms) 
 block [2371] : done (4587ms) 
 block [2372] : done (5092ms) 
 block [2373] : done (4670ms) 
 block [2374] : done (4770ms) 
 block [2375] : done (5067ms) 
 block [2376] : done (4808ms) 
 block [2377] : done (4944ms) 
 block [2378] : done (4854ms) 
 block [2379] : done (4660ms) 
 block [2380] : done (5095ms) 
 block [2381] : done (5100ms) 
 block [2382] : done (4954ms) 
 block [2383] : done (4957ms) 
 block [2384] : done (4747ms) 
 block [2385] : done (4798ms) 
 block [2386] : done (4894ms) 
 block [2387] : done (4772ms) 
 block [2388] : done (5254ms) 
 block [2389] : done (4801ms) 
 block [2390] : done (4974ms) 
 block [2391] : done (5392ms) 
 block [2392] : done (4843ms) 
 block [2393] : done (5216ms) 
 block [2394] : done (5160ms) 
 block [2395] : done (5010ms) 
 block [2396] : done (5175ms) 
 block [2397] : done (5000ms) 
 block [2398] : done (5393ms) 
 block [2399] : done (5965ms) 
 block [2400] : done (5735ms) 
 block [2401] : done (5988ms) 
 block [2402] : done (5806ms) 
 block [2403] : done (5610ms) 
 block [2404] : done (5559ms) 
 block [2405] : done (5322ms) 
 block [2406] : done (5579ms) 
 block [2407] : done (5612ms) 
 block [2408] : done (5496ms) 
 block [2409] : done (5650ms) 
 block [2410] : done (5668ms) 
 block [2411] : done (5531ms) 
 block [2412] : done (5299ms) 
 block [2413] : done (5171ms) 
 block [2414] : done (6313ms) 
 block [2415] : done (5197ms) 
 block [2416] : done (5532ms) 
 block [2417] : done (5622ms) 
 block [2418] : done (5709ms) 
 block [2419] : done (6487ms) 
 block [2420] : done (5919ms) 
 block [2421] : done (6195ms) 
 block [2422] : done (5644ms) 
 block [2423] : done (5349ms) 
 block [2424] : done (5261ms) 
 block [2425] : done (5139ms) 
 block [2426] : done (5466ms) 
 block [2427] : done (5139ms) 
 block [2428] : done (5450ms) 
 block [2429] : done (5504ms) 
 block [2430] : done (5559ms) 
 block [2431] : done (5486ms) 
 block [2432] : done (5155ms) 
 block [2433] : done (5335ms) 
 block [2434] : done (5408ms) 
 block [2435] : done (5261ms) 
 block [2436] : done (5716ms) 
 block [2437] : done (5323ms) 
 block [2438] : done (5685ms) 
 block [2439] : done (5647ms) 
 block [2440] : done (5515ms) 
 block [2441] : done (5364ms) 
 block [2442] : done (5204ms) 
 block [2443] : done (5620ms) 
 block [2444] : done (5524ms) 
 block [2445] : done (5403ms) 
 block [2446] : done (5502ms) 
 block [2447] : done (5195ms) 
 block [2448] : done (5178ms) 
 block [2449] : done (5280ms) 
 block [2450] : done (5714ms) 
 block [2451] : done (5465ms) 
 block [2452] : done (5673ms) 
 block [2453] : done (5560ms) 
 block [2454] : done (5814ms) 
 block [2455] : done (5565ms) 
 block [2456] : done (5609ms) 
 block [2457] : done (5432ms) 
 block [2458] : done (5242ms) 
 block [2459] : done (5502ms) 
 block [2460] : done (5178ms) 
 block [2461] : done (5194ms) 
 block [2462] : done (5815ms) 
 block [2463] : done (5571ms) 
 block [2464] : done (5809ms) 
 block [2465] : done (5570ms) 
 block [2466] : done (5353ms) 
 block [2467] : done (5596ms) 
 block [2468] : done (5422ms) 
 block [2469] : done (5234ms) 
 block [2470] : done (5586ms) 
 block [2471] : done (5626ms) 
 block [2472] : done (5871ms) 
 block [2473] : done (5192ms) 
 block [2474] : done (5183ms) 
 block [2475] : done (5614ms) 
 block [2476] : done (5392ms) 
 block [2477] : done (5410ms) 
 block [2478] : done (5930ms) 
 block [2479] : done (5224ms) 
 block [2480] : done (5389ms) 
 block [2481] : done (5632ms) 
 block [2482] : done (5519ms) 
 block [2483] : done (5929ms) 
 block [2484] : done (5652ms) 
 block [2485] : done (6112ms) 
 block [2486] : done (6077ms) 
 block [2487] : done (5715ms) 
 block [2488] : done (5327ms) 
 block [2489] : done (6035ms) 
 block [2490] : done (5599ms) 
 block [2491] : done (5146ms) 
 block [2492] : done (5111ms) 
 block [2493] : done (4881ms) 
 block [2494] : done (5038ms) 
 block [2495] : done (5462ms) 
 block [2496] : done (5134ms) 
 block [2497] : done (4873ms) 
 block [2498] : done (5171ms) 
 block [2499] : done (5342ms) 
 block [2500] : done (5425ms) 
 block [2501] : done (5384ms) 
 block [2502] : done (5161ms) 
 block [2503] : done (5112ms) 
 block [2504] : done (4734ms) 
 block [2505] : done (4915ms) 
 block [2506] : done (4958ms) 
 block [2507] : done (5103ms) 
 block [2508] : done (5026ms) 
 block [2509] : done (5010ms) 
 block [2510] : done (4849ms) 
 block [2511] : done (4879ms) 
 block [2512] : done (5006ms) 
 block [2513] : done (4883ms) 
 block [2514] : done (4935ms) 
 block [2515] : done (4980ms) 
 block [2516] : done (5172ms) 
 block [2517] : done (5628ms) 
 block [2518] : done (5300ms) 
 block [2519] : done (5494ms) 
 block [2520] : done (5420ms) 
 block [2521] : done (5748ms) 
 block [2522] : done (5910ms) 
 block [2523] : done (5439ms) 
 block [2524] : done (5474ms) 
 block [2525] : done (5530ms) 
 block [2526] : done (5458ms) 
 block [2527] : done (5278ms) 
 block [2528] : done (5723ms) 
 block [2529] : done (5309ms) 
 block [2530] : done (5200ms) 
 block [2531] : done (5183ms) 
 block [2532] : done (5060ms) 
 block [2533] : done (5183ms) 
 block [2534] : done (5007ms) 
 block [2535] : done (4945ms) 
 block [2536] : done (5114ms) 
 block [2537] : done (5115ms) 
 block [2538] : done (5379ms) 
 block [2539] : done (5724ms) 
 block [2540] : done (5461ms) 
 block [2541] : done (5987ms) 
 block [2542] : done (5770ms) 
 block [2543] : done (6058ms) 
 block [2544] : done (5730ms) 
 block [2545] : done (5936ms) 
 block [2546] : done (5171ms) 
 block [2547] : done (4687ms) 
 block [2548] : done (5205ms) 
 block [2549] : done (5718ms) 
 block [2550] : done (4954ms) 
 block [2551] : done (5446ms) 
 block [2552] : done (5244ms) 
 block [2553] : done (5073ms) 
 block [2554] : done (5457ms) 
 block [2555] : done (4993ms) 
 block [2556] : done (4960ms) 
 block [2557] : done (5296ms) 
 block [2558] : done (5387ms) 
 block [2559] : done (5618ms) 
 block [2560] : done (5469ms) 
 block [2561] : done (5795ms) 
 block [2562] : done (5675ms) 
 block [2563] : done (6099ms) 
 block [2564] : done (6176ms) 
 block [2565] : done (6166ms) 
 block [2566] : done (5839ms) 
 block [2567] : done (5822ms) 
 block [2568] : done (5768ms) 
 block [2569] : done (5531ms) 
 block [2570] : done (5661ms) 
 block [2571] : done (5704ms) 
 block [2572] : done (6132ms) 
 block [2573] : done (5490ms) 
 block [2574] : done (5905ms) 
 block [2575] : done (5943ms) 
 block [2576] : done (5658ms) 
 block [2577] : done (5640ms) 
 block [2578] : done (5125ms) 
 block [2579] : done (5733ms) 
 block [2580] : done (5500ms) 
 block [2581] : done (5305ms) 
 block [2582] : done (5523ms) 
 block [2583] : done (5376ms) 
 block [2584] : done (5207ms) 
 block [2585] : done (5091ms) 
 block [2586] : done (5086ms) 
 block [2587] : done (5390ms) 
 block [2588] : done (5333ms) 
 block [2589] : done (5404ms) 
 block [2590] : done (5545ms) 
 block [2591] : done (5271ms) 
 block [2592] : done (5712ms) 
 block [2593] : done (5540ms) 
 block [2594] : done (5339ms) 
 block [2595] : done (5478ms) 
 block [2596] : done (5309ms) 
 block [2597] : done (5756ms) 
 block [2598] : done (5872ms) 
 block [2599] : done (5282ms) 
 block [2600] : done (5480ms) 
 block [2601] : done (5195ms) 
 block [2602] : done (5459ms) 
 block [2603] : done (5489ms) 
 block [2604] : done (5518ms) 
 block [2605] : done (5975ms) 
 block [2606] : done (5113ms) 
 block [2607] : done (5062ms) 
 block [2608] : done (5405ms) 
 block [2609] : done (5653ms) 
 block [2610] : done (5065ms) 
 block [2611] : done (5256ms) 
 block [2612] : done (5363ms) 
 block [2613] : done (5845ms) 
 block [2614] : done (5014ms) 
 block [2615] : done (5660ms) 
 block [2616] : done (5630ms) 
 block [2617] : done (5509ms) 
 block [2618] : done (6172ms) 
 block [2619] : done (5811ms) 
 block [2620] : done (5882ms) 
 block [2621] : done (6098ms) 
 block [2622] : done (6245ms) 
 block [2623] : done (6204ms) 
 block [2624] : done (6363ms) 
 block [2625] : done (6001ms) 
 block [2626] : done (6042ms) 
 block [2627] : done (6068ms) 
 block [2628] : done (5778ms) 
 block [2629] : done (6136ms) 
 block [2630] : done (5902ms) 
 block [2631] : done (6274ms) 
 block [2632] : done (5603ms) 
 block [2633] : done (5820ms) 
 block [2634] : done (6127ms) 
 block [2635] : done (5642ms) 
 block [2636] : done (5787ms) 
 block [2637] : done (6113ms) 
 block [2638] : done (6021ms) 
 block [2639] : done (5602ms) 
 block [2640] : done (5649ms) 
 block [2641] : done (5816ms) 
 block [2642] : done (5602ms) 
 block [2643] : done (5631ms) 
 block [2644] : done (5556ms) 
 block [2645] : done (5861ms) 
 block [2646] : done (5568ms) 
 block [2647] : done (5730ms) 
 block [2648] : done (5806ms) 
 block [2649] : done (5470ms) 
 block [2650] : done (5753ms) 
 block [2651] : done (5889ms) 
 block [2652] : done (6029ms) 
 block [2653] : done (5692ms) 
 block [2654] : done (6345ms) 
 block [2655] : done (5972ms) 
 block [2656] : done (6545ms) 
 block [2657] : done (6420ms) 
 block [2658] : done (5964ms) 
 block [2659] : done (6710ms) 
 block [2660] : done (6410ms) 
 block [2661] : done (6277ms) 
 block [2662] : done (6043ms) 
 block [2663] : done (5980ms) 
 block [2664] : done (5610ms) 
 block [2665] : done (5565ms) 
 block [2666] : done (5734ms) 
 block [2667] : done (5700ms) 
 block [2668] : done (5687ms) 
 block [2669] : done (5807ms) 
 block [2670] : done (4899ms) 
 block [2671] : done (5340ms) 
 block [2672] : done (5595ms) 
 block [2673] : done (6076ms) 
 block [2674] : done (5100ms) 
 block [2675] : done (5787ms) 
 block [2676] : done (5384ms) 
 block [2677] : done (5498ms) 
 block [2678] : done (5814ms) 
 block [2679] : done (5301ms) 
 block [2680] : done (5242ms) 
 block [2681] : done (5218ms) 
 block [2682] : done (5153ms) 
 block [2683] : done (5253ms) 
 block [2684] : done (5059ms) 
 block [2685] : done (4888ms) 
 block [2686] : done (5520ms) 
 block [2687] : done (5508ms) 
 block [2688] : done (5226ms) 
 block [2689] : done (5922ms) 
 block [2690] : done (5703ms) 
 block [2691] : done (5120ms) 
 block [2692] : done (5473ms) 
 block [2693] : done (5735ms) 
 block [2694] : done (5498ms) 
 block [2695] : done (5866ms) 
 block [2696] : done (5485ms) 
 block [2697] : done (5255ms) 
 block [2698] : done (5265ms) 
 block [2699] : done (5509ms) 
 block [2700] : done (5304ms) 
 block [2701] : done (5079ms) 
 block [2702] : done (5229ms) 
 block [2703] : done (5302ms) 
 block [2704] : done (5204ms) 
 block [2705] : done (5083ms) 
 block [2706] : done (5554ms) 
 block [2707] : done (5372ms) 
 block [2708] : done (5588ms) 
 block [2709] : done (5790ms) 
 block [2710] : done (6053ms) 
 block [2711] : done (5602ms) 
 block [2712] : done (5210ms) 
 block [2713] : done (5870ms) 
 block [2714] : done (5419ms) 
 block [2715] : done (5297ms) 
 block [2716] : done (5685ms) 
 block [2717] : done (5693ms) 
 block [2718] : done (5782ms) 
 block [2719] : done (5748ms) 
 block [2720] : done (6032ms) 
 block [2721] : done (5811ms) 
 block [2722] : done (5975ms) 
 block [2723] : done (5842ms) 
 block [2724] : done (6161ms) 
 block [2725] : done (5773ms) 
 block [2726] : done (5606ms) 
 block [2727] : done (5697ms) 
 block [2728] : done (5640ms) 
 block [2729] : done (5888ms) 
 block [2730] : done (5471ms) 
 block [2731] : done (5708ms) 
 block [2732] : done (5436ms) 
 block [2733] : done (5943ms) 
 block [2734] : done (5672ms) 
 block [2735] : done (6092ms) 
 block [2736] : done (5890ms) 
 block [2737] : done (6485ms) 
 block [2738] : done (6114ms) 
 block [2739] : done (6468ms) 
 block [2740] : done (6075ms) 
 block [2741] : done (5899ms) 
 block [2742] : done (6138ms) 
 block [2743] : done (6105ms) 
 block [2744] : done (6084ms) 
 block [2745] : done (5617ms) 
 block [2746] : done (5518ms) 
 block [2747] : done (5362ms) 
 block [2748] : done (5505ms) 
 block [2749] : done (5463ms) 
 block [2750] : done (5432ms) 
 block [2751] : done (5441ms) 
 block [2752] : done (5609ms) 
 block [2753] : done (5793ms) 
 block [2754] : done (6019ms) 
 block [2755] : done (6015ms) 
 block [2756] : done (5413ms) 
 block [2757] : done (5437ms) 
 block [2758] : done (5688ms) 
 block [2759] : done (5582ms) 
 block [2760] : done (5596ms) 
 block [2761] : done (5544ms) 
 block [2762] : done (6100ms) 
 block [2763] : done (5680ms) 
 block [2764] : done (6030ms) 
 block [2765] : done (5548ms) 
 block [2766] : done (5566ms) 
 block [2767] : done (5222ms) 
 block [2768] : done (5652ms) 
 block [2769] : done (5898ms) 
 block [2770] : done (5299ms) 
 block [2771] : done (5788ms) 
 block [2772] : done (5129ms) 
 block [2773] : done (5199ms) 
 block [2774] : done (5743ms) 
 block [2775] : done (5340ms) 
 block [2776] : done (5508ms) 
 block [2777] : done (5864ms) 
 block [2778] : done (5775ms) 
 block [2779] : done (5511ms) 
 block [2780] : done (6229ms) 
 block [2781] : done (6302ms) 
 block [2782] : done (6100ms) 
 block [2783] : done (5853ms) 
 block [2784] : done (6006ms) 
 block [2785] : done (6358ms) 
 block [2786] : done (5592ms) 
 block [2787] : done (5927ms) 
 block [2788] : done (6057ms) 
 block [2789] : done (5279ms) 
 block [2790] : done (5685ms) 
 block [2791] : done (5578ms) 
 block [2792] : done (5302ms) 
 block [2793] : done (5491ms) 
 block [2794] : done (5677ms) 
 block [2795] : done (5365ms) 
 block [2796] : done (5279ms) 
 block [2797] : done (5833ms) 
 block [2798] : done (4955ms) 
 block [2799] : done (5053ms) 
 block [2800] : done (5218ms) 
 block [2801] : done (5328ms) 
 block [2802] : done (5303ms) 
 block [2803] : done (5159ms) 
 block [2804] : done (4887ms) 
 block [2805] : done (5257ms) 
 block [2806] : done (4993ms) 
 block [2807] : done (4876ms) 
 block [2808] : done (5353ms) 
 block [2809] : done (6218ms) 
 block [2810] : done (6190ms) 
 block [2811] : done (5577ms) 
 block [2812] : done (5723ms) 
 block [2813] : done (6244ms) 
 block [2814] : done (6301ms) 
 block [2815] : done (6372ms) 
 block [2816] : done (6319ms) 
 block [2817] : done (5964ms) 
 block [2818] : done (5966ms) 
 block [2819] : done (6385ms) 
 block [2820] : done (5770ms) 
 block [2821] : done (6074ms) 
 block [2822] : done (5387ms) 
 block [2823] : done (5362ms) 
 block [2824] : done (5621ms) 
 block [2825] : done (5899ms) 
 block [2826] : done (5885ms) 
 block [2827] : done (5191ms) 
 block [2828] : done (5820ms) 
 block [2829] : done (5145ms) 
 block [2830] : done (5157ms) 
 block [2831] : done (5426ms) 
 block [2832] : done (5556ms) 
 block [2833] : done (5206ms) 
 block [2834] : done (5386ms) 
 block [2835] : done (5033ms) 
 block [2836] : done (6000ms) 
 block [2837] : done (5402ms) 
 block [2838] : done (5504ms) 
 block [2839] : done (5017ms) 
 block [2840] : done (5537ms) 
 block [2841] : done (5618ms) 
 block [2842] : done (5352ms) 
 block [2843] : done (5578ms) 
 block [2844] : done (5880ms) 
 block [2845] : done (5576ms) 
 block [2846] : done (5261ms) 
 block [2847] : done (5083ms) 
 block [2848] : done (4853ms) 
 block [2849] : done (5369ms) 
 block [2850] : done (5354ms) 
 block [2851] : done (5419ms) 
 block [2852] : done (5226ms) 
 block [2853] : done (5308ms) 
 block [2854] : done (5566ms) 
 block [2855] : done (5876ms) 
 block [2856] : done (5518ms) 
 block [2857] : done (5394ms) 
 block [2858] : done (5794ms) 
 block [2859] : done (6092ms) 
 block [2860] : done (6513ms) 
 block [2861] : done (6045ms) 
 block [2862] : done (6611ms) 
 block [2863] : done (6345ms) 
 block [2864] : done (6405ms) 
 block [2865] : done (6535ms) 
 block [2866] : done (6925ms) 
 block [2867] : done (5501ms) 
 block [2868] : done (5858ms) 
 block [2869] : done (6398ms) 
 block [2870] : done (6012ms) 
 block [2871] : done (6054ms) 
 block [2872] : done (5971ms) 
 block [2873] : done (5959ms) 
 block [2874] : done (5978ms) 
 block [2875] : done (5692ms) 
 block [2876] : done (5783ms) 
 block [2877] : done (5655ms) 
 block [2878] : done (5992ms) 
 block [2879] : done (6014ms) 
 block [2880] : done (6135ms) 
 block [2881] : done (6173ms) 
 block [2882] : done (6174ms) 
 block [2883] : done (5724ms) 
 block [2884] : done (6360ms) 
 block [2885] : done (5800ms) 
 block [2886] : done (5327ms) 
 block [2887] : done (6002ms) 
 block [2888] : done (5427ms) 
 block [2889] : done (5357ms) 
 block [2890] : done (6243ms) 
 block [2891] : done (5447ms) 
 block [2892] : done (5609ms) 
 block [2893] : done (5864ms) 
 block [2894] : done (6047ms) 
 block [2895] : done (5580ms) 
 block [2896] : done (6096ms) 
 block [2897] : done (6073ms) 
 block [2898] : done (5702ms) 
 block [2899] : done (5481ms) 
 block [2900] : done (5286ms) 
 block [2901] : done (5742ms) 
 block [2902] : done (5949ms) 
 block [2903] : done (6184ms) 
 block [2904] : done (5704ms) 
 block [2905] : done (6100ms) 
 block [2906] : done (6059ms) 
 block [2907] : done (6144ms) 
 block [2908] : done (6263ms) 
 block [2909] : done (5798ms) 
 block [2910] : done (6005ms) 
 block [2911] : done (6076ms) 
 block [2912] : done (6028ms) 
 block [2913] : done (5834ms) 
 block [2914] : done (5846ms) 
 block [2915] : done (5873ms) 
 block [2916] : done (6077ms) 
 block [2917] : done (6303ms) 
 block [2918] : done (5986ms) 
 block [2919] : done (5829ms) 
 block [2920] : done (6649ms) 
 block [2921] : done (6119ms) 
 block [2922] : done (6241ms) 
 block [2923] : done (6267ms) 
 block [2924] : done (6216ms) 
 block [2925] : done (6068ms) 
 block [2926] : done (6406ms) 
 block [2927] : done (5931ms) 
 block [2928] : done (5839ms) 
 block [2929] : done (5926ms) 
 block [2930] : done (6190ms) 
 block [2931] : done (5939ms) 
 block [2932] : done (5987ms) 
 block [2933] : done (5869ms) 
 block [2934] : done (6037ms) 
 block [2935] : done (5923ms) 
 block [2936] : done (6112ms) 
 block [2937] : done (6048ms) 
 block [2938] : done (5378ms) 
 block [2939] : done (6223ms) 
 block [2940] : done (6284ms) 
 block [2941] : done (5899ms) 
 block [2942] : done (6033ms) 
 block [2943] : done (6019ms) 
 block [2944] : done (6374ms) 
 block [2945] : done (6418ms) 
 block [2946] : done (5976ms) 
 block [2947] : done (6107ms) 
 block [2948] : done (5858ms) 
 block [2949] : done (6464ms) 
 block [2950] : done (5958ms) 
 block [2951] : done (5732ms) 
 block [2952] : done (6032ms) 
 block [2953] : done (5813ms) 
 block [2954] : done (5616ms) 
 block [2955] : done (6041ms) 
 block [2956] : done (6171ms) 
 block [2957] : done (5365ms) 
 block [2958] : done (6417ms) 
 block [2959] : done (6484ms) 
 block [2960] : done (6484ms) 
 block [2961] : done (6135ms) 
 block [2962] : done (6341ms) 
 block [2963] : done (6396ms) 
 block [2964] : done (6703ms) 
 block [2965] : done (6838ms) 
 block [2966] : done (6339ms) 
 block [2967] : done (6843ms) 
 block [2968] : done (6655ms) 
 block [2969] : done (6595ms) 
 block [2970] : done (5967ms) 
 block [2971] : done (6174ms) 
 block [2972] : done (6469ms) 
 block [2973] : done (6332ms) 
 block [2974] : done (6113ms) 
 block [2975] : done (5737ms) 
 block [2976] : done (6250ms) 
 block [2977] : done (6670ms) 
 block [2978] : done (6512ms) 
 block [2979] : done (6164ms) 
 block [2980] : done (6450ms) 
 block [2981] : done (6103ms) 
 block [2982] : done (6569ms) 
 block [2983] : done (5633ms) 
 block [2984] : done (5656ms) 
 block [2985] : done (6050ms) 
 block [2986] : done (5763ms) 
 block [2987] : done (6158ms) 
 block [2988] : done (6283ms) 
 block [2989] : done (6691ms) 
 block [2990] : done (6605ms) 
 block [2991] : done (6243ms) 
 block [2992] : done (6881ms) 
 block [2993] : done (6785ms) 
 block [2994] : done (6836ms) 
 block [2995] : done (6813ms) 
 block [2996] : done (6348ms) 
 block [2997] : done (6331ms) 
 block [2998] : done (6544ms) 
 block [2999] : done (6979ms) 
 block [3000] : done (5987ms) 
 block [3001] : done (5899ms) 
 block [3002] : done (5624ms) 
 block [3003] : done (6615ms) 
 block [3004] : done (6166ms) 
 block [3005] : done (6426ms) 
 block [3006] : done (6012ms) 
 block [3007] : done (6495ms) 
 block [3008] : done (5950ms) 
 block [3009] : done (6119ms) 
 block [3010] : done (5457ms) 
 block [3011] : done (5739ms) 
 block [3012] : done (5424ms) 
 block [3013] : done (5725ms) 
 block [3014] : done (5454ms) 
 block [3015] : done (5741ms) 
 block [3016] : done (5624ms) 
 block [3017] : done (5566ms) 
 block [3018] : done (5665ms) 
 block [3019] : done (5028ms) 
 block [3020] : done (5689ms) 
 block [3021] : done (5689ms) 
 block [3022] : done (6048ms) 
 block [3023] : done (5465ms) 
 block [3024] : done (5699ms) 
 block [3025] : done (5917ms) 
 block [3026] : done (6332ms) 
 block [3027] : done (6192ms) 
 block [3028] : done (5976ms) 
 block [3029] : done (5640ms) 
 block [3030] : done (5725ms) 
 block [3031] : done (5801ms) 
 block [3032] : done (5782ms) 
 block [3033] : done (5786ms) 
 block [3034] : done (5470ms) 
 block [3035] : done (5695ms) 
 block [3036] : done (5528ms) 
 block [3037] : done (5598ms) 
 block [3038] : done (5835ms) 
 block [3039] : done (5617ms) 
 block [3040] : done (5916ms) 
 block [3041] : done (5652ms) 
 block [3042] : done (5936ms) 
 block [3043] : done (5758ms) 
 block [3044] : done (5952ms) 
 block [3045] : done (5852ms) 
 block [3046] : done (5983ms) 
 block [3047] : done (5520ms) 
 block [3048] : done (6115ms) 
 block [3049] : done (5450ms) 
 block [3050] : done (5848ms) 
 block [3051] : done (5938ms) 
 block [3052] : done (6087ms) 
 block [3053] : done (6501ms) 
 block [3054] : done (6301ms) 
 block [3055] : done (5965ms) 
 block [3056] : done (6530ms) 
 block [3057] : done (6604ms) 
 block [3058] : done (6167ms) 
 block [3059] : done (5748ms) 
 block [3060] : done (5799ms) 
 block [3061] : done (6693ms) 
 block [3062] : done (5663ms) 
 block [3063] : done (5911ms) 
 block [3064] : done (5460ms) 
 block [3065] : done (5666ms) 
 block [3066] : done (5641ms) 
 block [3067] : done (5456ms) 
 block [3068] : done (5040ms) 
 block [3069] : done (5206ms) 
 block [3070] : done (4782ms) 
 block [3071] : done (4781ms) 
 block [3072] : done (5616ms) 
 block [3073] : done (5467ms) 
 block [3074] : done (5289ms) 
 block [3075] : done (5180ms) 
 block [3076] : done (4844ms) 
 block [3077] : done (5170ms) 
 block [3078] : done (5260ms) 
 block [3079] : done (5381ms) 
 block [3080] : done (5008ms) 
 block [3081] : done (5187ms) 
 block [3082] : done (4955ms) 
 block [3083] : done (4740ms) 
 block [3084] : done (5370ms) 
 block [3085] : done (4688ms) 
 block [3086] : done (4596ms) 
 block [3087] : done (4851ms) 
 block [3088] : done (5200ms) 
 block [3089] : done (5233ms) 
 block [3090] : done (4968ms) 
 block [3091] : done (6016ms) 
 block [3092] : done (5223ms) 
 block [3093] : done (5472ms) 
 block [3094] : done (6198ms) 
 block [3095] : done (6132ms) 
 block [3096] : done (5492ms) 
 block [3097] : done (5220ms) 
 block [3098] : done (5675ms) 
 block [3099] : done (5168ms) 
 block [3100] : done (5581ms) 
 block [3101] : done (5351ms) 
 block [3102] : done (4860ms) 
 block [3103] : done (5140ms) 
 block [3104] : done (5363ms) 
 block [3105] : done (5419ms) 
 block [3106] : done (5339ms) 
 block [3107] : done (5018ms) 
 block [3108] : done (5530ms) 
 block [3109] : done (5548ms) 
 block [3110] : done (5608ms) 
 block [3111] : done (5298ms) 
 block [3112] : done (5214ms) 
 block [3113] : done (5410ms) 
 block [3114] : done (5637ms) 
 block [3115] : done (4730ms) 
 block [3116] : done (5342ms) 
 block [3117] : done (5877ms) 
 block [3118] : done (6006ms) 
 block [3119] : done (5691ms) 
 block [3120] : done (5075ms) 
 block [3121] : done (5509ms) 
 block [3122] : done (5485ms) 
 block [3123] : done (5268ms) 
 block [3124] : done (5112ms) 
 block [3125] : done (5483ms) 
 block [3126] : done (6158ms) 
 block [3127] : done (5621ms) 
 block [3128] : done (6668ms) 
 block [3129] : done (5876ms) 
 block [3130] : done (6283ms) 
 block [3131] : done (5824ms) 
 block [3132] : done (5558ms) 
 block [3133] : done (6497ms) 
 block [3134] : done (6279ms) 
 block [3135] : done (6773ms) 
 block [3136] : done (6448ms) 
 block [3137] : done (6851ms) 
 block [3138] : done (6614ms) 
 block [3139] : done (6591ms) 
 block [3140] : done (1279ms) 

Association results stored separately for each trait in files : 
* [/gpfs/home/ptseng/Torkamani_Projects/20210901_PD_UKBB/pejman_PCa_run/regenie_output/PCa_ukb_step2_BT.chr22_PCa.regenie]

Number of tests with SPA correction : (30861/821766)
Number of failed tests : (195/30861)
Number of ignored tests due to low MAC : 433917

Elapsed time : 15618.5s
End time: Mon Nov 15 00:34:24 2021

