Start time: Tue Nov  9 20:01:49 2021

              |=============================|
              |      REGENIE v2.0.2.gz      |
              |=============================|

Copyright (c) 2020 Joelle Mbatchou and Jonathan Marchini.
Distributed under the MIT License.
Compiled with Boost Iostream library.
Using Intel MKL with Eigen.

Log of output saved in file : /gpfs/home/ptseng/Torkamani_Projects/20210901_PD_UKBB/pejman_PCa_run/regenie_output/PCa_ukb_step1_BT.log

Options in effect:
  --step 1 \
  --bed /mnt/stsi/stsi1/ptseng/UKBB_Resources/filtered_noimpute_bed/ukb_cal_allChrs_prune \
  --phenoFile /gpfs/home/ptseng/Torkamani_Projects/20210901_PD_UKBB/pejman_PCa_run/regenie_input/PCa_pheno.txt \
  --covarFile /gpfs/home/ptseng/Torkamani_Projects/20210901_PD_UKBB/pejman_PCa_run/regenie_input/PCa_covar.txt \
  --remove /gpfs/home/ptseng/Torkamani_Projects/20210901_PD_UKBB/pejman_PCa_run/regenie_input/remove_merge.txt \
  --exclude /mnt/stsi/stsi1/ptseng/UKBB_Resources/ID_list/ICLD_low-complexity.exclude \
  --bt \
  --bsize 1000 \
  --out /gpfs/home/ptseng/Torkamani_Projects/20210901_PD_UKBB/pejman_PCa_run/regenie_output/PCa_ukb_step1_BT

Fitting null model
 * bim              : [/mnt/stsi/stsi1/ptseng/UKBB_Resources/filtered_noimpute_bed/ukb_cal_allChrs_prune.bim] n_snps = 487427
   -removing variants specified in [/mnt/stsi/stsi1/ptseng/UKBB_Resources/ID_list/ICLD_low-complexity.exclude]
     +number of variants remaining in the analysis = 487427
 * fam              : [/mnt/stsi/stsi1/ptseng/UKBB_Resources/filtered_noimpute_bed/ukb_cal_allChrs_prune.fam] n_samples = 460108
   -removing individuals specified in [/gpfs/home/ptseng/Torkamani_Projects/20210901_PD_UKBB/pejman_PCa_run/regenie_input/remove_merge.txt]
     +number of genotyped individuals to exclude from the analysis = 291559
 * bed              : [/mnt/stsi/stsi1/ptseng/UKBB_Resources/filtered_noimpute_bed/ukb_cal_allChrs_prune.bed]
 * phenotypes       : [/gpfs/home/ptseng/Torkamani_Projects/20210901_PD_UKBB/pejman_PCa_run/regenie_input/PCa_pheno.txt] n_pheno = 1
   -dropping observations with missing values at any of the phenotypes
   -number of phenotyped individuals = 168385
   -number of individuals remaining with non-missing phenotypes = 168385
 * covariates       : [/gpfs/home/ptseng/Torkamani_Projects/20210901_PD_UKBB/pejman_PCa_run/regenie_input/PCa_covar.txt] n_cov = 24
   -number of individuals with covariate data = 168385
 * number of individuals used in analysis = 168385
   -fitting null logistic regression on binary phenotypes...done (410ms) 
   -residualizing and scaling phenotypes...done (3ms) 
 * # threads        : [15]
 * block size       : [1000]
 * # blocks         : [498]
 * # CV folds       : [5]
 * ridge data_l0    : [5 : 0.01 0.25 0.5 0.75 0.99 ]
 * ridge data_l1    : [5 : 0.01 0.25 0.5 0.75 0.99 ]
 * approximate memory usage : 5GB
 * setting memory...done

Chromosome 1
 block [1] : 1000 snps  (8252ms) 
   -residualizing and scaling genotypes...done (2615ms) 
   -calc working matrices...done (1719ms) 
   -calc level 0 ridge...done (3147ms) 
 block [2] : 1000 snps  (8867ms) 
   -residualizing and scaling genotypes...done (2725ms) 
   -calc working matrices...done (1672ms) 
   -calc level 0 ridge...done (2267ms) 
 block [3] : 1000 snps  (9472ms) 
   -residualizing and scaling genotypes...done (2882ms) 
   -calc working matrices...done (1688ms) 
   -calc level 0 ridge...done (2134ms) 
 block [4] : 1000 snps  (9483ms) 
   -residualizing and scaling genotypes...done (2878ms) 
   -calc working matrices...done (1655ms) 
   -calc level 0 ridge...done (2140ms) 
 block [5] : 1000 snps  (9500ms) 
   -residualizing and scaling genotypes...done (2890ms) 
   -calc working matrices...done (1641ms) 
   -calc level 0 ridge...done (2307ms) 
 block [6] : 1000 snps  (9356ms) 
   -residualizing and scaling genotypes...done (2795ms) 
   -calc working matrices...done (1653ms) 
   -calc level 0 ridge...done (2357ms) 
 block [7] : 1000 snps  (9054ms) 
   -residualizing and scaling genotypes...done (2793ms) 
   -calc working matrices...done (1758ms) 
   -calc level 0 ridge...done (2381ms) 
 block [8] : 1000 snps  (8931ms) 
   -residualizing and scaling genotypes...done (2763ms) 
   -calc working matrices...done (1673ms) 
   -calc level 0 ridge...done (2534ms) 
 block [9] : 1000 snps  (8828ms) 
   -residualizing and scaling genotypes...done (2758ms) 
   -calc working matrices...done (1661ms) 
   -calc level 0 ridge...done (2496ms) 
 block [10] : 1000 snps  (8825ms) 
   -residualizing and scaling genotypes...done (2728ms) 
   -calc working matrices...done (1655ms) 
   -calc level 0 ridge...done (2635ms) 
 block [11] : 1000 snps  (8824ms) 
   -residualizing and scaling genotypes...done (2725ms) 
   -calc working matrices...done (1650ms) 
   -calc level 0 ridge...done (2587ms) 
 block [12] : 1000 snps  (8962ms) 
   -residualizing and scaling genotypes...done (2773ms) 
   -calc working matrices...done (1647ms) 
   -calc level 0 ridge...done (2408ms) 
 block [13] : 1000 snps  (8968ms) 
   -residualizing and scaling genotypes...done (2779ms) 
   -calc working matrices...done (1652ms) 
   -calc level 0 ridge...done (2358ms) 
 block [14] : 1000 snps  (8919ms) 
   -residualizing and scaling genotypes...done (2757ms) 
   -calc working matrices...done (1656ms) 
   -calc level 0 ridge...done (2433ms) 
 block [15] : 1000 snps  (8955ms) 
   -residualizing and scaling genotypes...done (2770ms) 
   -calc working matrices...done (1665ms) 
   -calc level 0 ridge...done (2453ms) 
 block [16] : 1000 snps  (8953ms) 
   -residualizing and scaling genotypes...done (2763ms) 
   -calc working matrices...done (1791ms) 
   -calc level 0 ridge...done (2576ms) 
 block [17] : 1000 snps  (8968ms) 
   -residualizing and scaling genotypes...done (2766ms) 
   -calc working matrices...done (1681ms) 
   -calc level 0 ridge...done (2579ms) 
 block [18] : 1000 snps  (8911ms) 
   -residualizing and scaling genotypes...done (2754ms) 
   -calc working matrices...done (1687ms) 
   -calc level 0 ridge...done (2688ms) 
 block [19] : 1000 snps  (8864ms) 
   -residualizing and scaling genotypes...done (2746ms) 
   -calc working matrices...done (2167ms) 
   -calc level 0 ridge...done (2686ms) 
 block [20] : 1000 snps  (8952ms) 
   -residualizing and scaling genotypes...done (2745ms) 
   -calc working matrices...done (1685ms) 
   -calc level 0 ridge...done (2729ms) 
 block [21] : 1000 snps  (8917ms) 
   -residualizing and scaling genotypes...done (2765ms) 
   -calc working matrices...done (1690ms) 
   -calc level 0 ridge...done (2355ms) 
 block [22] : 1000 snps  (8971ms) 
   -residualizing and scaling genotypes...done (2770ms) 
   -calc working matrices...done (1675ms) 
   -calc level 0 ridge...done (2327ms) 
 block [23] : 1000 snps  (8996ms) 
   -residualizing and scaling genotypes...done (2794ms) 
   -calc working matrices...done (1678ms) 
   -calc level 0 ridge...done (2399ms) 
 block [24] : 1000 snps  (8910ms) 
   -residualizing and scaling genotypes...done (2797ms) 
   -calc working matrices...done (1689ms) 
   -calc level 0 ridge...done (2376ms) 
 block [25] : 1000 snps  (8913ms) 
   -residualizing and scaling genotypes...done (2771ms) 
   -calc working matrices...done (1674ms) 
   -calc level 0 ridge...done (2361ms) 
 block [26] : 1000 snps  (8882ms) 
   -residualizing and scaling genotypes...done (2770ms) 
   -calc working matrices...done (1670ms) 
   -calc level 0 ridge...done (2329ms) 
 block [27] : 1000 snps  (8877ms) 
   -residualizing and scaling genotypes...done (2766ms) 
   -calc working matrices...done (1682ms) 
   -calc level 0 ridge...done (2332ms) 
 block [28] : 1000 snps  (8844ms) 
   -residualizing and scaling genotypes...done (2770ms) 
   -calc working matrices...done (1681ms) 
   -calc level 0 ridge...done (2340ms) 
 block [29] : 1000 snps  (8828ms) 
   -residualizing and scaling genotypes...done (2767ms) 
   -calc working matrices...done (1681ms) 
   -calc level 0 ridge...done (2320ms) 
 block [30] : 1000 snps  (8953ms) 
   -residualizing and scaling genotypes...done (2779ms) 
   -calc working matrices...done (1666ms) 
   -calc level 0 ridge...done (2370ms) 
 block [31] : 1000 snps  (10055ms) 
   -residualizing and scaling genotypes...done (2941ms) 
   -calc working matrices...done (1698ms) 
   -calc level 0 ridge...done (2510ms) 
 block [32] : 1000 snps  (9510ms) 
   -residualizing and scaling genotypes...done (2568ms) 
   -calc working matrices...done (1702ms) 
   -calc level 0 ridge...done (3103ms) 
 block [33] : 1000 snps  (8633ms) 
   -residualizing and scaling genotypes...done (2577ms) 
   -calc working matrices...done (1718ms) 
   -calc level 0 ridge...done (3153ms) 
 block [34] : 1000 snps  (8636ms) 
   -residualizing and scaling genotypes...done (2560ms) 
   -calc working matrices...done (1680ms) 
   -calc level 0 ridge...done (3061ms) 
 block [35] : 1000 snps  (8627ms) 
   -residualizing and scaling genotypes...done (2554ms) 
   -calc working matrices...done (1734ms) 
   -calc level 0 ridge...done (2853ms) 
 block [36] : 1000 snps  (8928ms) 
   -residualizing and scaling genotypes...done (2629ms) 
   -calc working matrices...done (1666ms) 
   -calc level 0 ridge...done (2994ms) 
 block [37] : 1000 snps  (8924ms) 
   -residualizing and scaling genotypes...done (2605ms) 
   -calc working matrices...done (1710ms) 
   -calc level 0 ridge...done (2569ms) 
 block [38] : 1000 snps  (9343ms) 
   -residualizing and scaling genotypes...done (2691ms) 
   -calc working matrices...done (1650ms) 
   -calc level 0 ridge...done (2302ms) 
 block [39] : 862 snps  (7187ms) 
   -residualizing and scaling genotypes...done (2238ms) 
   -calc working matrices...done (1412ms) 
   -calc level 0 ridge...done (2615ms) 
Chromosome 2
 block [40] : 1000 snps  (8737ms) 
   -residualizing and scaling genotypes...done (2560ms) 
   -calc working matrices...done (1648ms) 
   -calc level 0 ridge...done (3059ms) 
 block [41] : 1000 snps  (8659ms) 
   -residualizing and scaling genotypes...done (2563ms) 
   -calc working matrices...done (1697ms) 
   -calc level 0 ridge...done (3063ms) 
 block [42] : 1000 snps  (8698ms) 
   -residualizing and scaling genotypes...done (2558ms) 
   -calc working matrices...done (1697ms) 
   -calc level 0 ridge...done (3064ms) 
 block [43] : 1000 snps  (8617ms) 
   -residualizing and scaling genotypes...done (2553ms) 
   -calc working matrices...done (1684ms) 
   -calc level 0 ridge...done (3077ms) 
 block [44] : 1000 snps  (8621ms) 
   -residualizing and scaling genotypes...done (2556ms) 
   -calc working matrices...done (1690ms) 
   -calc level 0 ridge...done (2974ms) 
 block [45] : 1000 snps  (9014ms) 
   -residualizing and scaling genotypes...done (2663ms) 
   -calc working matrices...done (1696ms) 
   -calc level 0 ridge...done (2295ms) 
 block [46] : 1000 snps  (9528ms) 
   -residualizing and scaling genotypes...done (2769ms) 
   -calc working matrices...done (1662ms) 
   -calc level 0 ridge...done (2147ms) 
 block [47] : 1000 snps  (9756ms) 
   -residualizing and scaling genotypes...done (2818ms) 
   -calc working matrices...done (1660ms) 
   -calc level 0 ridge...done (2110ms) 
 block [48] : 1000 snps  (9676ms) 
   -residualizing and scaling genotypes...done (2832ms) 
   -calc working matrices...done (1661ms) 
   -calc level 0 ridge...done (2434ms) 
 block [49] : 1000 snps  (9478ms) 
   -residualizing and scaling genotypes...done (2751ms) 
   -calc working matrices...done (1689ms) 
   -calc level 0 ridge...done (2457ms) 
 block [50] : 1000 snps  (9409ms) 
   -residualizing and scaling genotypes...done (2758ms) 
   -calc working matrices...done (1681ms) 
   -calc level 0 ridge...done (2524ms) 
 block [51] : 1000 snps  (9342ms) 
   -residualizing and scaling genotypes...done (2727ms) 
   -calc working matrices...done (1695ms) 
   -calc level 0 ridge...done (2593ms) 
 block [52] : 1000 snps  (9322ms) 
   -residualizing and scaling genotypes...done (2713ms) 
   -calc working matrices...done (1684ms) 
   -calc level 0 ridge...done (2564ms) 
 block [53] : 1000 snps  (9703ms) 
   -residualizing and scaling genotypes...done (2565ms) 
   -calc working matrices...done (1711ms) 
   -calc level 0 ridge...done (3067ms) 
 block [54] : 1000 snps  (8469ms) 
   -residualizing and scaling genotypes...done (2540ms) 
   -calc working matrices...done (1702ms) 
   -calc level 0 ridge...done (3085ms) 
 block [55] : 1000 snps  (8442ms) 
   -residualizing and scaling genotypes...done (2555ms) 
   -calc working matrices...done (1675ms) 
   -calc level 0 ridge...done (2854ms) 
 block [56] : 1000 snps  (8769ms) 
   -residualizing and scaling genotypes...done (2675ms) 
   -calc working matrices...done (1631ms) 
   -calc level 0 ridge...done (2733ms) 
 block [57] : 1000 snps  (8761ms) 
   -residualizing and scaling genotypes...done (2624ms) 
   -calc working matrices...done (1644ms) 
   -calc level 0 ridge...done (2713ms) 
 block [58] : 1000 snps  (8797ms) 
   -residualizing and scaling genotypes...done (2622ms) 
   -calc working matrices...done (1666ms) 
   -calc level 0 ridge...done (2841ms) 
 block [59] : 1000 snps  (8576ms) 
   -residualizing and scaling genotypes...done (2551ms) 
   -calc working matrices...done (1665ms) 
   -calc level 0 ridge...done (3150ms) 
 block [60] : 1000 snps  (8512ms) 
   -residualizing and scaling genotypes...done (2543ms) 
   -calc working matrices...done (1673ms) 
   -calc level 0 ridge...done (3126ms) 
 block [61] : 1000 snps  (8502ms) 
   -residualizing and scaling genotypes...done (2530ms) 
   -calc working matrices...done (1701ms) 
   -calc level 0 ridge...done (3130ms) 
 block [62] : 1000 snps  (8460ms) 
   -residualizing and scaling genotypes...done (2600ms) 
   -calc working matrices...done (1662ms) 
   -calc level 0 ridge...done (3098ms) 
 block [63] : 1000 snps  (8418ms) 
   -residualizing and scaling genotypes...done (2615ms) 
   -calc working matrices...done (1665ms) 
   -calc level 0 ridge...done (3119ms) 
 block [64] : 1000 snps  (8455ms) 
   -residualizing and scaling genotypes...done (2560ms) 
   -calc working matrices...done (1698ms) 
   -calc level 0 ridge...done (3190ms) 
 block [65] : 1000 snps  (8411ms) 
   -residualizing and scaling genotypes...done (2553ms) 
   -calc working matrices...done (1695ms) 
   -calc level 0 ridge...done (3067ms) 
 block [66] : 1000 snps  (9853ms) 
   -residualizing and scaling genotypes...done (2979ms) 
   -calc working matrices...done (1720ms) 
   -calc level 0 ridge...done (2340ms) 
 block [67] : 1000 snps  (9625ms) 
   -residualizing and scaling genotypes...done (2926ms) 
   -calc working matrices...done (1653ms) 
   -calc level 0 ridge...done (2298ms) 
 block [68] : 1000 snps  (9789ms) 
   -residualizing and scaling genotypes...done (2834ms) 
   -calc working matrices...done (1614ms) 
   -calc level 0 ridge...done (2374ms) 
 block [69] : 1000 snps  (9648ms) 
   -residualizing and scaling genotypes...done (2681ms) 
   -calc working matrices...done (1670ms) 
   -calc level 0 ridge...done (2848ms) 
 block [70] : 1000 snps  (9995ms) 
   -residualizing and scaling genotypes...done (3017ms) 
   -calc working matrices...done (1715ms) 
   -calc level 0 ridge...done (2732ms) 
 block [71] : 1000 snps  (9391ms) 
   -residualizing and scaling genotypes...done (2830ms) 
   -calc working matrices...done (1659ms) 
   -calc level 0 ridge...done (2357ms) 
 block [72] : 1000 snps  (9333ms) 
   -residualizing and scaling genotypes...done (2831ms) 
   -calc working matrices...done (1628ms) 
   -calc level 0 ridge...done (2247ms) 
 block [73] : 1000 snps  (9303ms) 
   -residualizing and scaling genotypes...done (2806ms) 
   -calc working matrices...done (1651ms) 
   -calc level 0 ridge...done (2307ms) 
 block [74] : 1000 snps  (9214ms) 
   -residualizing and scaling genotypes...done (2776ms) 
   -calc working matrices...done (1648ms) 
   -calc level 0 ridge...done (2327ms) 
 block [75] : 1000 snps  (9188ms) 
   -residualizing and scaling genotypes...done (2782ms) 
   -calc working matrices...done (1596ms) 
   -calc level 0 ridge...done (2578ms) 
 block [76] : 1000 snps  (9301ms) 
   -residualizing and scaling genotypes...done (2792ms) 
   -calc working matrices...done (1651ms) 
   -calc level 0 ridge...done (2266ms) 
 block [77] : 1000 snps  (9269ms) 
   -residualizing and scaling genotypes...done (2798ms) 
   -calc working matrices...done (1639ms) 
   -calc level 0 ridge...done (2274ms) 
 block [78] : 1000 snps  (9324ms) 
   -residualizing and scaling genotypes...done (2779ms) 
   -calc working matrices...done (1623ms) 
   -calc level 0 ridge...done (2353ms) 
 block [79] : 403 snps  (4267ms) 
   -residualizing and scaling genotypes...done (1049ms) 
   -calc working matrices...done (540ms) 
   -calc level 0 ridge...done (1128ms) 
Chromosome 3
 block [80] : 1000 snps  (10169ms) 
   -residualizing and scaling genotypes...done (3110ms) 
   -calc working matrices...done (1652ms) 
   -calc level 0 ridge...done (2718ms) 
 block [81] : 1000 snps  (9509ms) 
   -residualizing and scaling genotypes...done (2818ms) 
   -calc working matrices...done (1606ms) 
   -calc level 0 ridge...done (2223ms) 
 block [82] : 1000 snps  (9361ms) 
   -residualizing and scaling genotypes...done (2840ms) 
   -calc working matrices...done (1619ms) 
   -calc level 0 ridge...done (2218ms) 
 block [83] : 1000 snps  (9821ms) 
   -residualizing and scaling genotypes...done (2862ms) 
   -calc working matrices...done (1638ms) 
   -calc level 0 ridge...done (2253ms) 
 block [84] : 1000 snps  (9563ms) 
   -residualizing and scaling genotypes...done (2829ms) 
   -calc working matrices...done (1617ms) 
   -calc level 0 ridge...done (2290ms) 
 block [85] : 1000 snps  (9208ms) 
   -residualizing and scaling genotypes...done (2618ms) 
   -calc working matrices...done (1698ms) 
   -calc level 0 ridge...done (3172ms) 
 block [86] : 1000 snps  (8592ms) 
   -residualizing and scaling genotypes...done (2623ms) 
   -calc working matrices...done (1667ms) 
   -calc level 0 ridge...done (3040ms) 
 block [87] : 1000 snps  (8692ms) 
   -residualizing and scaling genotypes...done (2647ms) 
   -calc working matrices...done (1741ms) 
   -calc level 0 ridge...done (3027ms) 
 block [88] : 1000 snps  (8637ms) 
   -residualizing and scaling genotypes...done (2627ms) 
   -calc working matrices...done (1665ms) 
   -calc level 0 ridge...done (3027ms) 
 block [89] : 1000 snps  (8600ms) 
   -residualizing and scaling genotypes...done (2627ms) 
   -calc working matrices...done (1663ms) 
   -calc level 0 ridge...done (2979ms) 
 block [90] : 1000 snps  (8710ms) 
   -residualizing and scaling genotypes...done (2625ms) 
   -calc working matrices...done (1744ms) 
   -calc level 0 ridge...done (3135ms) 
 block [91] : 1000 snps  (8673ms) 
   -residualizing and scaling genotypes...done (2628ms) 
   -calc working matrices...done (1660ms) 
   -calc level 0 ridge...done (3157ms) 
 block [92] : 1000 snps  (8690ms) 
   -residualizing and scaling genotypes...done (2626ms) 
   -calc working matrices...done (1673ms) 
   -calc level 0 ridge...done (3118ms) 
 block [93] : 1000 snps  (8658ms) 
   -residualizing and scaling genotypes...done (2558ms) 
   -calc working matrices...done (1660ms) 
   -calc level 0 ridge...done (3144ms) 
 block [94] : 1000 snps  (8681ms) 
   -residualizing and scaling genotypes...done (2573ms) 
   -calc working matrices...done (1713ms) 
   -calc level 0 ridge...done (3155ms) 
 block [95] : 1000 snps  (8546ms) 
   -residualizing and scaling genotypes...done (2551ms) 
   -calc working matrices...done (1699ms) 
   -calc level 0 ridge...done (3125ms) 
 block [96] : 1000 snps  (8549ms) 
   -residualizing and scaling genotypes...done (2554ms) 
   -calc working matrices...done (1694ms) 
   -calc level 0 ridge...done (3135ms) 
 block [97] : 1000 snps  (8635ms) 
   -residualizing and scaling genotypes...done (2554ms) 
   -calc working matrices...done (1712ms) 
   -calc level 0 ridge...done (3153ms) 
 block [98] : 1000 snps  (8596ms) 
   -residualizing and scaling genotypes...done (2552ms) 
   -calc working matrices...done (1660ms) 
   -calc level 0 ridge...done (3074ms) 
 block [99] : 1000 snps  (10353ms) 
   -residualizing and scaling genotypes...done (3082ms) 
   -calc working matrices...done (1696ms) 
   -calc level 0 ridge...done (3051ms) 
 block [100] : 1000 snps  (9623ms) 
   -residualizing and scaling genotypes...done (2673ms) 
   -calc working matrices...done (1656ms) 
   -calc level 0 ridge...done (3028ms) 
 block [101] : 1000 snps  (8843ms) 
   -residualizing and scaling genotypes...done (2673ms) 
   -calc working matrices...done (1682ms) 
   -calc level 0 ridge...done (3125ms) 
 block [102] : 1000 snps  (10434ms) 
   -residualizing and scaling genotypes...done (2615ms) 
   -calc working matrices...done (1708ms) 
   -calc level 0 ridge...done (2669ms) 
 block [103] : 1000 snps  (9474ms) 
   -residualizing and scaling genotypes...done (2562ms) 
   -calc working matrices...done (1677ms) 
   -calc level 0 ridge...done (2811ms) 
 block [104] : 1000 snps  (9324ms) 
   -residualizing and scaling genotypes...done (2700ms) 
   -calc working matrices...done (1602ms) 
   -calc level 0 ridge...done (2489ms) 
 block [105] : 1000 snps  (9346ms) 
   -residualizing and scaling genotypes...done (2714ms) 
   -calc working matrices...done (1626ms) 
   -calc level 0 ridge...done (2650ms) 
 block [106] : 1000 snps  (9323ms) 
   -residualizing and scaling genotypes...done (2767ms) 
   -calc working matrices...done (1637ms) 
   -calc level 0 ridge...done (2402ms) 
 block [107] : 1000 snps  (9530ms) 
   -residualizing and scaling genotypes...done (2877ms) 
   -calc working matrices...done (1749ms) 
   -calc level 0 ridge...done (2335ms) 
 block [108] : 1000 snps  (9371ms) 
   -residualizing and scaling genotypes...done (2881ms) 
   -calc working matrices...done (1627ms) 
   -calc level 0 ridge...done (2311ms) 
 block [109] : 1000 snps  (9972ms) 
   -residualizing and scaling genotypes...done (2886ms) 
   -calc working matrices...done (1651ms) 
   -calc level 0 ridge...done (2313ms) 
 block [110] : 1000 snps  (9696ms) 
   -residualizing and scaling genotypes...done (3005ms) 
   -calc working matrices...done (1687ms) 
   -calc level 0 ridge...done (2928ms) 
 block [111] : 1000 snps  (9565ms) 
   -residualizing and scaling genotypes...done (2618ms) 
   -calc working matrices...done (1703ms) 
   -calc level 0 ridge...done (3200ms) 
 block [112] : 1000 snps  (8671ms) 
   -residualizing and scaling genotypes...done (2568ms) 
   -calc working matrices...done (1710ms) 
   -calc level 0 ridge...done (2900ms) 
 block [113] : 332 snps  (3469ms) 
   -residualizing and scaling genotypes...done (903ms) 
   -calc working matrices...done (260ms) 
   -calc level 0 ridge...done (836ms) 
Chromosome 4
 block [114] : 1000 snps  (8546ms) 
   -residualizing and scaling genotypes...done (2615ms) 
   -calc working matrices...done (1695ms) 
   -calc level 0 ridge...done (2643ms) 
 block [115] : 1000 snps  (9452ms) 
   -residualizing and scaling genotypes...done (2698ms) 
   -calc working matrices...done (1598ms) 
   -calc level 0 ridge...done (2665ms) 
 block [116] : 1000 snps  (9744ms) 
   -residualizing and scaling genotypes...done (2574ms) 
   -calc working matrices...done (1731ms) 
   -calc level 0 ridge...done (2615ms) 
 block [117] : 1000 snps  (9854ms) 
   -residualizing and scaling genotypes...done (2820ms) 
   -calc working matrices...done (1636ms) 
   -calc level 0 ridge...done (2231ms) 
 block [118] : 1000 snps  (9819ms) 
   -residualizing and scaling genotypes...done (2888ms) 
   -calc working matrices...done (1618ms) 
   -calc level 0 ridge...done (2216ms) 
 block [119] : 1000 snps  (9833ms) 
   -residualizing and scaling genotypes...done (2843ms) 
   -calc working matrices...done (1634ms) 
   -calc level 0 ridge...done (2258ms) 
 block [120] : 1000 snps  (9571ms) 
   -residualizing and scaling genotypes...done (2848ms) 
   -calc working matrices...done (1614ms) 
   -calc level 0 ridge...done (2644ms) 
 block [121] : 1000 snps  (9319ms) 
   -residualizing and scaling genotypes...done (3017ms) 
   -calc working matrices...done (1778ms) 
   -calc level 0 ridge...done (2277ms) 
 block [122] : 1000 snps  (9879ms) 
   -residualizing and scaling genotypes...done (2870ms) 
   -calc working matrices...done (1680ms) 
   -calc level 0 ridge...done (2276ms) 
 block [123] : 1000 snps  (9775ms) 
   -residualizing and scaling genotypes...done (2832ms) 
   -calc working matrices...done (1688ms) 
   -calc level 0 ridge...done (2167ms) 
 block [124] : 1000 snps  (9751ms) 
   -residualizing and scaling genotypes...done (2829ms) 
   -calc working matrices...done (1682ms) 
   -calc level 0 ridge...done (2175ms) 
 block [125] : 1000 snps  (9717ms) 
   -residualizing and scaling genotypes...done (2823ms) 
   -calc working matrices...done (1685ms) 
   -calc level 0 ridge...done (2199ms) 
 block [126] : 1000 snps  (9727ms) 
   -residualizing and scaling genotypes...done (2824ms) 
   -calc working matrices...done (1668ms) 
   -calc level 0 ridge...done (2149ms) 
 block [127] : 1000 snps  (8853ms) 
   -residualizing and scaling genotypes...done (2628ms) 
   -calc working matrices...done (1733ms) 
   -calc level 0 ridge...done (3156ms) 
 block [128] : 1000 snps  (8308ms) 
   -residualizing and scaling genotypes...done (2637ms) 
   -calc working matrices...done (1670ms) 
   -calc level 0 ridge...done (3174ms) 
 block [129] : 1000 snps  (8835ms) 
   -residualizing and scaling genotypes...done (2593ms) 
   -calc working matrices...done (1660ms) 
   -calc level 0 ridge...done (3210ms) 
 block [130] : 1000 snps  (8280ms) 
   -residualizing and scaling genotypes...done (3036ms) 
   -calc working matrices...done (1593ms) 
   -calc level 0 ridge...done (3140ms) 
 block [131] : 1000 snps  (8772ms) 
   -residualizing and scaling genotypes...done (2556ms) 
   -calc working matrices...done (1676ms) 
   -calc level 0 ridge...done (3129ms) 
 block [132] : 1000 snps  (8371ms) 
   -residualizing and scaling genotypes...done (2654ms) 
   -calc working matrices...done (1662ms) 
   -calc level 0 ridge...done (3127ms) 
 block [133] : 1000 snps  (10766ms) 
   -residualizing and scaling genotypes...done (3092ms) 
   -calc working matrices...done (1633ms) 
   -calc level 0 ridge...done (3100ms) 
 block [134] : 1000 snps  (9406ms) 
   -residualizing and scaling genotypes...done (2994ms) 
   -calc working matrices...done (1638ms) 
   -calc level 0 ridge...done (3110ms) 
 block [135] : 1000 snps  (10031ms) 
   -residualizing and scaling genotypes...done (3001ms) 
   -calc working matrices...done (1647ms) 
   -calc level 0 ridge...done (2511ms) 
 block [136] : 1000 snps  (9112ms) 
   -residualizing and scaling genotypes...done (2855ms) 
   -calc working matrices...done (1679ms) 
   -calc level 0 ridge...done (2785ms) 
 block [137] : 1000 snps  (8575ms) 
   -residualizing and scaling genotypes...done (2689ms) 
   -calc working matrices...done (1673ms) 
   -calc level 0 ridge...done (2857ms) 
 block [138] : 1000 snps  (8498ms) 
   -residualizing and scaling genotypes...done (2688ms) 
   -calc working matrices...done (1669ms) 
   -calc level 0 ridge...done (3034ms) 
 block [139] : 1000 snps  (8534ms) 
   -residualizing and scaling genotypes...done (2594ms) 
   -calc working matrices...done (1670ms) 
   -calc level 0 ridge...done (2972ms) 
 block [140] : 1000 snps  (8453ms) 
   -residualizing and scaling genotypes...done (2589ms) 
   -calc working matrices...done (1669ms) 
   -calc level 0 ridge...done (3045ms) 
 block [141] : 1000 snps  (8590ms) 
   -residualizing and scaling genotypes...done (2598ms) 
   -calc working matrices...done (1685ms) 
   -calc level 0 ridge...done (3039ms) 
 block [142] : 1000 snps  (8651ms) 
   -residualizing and scaling genotypes...done (2627ms) 
   -calc working matrices...done (1692ms) 
   -calc level 0 ridge...done (3145ms) 
 block [143] : 1000 snps  (9795ms) 
   -residualizing and scaling genotypes...done (2634ms) 
   -calc working matrices...done (1693ms) 
   -calc level 0 ridge...done (2826ms) 
 block [144] : 1000 snps  (8935ms) 
   -residualizing and scaling genotypes...done (2727ms) 
   -calc working matrices...done (1705ms) 
   -calc level 0 ridge...done (2642ms) 
 block [145] : 195 snps  (1590ms) 
   -residualizing and scaling genotypes...done (554ms) 
   -calc working matrices...done (114ms) 
   -calc level 0 ridge...done (447ms) 
Chromosome 5
 block [146] : 1000 snps  (8179ms) 
   -residualizing and scaling genotypes...done (2625ms) 
   -calc working matrices...done (1616ms) 
   -calc level 0 ridge...done (2576ms) 
 block [147] : 1000 snps  (9315ms) 
   -residualizing and scaling genotypes...done (2848ms) 
   -calc working matrices...done (1578ms) 
   -calc level 0 ridge...done (2079ms) 
 block [148] : 1000 snps  (9244ms) 
   -residualizing and scaling genotypes...done (2835ms) 
   -calc working matrices...done (1560ms) 
   -calc level 0 ridge...done (2114ms) 
 block [149] : 1000 snps  (9637ms) 
   -residualizing and scaling genotypes...done (2853ms) 
   -calc working matrices...done (1580ms) 
   -calc level 0 ridge...done (2056ms) 
 block [150] : 1000 snps  (9588ms) 
   -residualizing and scaling genotypes...done (2842ms) 
   -calc working matrices...done (1578ms) 
   -calc level 0 ridge...done (2189ms) 
 block [151] : 1000 snps  (9540ms) 
   -residualizing and scaling genotypes...done (2852ms) 
   -calc working matrices...done (1504ms) 
   -calc level 0 ridge...done (2149ms) 
 block [152] : 1000 snps  (9438ms) 
   -residualizing and scaling genotypes...done (2882ms) 
   -calc working matrices...done (1695ms) 
   -calc level 0 ridge...done (2213ms) 
 block [153] : 1000 snps  (9331ms) 
   -residualizing and scaling genotypes...done (2789ms) 
   -calc working matrices...done (1593ms) 
   -calc level 0 ridge...done (2721ms) 
 block [154] : 1000 snps  (8776ms) 
   -residualizing and scaling genotypes...done (2748ms) 
   -calc working matrices...done (1543ms) 
   -calc level 0 ridge...done (2684ms) 
 block [155] : 1000 snps  (8509ms) 
   -residualizing and scaling genotypes...done (2639ms) 
   -calc working matrices...done (1602ms) 
   -calc level 0 ridge...done (2968ms) 
 block [156] : 1000 snps  (8236ms) 
   -residualizing and scaling genotypes...done (2631ms) 
   -calc working matrices...done (1595ms) 
   -calc level 0 ridge...done (2970ms) 
 block [157] : 1000 snps  (8320ms) 
   -residualizing and scaling genotypes...done (2641ms) 
   -calc working matrices...done (1591ms) 
   -calc level 0 ridge...done (2954ms) 
 block [158] : 1000 snps  (8361ms) 
   -residualizing and scaling genotypes...done (3074ms) 
   -calc working matrices...done (1582ms) 
   -calc level 0 ridge...done (2847ms) 
 block [159] : 1000 snps  (8904ms) 
   -residualizing and scaling genotypes...done (2680ms) 
   -calc working matrices...done (1584ms) 
   -calc level 0 ridge...done (2894ms) 
 block [160] : 1000 snps  (8420ms) 
   -residualizing and scaling genotypes...done (2996ms) 
   -calc working matrices...done (1522ms) 
   -calc level 0 ridge...done (2959ms) 
 block [161] : 1000 snps  (9045ms) 
   -residualizing and scaling genotypes...done (2636ms) 
   -calc working matrices...done (1612ms) 
   -calc level 0 ridge...done (3169ms) 
 block [162] : 1000 snps  (8200ms) 
   -residualizing and scaling genotypes...done (2628ms) 
   -calc working matrices...done (1560ms) 
   -calc level 0 ridge...done (3163ms) 
 block [163] : 1000 snps  (8137ms) 
   -residualizing and scaling genotypes...done (2626ms) 
   -calc working matrices...done (1622ms) 
   -calc level 0 ridge...done (3210ms) 
 block [164] : 1000 snps  (8156ms) 
   -residualizing and scaling genotypes...done (2564ms) 
   -calc working matrices...done (1595ms) 
   -calc level 0 ridge...done (3113ms) 
 block [165] : 1000 snps  (8245ms) 
   -residualizing and scaling genotypes...done (2558ms) 
   -calc working matrices...done (1591ms) 
   -calc level 0 ridge...done (3176ms) 
 block [166] : 1000 snps  (8206ms) 
   -residualizing and scaling genotypes...done (2549ms) 
   -calc working matrices...done (1600ms) 
   -calc level 0 ridge...done (2674ms) 
 block [167] : 1000 snps  (8922ms) 
   -residualizing and scaling genotypes...done (2628ms) 
   -calc working matrices...done (1649ms) 
   -calc level 0 ridge...done (3183ms) 
 block [168] : 1000 snps  (8154ms) 
   -residualizing and scaling genotypes...done (2622ms) 
   -calc working matrices...done (1559ms) 
   -calc level 0 ridge...done (2751ms) 
 block [169] : 1000 snps  (8663ms) 
   -residualizing and scaling genotypes...done (3013ms) 
   -calc working matrices...done (1570ms) 
   -calc level 0 ridge...done (2708ms) 
 block [170] : 1000 snps  (8553ms) 
   -residualizing and scaling genotypes...done (2605ms) 
   -calc working matrices...done (1603ms) 
   -calc level 0 ridge...done (3178ms) 
 block [171] : 1000 snps  (8173ms) 
   -residualizing and scaling genotypes...done (2625ms) 
   -calc working matrices...done (1530ms) 
   -calc level 0 ridge...done (3168ms) 
 block [172] : 1000 snps  (8198ms) 
   -residualizing and scaling genotypes...done (2613ms) 
   -calc working matrices...done (1527ms) 
   -calc level 0 ridge...done (3197ms) 
 block [173] : 1000 snps  (10182ms) 
   -residualizing and scaling genotypes...done (3010ms) 
   -calc working matrices...done (1614ms) 
   -calc level 0 ridge...done (3166ms) 
 block [174] : 1000 snps  (10844ms) 
   -residualizing and scaling genotypes...done (3071ms) 
   -calc working matrices...done (1659ms) 
   -calc level 0 ridge...done (3000ms) 
 block [175] : 940 snps  (10136ms) 
   -residualizing and scaling genotypes...done (2663ms) 
   -calc working matrices...done (1605ms) 
   -calc level 0 ridge...done (2810ms) 
Chromosome 6
 block [176] : 1000 snps  (8242ms) 
   -residualizing and scaling genotypes...done (2554ms) 
   -calc working matrices...done (1753ms) 
   -calc level 0 ridge...done (3184ms) 
 block [177] : 1000 snps  (10491ms) 
   -residualizing and scaling genotypes...done (3134ms) 
   -calc working matrices...done (1654ms) 
   -calc level 0 ridge...done (2924ms) 
 block [178] : 1000 snps  (9195ms) 
   -residualizing and scaling genotypes...done (2819ms) 
   -calc working matrices...done (1648ms) 
   -calc level 0 ridge...done (2268ms) 
 block [179] : 1000 snps  (9357ms) 
   -residualizing and scaling genotypes...done (2855ms) 
   -calc working matrices...done (1645ms) 
   -calc level 0 ridge...done (2206ms) 
 block [180] : 1000 snps  (9337ms) 
   -residualizing and scaling genotypes...done (2806ms) 
   -calc working matrices...done (1641ms) 
   -calc level 0 ridge...done (2644ms) 
 block [181] : 1000 snps  (9287ms) 
   -residualizing and scaling genotypes...done (2818ms) 
   -calc working matrices...done (1626ms) 
   -calc level 0 ridge...done (2323ms) 
 block [182] : 1000 snps  (9262ms) 
   -residualizing and scaling genotypes...done (2769ms) 
   -calc working matrices...done (1601ms) 
   -calc level 0 ridge...done (2240ms) 
 block [183] : 1000 snps  (9164ms) 
   -residualizing and scaling genotypes...done (2716ms) 
   -calc working matrices...done (1612ms) 
   -calc level 0 ridge...done (2228ms) 
 block [184] : 1000 snps  (9176ms) 
   -residualizing and scaling genotypes...done (2721ms) 
   -calc working matrices...done (1627ms) 
   -calc level 0 ridge...done (2585ms) 
 block [185] : 1000 snps  (8985ms) 
   -residualizing and scaling genotypes...done (2788ms) 
   -calc working matrices...done (1641ms) 
   -calc level 0 ridge...done (2436ms) 
 block [186] : 1000 snps  (9068ms) 
   -residualizing and scaling genotypes...done (3000ms) 
   -calc working matrices...done (1629ms) 
   -calc level 0 ridge...done (2422ms) 
 block [187] : 1000 snps  (9889ms) 
   -residualizing and scaling genotypes...done (2836ms) 
   -calc working matrices...done (1631ms) 
   -calc level 0 ridge...done (2405ms) 
 block [188] : 1000 snps  (9466ms) 
   -residualizing and scaling genotypes...done (2632ms) 
   -calc working matrices...done (1696ms) 
   -calc level 0 ridge...done (3170ms) 
 block [189] : 1000 snps  (9961ms) 
   -residualizing and scaling genotypes...done (2650ms) 
   -calc working matrices...done (1684ms) 
   -calc level 0 ridge...done (3103ms) 
 block [190] : 1000 snps  (8181ms) 
   -residualizing and scaling genotypes...done (3060ms) 
   -calc working matrices...done (1667ms) 
   -calc level 0 ridge...done (2943ms) 
 block [191] : 1000 snps  (10735ms) 
   -residualizing and scaling genotypes...done (3119ms) 
   -calc working matrices...done (1675ms) 
   -calc level 0 ridge...done (2973ms) 
 block [192] : 1000 snps  (10811ms) 
   -residualizing and scaling genotypes...done (3008ms) 
   -calc working matrices...done (1706ms) 
   -calc level 0 ridge...done (2383ms) 
 block [193] : 1000 snps  (9549ms) 
   -residualizing and scaling genotypes...done (2707ms) 
   -calc working matrices...done (1637ms) 
   -calc level 0 ridge...done (2725ms) 
 block [194] : 1000 snps  (8879ms) 
   -residualizing and scaling genotypes...done (2616ms) 
   -calc working matrices...done (1597ms) 
   -calc level 0 ridge...done (2720ms) 
 block [195] : 1000 snps  (8987ms) 
   -residualizing and scaling genotypes...done (2649ms) 
   -calc working matrices...done (1663ms) 
   -calc level 0 ridge...done (2387ms) 
 block [196] : 1000 snps  (9486ms) 
   -residualizing and scaling genotypes...done (2867ms) 
   -calc working matrices...done (1685ms) 
   -calc level 0 ridge...done (2226ms) 
 block [197] : 1000 snps  (9879ms) 
   -residualizing and scaling genotypes...done (2848ms) 
   -calc working matrices...done (1644ms) 
   -calc level 0 ridge...done (2529ms) 
 block [198] : 1000 snps  (9496ms) 
   -residualizing and scaling genotypes...done (2747ms) 
   -calc working matrices...done (1670ms) 
   -calc level 0 ridge...done (2235ms) 
 block [199] : 1000 snps  (10002ms) 
   -residualizing and scaling genotypes...done (2815ms) 
   -calc working matrices...done (1654ms) 
   -calc level 0 ridge...done (2200ms) 
 block [200] : 1000 snps  (10029ms) 
   -residualizing and scaling genotypes...done (2856ms) 
   -calc working matrices...done (1585ms) 
   -calc level 0 ridge...done (2188ms) 
 block [201] : 1000 snps  (10076ms) 
   -residualizing and scaling genotypes...done (2892ms) 
   -calc working matrices...done (1675ms) 
   -calc level 0 ridge...done (2252ms) 
 block [202] : 1000 snps  (10199ms) 
   -residualizing and scaling genotypes...done (2878ms) 
   -calc working matrices...done (1657ms) 
   -calc level 0 ridge...done (2534ms) 
 block [203] : 1000 snps  (9680ms) 
   -residualizing and scaling genotypes...done (2736ms) 
   -calc working matrices...done (1747ms) 
   -calc level 0 ridge...done (2420ms) 
 block [204] : 1000 snps  (9374ms) 
   -residualizing and scaling genotypes...done (2736ms) 
   -calc working matrices...done (1640ms) 
   -calc level 0 ridge...done (2587ms) 
 block [205] : 625 snps  (6728ms) 
   -residualizing and scaling genotypes...done (1618ms) 
   -calc working matrices...done (794ms) 
   -calc level 0 ridge...done (1624ms) 
Chromosome 7
 block [206] : 1000 snps  (8663ms) 
   -residualizing and scaling genotypes...done (2542ms) 
   -calc working matrices...done (1598ms) 
   -calc level 0 ridge...done (3114ms) 
 block [207] : 1000 snps  (8634ms) 
   -residualizing and scaling genotypes...done (2573ms) 
   -calc working matrices...done (1602ms) 
   -calc level 0 ridge...done (2940ms) 
 block [208] : 1000 snps  (10329ms) 
   -residualizing and scaling genotypes...done (3077ms) 
   -calc working matrices...done (1581ms) 
   -calc level 0 ridge...done (2913ms) 
 block [209] : 1000 snps  (10378ms) 
   -residualizing and scaling genotypes...done (3097ms) 
   -calc working matrices...done (1601ms) 
   -calc level 0 ridge...done (2905ms) 
 block [210] : 1000 snps  (10365ms) 
   -residualizing and scaling genotypes...done (3057ms) 
   -calc working matrices...done (1599ms) 
   -calc level 0 ridge...done (2537ms) 
 block [211] : 1000 snps  (9940ms) 
   -residualizing and scaling genotypes...done (3048ms) 
   -calc working matrices...done (1604ms) 
   -calc level 0 ridge...done (3182ms) 
 block [212] : 1000 snps  (9411ms) 
   -residualizing and scaling genotypes...done (2623ms) 
   -calc working matrices...done (1634ms) 
   -calc level 0 ridge...done (2815ms) 
 block [213] : 1000 snps  (9126ms) 
   -residualizing and scaling genotypes...done (2628ms) 
   -calc working matrices...done (1637ms) 
   -calc level 0 ridge...done (2558ms) 
 block [214] : 1000 snps  (9570ms) 
   -residualizing and scaling genotypes...done (2632ms) 
   -calc working matrices...done (1634ms) 
   -calc level 0 ridge...done (3137ms) 
 block [215] : 1000 snps  (8235ms) 
   -residualizing and scaling genotypes...done (3037ms) 
   -calc working matrices...done (1603ms) 
   -calc level 0 ridge...done (3068ms) 
 block [216] : 1000 snps  (9948ms) 
   -residualizing and scaling genotypes...done (3075ms) 
   -calc working matrices...done (1621ms) 
   -calc level 0 ridge...done (3000ms) 
 block [217] : 1000 snps  (9594ms) 
   -residualizing and scaling genotypes...done (2574ms) 
   -calc working matrices...done (1616ms) 
   -calc level 0 ridge...done (3034ms) 
 block [218] : 1000 snps  (8558ms) 
   -residualizing and scaling genotypes...done (3001ms) 
   -calc working matrices...done (1614ms) 
   -calc level 0 ridge...done (2492ms) 
 block [219] : 1000 snps  (9788ms) 
   -residualizing and scaling genotypes...done (2621ms) 
   -calc working matrices...done (1682ms) 
   -calc level 0 ridge...done (2845ms) 
 block [220] : 1000 snps  (8816ms) 
   -residualizing and scaling genotypes...done (2672ms) 
   -calc working matrices...done (1614ms) 
   -calc level 0 ridge...done (2805ms) 
 block [221] : 1000 snps  (8911ms) 
   -residualizing and scaling genotypes...done (2663ms) 
   -calc working matrices...done (1589ms) 
   -calc level 0 ridge...done (2465ms) 
 block [222] : 1000 snps  (9343ms) 
   -residualizing and scaling genotypes...done (2767ms) 
   -calc working matrices...done (1582ms) 
   -calc level 0 ridge...done (2215ms) 
 block [223] : 1000 snps  (9407ms) 
   -residualizing and scaling genotypes...done (2841ms) 
   -calc working matrices...done (1552ms) 
   -calc level 0 ridge...done (2208ms) 
 block [224] : 1000 snps  (9171ms) 
   -residualizing and scaling genotypes...done (2812ms) 
   -calc working matrices...done (1747ms) 
   -calc level 0 ridge...done (2148ms) 
 block [225] : 1000 snps  (9140ms) 
   -residualizing and scaling genotypes...done (2821ms) 
   -calc working matrices...done (1497ms) 
   -calc level 0 ridge...done (2119ms) 
 block [226] : 1000 snps  (9244ms) 
   -residualizing and scaling genotypes...done (2758ms) 
   -calc working matrices...done (1561ms) 
   -calc level 0 ridge...done (2512ms) 
 block [227] : 1000 snps  (8874ms) 
   -residualizing and scaling genotypes...done (2690ms) 
   -calc working matrices...done (1725ms) 
   -calc level 0 ridge...done (2570ms) 
 block [228] : 1000 snps  (9253ms) 
   -residualizing and scaling genotypes...done (2803ms) 
   -calc working matrices...done (1589ms) 
   -calc level 0 ridge...done (2260ms) 
 block [229] : 1000 snps  (9227ms) 
   -residualizing and scaling genotypes...done (2832ms) 
   -calc working matrices...done (1590ms) 
   -calc level 0 ridge...done (2301ms) 
 block [230] : 1000 snps  (9279ms) 
   -residualizing and scaling genotypes...done (2787ms) 
   -calc working matrices...done (1559ms) 
   -calc level 0 ridge...done (2273ms) 
 block [231] : 1000 snps  (8767ms) 
   -residualizing and scaling genotypes...done (3028ms) 
   -calc working matrices...done (1596ms) 
   -calc level 0 ridge...done (2764ms) 
 block [232] : 1000 snps  (10268ms) 
   -residualizing and scaling genotypes...done (2827ms) 
   -calc working matrices...done (1591ms) 
   -calc level 0 ridge...done (2912ms) 
 block [233] : 128 snps  (2779ms) 
   -residualizing and scaling genotypes...done (644ms) 
   -calc working matrices...done (61ms) 
   -calc level 0 ridge...done (254ms) 
Chromosome 8
 block [234] : 1000 snps  (8566ms) 
   -residualizing and scaling genotypes...done (2621ms) 
   -calc working matrices...done (1587ms) 
   -calc level 0 ridge...done (2913ms) 
 block [235] : 1000 snps  (9360ms) 
   -residualizing and scaling genotypes...done (2716ms) 
   -calc working matrices...done (1579ms) 
   -calc level 0 ridge...done (2396ms) 
 block [236] : 1000 snps  (9608ms) 
   -residualizing and scaling genotypes...done (2831ms) 
   -calc working matrices...done (1612ms) 
   -calc level 0 ridge...done (2211ms) 
 block [237] : 1000 snps  (9977ms) 
   -residualizing and scaling genotypes...done (2944ms) 
   -calc working matrices...done (1603ms) 
   -calc level 0 ridge...done (2141ms) 
 block [238] : 1000 snps  (9755ms) 
   -residualizing and scaling genotypes...done (2843ms) 
   -calc working matrices...done (1541ms) 
   -calc level 0 ridge...done (2181ms) 
 block [239] : 1000 snps  (9411ms) 
   -residualizing and scaling genotypes...done (2877ms) 
   -calc working matrices...done (1585ms) 
   -calc level 0 ridge...done (2272ms) 
 block [240] : 1000 snps  (9493ms) 
   -residualizing and scaling genotypes...done (2553ms) 
   -calc working matrices...done (1644ms) 
   -calc level 0 ridge...done (2909ms) 
 block [241] : 1000 snps  (10043ms) 
   -residualizing and scaling genotypes...done (3021ms) 
   -calc working matrices...done (1573ms) 
   -calc level 0 ridge...done (2385ms) 
 block [242] : 1000 snps  (9556ms) 
   -residualizing and scaling genotypes...done (2556ms) 
   -calc working matrices...done (1607ms) 
   -calc level 0 ridge...done (3128ms) 
 block [243] : 1000 snps  (8486ms) 
   -residualizing and scaling genotypes...done (2552ms) 
   -calc working matrices...done (1620ms) 
   -calc level 0 ridge...done (2843ms) 
 block [244] : 1000 snps  (8642ms) 
   -residualizing and scaling genotypes...done (2614ms) 
   -calc working matrices...done (1587ms) 
   -calc level 0 ridge...done (2824ms) 
 block [245] : 1000 snps  (8763ms) 
   -residualizing and scaling genotypes...done (2618ms) 
   -calc working matrices...done (1587ms) 
   -calc level 0 ridge...done (2891ms) 
 block [246] : 1000 snps  (9640ms) 
   -residualizing and scaling genotypes...done (2623ms) 
   -calc working matrices...done (1598ms) 
   -calc level 0 ridge...done (2931ms) 
 block [247] : 1000 snps  (10256ms) 
   -residualizing and scaling genotypes...done (3005ms) 
   -calc working matrices...done (1616ms) 
   -calc level 0 ridge...done (2993ms) 
 block [248] : 1000 snps  (9619ms) 
   -residualizing and scaling genotypes...done (2943ms) 
   -calc working matrices...done (1612ms) 
   -calc level 0 ridge...done (2624ms) 
 block [249] : 1000 snps  (9824ms) 
   -residualizing and scaling genotypes...done (2798ms) 
   -calc working matrices...done (1594ms) 
   -calc level 0 ridge...done (2367ms) 
 block [250] : 1000 snps  (9575ms) 
   -residualizing and scaling genotypes...done (2887ms) 
   -calc working matrices...done (1601ms) 
   -calc level 0 ridge...done (2247ms) 
 block [251] : 1000 snps  (9567ms) 
   -residualizing and scaling genotypes...done (2868ms) 
   -calc working matrices...done (1601ms) 
   -calc level 0 ridge...done (2254ms) 
 block [252] : 1000 snps  (10038ms) 
   -residualizing and scaling genotypes...done (2840ms) 
   -calc working matrices...done (1593ms) 
   -calc level 0 ridge...done (2343ms) 
 block [253] : 1000 snps  (9566ms) 
   -residualizing and scaling genotypes...done (2774ms) 
   -calc working matrices...done (1590ms) 
   -calc level 0 ridge...done (2302ms) 
 block [254] : 1000 snps  (9482ms) 
   -residualizing and scaling genotypes...done (2784ms) 
   -calc working matrices...done (1631ms) 
   -calc level 0 ridge...done (2354ms) 
 block [255] : 1000 snps  (9540ms) 
   -residualizing and scaling genotypes...done (2787ms) 
   -calc working matrices...done (1604ms) 
   -calc level 0 ridge...done (2223ms) 
 block [256] : 1000 snps  (9702ms) 
   -residualizing and scaling genotypes...done (2932ms) 
   -calc working matrices...done (1571ms) 
   -calc level 0 ridge...done (2209ms) 
 block [257] : 1000 snps  (9368ms) 
   -residualizing and scaling genotypes...done (2864ms) 
   -calc working matrices...done (1533ms) 
   -calc level 0 ridge...done (2428ms) 
 block [258] : 1000 snps  (9428ms) 
   -residualizing and scaling genotypes...done (2873ms) 
   -calc working matrices...done (1545ms) 
   -calc level 0 ridge...done (2359ms) 
 block [259] : 794 snps  (6541ms) 
   -residualizing and scaling genotypes...done (2299ms) 
   -calc working matrices...done (1168ms) 
   -calc level 0 ridge...done (2834ms) 
Chromosome 9
 block [260] : 1000 snps  (8711ms) 
   -residualizing and scaling genotypes...done (2623ms) 
   -calc working matrices...done (1715ms) 
   -calc level 0 ridge...done (3189ms) 
 block [261] : 1000 snps  (8665ms) 
   -residualizing and scaling genotypes...done (2556ms) 
   -calc working matrices...done (1661ms) 
   -calc level 0 ridge...done (3156ms) 
 block [262] : 1000 snps  (8691ms) 
   -residualizing and scaling genotypes...done (2612ms) 
   -calc working matrices...done (1699ms) 
   -calc level 0 ridge...done (2955ms) 
 block [263] : 1000 snps  (9476ms) 
   -residualizing and scaling genotypes...done (2784ms) 
   -calc working matrices...done (1679ms) 
   -calc level 0 ridge...done (2293ms) 
 block [264] : 1000 snps  (9920ms) 
   -residualizing and scaling genotypes...done (2850ms) 
   -calc working matrices...done (1670ms) 
   -calc level 0 ridge...done (2165ms) 
 block [265] : 1000 snps  (10010ms) 
   -residualizing and scaling genotypes...done (2872ms) 
   -calc working matrices...done (1665ms) 
   -calc level 0 ridge...done (2148ms) 
 block [266] : 1000 snps  (10040ms) 
   -residualizing and scaling genotypes...done (2994ms) 
   -calc working matrices...done (1665ms) 
   -calc level 0 ridge...done (2146ms) 
 block [267] : 1000 snps  (9598ms) 
   -residualizing and scaling genotypes...done (2848ms) 
   -calc working matrices...done (1651ms) 
   -calc level 0 ridge...done (2138ms) 
 block [268] : 1000 snps  (9625ms) 
   -residualizing and scaling genotypes...done (2845ms) 
   -calc working matrices...done (1659ms) 
   -calc level 0 ridge...done (2145ms) 
 block [269] : 1000 snps  (9601ms) 
   -residualizing and scaling genotypes...done (2876ms) 
   -calc working matrices...done (1624ms) 
   -calc level 0 ridge...done (2345ms) 
 block [270] : 1000 snps  (9469ms) 
   -residualizing and scaling genotypes...done (2925ms) 
   -calc working matrices...done (1596ms) 
   -calc level 0 ridge...done (2566ms) 
 block [271] : 1000 snps  (8883ms) 
   -residualizing and scaling genotypes...done (2682ms) 
   -calc working matrices...done (1680ms) 
   -calc level 0 ridge...done (2436ms) 
 block [272] : 1000 snps  (8850ms) 
   -residualizing and scaling genotypes...done (2677ms) 
   -calc working matrices...done (1684ms) 
   -calc level 0 ridge...done (2578ms) 
 block [273] : 1000 snps  (8805ms) 
   -residualizing and scaling genotypes...done (2702ms) 
   -calc working matrices...done (1692ms) 
   -calc level 0 ridge...done (2597ms) 
 block [274] : 1000 snps  (8868ms) 
   -residualizing and scaling genotypes...done (3038ms) 
   -calc working matrices...done (1670ms) 
   -calc level 0 ridge...done (2844ms) 
 block [275] : 1000 snps  (10285ms) 
   -residualizing and scaling genotypes...done (2967ms) 
   -calc working matrices...done (1665ms) 
   -calc level 0 ridge...done (2354ms) 
 block [276] : 1000 snps  (9744ms) 
   -residualizing and scaling genotypes...done (2991ms) 
   -calc working matrices...done (1779ms) 
   -calc level 0 ridge...done (2266ms) 
 block [277] : 1000 snps  (8957ms) 
   -residualizing and scaling genotypes...done (2567ms) 
   -calc working matrices...done (1697ms) 
   -calc level 0 ridge...done (3185ms) 
 block [278] : 1000 snps  (8195ms) 
   -residualizing and scaling genotypes...done (2993ms) 
   -calc working matrices...done (1663ms) 
   -calc level 0 ridge...done (3244ms) 
 block [279] : 1000 snps  (9428ms) 
   -residualizing and scaling genotypes...done (3020ms) 
   -calc working matrices...done (1750ms) 
   -calc level 0 ridge...done (2428ms) 
 block [280] : 1000 snps  (9368ms) 
   -residualizing and scaling genotypes...done (2626ms) 
   -calc working matrices...done (1701ms) 
   -calc level 0 ridge...done (2856ms) 
 block [281] : 841 snps  (6736ms) 
   -residualizing and scaling genotypes...done (2143ms) 
   -calc working matrices...done (1250ms) 
   -calc level 0 ridge...done (2452ms) 
Chromosome 10
 block [282] : 1000 snps  (8537ms) 
   -residualizing and scaling genotypes...done (2537ms) 
   -calc working matrices...done (1614ms) 
   -calc level 0 ridge...done (3159ms) 
 block [283] : 1000 snps  (8521ms) 
   -residualizing and scaling genotypes...done (2559ms) 
   -calc working matrices...done (1691ms) 
   -calc level 0 ridge...done (3166ms) 
 block [284] : 1000 snps  (8520ms) 
   -residualizing and scaling genotypes...done (2558ms) 
   -calc working matrices...done (1644ms) 
   -calc level 0 ridge...done (3216ms) 
 block [285] : 1000 snps  (8564ms) 
   -residualizing and scaling genotypes...done (2555ms) 
   -calc working matrices...done (1644ms) 
   -calc level 0 ridge...done (3240ms) 
 block [286] : 1000 snps  (8534ms) 
   -residualizing and scaling genotypes...done (2579ms) 
   -calc working matrices...done (1629ms) 
   -calc level 0 ridge...done (2988ms) 
 block [287] : 1000 snps  (8911ms) 
   -residualizing and scaling genotypes...done (2657ms) 
   -calc working matrices...done (1664ms) 
   -calc level 0 ridge...done (2553ms) 
 block [288] : 1000 snps  (9808ms) 
   -residualizing and scaling genotypes...done (2840ms) 
   -calc working matrices...done (1644ms) 
   -calc level 0 ridge...done (2231ms) 
 block [289] : 1000 snps  (9891ms) 
   -residualizing and scaling genotypes...done (2869ms) 
   -calc working matrices...done (1642ms) 
   -calc level 0 ridge...done (2186ms) 
 block [290] : 1000 snps  (9913ms) 
   -residualizing and scaling genotypes...done (2876ms) 
   -calc working matrices...done (1639ms) 
   -calc level 0 ridge...done (2160ms) 
 block [291] : 1000 snps  (9898ms) 
   -residualizing and scaling genotypes...done (2906ms) 
   -calc working matrices...done (1638ms) 
   -calc level 0 ridge...done (2364ms) 
 block [292] : 1000 snps  (9365ms) 
   -residualizing and scaling genotypes...done (2742ms) 
   -calc working matrices...done (1684ms) 
   -calc level 0 ridge...done (2614ms) 
 block [293] : 1000 snps  (9135ms) 
   -residualizing and scaling genotypes...done (2679ms) 
   -calc working matrices...done (1707ms) 
   -calc level 0 ridge...done (3041ms) 
 block [294] : 1000 snps  (9037ms) 
   -residualizing and scaling genotypes...done (2674ms) 
   -calc working matrices...done (1695ms) 
   -calc level 0 ridge...done (2994ms) 
 block [295] : 1000 snps  (8896ms) 
   -residualizing and scaling genotypes...done (2672ms) 
   -calc working matrices...done (1697ms) 
   -calc level 0 ridge...done (2844ms) 
 block [296] : 1000 snps  (9077ms) 
   -residualizing and scaling genotypes...done (2692ms) 
   -calc working matrices...done (1670ms) 
   -calc level 0 ridge...done (2977ms) 
 block [297] : 1000 snps  (9057ms) 
   -residualizing and scaling genotypes...done (2633ms) 
   -calc working matrices...done (1654ms) 
   -calc level 0 ridge...done (2951ms) 
 block [298] : 1000 snps  (9049ms) 
   -residualizing and scaling genotypes...done (2637ms) 
   -calc working matrices...done (1617ms) 
   -calc level 0 ridge...done (2910ms) 
 block [299] : 1000 snps  (9844ms) 
   -residualizing and scaling genotypes...done (2710ms) 
   -calc working matrices...done (1697ms) 
   -calc level 0 ridge...done (2726ms) 
 block [300] : 1000 snps  (9133ms) 
   -residualizing and scaling genotypes...done (2697ms) 
   -calc working matrices...done (1705ms) 
   -calc level 0 ridge...done (2701ms) 
 block [301] : 1000 snps  (10235ms) 
   -residualizing and scaling genotypes...done (3024ms) 
   -calc working matrices...done (1618ms) 
   -calc level 0 ridge...done (2539ms) 
 block [302] : 1000 snps  (9458ms) 
   -residualizing and scaling genotypes...done (2625ms) 
   -calc working matrices...done (1696ms) 
   -calc level 0 ridge...done (2824ms) 
 block [303] : 1000 snps  (9768ms) 
   -residualizing and scaling genotypes...done (2808ms) 
   -calc working matrices...done (1630ms) 
   -calc level 0 ridge...done (2212ms) 
 block [304] : 1000 snps  (9922ms) 
   -residualizing and scaling genotypes...done (2810ms) 
   -calc working matrices...done (2037ms) 
   -calc level 0 ridge...done (2300ms) 
 block [305] : 1000 snps  (9673ms) 
   -residualizing and scaling genotypes...done (2852ms) 
   -calc working matrices...done (1634ms) 
   -calc level 0 ridge...done (2069ms) 
 block [306] : 487 snps  (5739ms) 
   -residualizing and scaling genotypes...done (1266ms) 
   -calc working matrices...done (500ms) 
   -calc level 0 ridge...done (1181ms) 
Chromosome 11
 block [307] : 1000 snps  (8677ms) 
   -residualizing and scaling genotypes...done (2546ms) 
   -calc working matrices...done (1614ms) 
   -calc level 0 ridge...done (3184ms) 
 block [308] : 1000 snps  (8638ms) 
   -residualizing and scaling genotypes...done (2552ms) 
   -calc working matrices...done (1588ms) 
   -calc level 0 ridge...done (2452ms) 
 block [309] : 1000 snps  (9199ms) 
   -residualizing and scaling genotypes...done (2680ms) 
   -calc working matrices...done (1582ms) 
   -calc level 0 ridge...done (2436ms) 
 block [310] : 1000 snps  (9127ms) 
   -residualizing and scaling genotypes...done (2666ms) 
   -calc working matrices...done (1587ms) 
   -calc level 0 ridge...done (2373ms) 
 block [311] : 1000 snps  (9142ms) 
   -residualizing and scaling genotypes...done (2698ms) 
   -calc working matrices...done (1587ms) 
   -calc level 0 ridge...done (2539ms) 
 block [312] : 1000 snps  (9057ms) 
   -residualizing and scaling genotypes...done (2681ms) 
   -calc working matrices...done (1601ms) 
   -calc level 0 ridge...done (2574ms) 
 block [313] : 1000 snps  (9060ms) 
   -residualizing and scaling genotypes...done (2668ms) 
   -calc working matrices...done (1586ms) 
   -calc level 0 ridge...done (2567ms) 
 block [314] : 1000 snps  (9359ms) 
   -residualizing and scaling genotypes...done (2711ms) 
   -calc working matrices...done (1576ms) 
   -calc level 0 ridge...done (2311ms) 
 block [315] : 1000 snps  (9288ms) 
   -residualizing and scaling genotypes...done (2704ms) 
   -calc working matrices...done (1589ms) 
   -calc level 0 ridge...done (2315ms) 
 block [316] : 1000 snps  (9150ms) 
   -residualizing and scaling genotypes...done (2718ms) 
   -calc working matrices...done (1750ms) 
   -calc level 0 ridge...done (2281ms) 
 block [317] : 1000 snps  (9827ms) 
   -residualizing and scaling genotypes...done (2732ms) 
   -calc working matrices...done (1599ms) 
   -calc level 0 ridge...done (2440ms) 
 block [318] : 1000 snps  (9631ms) 
   -residualizing and scaling genotypes...done (2939ms) 
   -calc working matrices...done (1721ms) 
   -calc level 0 ridge...done (2289ms) 
 block [319] : 1000 snps  (9208ms) 
   -residualizing and scaling genotypes...done (2713ms) 
   -calc working matrices...done (1583ms) 
   -calc level 0 ridge...done (2637ms) 
 block [320] : 1000 snps  (9524ms) 
   -residualizing and scaling genotypes...done (2849ms) 
   -calc working matrices...done (1719ms) 
   -calc level 0 ridge...done (2345ms) 
 block [321] : 1000 snps  (9036ms) 
   -residualizing and scaling genotypes...done (2628ms) 
   -calc working matrices...done (1635ms) 
   -calc level 0 ridge...done (3106ms) 
 block [322] : 1000 snps  (10395ms) 
   -residualizing and scaling genotypes...done (3056ms) 
   -calc working matrices...done (1567ms) 
   -calc level 0 ridge...done (2603ms) 
 block [323] : 1000 snps  (9699ms) 
   -residualizing and scaling genotypes...done (2912ms) 
   -calc working matrices...done (1592ms) 
   -calc level 0 ridge...done (2825ms) 
 block [324] : 1000 snps  (8395ms) 
   -residualizing and scaling genotypes...done (2674ms) 
   -calc working matrices...done (1584ms) 
   -calc level 0 ridge...done (2810ms) 
 block [325] : 1000 snps  (8372ms) 
   -residualizing and scaling genotypes...done (2641ms) 
   -calc working matrices...done (1614ms) 
   -calc level 0 ridge...done (3106ms) 
 block [326] : 1000 snps  (8280ms) 
   -residualizing and scaling genotypes...done (3038ms) 
   -calc working matrices...done (1559ms) 
   -calc level 0 ridge...done (3045ms) 
 block [327] : 1000 snps  (9371ms) 
   -residualizing and scaling genotypes...done (2565ms) 
   -calc working matrices...done (1619ms) 
   -calc level 0 ridge...done (3173ms) 
 block [328] : 1000 snps  (8597ms) 
   -residualizing and scaling genotypes...done (2566ms) 
   -calc working matrices...done (1606ms) 
   -calc level 0 ridge...done (2676ms) 
 block [329] : 1000 snps  (9140ms) 
   -residualizing and scaling genotypes...done (2668ms) 
   -calc working matrices...done (1594ms) 
   -calc level 0 ridge...done (2601ms) 
 block [330] : 937 snps  (7888ms) 
   -residualizing and scaling genotypes...done (2329ms) 
   -calc working matrices...done (1633ms) 
   -calc level 0 ridge...done (2408ms) 
Chromosome 12
 block [331] : 1000 snps  (8620ms) 
   -residualizing and scaling genotypes...done (2543ms) 
   -calc working matrices...done (1678ms) 
   -calc level 0 ridge...done (2898ms) 
 block [332] : 1000 snps  (8941ms) 
   -residualizing and scaling genotypes...done (2637ms) 
   -calc working matrices...done (1582ms) 
   -calc level 0 ridge...done (2595ms) 
 block [333] : 1000 snps  (9019ms) 
   -residualizing and scaling genotypes...done (2950ms) 
   -calc working matrices...done (1548ms) 
   -calc level 0 ridge...done (2418ms) 
 block [334] : 1000 snps  (9839ms) 
   -residualizing and scaling genotypes...done (2554ms) 
   -calc working matrices...done (1618ms) 
   -calc level 0 ridge...done (3083ms) 
 block [335] : 1000 snps  (8642ms) 
   -residualizing and scaling genotypes...done (2565ms) 
   -calc working matrices...done (1607ms) 
   -calc level 0 ridge...done (3071ms) 
 block [336] : 1000 snps  (8725ms) 
   -residualizing and scaling genotypes...done (2546ms) 
   -calc working matrices...done (1595ms) 
   -calc level 0 ridge...done (2885ms) 
 block [337] : 1000 snps  (10433ms) 
   -residualizing and scaling genotypes...done (3087ms) 
   -calc working matrices...done (1505ms) 
   -calc level 0 ridge...done (2701ms) 
 block [338] : 1000 snps  (9898ms) 
   -residualizing and scaling genotypes...done (2570ms) 
   -calc working matrices...done (1593ms) 
   -calc level 0 ridge...done (3112ms) 
 block [339] : 1000 snps  (8534ms) 
   -residualizing and scaling genotypes...done (2544ms) 
   -calc working matrices...done (1609ms) 
   -calc level 0 ridge...done (3133ms) 
 block [340] : 1000 snps  (8523ms) 
   -residualizing and scaling genotypes...done (2558ms) 
   -calc working matrices...done (1585ms) 
   -calc level 0 ridge...done (3133ms) 
 block [341] : 1000 snps  (8494ms) 
   -residualizing and scaling genotypes...done (2554ms) 
   -calc working matrices...done (1585ms) 
   -calc level 0 ridge...done (3140ms) 
 block [342] : 1000 snps  (8520ms) 
   -residualizing and scaling genotypes...done (2557ms) 
   -calc working matrices...done (1587ms) 
   -calc level 0 ridge...done (3173ms) 
 block [343] : 1000 snps  (8523ms) 
   -residualizing and scaling genotypes...done (2555ms) 
   -calc working matrices...done (1587ms) 
   -calc level 0 ridge...done (3115ms) 
 block [344] : 1000 snps  (9989ms) 
   -residualizing and scaling genotypes...done (3042ms) 
   -calc working matrices...done (1580ms) 
   -calc level 0 ridge...done (2903ms) 
 block [345] : 1000 snps  (9434ms) 
   -residualizing and scaling genotypes...done (2603ms) 
   -calc working matrices...done (1601ms) 
   -calc level 0 ridge...done (3170ms) 
 block [346] : 1000 snps  (8567ms) 
   -residualizing and scaling genotypes...done (2560ms) 
   -calc working matrices...done (1601ms) 
   -calc level 0 ridge...done (3127ms) 
 block [347] : 1000 snps  (8483ms) 
   -residualizing and scaling genotypes...done (2550ms) 
   -calc working matrices...done (1608ms) 
   -calc level 0 ridge...done (3129ms) 
 block [348] : 1000 snps  (8546ms) 
   -residualizing and scaling genotypes...done (2546ms) 
   -calc working matrices...done (1623ms) 
   -calc level 0 ridge...done (3159ms) 
 block [349] : 1000 snps  (8760ms) 
   -residualizing and scaling genotypes...done (2567ms) 
   -calc working matrices...done (1606ms) 
   -calc level 0 ridge...done (3132ms) 
 block [350] : 1000 snps  (8690ms) 
   -residualizing and scaling genotypes...done (2563ms) 
   -calc working matrices...done (1605ms) 
   -calc level 0 ridge...done (2947ms) 
 block [351] : 1000 snps  (8760ms) 
   -residualizing and scaling genotypes...done (2615ms) 
   -calc working matrices...done (1597ms) 
   -calc level 0 ridge...done (2566ms) 
 block [352] : 1000 snps  (9096ms) 
   -residualizing and scaling genotypes...done (2656ms) 
   -calc working matrices...done (1597ms) 
   -calc level 0 ridge...done (2682ms) 
 block [353] : 1000 snps  (9184ms) 
   -residualizing and scaling genotypes...done (2650ms) 
   -calc working matrices...done (1604ms) 
   -calc level 0 ridge...done (2628ms) 
 block [354] : 482 snps  (5861ms) 
   -residualizing and scaling genotypes...done (1248ms) 
   -calc working matrices...done (490ms) 
   -calc level 0 ridge...done (1091ms) 
Chromosome 13
 block [355] : 1000 snps  (8737ms) 
   -residualizing and scaling genotypes...done (2622ms) 
   -calc working matrices...done (1597ms) 
   -calc level 0 ridge...done (2666ms) 
 block [356] : 1000 snps  (9401ms) 
   -residualizing and scaling genotypes...done (2787ms) 
   -calc working matrices...done (1597ms) 
   -calc level 0 ridge...done (2424ms) 
 block [357] : 1000 snps  (9542ms) 
   -residualizing and scaling genotypes...done (2839ms) 
   -calc working matrices...done (1597ms) 
   -calc level 0 ridge...done (2480ms) 
 block [358] : 1000 snps  (9200ms) 
   -residualizing and scaling genotypes...done (2829ms) 
   -calc working matrices...done (1571ms) 
   -calc level 0 ridge...done (2467ms) 
 block [359] : 1000 snps  (9464ms) 
   -residualizing and scaling genotypes...done (3052ms) 
   -calc working matrices...done (1617ms) 
   -calc level 0 ridge...done (3113ms) 
 block [360] : 1000 snps  (8900ms) 
   -residualizing and scaling genotypes...done (2671ms) 
   -calc working matrices...done (1619ms) 
   -calc level 0 ridge...done (3034ms) 
 block [361] : 1000 snps  (8928ms) 
   -residualizing and scaling genotypes...done (2672ms) 
   -calc working matrices...done (1602ms) 
   -calc level 0 ridge...done (2674ms) 
 block [362] : 1000 snps  (9068ms) 
   -residualizing and scaling genotypes...done (2748ms) 
   -calc working matrices...done (1596ms) 
   -calc level 0 ridge...done (2517ms) 
 block [363] : 1000 snps  (9032ms) 
   -residualizing and scaling genotypes...done (2725ms) 
   -calc working matrices...done (1600ms) 
   -calc level 0 ridge...done (2576ms) 
 block [364] : 1000 snps  (9342ms) 
   -residualizing and scaling genotypes...done (2783ms) 
   -calc working matrices...done (1585ms) 
   -calc level 0 ridge...done (2476ms) 
 block [365] : 1000 snps  (9578ms) 
   -residualizing and scaling genotypes...done (2909ms) 
   -calc working matrices...done (1611ms) 
   -calc level 0 ridge...done (2443ms) 
 block [366] : 1000 snps  (9594ms) 
   -residualizing and scaling genotypes...done (3070ms) 
   -calc working matrices...done (1603ms) 
   -calc level 0 ridge...done (2474ms) 
 block [367] : 1000 snps  (9578ms) 
   -residualizing and scaling genotypes...done (2806ms) 
   -calc working matrices...done (1558ms) 
   -calc level 0 ridge...done (2246ms) 
 block [368] : 1000 snps  (9324ms) 
   -residualizing and scaling genotypes...done (2835ms) 
   -calc working matrices...done (1584ms) 
   -calc level 0 ridge...done (2225ms) 
 block [369] : 1000 snps  (9315ms) 
   -residualizing and scaling genotypes...done (2856ms) 
   -calc working matrices...done (1568ms) 
   -calc level 0 ridge...done (2134ms) 
 block [370] : 1000 snps  (9295ms) 
   -residualizing and scaling genotypes...done (2852ms) 
   -calc working matrices...done (1565ms) 
   -calc level 0 ridge...done (2176ms) 
 block [371] : 1000 snps  (9332ms) 
   -residualizing and scaling genotypes...done (2850ms) 
   -calc working matrices...done (1554ms) 
   -calc level 0 ridge...done (2170ms) 
 block [372] : 207 snps  (1625ms) 
   -residualizing and scaling genotypes...done (639ms) 
   -calc working matrices...done (145ms) 
   -calc level 0 ridge...done (669ms) 
Chromosome 14
 block [373] : 1000 snps  (8379ms) 
   -residualizing and scaling genotypes...done (2560ms) 
   -calc working matrices...done (1667ms) 
   -calc level 0 ridge...done (2526ms) 
 block [374] : 1000 snps  (8981ms) 
   -residualizing and scaling genotypes...done (2722ms) 
   -calc working matrices...done (1744ms) 
   -calc level 0 ridge...done (2326ms) 
 block [375] : 1000 snps  (8901ms) 
   -residualizing and scaling genotypes...done (2719ms) 
   -calc working matrices...done (1594ms) 
   -calc level 0 ridge...done (2496ms) 
 block [376] : 1000 snps  (10299ms) 
   -residualizing and scaling genotypes...done (2967ms) 
   -calc working matrices...done (1680ms) 
   -calc level 0 ridge...done (2524ms) 
 block [377] : 1000 snps  (10153ms) 
   -residualizing and scaling genotypes...done (2970ms) 
   -calc working matrices...done (1666ms) 
   -calc level 0 ridge...done (2472ms) 
 block [378] : 1000 snps  (8740ms) 
   -residualizing and scaling genotypes...done (2558ms) 
   -calc working matrices...done (1697ms) 
   -calc level 0 ridge...done (3160ms) 
 block [379] : 1000 snps  (8100ms) 
   -residualizing and scaling genotypes...done (2582ms) 
   -calc working matrices...done (1694ms) 
   -calc level 0 ridge...done (3144ms) 
 block [380] : 1000 snps  (8055ms) 
   -residualizing and scaling genotypes...done (2569ms) 
   -calc working matrices...done (1691ms) 
   -calc level 0 ridge...done (3128ms) 
 block [381] : 1000 snps  (8101ms) 
   -residualizing and scaling genotypes...done (2555ms) 
   -calc working matrices...done (1696ms) 
   -calc level 0 ridge...done (3120ms) 
 block [382] : 1000 snps  (8100ms) 
   -residualizing and scaling genotypes...done (2581ms) 
   -calc working matrices...done (1704ms) 
   -calc level 0 ridge...done (2482ms) 
 block [383] : 1000 snps  (9018ms) 
   -residualizing and scaling genotypes...done (2941ms) 
   -calc working matrices...done (1627ms) 
   -calc level 0 ridge...done (2367ms) 
 block [384] : 1000 snps  (9398ms) 
   -residualizing and scaling genotypes...done (2801ms) 
   -calc working matrices...done (1647ms) 
   -calc level 0 ridge...done (2464ms) 
 block [385] : 1000 snps  (9219ms) 
   -residualizing and scaling genotypes...done (2825ms) 
   -calc working matrices...done (1629ms) 
   -calc level 0 ridge...done (2341ms) 
 block [386] : 1000 snps  (9177ms) 
   -residualizing and scaling genotypes...done (2794ms) 
   -calc working matrices...done (1662ms) 
   -calc level 0 ridge...done (2220ms) 
 block [387] : 1000 snps  (9237ms) 
   -residualizing and scaling genotypes...done (2792ms) 
   -calc working matrices...done (1661ms) 
   -calc level 0 ridge...done (2549ms) 
 block [388] : 1000 snps  (9267ms) 
   -residualizing and scaling genotypes...done (2812ms) 
   -calc working matrices...done (1660ms) 
   -calc level 0 ridge...done (2269ms) 
 block [389] : 106 snps  (875ms) 
   -residualizing and scaling genotypes...done (352ms) 
   -calc working matrices...done (53ms) 
   -calc level 0 ridge...done (249ms) 
Chromosome 15
 block [390] : 1000 snps  (8292ms) 
   -residualizing and scaling genotypes...done (2553ms) 
   -calc working matrices...done (1602ms) 
   -calc level 0 ridge...done (2905ms) 
 block [391] : 1000 snps  (8556ms) 
   -residualizing and scaling genotypes...done (2635ms) 
   -calc working matrices...done (1657ms) 
   -calc level 0 ridge...done (2671ms) 
 block [392] : 1000 snps  (9031ms) 
   -residualizing and scaling genotypes...done (2982ms) 
   -calc working matrices...done (1605ms) 
   -calc level 0 ridge...done (2355ms) 
 block [393] : 1000 snps  (9634ms) 
   -residualizing and scaling genotypes...done (2828ms) 
   -calc working matrices...done (1602ms) 
   -calc level 0 ridge...done (2255ms) 
 block [394] : 1000 snps  (9563ms) 
   -residualizing and scaling genotypes...done (2839ms) 
   -calc working matrices...done (1556ms) 
   -calc level 0 ridge...done (2237ms) 
 block [395] : 1000 snps  (9675ms) 
   -residualizing and scaling genotypes...done (2879ms) 
   -calc working matrices...done (1601ms) 
   -calc level 0 ridge...done (2248ms) 
 block [396] : 1000 snps  (9590ms) 
   -residualizing and scaling genotypes...done (2872ms) 
   -calc working matrices...done (1613ms) 
   -calc level 0 ridge...done (2175ms) 
 block [397] : 1000 snps  (9567ms) 
   -residualizing and scaling genotypes...done (2932ms) 
   -calc working matrices...done (1614ms) 
   -calc level 0 ridge...done (2160ms) 
 block [398] : 1000 snps  (9388ms) 
   -residualizing and scaling genotypes...done (2782ms) 
   -calc working matrices...done (1716ms) 
   -calc level 0 ridge...done (2285ms) 
 block [399] : 1000 snps  (9401ms) 
   -residualizing and scaling genotypes...done (2834ms) 
   -calc working matrices...done (1733ms) 
   -calc level 0 ridge...done (2328ms) 
 block [400] : 1000 snps  (9588ms) 
   -residualizing and scaling genotypes...done (2804ms) 
   -calc working matrices...done (1633ms) 
   -calc level 0 ridge...done (2317ms) 
 block [401] : 1000 snps  (9443ms) 
   -residualizing and scaling genotypes...done (2819ms) 
   -calc working matrices...done (1606ms) 
   -calc level 0 ridge...done (2253ms) 
 block [402] : 1000 snps  (9536ms) 
   -residualizing and scaling genotypes...done (2831ms) 
   -calc working matrices...done (1600ms) 
   -calc level 0 ridge...done (2272ms) 
 block [403] : 1000 snps  (9543ms) 
   -residualizing and scaling genotypes...done (2838ms) 
   -calc working matrices...done (1589ms) 
   -calc level 0 ridge...done (2275ms) 
 block [404] : 1000 snps  (9564ms) 
   -residualizing and scaling genotypes...done (2817ms) 
   -calc working matrices...done (1746ms) 
   -calc level 0 ridge...done (2269ms) 
 block [405] : 386 snps  (4248ms) 
   -residualizing and scaling genotypes...done (962ms) 
   -calc working matrices...done (331ms) 
   -calc level 0 ridge...done (958ms) 
Chromosome 16
 block [406] : 1000 snps  (8642ms) 
   -residualizing and scaling genotypes...done (2593ms) 
   -calc working matrices...done (1656ms) 
   -calc level 0 ridge...done (3468ms) 
 block [407] : 1000 snps  (8614ms) 
   -residualizing and scaling genotypes...done (2622ms) 
   -calc working matrices...done (1645ms) 
   -calc level 0 ridge...done (2550ms) 
 block [408] : 1000 snps  (9514ms) 
   -residualizing and scaling genotypes...done (2805ms) 
   -calc working matrices...done (1653ms) 
   -calc level 0 ridge...done (2354ms) 
 block [409] : 1000 snps  (9667ms) 
   -residualizing and scaling genotypes...done (2822ms) 
   -calc working matrices...done (1575ms) 
   -calc level 0 ridge...done (2257ms) 
 block [410] : 1000 snps  (9769ms) 
   -residualizing and scaling genotypes...done (2844ms) 
   -calc working matrices...done (1611ms) 
   -calc level 0 ridge...done (2206ms) 
 block [411] : 1000 snps  (9744ms) 
   -residualizing and scaling genotypes...done (2866ms) 
   -calc working matrices...done (1608ms) 
   -calc level 0 ridge...done (2205ms) 
 block [412] : 1000 snps  (9695ms) 
   -residualizing and scaling genotypes...done (2804ms) 
   -calc working matrices...done (1614ms) 
   -calc level 0 ridge...done (2392ms) 
 block [413] : 1000 snps  (9495ms) 
   -residualizing and scaling genotypes...done (2882ms) 
   -calc working matrices...done (1610ms) 
   -calc level 0 ridge...done (2273ms) 
 block [414] : 1000 snps  (9568ms) 
   -residualizing and scaling genotypes...done (2799ms) 
   -calc working matrices...done (1631ms) 
   -calc level 0 ridge...done (2249ms) 
 block [415] : 1000 snps  (9674ms) 
   -residualizing and scaling genotypes...done (2850ms) 
   -calc working matrices...done (1634ms) 
   -calc level 0 ridge...done (2175ms) 
 block [416] : 1000 snps  (9637ms) 
   -residualizing and scaling genotypes...done (2854ms) 
   -calc working matrices...done (1707ms) 
   -calc level 0 ridge...done (2185ms) 
 block [417] : 1000 snps  (9557ms) 
   -residualizing and scaling genotypes...done (2846ms) 
   -calc working matrices...done (1628ms) 
   -calc level 0 ridge...done (2294ms) 
 block [418] : 1000 snps  (9477ms) 
   -residualizing and scaling genotypes...done (2660ms) 
   -calc working matrices...done (1645ms) 
   -calc level 0 ridge...done (2820ms) 
 block [419] : 1000 snps  (9038ms) 
   -residualizing and scaling genotypes...done (2727ms) 
   -calc working matrices...done (1635ms) 
   -calc level 0 ridge...done (2697ms) 
 block [420] : 1000 snps  (9334ms) 
   -residualizing and scaling genotypes...done (2762ms) 
   -calc working matrices...done (1638ms) 
   -calc level 0 ridge...done (2369ms) 
 block [421] : 1000 snps  (9690ms) 
   -residualizing and scaling genotypes...done (2964ms) 
   -calc working matrices...done (1578ms) 
   -calc level 0 ridge...done (2267ms) 
 block [422] : 1000 snps  (9347ms) 
   -residualizing and scaling genotypes...done (2826ms) 
   -calc working matrices...done (1584ms) 
   -calc level 0 ridge...done (2155ms) 
 block [423] : 404 snps  (4122ms) 
   -residualizing and scaling genotypes...done (1011ms) 
   -calc working matrices...done (345ms) 
   -calc level 0 ridge...done (1012ms) 
Chromosome 17
 block [424] : 1000 snps  (8272ms) 
   -residualizing and scaling genotypes...done (2555ms) 
   -calc working matrices...done (1786ms) 
   -calc level 0 ridge...done (2929ms) 
 block [425] : 1000 snps  (8667ms) 
   -residualizing and scaling genotypes...done (2666ms) 
   -calc working matrices...done (1687ms) 
   -calc level 0 ridge...done (2658ms) 
 block [426] : 1000 snps  (8911ms) 
   -residualizing and scaling genotypes...done (2707ms) 
   -calc working matrices...done (1674ms) 
   -calc level 0 ridge...done (2594ms) 
 block [427] : 1000 snps  (9574ms) 
   -residualizing and scaling genotypes...done (2799ms) 
   -calc working matrices...done (1686ms) 
   -calc level 0 ridge...done (2414ms) 
 block [428] : 1000 snps  (10126ms) 
   -residualizing and scaling genotypes...done (2911ms) 
   -calc working matrices...done (1641ms) 
   -calc level 0 ridge...done (2350ms) 
 block [429] : 1000 snps  (9669ms) 
   -residualizing and scaling genotypes...done (2623ms) 
   -calc working matrices...done (1638ms) 
   -calc level 0 ridge...done (3166ms) 
 block [430] : 1000 snps  (8190ms) 
   -residualizing and scaling genotypes...done (2620ms) 
   -calc working matrices...done (1684ms) 
   -calc level 0 ridge...done (3191ms) 
 block [431] : 1000 snps  (8217ms) 
   -residualizing and scaling genotypes...done (2610ms) 
   -calc working matrices...done (1690ms) 
   -calc level 0 ridge...done (2938ms) 
 block [432] : 1000 snps  (8355ms) 
   -residualizing and scaling genotypes...done (2643ms) 
   -calc working matrices...done (1683ms) 
   -calc level 0 ridge...done (2860ms) 
 block [433] : 1000 snps  (8409ms) 
   -residualizing and scaling genotypes...done (2626ms) 
   -calc working matrices...done (1692ms) 
   -calc level 0 ridge...done (2578ms) 
 block [434] : 1000 snps  (9001ms) 
   -residualizing and scaling genotypes...done (2807ms) 
   -calc working matrices...done (1675ms) 
   -calc level 0 ridge...done (2122ms) 
 block [435] : 1000 snps  (9280ms) 
   -residualizing and scaling genotypes...done (2854ms) 
   -calc working matrices...done (1663ms) 
   -calc level 0 ridge...done (2116ms) 
 block [436] : 1000 snps  (9287ms) 
   -residualizing and scaling genotypes...done (2843ms) 
   -calc working matrices...done (1681ms) 
   -calc level 0 ridge...done (2303ms) 
 block [437] : 1000 snps  (9351ms) 
   -residualizing and scaling genotypes...done (2792ms) 
   -calc working matrices...done (1704ms) 
   -calc level 0 ridge...done (2288ms) 
 block [438] : 1000 snps  (9144ms) 
   -residualizing and scaling genotypes...done (2842ms) 
   -calc working matrices...done (1792ms) 
   -calc level 0 ridge...done (2234ms) 
 block [439] : 798 snps  (6959ms) 
   -residualizing and scaling genotypes...done (1938ms) 
   -calc working matrices...done (1457ms) 
   -calc level 0 ridge...done (2569ms) 
Chromosome 18
 block [440] : 1000 snps  (8439ms) 
   -residualizing and scaling genotypes...done (2653ms) 
   -calc working matrices...done (1729ms) 
   -calc level 0 ridge...done (3143ms) 
 block [441] : 1000 snps  (8270ms) 
   -residualizing and scaling genotypes...done (2618ms) 
   -calc working matrices...done (1708ms) 
   -calc level 0 ridge...done (3125ms) 
 block [442] : 1000 snps  (8282ms) 
   -residualizing and scaling genotypes...done (2625ms) 
   -calc working matrices...done (1686ms) 
   -calc level 0 ridge...done (2964ms) 
 block [443] : 1000 snps  (10873ms) 
   -residualizing and scaling genotypes...done (2799ms) 
   -calc working matrices...done (1652ms) 
   -calc level 0 ridge...done (2404ms) 
 block [444] : 1000 snps  (8996ms) 
   -residualizing and scaling genotypes...done (2768ms) 
   -calc working matrices...done (1624ms) 
   -calc level 0 ridge...done (2307ms) 
 block [445] : 1000 snps  (8970ms) 
   -residualizing and scaling genotypes...done (2804ms) 
   -calc working matrices...done (1694ms) 
   -calc level 0 ridge...done (2287ms) 
 block [446] : 1000 snps  (9969ms) 
   -residualizing and scaling genotypes...done (2896ms) 
   -calc working matrices...done (1640ms) 
   -calc level 0 ridge...done (2574ms) 
 block [447] : 1000 snps  (8980ms) 
   -residualizing and scaling genotypes...done (2813ms) 
   -calc working matrices...done (1667ms) 
   -calc level 0 ridge...done (2274ms) 
 block [448] : 1000 snps  (9017ms) 
   -residualizing and scaling genotypes...done (2805ms) 
   -calc working matrices...done (1688ms) 
   -calc level 0 ridge...done (2266ms) 
 block [449] : 1000 snps  (8986ms) 
   -residualizing and scaling genotypes...done (2768ms) 
   -calc working matrices...done (1645ms) 
   -calc level 0 ridge...done (2321ms) 
 block [450] : 1000 snps  (9964ms) 
   -residualizing and scaling genotypes...done (2919ms) 
   -calc working matrices...done (1621ms) 
   -calc level 0 ridge...done (2312ms) 
 block [451] : 1000 snps  (9968ms) 
   -residualizing and scaling genotypes...done (2891ms) 
   -calc working matrices...done (1681ms) 
   -calc level 0 ridge...done (2156ms) 
 block [452] : 1000 snps  (9356ms) 
   -residualizing and scaling genotypes...done (2621ms) 
   -calc working matrices...done (1726ms) 
   -calc level 0 ridge...done (3120ms) 
 block [453] : 1000 snps  (8229ms) 
   -residualizing and scaling genotypes...done (2599ms) 
   -calc working matrices...done (1725ms) 
   -calc level 0 ridge...done (3158ms) 
 block [454] : 1000 snps  (8189ms) 
   -residualizing and scaling genotypes...done (3049ms) 
   -calc working matrices...done (1693ms) 
   -calc level 0 ridge...done (3081ms) 
 block [455] : 133 snps  (1120ms) 
   -residualizing and scaling genotypes...done (357ms) 
   -calc working matrices...done (90ms) 
   -calc level 0 ridge...done (343ms) 
Chromosome 19
 block [456] : 1000 snps  (8668ms) 
   -residualizing and scaling genotypes...done (2624ms) 
   -calc working matrices...done (1637ms) 
   -calc level 0 ridge...done (2573ms) 
 block [457] : 1000 snps  (9210ms) 
   -residualizing and scaling genotypes...done (2772ms) 
   -calc working matrices...done (1594ms) 
   -calc level 0 ridge...done (2176ms) 
 block [458] : 1000 snps  (9377ms) 
   -residualizing and scaling genotypes...done (2816ms) 
   -calc working matrices...done (1571ms) 
   -calc level 0 ridge...done (2089ms) 
 block [459] : 1000 snps  (9347ms) 
   -residualizing and scaling genotypes...done (2815ms) 
   -calc working matrices...done (1544ms) 
   -calc level 0 ridge...done (2099ms) 
 block [460] : 1000 snps  (9252ms) 
   -residualizing and scaling genotypes...done (2659ms) 
   -calc working matrices...done (1589ms) 
   -calc level 0 ridge...done (2507ms) 
 block [461] : 1000 snps  (8635ms) 
   -residualizing and scaling genotypes...done (2671ms) 
   -calc working matrices...done (1590ms) 
   -calc level 0 ridge...done (2685ms) 
 block [462] : 1000 snps  (8558ms) 
   -residualizing and scaling genotypes...done (2595ms) 
   -calc working matrices...done (1604ms) 
   -calc level 0 ridge...done (2952ms) 
 block [463] : 1000 snps  (8472ms) 
   -residualizing and scaling genotypes...done (2988ms) 
   -calc working matrices...done (1610ms) 
   -calc level 0 ridge...done (2586ms) 
 block [464] : 1000 snps  (8663ms) 
   -residualizing and scaling genotypes...done (3038ms) 
   -calc working matrices...done (1592ms) 
   -calc level 0 ridge...done (3166ms) 
 block [465] : 1000 snps  (10819ms) 
   -residualizing and scaling genotypes...done (2816ms) 
   -calc working matrices...done (1663ms) 
   -calc level 0 ridge...done (3078ms) 
 block [466] : 1000 snps  (8660ms) 
   -residualizing and scaling genotypes...done (2569ms) 
   -calc working matrices...done (1606ms) 
   -calc level 0 ridge...done (2907ms) 
 block [467] : 1000 snps  (8959ms) 
   -residualizing and scaling genotypes...done (2611ms) 
   -calc working matrices...done (1604ms) 
   -calc level 0 ridge...done (2856ms) 
 block [468] : 551 snps  (6005ms) 
   -residualizing and scaling genotypes...done (1379ms) 
   -calc working matrices...done (627ms) 
   -calc level 0 ridge...done (1266ms) 
Chromosome 20
 block [469] : 1000 snps  (8640ms) 
   -residualizing and scaling genotypes...done (2549ms) 
   -calc working matrices...done (1708ms) 
   -calc level 0 ridge...done (3038ms) 
 block [470] : 1000 snps  (8724ms) 
   -residualizing and scaling genotypes...done (3022ms) 
   -calc working matrices...done (1669ms) 
   -calc level 0 ridge...done (2928ms) 
 block [471] : 1000 snps  (10194ms) 
   -residualizing and scaling genotypes...done (3038ms) 
   -calc working matrices...done (1662ms) 
   -calc level 0 ridge...done (2773ms) 
 block [472] : 1000 snps  (10116ms) 
   -residualizing and scaling genotypes...done (3061ms) 
   -calc working matrices...done (1664ms) 
   -calc level 0 ridge...done (2378ms) 
 block [473] : 1000 snps  (9534ms) 
   -residualizing and scaling genotypes...done (2906ms) 
   -calc working matrices...done (1629ms) 
   -calc level 0 ridge...done (2296ms) 
 block [474] : 1000 snps  (9227ms) 
   -residualizing and scaling genotypes...done (2846ms) 
   -calc working matrices...done (1628ms) 
   -calc level 0 ridge...done (2473ms) 
 block [475] : 1000 snps  (9688ms) 
   -residualizing and scaling genotypes...done (2876ms) 
   -calc working matrices...done (1682ms) 
   -calc level 0 ridge...done (2316ms) 
 block [476] : 1000 snps  (9632ms) 
   -residualizing and scaling genotypes...done (2848ms) 
   -calc working matrices...done (1683ms) 
   -calc level 0 ridge...done (2205ms) 
 block [477] : 1000 snps  (9636ms) 
   -residualizing and scaling genotypes...done (2797ms) 
   -calc working matrices...done (1678ms) 
   -calc level 0 ridge...done (2631ms) 
 block [478] : 1000 snps  (9542ms) 
   -residualizing and scaling genotypes...done (2749ms) 
   -calc working matrices...done (1698ms) 
   -calc level 0 ridge...done (2612ms) 
 block [479] : 1000 snps  (9721ms) 
   -residualizing and scaling genotypes...done (2980ms) 
   -calc working matrices...done (1681ms) 
   -calc level 0 ridge...done (2668ms) 
 block [480] : 1000 snps  (9049ms) 
   -residualizing and scaling genotypes...done (2706ms) 
   -calc working matrices...done (1675ms) 
   -calc level 0 ridge...done (2588ms) 
 block [481] : 1000 snps  (9032ms) 
   -residualizing and scaling genotypes...done (2704ms) 
   -calc working matrices...done (1660ms) 
   -calc level 0 ridge...done (2543ms) 
 block [482] : 299 snps  (3013ms) 
   -residualizing and scaling genotypes...done (831ms) 
   -calc working matrices...done (247ms) 
   -calc level 0 ridge...done (825ms) 
Chromosome 21
 block [483] : 1000 snps  (8743ms) 
   -residualizing and scaling genotypes...done (2619ms) 
   -calc working matrices...done (1688ms) 
   -calc level 0 ridge...done (3044ms) 
 block [484] : 1000 snps  (8679ms) 
   -residualizing and scaling genotypes...done (2627ms) 
   -calc working matrices...done (1690ms) 
   -calc level 0 ridge...done (2965ms) 
 block [485] : 1000 snps  (8824ms) 
   -residualizing and scaling genotypes...done (2665ms) 
   -calc working matrices...done (1678ms) 
   -calc level 0 ridge...done (2869ms) 
 block [486] : 1000 snps  (8812ms) 
   -residualizing and scaling genotypes...done (2675ms) 
   -calc working matrices...done (1673ms) 
   -calc level 0 ridge...done (2849ms) 
 block [487] : 1000 snps  (8846ms) 
   -residualizing and scaling genotypes...done (2675ms) 
   -calc working matrices...done (1677ms) 
   -calc level 0 ridge...done (2804ms) 
 block [488] : 1000 snps  (9134ms) 
   -residualizing and scaling genotypes...done (2726ms) 
   -calc working matrices...done (1701ms) 
   -calc level 0 ridge...done (2268ms) 
 block [489] : 1000 snps  (9515ms) 
   -residualizing and scaling genotypes...done (2751ms) 
   -calc working matrices...done (1674ms) 
   -calc level 0 ridge...done (2239ms) 
 block [490] : 550 snps  (6525ms) 
   -residualizing and scaling genotypes...done (1362ms) 
   -calc working matrices...done (595ms) 
   -calc level 0 ridge...done (1317ms) 
Chromosome 22
 block [491] : 1000 snps  (8800ms) 
   -residualizing and scaling genotypes...done (2563ms) 
   -calc working matrices...done (1606ms) 
   -calc level 0 ridge...done (2890ms) 
 block [492] : 1000 snps  (8999ms) 
   -residualizing and scaling genotypes...done (2605ms) 
   -calc working matrices...done (1613ms) 
   -calc level 0 ridge...done (2759ms) 
 block [493] : 1000 snps  (9198ms) 
   -residualizing and scaling genotypes...done (2648ms) 
   -calc working matrices...done (1595ms) 
   -calc level 0 ridge...done (2746ms) 
 block [494] : 1000 snps  (9201ms) 
   -residualizing and scaling genotypes...done (2590ms) 
   -calc working matrices...done (1605ms) 
   -calc level 0 ridge...done (3127ms) 
 block [495] : 1000 snps  (8835ms) 
   -residualizing and scaling genotypes...done (2571ms) 
   -calc working matrices...done (1597ms) 
   -calc level 0 ridge...done (3143ms) 
 block [496] : 1000 snps  (8847ms) 
   -residualizing and scaling genotypes...done (2639ms) 
   -calc working matrices...done (1598ms) 
   -calc level 0 ridge...done (3063ms) 
 block [497] : 1000 snps  (9183ms) 
   -residualizing and scaling genotypes...done (2687ms) 
   -calc working matrices...done (1525ms) 
   -calc level 0 ridge...done (2934ms) 
 block [498] : 967 snps  (8256ms) 
   -residualizing and scaling genotypes...done (2456ms) 
   -calc working matrices...done (1577ms) 
   -calc level 0 ridge...done (2872ms) 

 Level 1 ridge with logistic regression...
   -on phenotype 1 (PCa)...done (803180ms) 

Output
------
phenotype 1 (PCa) : 
  0.01  : Rsq = 0.0343983, MSE = 0.0364921, -logLik/N = 0.148507
  0.25  : Rsq = 0.0477739, MSE = 0.0360209, -logLik/N = 0.144916
  0.5   : Rsq = 0.0496112, MSE = 0.0360046, -logLik/N = 0.144614
  0.75  : Rsq = 0.0508448, MSE = 0.0360233, -logLik/N = 0.144494<- min value
  0.99  : Rsq = 0.0532328, MSE = 0.0361283, -logLik/N = 0.144496
  * making predictions...writing LOCO predictions...done (3381ms) 

List of blup files written to: [/gpfs/home/ptseng/Torkamani_Projects/20210901_PD_UKBB/pejman_PCa_run/regenie_output/PCa_ukb_step1_BT_pred.list]

Elapsed time : 8847.11s
End time: Tue Nov  9 22:29:16 2021

