Start time: Tue Nov 16 19:31:38 2021

              |=============================|
              |      REGENIE v2.0.2.gz      |
              |=============================|

Copyright (c) 2020 Joelle Mbatchou and Jonathan Marchini.
Distributed under the MIT License.
Compiled with Boost Iostream library.
Using Intel MKL with Eigen.

Log of output saved in file : /gpfs/home/ptseng/Torkamani_Projects/20210901_PD_UKBB/regenie/regenie_output/PD_ukb_step1_BT.log

Options in effect:
  --step 1 \
  --bed /mnt/stsi/stsi1/ptseng/UKBB_Resources/filtered_noimpute_bed/ukb_cal_allChrs_prune \
  --phenoFile /gpfs/home/ptseng/Torkamani_Projects/20210901_PD_UKBB/regenie/regenie_input/PD_pheno.txt \
  --covarFile /gpfs/home/ptseng/Torkamani_Projects/20210901_PD_UKBB/regenie/regenie_input/PD_covar.txt \
  --remove /gpfs/home/ptseng/Torkamani_Projects/20210901_PD_UKBB/ukbb_relatedness/king_output/king_degree_2_unrelated_unrelated_toberemoved.txt \
  --exclude /mnt/stsi/stsi1/ptseng/UKBB_Resources/ID_list/ICLD_low-complexity.exclude \
  --bsize 1000 \
  --out /gpfs/home/ptseng/Torkamani_Projects/20210901_PD_UKBB/regenie/regenie_output/PD_ukb_step1_BT

Fitting null model
 * bim              : [/mnt/stsi/stsi1/ptseng/UKBB_Resources/filtered_noimpute_bed/ukb_cal_allChrs_prune.bim] n_snps = 487427
   -removing variants specified in [/mnt/stsi/stsi1/ptseng/UKBB_Resources/ID_list/ICLD_low-complexity.exclude]
     +number of variants remaining in the analysis = 487427
 * fam              : [/mnt/stsi/stsi1/ptseng/UKBB_Resources/filtered_noimpute_bed/ukb_cal_allChrs_prune.fam] n_samples = 460108
   -removing individuals specified in [/gpfs/home/ptseng/Torkamani_Projects/20210901_PD_UKBB/ukbb_relatedness/king_output/king_degree_2_unrelated_unrelated_toberemoved.txt]
     +number of genotyped individuals to exclude from the analysis = 34787
 * bed              : [/mnt/stsi/stsi1/ptseng/UKBB_Resources/filtered_noimpute_bed/ukb_cal_allChrs_prune.bed]
 * phenotypes       : [/gpfs/home/ptseng/Torkamani_Projects/20210901_PD_UKBB/regenie/regenie_input/PD_pheno.txt] n_pheno = 1
   -dropping observations with missing values at any of the phenotypes
   -number of phenotyped individuals = 425140
   -number of individuals remaining with non-missing phenotypes = 425140
 * covariates       : [/gpfs/home/ptseng/Torkamani_Projects/20210901_PD_UKBB/regenie/regenie_input/PD_covar.txt] n_cov = 24
   -number of individuals with covariate data = 425140
 * number of individuals used in analysis = 425140
   -residualizing and scaling phenotypes...done (14ms) 
 * # threads        : [15]
 * block size       : [1000]
 * # blocks         : [498]
 * # CV folds       : [5]
 * ridge data_l0    : [5 : 0.01 0.25 0.5 0.75 0.99 ]
 * ridge data_l1    : [5 : 0.01 0.25 0.5 0.75 0.99 ]
 * approximate memory usage : 12GB
 * setting memory...done

Chromosome 1
 block [1] : 1000 snps  (55747ms) 
   -residualizing and scaling genotypes...done (11361ms) 
   -calc working matrices...done (3501ms) 
   -calc level 0 ridge...done (4337ms) 
 block [2] : 1000 snps  (57996ms) 
   -residualizing and scaling genotypes...done (8605ms) 
   -calc working matrices...done (3444ms) 
   -calc level 0 ridge...done (4739ms) 
 block [3] : 1000 snps  (58091ms) 
   -residualizing and scaling genotypes...done (8586ms) 
   -calc working matrices...done (3459ms) 
   -calc level 0 ridge...done (5592ms) 
 block [4] : 1000 snps  (57098ms) 
   -residualizing and scaling genotypes...done (8831ms) 
   -calc working matrices...done (3401ms) 
   -calc level 0 ridge...done (5586ms) 
 block [5] : 1000 snps  (65810ms) 
   -residualizing and scaling genotypes...done (8622ms) 
   -calc working matrices...done (3395ms) 
   -calc level 0 ridge...done (6168ms) 
 block [6] : 1000 snps  (53322ms) 
   -residualizing and scaling genotypes...done (8611ms) 
   -calc working matrices...done (3539ms) 
   -calc level 0 ridge...done (6080ms) 
 block [7] : 1000 snps  (52348ms) 
   -residualizing and scaling genotypes...done (8631ms) 
   -calc working matrices...done (3400ms) 
   -calc level 0 ridge...done (6053ms) 
 block [8] : 1000 snps  (52522ms) 
   -residualizing and scaling genotypes...done (8627ms) 
   -calc working matrices...done (3370ms) 
   -calc level 0 ridge...done (6120ms) 
 block [9] : 1000 snps  (52559ms) 
   -residualizing and scaling genotypes...done (8603ms) 
   -calc working matrices...done (3423ms) 
   -calc level 0 ridge...done (6178ms) 
 block [10] : 1000 snps  (52341ms) 
   -residualizing and scaling genotypes...done (8738ms) 
   -calc working matrices...done (3330ms) 
   -calc level 0 ridge...done (6128ms) 
 block [11] : 1000 snps  (52607ms) 
   -residualizing and scaling genotypes...done (8738ms) 
   -calc working matrices...done (3374ms) 
   -calc level 0 ridge...done (5044ms) 
 block [12] : 1000 snps  (58761ms) 
   -residualizing and scaling genotypes...done (8915ms) 
   -calc working matrices...done (3527ms) 
   -calc level 0 ridge...done (5896ms) 
 block [13] : 1000 snps  (65846ms) 
   -residualizing and scaling genotypes...done (8887ms) 
   -calc working matrices...done (3501ms) 
   -calc level 0 ridge...done (6025ms) 
 block [14] : 1000 snps  (53241ms) 
   -residualizing and scaling genotypes...done (8759ms) 
   -calc working matrices...done (3493ms) 
   -calc level 0 ridge...done (6132ms) 
 block [15] : 1000 snps  (52641ms) 
   -residualizing and scaling genotypes...done (8773ms) 
   -calc working matrices...done (3461ms) 
   -calc level 0 ridge...done (6223ms) 
 block [16] : 1000 snps  (52683ms) 
   -residualizing and scaling genotypes...done (8719ms) 
   -calc working matrices...done (3450ms) 
   -calc level 0 ridge...done (5912ms) 
 block [17] : 1000 snps  (57722ms) 
   -residualizing and scaling genotypes...done (8912ms) 
   -calc working matrices...done (3352ms) 
   -calc level 0 ridge...done (5726ms) 
 block [18] : 1000 snps  (53591ms) 
   -residualizing and scaling genotypes...done (8658ms) 
   -calc working matrices...done (3439ms) 
   -calc level 0 ridge...done (6220ms) 
 block [19] : 1000 snps  (52273ms) 
   -residualizing and scaling genotypes...done (8688ms) 
   -calc working matrices...done (3359ms) 
   -calc level 0 ridge...done (6116ms) 
 block [20] : 1000 snps  (52643ms) 
   -residualizing and scaling genotypes...done (8745ms) 
   -calc working matrices...done (3360ms) 
   -calc level 0 ridge...done (6138ms) 
 block [21] : 1000 snps  (52427ms) 
   -residualizing and scaling genotypes...done (8715ms) 
   -calc working matrices...done (3549ms) 
   -calc level 0 ridge...done (6130ms) 
 block [22] : 1000 snps  (52516ms) 
   -residualizing and scaling genotypes...done (11226ms) 
   -calc working matrices...done (3400ms) 
   -calc level 0 ridge...done (6130ms) 
 block [23] : 1000 snps  (53088ms) 
   -residualizing and scaling genotypes...done (8598ms) 
   -calc working matrices...done (3478ms) 
   -calc level 0 ridge...done (6208ms) 
 block [24] : 1000 snps  (52607ms) 
   -residualizing and scaling genotypes...done (11194ms) 
   -calc working matrices...done (3497ms) 
   -calc level 0 ridge...done (5537ms) 
 block [25] : 1000 snps  (53735ms) 
   -residualizing and scaling genotypes...done (8782ms) 
   -calc working matrices...done (3422ms) 
   -calc level 0 ridge...done (6094ms) 
 block [26] : 1000 snps  (52727ms) 
   -residualizing and scaling genotypes...done (8643ms) 
   -calc working matrices...done (3368ms) 
   -calc level 0 ridge...done (6142ms) 
 block [27] : 1000 snps  (52742ms) 
   -residualizing and scaling genotypes...done (8660ms) 
   -calc working matrices...done (3421ms) 
   -calc level 0 ridge...done (6224ms) 
 block [28] : 1000 snps  (52547ms) 
   -residualizing and scaling genotypes...done (8655ms) 
   -calc working matrices...done (3569ms) 
   -calc level 0 ridge...done (6086ms) 
 block [29] : 1000 snps  (52372ms) 
   -residualizing and scaling genotypes...done (8603ms) 
   -calc working matrices...done (3392ms) 
   -calc level 0 ridge...done (6179ms) 
 block [30] : 1000 snps  (52720ms) 
   -residualizing and scaling genotypes...done (8705ms) 
   -calc working matrices...done (3328ms) 
   -calc level 0 ridge...done (6330ms) 
 block [31] : 1000 snps  (69241ms) 
   -residualizing and scaling genotypes...done (11220ms) 
   -calc working matrices...done (3323ms) 
   -calc level 0 ridge...done (5808ms) 
 block [32] : 1000 snps  (53651ms) 
   -residualizing and scaling genotypes...done (8728ms) 
   -calc working matrices...done (3402ms) 
   -calc level 0 ridge...done (5849ms) 
 block [33] : 1000 snps  (53679ms) 
   -residualizing and scaling genotypes...done (8583ms) 
   -calc working matrices...done (3399ms) 
   -calc level 0 ridge...done (5856ms) 
 block [34] : 1000 snps  (53844ms) 
   -residualizing and scaling genotypes...done (8546ms) 
   -calc working matrices...done (3477ms) 
   -calc level 0 ridge...done (5724ms) 
 block [35] : 1000 snps  (54028ms) 
   -residualizing and scaling genotypes...done (8634ms) 
   -calc working matrices...done (3412ms) 
   -calc level 0 ridge...done (5714ms) 
 block [36] : 1000 snps  (55335ms) 
   -residualizing and scaling genotypes...done (8639ms) 
   -calc working matrices...done (3410ms) 
   -calc level 0 ridge...done (5729ms) 
 block [37] : 1000 snps  (54140ms) 
   -residualizing and scaling genotypes...done (8770ms) 
   -calc working matrices...done (3402ms) 
   -calc level 0 ridge...done (4930ms) 
 block [38] : 1000 snps  (57583ms) 
   -residualizing and scaling genotypes...done (8788ms) 
   -calc working matrices...done (3455ms) 
   -calc level 0 ridge...done (5052ms) 
 block [39] : 862 snps  (45246ms) 
   -residualizing and scaling genotypes...done (7513ms) 
   -calc working matrices...done (2992ms) 
   -calc level 0 ridge...done (5344ms) 
Chromosome 2
 block [40] : 1000 snps  (53176ms) 
   -residualizing and scaling genotypes...done (8697ms) 
   -calc working matrices...done (3625ms) 
   -calc level 0 ridge...done (6123ms) 
 block [41] : 1000 snps  (53069ms) 
   -residualizing and scaling genotypes...done (11181ms) 
   -calc working matrices...done (3460ms) 
   -calc level 0 ridge...done (5786ms) 
 block [42] : 1000 snps  (53588ms) 
   -residualizing and scaling genotypes...done (8779ms) 
   -calc working matrices...done (3538ms) 
   -calc level 0 ridge...done (6006ms) 
 block [43] : 1000 snps  (55641ms) 
   -residualizing and scaling genotypes...done (8789ms) 
   -calc working matrices...done (3411ms) 
   -calc level 0 ridge...done (5579ms) 
 block [44] : 1000 snps  (55919ms) 
   -residualizing and scaling genotypes...done (8697ms) 
   -calc working matrices...done (3382ms) 
   -calc level 0 ridge...done (6168ms) 
 block [45] : 1000 snps  (52629ms) 
   -residualizing and scaling genotypes...done (8657ms) 
   -calc working matrices...done (3403ms) 
   -calc level 0 ridge...done (6067ms) 
 block [46] : 1000 snps  (66603ms) 
   -residualizing and scaling genotypes...done (8821ms) 
   -calc working matrices...done (3367ms) 
   -calc level 0 ridge...done (5548ms) 
 block [47] : 1000 snps  (54833ms) 
   -residualizing and scaling genotypes...done (8682ms) 
   -calc working matrices...done (3389ms) 
   -calc level 0 ridge...done (4968ms) 
 block [48] : 1000 snps  (61142ms) 
   -residualizing and scaling genotypes...done (8682ms) 
   -calc working matrices...done (3430ms) 
   -calc level 0 ridge...done (6154ms) 
 block [49] : 1000 snps  (52919ms) 
   -residualizing and scaling genotypes...done (8602ms) 
   -calc working matrices...done (3376ms) 
   -calc level 0 ridge...done (6126ms) 
 block [50] : 1000 snps  (53547ms) 
   -residualizing and scaling genotypes...done (8576ms) 
   -calc working matrices...done (3369ms) 
   -calc level 0 ridge...done (6094ms) 
 block [51] : 1000 snps  (52274ms) 
   -residualizing and scaling genotypes...done (8588ms) 
   -calc working matrices...done (3397ms) 
   -calc level 0 ridge...done (6074ms) 
 block [52] : 1000 snps  (56154ms) 
   -residualizing and scaling genotypes...done (8609ms) 
   -calc working matrices...done (3436ms) 
   -calc level 0 ridge...done (6183ms) 
 block [53] : 1000 snps  (64710ms) 
   -residualizing and scaling genotypes...done (11043ms) 
   -calc working matrices...done (3386ms) 
   -calc level 0 ridge...done (4690ms) 
 block [54] : 1000 snps  (53524ms) 
   -residualizing and scaling genotypes...done (8743ms) 
   -calc working matrices...done (3431ms) 
   -calc level 0 ridge...done (6152ms) 
 block [55] : 1000 snps  (60206ms) 
   -residualizing and scaling genotypes...done (8652ms) 
   -calc working matrices...done (3461ms) 
   -calc level 0 ridge...done (6216ms) 
 block [56] : 1000 snps  (52709ms) 
   -residualizing and scaling genotypes...done (8701ms) 
   -calc working matrices...done (3335ms) 
   -calc level 0 ridge...done (6140ms) 
 block [57] : 1000 snps  (52435ms) 
   -residualizing and scaling genotypes...done (8727ms) 
   -calc working matrices...done (3437ms) 
   -calc level 0 ridge...done (6162ms) 
 block [58] : 1000 snps  (52554ms) 
   -residualizing and scaling genotypes...done (8633ms) 
   -calc working matrices...done (3512ms) 
   -calc level 0 ridge...done (5498ms) 
 block [59] : 1000 snps  (59469ms) 
   -residualizing and scaling genotypes...done (8665ms) 
   -calc working matrices...done (3422ms) 
   -calc level 0 ridge...done (5885ms) 
 block [60] : 1000 snps  (55782ms) 
   -residualizing and scaling genotypes...done (8704ms) 
   -calc working matrices...done (3457ms) 
   -calc level 0 ridge...done (5956ms) 
 block [61] : 1000 snps  (53406ms) 
   -residualizing and scaling genotypes...done (11277ms) 
   -calc working matrices...done (3433ms) 
   -calc level 0 ridge...done (6250ms) 
 block [62] : 1000 snps  (52517ms) 
   -residualizing and scaling genotypes...done (8603ms) 
   -calc working matrices...done (3435ms) 
   -calc level 0 ridge...done (6043ms) 
 block [63] : 1000 snps  (76149ms) 
   -residualizing and scaling genotypes...done (10016ms) 
   -calc working matrices...done (3476ms) 
   -calc level 0 ridge...done (4290ms) 
 block [64] : 1000 snps  (64107ms) 
   -residualizing and scaling genotypes...done (9012ms) 
   -calc working matrices...done (3427ms) 
   -calc level 0 ridge...done (5364ms) 
 block [65] : 1000 snps  (59093ms) 
   -residualizing and scaling genotypes...done (8747ms) 
   -calc working matrices...done (3382ms) 
   -calc level 0 ridge...done (5226ms) 
 block [66] : 1000 snps  (60591ms) 
   -residualizing and scaling genotypes...done (8691ms) 
   -calc working matrices...done (3318ms) 
   -calc level 0 ridge...done (4763ms) 
 block [67] : 1000 snps  (65425ms) 
   -residualizing and scaling genotypes...done (8748ms) 
   -calc working matrices...done (3301ms) 
   -calc level 0 ridge...done (5294ms) 
 block [68] : 1000 snps  (54157ms) 
   -residualizing and scaling genotypes...done (8601ms) 
   -calc working matrices...done (3371ms) 
   -calc level 0 ridge...done (5780ms) 
 block [69] : 1000 snps  (53505ms) 
   -residualizing and scaling genotypes...done (8600ms) 
   -calc working matrices...done (3356ms) 
   -calc level 0 ridge...done (5368ms) 
 block [70] : 1000 snps  (56479ms) 
   -residualizing and scaling genotypes...done (8755ms) 
   -calc working matrices...done (3467ms) 
   -calc level 0 ridge...done (5788ms) 
 block [71] : 1000 snps  (55412ms) 
   -residualizing and scaling genotypes...done (8800ms) 
   -calc working matrices...done (3463ms) 
   -calc level 0 ridge...done (5767ms) 
 block [72] : 1000 snps  (53989ms) 
   -residualizing and scaling genotypes...done (8669ms) 
   -calc working matrices...done (3343ms) 
   -calc level 0 ridge...done (5666ms) 
 block [73] : 1000 snps  (53748ms) 
   -residualizing and scaling genotypes...done (8701ms) 
   -calc working matrices...done (3466ms) 
   -calc level 0 ridge...done (5690ms) 
 block [74] : 1000 snps  (53968ms) 
   -residualizing and scaling genotypes...done (8663ms) 
   -calc working matrices...done (3395ms) 
   -calc level 0 ridge...done (5735ms) 
 block [75] : 1000 snps  (68312ms) 
   -residualizing and scaling genotypes...done (8673ms) 
   -calc working matrices...done (3401ms) 
   -calc level 0 ridge...done (5510ms) 
 block [76] : 1000 snps  (65361ms) 
   -residualizing and scaling genotypes...done (8848ms) 
   -calc working matrices...done (3372ms) 
   -calc level 0 ridge...done (4866ms) 
 block [77] : 1000 snps  (67127ms) 
   -residualizing and scaling genotypes...done (8954ms) 
   -calc working matrices...done (3394ms) 
   -calc level 0 ridge...done (6002ms) 
 block [78] : 1000 snps  (53663ms) 
   -residualizing and scaling genotypes...done (8628ms) 
   -calc working matrices...done (3369ms) 
   -calc level 0 ridge...done (6224ms) 
 block [79] : 403 snps  (30718ms) 
   -residualizing and scaling genotypes...done (4226ms) 
   -calc working matrices...done (760ms) 
   -calc level 0 ridge...done (1548ms) 
Chromosome 3
 block [80] : 1000 snps  (52625ms) 
   -residualizing and scaling genotypes...done (8608ms) 
   -calc working matrices...done (3494ms) 
   -calc level 0 ridge...done (6070ms) 
 block [81] : 1000 snps  (55042ms) 
   -residualizing and scaling genotypes...done (8619ms) 
   -calc working matrices...done (3760ms) 
   -calc level 0 ridge...done (4781ms) 
 block [82] : 1000 snps  (58793ms) 
   -residualizing and scaling genotypes...done (8785ms) 
   -calc working matrices...done (3649ms) 
   -calc level 0 ridge...done (5838ms) 
 block [83] : 1000 snps  (53531ms) 
   -residualizing and scaling genotypes...done (8648ms) 
   -calc working matrices...done (3681ms) 
   -calc level 0 ridge...done (6129ms) 
 block [84] : 1000 snps  (52421ms) 
   -residualizing and scaling genotypes...done (8597ms) 
   -calc working matrices...done (3554ms) 
   -calc level 0 ridge...done (6068ms) 
 block [85] : 1000 snps  (52476ms) 
   -residualizing and scaling genotypes...done (8627ms) 
   -calc working matrices...done (3663ms) 
   -calc level 0 ridge...done (6130ms) 
 block [86] : 1000 snps  (52521ms) 
   -residualizing and scaling genotypes...done (11247ms) 
   -calc working matrices...done (3590ms) 
   -calc level 0 ridge...done (5999ms) 
 block [87] : 1000 snps  (61843ms) 
   -residualizing and scaling genotypes...done (8727ms) 
   -calc working matrices...done (3505ms) 
   -calc level 0 ridge...done (4427ms) 
 block [88] : 1000 snps  (62042ms) 
   -residualizing and scaling genotypes...done (8918ms) 
   -calc working matrices...done (3536ms) 
   -calc level 0 ridge...done (5600ms) 
 block [89] : 1000 snps  (54170ms) 
   -residualizing and scaling genotypes...done (8615ms) 
   -calc working matrices...done (3526ms) 
   -calc level 0 ridge...done (6136ms) 
 block [90] : 1000 snps  (52309ms) 
   -residualizing and scaling genotypes...done (8605ms) 
   -calc working matrices...done (3631ms) 
   -calc level 0 ridge...done (6174ms) 
 block [91] : 1000 snps  (52296ms) 
   -residualizing and scaling genotypes...done (8573ms) 
   -calc working matrices...done (3568ms) 
   -calc level 0 ridge...done (6156ms) 
 block [92] : 1000 snps  (52310ms) 
   -residualizing and scaling genotypes...done (8605ms) 
   -calc working matrices...done (3549ms) 
   -calc level 0 ridge...done (6107ms) 
 block [93] : 1000 snps  (52193ms) 
   -residualizing and scaling genotypes...done (8601ms) 
   -calc working matrices...done (3473ms) 
   -calc level 0 ridge...done (6079ms) 
 block [94] : 1000 snps  (68398ms) 
   -residualizing and scaling genotypes...done (11067ms) 
   -calc working matrices...done (3590ms) 
   -calc level 0 ridge...done (5500ms) 
 block [95] : 1000 snps  (53508ms) 
   -residualizing and scaling genotypes...done (9745ms) 
   -calc working matrices...done (3554ms) 
   -calc level 0 ridge...done (5794ms) 
 block [96] : 1000 snps  (53432ms) 
   -residualizing and scaling genotypes...done (8767ms) 
   -calc working matrices...done (3574ms) 
   -calc level 0 ridge...done (5803ms) 
 block [97] : 1000 snps  (53795ms) 
   -residualizing and scaling genotypes...done (8756ms) 
   -calc working matrices...done (3571ms) 
   -calc level 0 ridge...done (5688ms) 
 block [98] : 1000 snps  (63564ms) 
   -residualizing and scaling genotypes...done (8658ms) 
   -calc working matrices...done (3601ms) 
   -calc level 0 ridge...done (5301ms) 
 block [99] : 1000 snps  (56750ms) 
   -residualizing and scaling genotypes...done (8818ms) 
   -calc working matrices...done (3619ms) 
   -calc level 0 ridge...done (5988ms) 
 block [100] : 1000 snps  (55183ms) 
   -residualizing and scaling genotypes...done (8799ms) 
   -calc working matrices...done (3586ms) 
   -calc level 0 ridge...done (6191ms) 
 block [101] : 1000 snps  (52460ms) 
   -residualizing and scaling genotypes...done (8756ms) 
   -calc working matrices...done (3645ms) 
   -calc level 0 ridge...done (4783ms) 
 block [102] : 1000 snps  (61462ms) 
   -residualizing and scaling genotypes...done (8920ms) 
   -calc working matrices...done (3628ms) 
   -calc level 0 ridge...done (5953ms) 
 block [103] : 1000 snps  (55600ms) 
   -residualizing and scaling genotypes...done (8549ms) 
   -calc working matrices...done (3580ms) 
   -calc level 0 ridge...done (5821ms) 
 block [104] : 1000 snps  (67628ms) 
   -residualizing and scaling genotypes...done (8718ms) 
   -calc working matrices...done (3784ms) 
   -calc level 0 ridge...done (5570ms) 
 block [105] : 1000 snps  (58986ms) 
   -residualizing and scaling genotypes...done (8788ms) 
   -calc working matrices...done (3614ms) 
   -calc level 0 ridge...done (4581ms) 
 block [106] : 1000 snps  (65470ms) 
   -residualizing and scaling genotypes...done (8787ms) 
   -calc working matrices...done (3533ms) 
   -calc level 0 ridge...done (5610ms) 
 block [107] : 1000 snps  (53857ms) 
   -residualizing and scaling genotypes...done (8700ms) 
   -calc working matrices...done (3512ms) 
   -calc level 0 ridge...done (5603ms) 
 block [108] : 1000 snps  (69128ms) 
   -residualizing and scaling genotypes...done (8640ms) 
   -calc working matrices...done (3702ms) 
   -calc level 0 ridge...done (6097ms) 
 block [109] : 1000 snps  (53530ms) 
   -residualizing and scaling genotypes...done (8598ms) 
   -calc working matrices...done (3529ms) 
   -calc level 0 ridge...done (5459ms) 
 block [110] : 1000 snps  (61883ms) 
   -residualizing and scaling genotypes...done (10921ms) 
   -calc working matrices...done (3706ms) 
   -calc level 0 ridge...done (4726ms) 
 block [111] : 1000 snps  (54065ms) 
   -residualizing and scaling genotypes...done (8633ms) 
   -calc working matrices...done (3584ms) 
   -calc level 0 ridge...done (6124ms) 
 block [112] : 1000 snps  (56297ms) 
   -residualizing and scaling genotypes...done (8817ms) 
   -calc working matrices...done (3515ms) 
   -calc level 0 ridge...done (6064ms) 
 block [113] : 332 snps  (17783ms) 
   -residualizing and scaling genotypes...done (3071ms) 
   -calc working matrices...done (687ms) 
   -calc level 0 ridge...done (1596ms) 
Chromosome 4
 block [114] : 1000 snps  (52573ms) 
   -residualizing and scaling genotypes...done (8645ms) 
   -calc working matrices...done (3566ms) 
   -calc level 0 ridge...done (5665ms) 
 block [115] : 1000 snps  (58476ms) 
   -residualizing and scaling genotypes...done (8833ms) 
   -calc working matrices...done (3635ms) 
   -calc level 0 ridge...done (5471ms) 
 block [116] : 1000 snps  (54727ms) 
   -residualizing and scaling genotypes...done (10993ms) 
   -calc working matrices...done (3605ms) 
   -calc level 0 ridge...done (6093ms) 
 block [117] : 1000 snps  (67223ms) 
   -residualizing and scaling genotypes...done (8776ms) 
   -calc working matrices...done (3614ms) 
   -calc level 0 ridge...done (5849ms) 
 block [118] : 1000 snps  (70043ms) 
   -residualizing and scaling genotypes...done (9554ms) 
   -calc working matrices...done (3616ms) 
   -calc level 0 ridge...done (4528ms) 
 block [119] : 1000 snps  (59650ms) 
   -residualizing and scaling genotypes...done (8692ms) 
   -calc working matrices...done (3675ms) 
   -calc level 0 ridge...done (5657ms) 
 block [120] : 1000 snps  (60298ms) 
   -residualizing and scaling genotypes...done (8762ms) 
   -calc working matrices...done (3620ms) 
   -calc level 0 ridge...done (5896ms) 
 block [121] : 1000 snps  (55816ms) 
   -residualizing and scaling genotypes...done (8654ms) 
   -calc working matrices...done (3467ms) 
   -calc level 0 ridge...done (6120ms) 
 block [122] : 1000 snps  (52849ms) 
   -residualizing and scaling genotypes...done (8649ms) 
   -calc working matrices...done (3487ms) 
   -calc level 0 ridge...done (5626ms) 
 block [123] : 1000 snps  (59986ms) 
   -residualizing and scaling genotypes...done (10916ms) 
   -calc working matrices...done (3493ms) 
   -calc level 0 ridge...done (4483ms) 
 block [124] : 1000 snps  (61058ms) 
   -residualizing and scaling genotypes...done (8769ms) 
   -calc working matrices...done (3521ms) 
   -calc level 0 ridge...done (5583ms) 
 block [125] : 1000 snps  (59624ms) 
   -residualizing and scaling genotypes...done (8979ms) 
   -calc working matrices...done (3486ms) 
   -calc level 0 ridge...done (5514ms) 
 block [126] : 1000 snps  (54911ms) 
   -residualizing and scaling genotypes...done (8826ms) 
   -calc working matrices...done (3587ms) 
   -calc level 0 ridge...done (5770ms) 
 block [127] : 1000 snps  (54564ms) 
   -residualizing and scaling genotypes...done (11626ms) 
   -calc working matrices...done (3604ms) 
   -calc level 0 ridge...done (5415ms) 
 block [128] : 1000 snps  (67823ms) 
   -residualizing and scaling genotypes...done (8686ms) 
   -calc working matrices...done (3489ms) 
   -calc level 0 ridge...done (6145ms) 
 block [129] : 1000 snps  (52464ms) 
   -residualizing and scaling genotypes...done (8658ms) 
   -calc working matrices...done (3522ms) 
   -calc level 0 ridge...done (5252ms) 
 block [130] : 1000 snps  (60143ms) 
   -residualizing and scaling genotypes...done (8797ms) 
   -calc working matrices...done (3567ms) 
   -calc level 0 ridge...done (5317ms) 
 block [131] : 1000 snps  (71445ms) 
   -residualizing and scaling genotypes...done (10562ms) 
   -calc working matrices...done (3453ms) 
   -calc level 0 ridge...done (4303ms) 
 block [132] : 1000 snps  (61736ms) 
   -residualizing and scaling genotypes...done (11172ms) 
   -calc working matrices...done (3635ms) 
   -calc level 0 ridge...done (5787ms) 
 block [133] : 1000 snps  (53998ms) 
   -residualizing and scaling genotypes...done (8615ms) 
   -calc working matrices...done (3589ms) 
   -calc level 0 ridge...done (5812ms) 
 block [134] : 1000 snps  (65862ms) 
   -residualizing and scaling genotypes...done (8758ms) 
   -calc working matrices...done (3588ms) 
   -calc level 0 ridge...done (6252ms) 
 block [135] : 1000 snps  (55085ms) 
   -residualizing and scaling genotypes...done (8613ms) 
   -calc working matrices...done (3544ms) 
   -calc level 0 ridge...done (5906ms) 
 block [136] : 1000 snps  (58508ms) 
   -residualizing and scaling genotypes...done (11121ms) 
   -calc working matrices...done (3503ms) 
   -calc level 0 ridge...done (4439ms) 
 block [137] : 1000 snps  (54030ms) 
   -residualizing and scaling genotypes...done (8654ms) 
   -calc working matrices...done (3596ms) 
   -calc level 0 ridge...done (5493ms) 
 block [138] : 1000 snps  (58182ms) 
   -residualizing and scaling genotypes...done (8924ms) 
   -calc working matrices...done (3604ms) 
   -calc level 0 ridge...done (4725ms) 
 block [139] : 1000 snps  (61506ms) 
   -residualizing and scaling genotypes...done (9049ms) 
   -calc working matrices...done (3651ms) 
   -calc level 0 ridge...done (5313ms) 
 block [140] : 1000 snps  (53591ms) 
   -residualizing and scaling genotypes...done (8806ms) 
   -calc working matrices...done (3550ms) 
   -calc level 0 ridge...done (6344ms) 
 block [141] : 1000 snps  (54250ms) 
   -residualizing and scaling genotypes...done (8772ms) 
   -calc working matrices...done (3481ms) 
   -calc level 0 ridge...done (6201ms) 
 block [142] : 1000 snps  (52845ms) 
   -residualizing and scaling genotypes...done (8646ms) 
   -calc working matrices...done (3684ms) 
   -calc level 0 ridge...done (6055ms) 
 block [143] : 1000 snps  (53016ms) 
   -residualizing and scaling genotypes...done (8712ms) 
   -calc working matrices...done (3637ms) 
   -calc level 0 ridge...done (6132ms) 
 block [144] : 1000 snps  (52906ms) 
   -residualizing and scaling genotypes...done (8674ms) 
   -calc working matrices...done (3625ms) 
   -calc level 0 ridge...done (6159ms) 
 block [145] : 195 snps  (9993ms) 
   -residualizing and scaling genotypes...done (1795ms) 
   -calc working matrices...done (278ms) 
   -calc level 0 ridge...done (1063ms) 
Chromosome 5
 block [146] : 1000 snps  (52999ms) 
   -residualizing and scaling genotypes...done (8649ms) 
   -calc working matrices...done (3636ms) 
   -calc level 0 ridge...done (4493ms) 
 block [147] : 1000 snps  (62493ms) 
   -residualizing and scaling genotypes...done (9036ms) 
   -calc working matrices...done (3615ms) 
   -calc level 0 ridge...done (6213ms) 
 block [148] : 1000 snps  (52830ms) 
   -residualizing and scaling genotypes...done (8646ms) 
   -calc working matrices...done (3564ms) 
   -calc level 0 ridge...done (6151ms) 
 block [149] : 1000 snps  (52597ms) 
   -residualizing and scaling genotypes...done (8651ms) 
   -calc working matrices...done (3541ms) 
   -calc level 0 ridge...done (6268ms) 
 block [150] : 1000 snps  (52543ms) 
   -residualizing and scaling genotypes...done (8766ms) 
   -calc working matrices...done (3650ms) 
   -calc level 0 ridge...done (5721ms) 
 block [151] : 1000 snps  (56865ms) 
   -residualizing and scaling genotypes...done (8649ms) 
   -calc working matrices...done (3405ms) 
   -calc level 0 ridge...done (5362ms) 
 block [152] : 1000 snps  (57392ms) 
   -residualizing and scaling genotypes...done (10828ms) 
   -calc working matrices...done (3540ms) 
   -calc level 0 ridge...done (5103ms) 
 block [153] : 1000 snps  (60729ms) 
   -residualizing and scaling genotypes...done (11155ms) 
   -calc working matrices...done (3616ms) 
   -calc level 0 ridge...done (5792ms) 
 block [154] : 1000 snps  (53632ms) 
   -residualizing and scaling genotypes...done (8764ms) 
   -calc working matrices...done (3554ms) 
   -calc level 0 ridge...done (5816ms) 
 block [155] : 1000 snps  (54312ms) 
   -residualizing and scaling genotypes...done (8764ms) 
   -calc working matrices...done (3440ms) 
   -calc level 0 ridge...done (6095ms) 
 block [156] : 1000 snps  (68006ms) 
   -residualizing and scaling genotypes...done (8584ms) 
   -calc working matrices...done (3505ms) 
   -calc level 0 ridge...done (5684ms) 
 block [157] : 1000 snps  (71244ms) 
   -residualizing and scaling genotypes...done (11056ms) 
   -calc working matrices...done (3485ms) 
   -calc level 0 ridge...done (5508ms) 
 block [158] : 1000 snps  (60653ms) 
   -residualizing and scaling genotypes...done (8733ms) 
   -calc working matrices...done (3471ms) 
   -calc level 0 ridge...done (5869ms) 
 block [159] : 1000 snps  (59361ms) 
   -residualizing and scaling genotypes...done (8921ms) 
   -calc working matrices...done (3620ms) 
   -calc level 0 ridge...done (5756ms) 
 block [160] : 1000 snps  (56228ms) 
   -residualizing and scaling genotypes...done (11376ms) 
   -calc working matrices...done (3667ms) 
   -calc level 0 ridge...done (4856ms) 
 block [161] : 1000 snps  (54266ms) 
   -residualizing and scaling genotypes...done (8803ms) 
   -calc working matrices...done (3652ms) 
   -calc level 0 ridge...done (5244ms) 
 block [162] : 1000 snps  (60764ms) 
   -residualizing and scaling genotypes...done (11221ms) 
   -calc working matrices...done (3492ms) 
   -calc level 0 ridge...done (4615ms) 
 block [163] : 1000 snps  (60428ms) 
   -residualizing and scaling genotypes...done (8876ms) 
   -calc working matrices...done (3616ms) 
   -calc level 0 ridge...done (6209ms) 
 block [164] : 1000 snps  (52490ms) 
   -residualizing and scaling genotypes...done (8800ms) 
   -calc working matrices...done (3426ms) 
   -calc level 0 ridge...done (6231ms) 
 block [165] : 1000 snps  (52783ms) 
   -residualizing and scaling genotypes...done (8681ms) 
   -calc working matrices...done (3434ms) 
   -calc level 0 ridge...done (6266ms) 
 block [166] : 1000 snps  (52758ms) 
   -residualizing and scaling genotypes...done (8658ms) 
   -calc working matrices...done (3446ms) 
   -calc level 0 ridge...done (6257ms) 
 block [167] : 1000 snps  (52445ms) 
   -residualizing and scaling genotypes...done (8661ms) 
   -calc working matrices...done (3446ms) 
   -calc level 0 ridge...done (6291ms) 
 block [168] : 1000 snps  (52566ms) 
   -residualizing and scaling genotypes...done (8659ms) 
   -calc working matrices...done (3626ms) 
   -calc level 0 ridge...done (6239ms) 
 block [169] : 1000 snps  (52807ms) 
   -residualizing and scaling genotypes...done (8786ms) 
   -calc working matrices...done (3714ms) 
   -calc level 0 ridge...done (6255ms) 
 block [170] : 1000 snps  (52550ms) 
   -residualizing and scaling genotypes...done (8662ms) 
   -calc working matrices...done (3467ms) 
   -calc level 0 ridge...done (6223ms) 
 block [171] : 1000 snps  (52538ms) 
   -residualizing and scaling genotypes...done (8671ms) 
   -calc working matrices...done (3482ms) 
   -calc level 0 ridge...done (6195ms) 
 block [172] : 1000 snps  (52715ms) 
   -residualizing and scaling genotypes...done (8781ms) 
   -calc working matrices...done (3670ms) 
   -calc level 0 ridge...done (6252ms) 
 block [173] : 1000 snps  (52900ms) 
   -residualizing and scaling genotypes...done (8743ms) 
   -calc working matrices...done (3630ms) 
   -calc level 0 ridge...done (5847ms) 
 block [174] : 1000 snps  (58813ms) 
   -residualizing and scaling genotypes...done (8767ms) 
   -calc working matrices...done (3556ms) 
   -calc level 0 ridge...done (5168ms) 
 block [175] : 940 snps  (49165ms) 
   -residualizing and scaling genotypes...done (10499ms) 
   -calc working matrices...done (3400ms) 
   -calc level 0 ridge...done (5248ms) 
Chromosome 6
 block [176] : 1000 snps  (52882ms) 
   -residualizing and scaling genotypes...done (8655ms) 
   -calc working matrices...done (3529ms) 
   -calc level 0 ridge...done (6098ms) 
 block [177] : 1000 snps  (58315ms) 
   -residualizing and scaling genotypes...done (8856ms) 
   -calc working matrices...done (3414ms) 
   -calc level 0 ridge...done (5820ms) 
 block [178] : 1000 snps  (53970ms) 
   -residualizing and scaling genotypes...done (8761ms) 
   -calc working matrices...done (3430ms) 
   -calc level 0 ridge...done (6221ms) 
 block [179] : 1000 snps  (52713ms) 
   -residualizing and scaling genotypes...done (8680ms) 
   -calc working matrices...done (3382ms) 
   -calc level 0 ridge...done (5290ms) 
 block [180] : 1000 snps  (61229ms) 
   -residualizing and scaling genotypes...done (8887ms) 
   -calc working matrices...done (3363ms) 
   -calc level 0 ridge...done (5245ms) 
 block [181] : 1000 snps  (60634ms) 
   -residualizing and scaling genotypes...done (8787ms) 
   -calc working matrices...done (3416ms) 
   -calc level 0 ridge...done (5923ms) 
 block [182] : 1000 snps  (54937ms) 
   -residualizing and scaling genotypes...done (8668ms) 
   -calc working matrices...done (3422ms) 
   -calc level 0 ridge...done (6156ms) 
 block [183] : 1000 snps  (53372ms) 
   -residualizing and scaling genotypes...done (8694ms) 
   -calc working matrices...done (3301ms) 
   -calc level 0 ridge...done (5718ms) 
 block [184] : 1000 snps  (59903ms) 
   -residualizing and scaling genotypes...done (8773ms) 
   -calc working matrices...done (3326ms) 
   -calc level 0 ridge...done (5774ms) 
 block [185] : 1000 snps  (58916ms) 
   -residualizing and scaling genotypes...done (8633ms) 
   -calc working matrices...done (3408ms) 
   -calc level 0 ridge...done (5937ms) 
 block [186] : 1000 snps  (54719ms) 
   -residualizing and scaling genotypes...done (8653ms) 
   -calc working matrices...done (3393ms) 
   -calc level 0 ridge...done (6034ms) 
 block [187] : 1000 snps  (71567ms) 
   -residualizing and scaling genotypes...done (9100ms) 
   -calc working matrices...done (3390ms) 
   -calc level 0 ridge...done (4464ms) 
 block [188] : 1000 snps  (66682ms) 
   -residualizing and scaling genotypes...done (9250ms) 
   -calc working matrices...done (3295ms) 
   -calc level 0 ridge...done (5980ms) 
 block [189] : 1000 snps  (66107ms) 
   -residualizing and scaling genotypes...done (8780ms) 
   -calc working matrices...done (3350ms) 
   -calc level 0 ridge...done (5618ms) 
 block [190] : 1000 snps  (66654ms) 
   -residualizing and scaling genotypes...done (8766ms) 
   -calc working matrices...done (3364ms) 
   -calc level 0 ridge...done (5557ms) 
 block [191] : 1000 snps  (65110ms) 
   -residualizing and scaling genotypes...done (8838ms) 
   -calc working matrices...done (3397ms) 
   -calc level 0 ridge...done (5389ms) 
 block [192] : 1000 snps  (56677ms) 
   -residualizing and scaling genotypes...done (8745ms) 
   -calc working matrices...done (3494ms) 
   -calc level 0 ridge...done (4752ms) 
 block [193] : 1000 snps  (56863ms) 
   -residualizing and scaling genotypes...done (8767ms) 
   -calc working matrices...done (3440ms) 
   -calc level 0 ridge...done (5753ms) 
 block [194] : 1000 snps  (53492ms) 
   -residualizing and scaling genotypes...done (8729ms) 
   -calc working matrices...done (3467ms) 
   -calc level 0 ridge...done (4620ms) 
 block [195] : 1000 snps  (68841ms) 
   -residualizing and scaling genotypes...done (9028ms) 
   -calc working matrices...done (3433ms) 
   -calc level 0 ridge...done (4678ms) 
 block [196] : 1000 snps  (65098ms) 
   -residualizing and scaling genotypes...done (8790ms) 
   -calc working matrices...done (3387ms) 
   -calc level 0 ridge...done (6036ms) 
 block [197] : 1000 snps  (52612ms) 
   -residualizing and scaling genotypes...done (8754ms) 
   -calc working matrices...done (3364ms) 
   -calc level 0 ridge...done (5801ms) 
 block [198] : 1000 snps  (54850ms) 
   -residualizing and scaling genotypes...done (8609ms) 
   -calc working matrices...done (3382ms) 
   -calc level 0 ridge...done (6303ms) 
 block [199] : 1000 snps  (52661ms) 
   -residualizing and scaling genotypes...done (11345ms) 
   -calc working matrices...done (3320ms) 
   -calc level 0 ridge...done (4860ms) 
 block [200] : 1000 snps  (54222ms) 
   -residualizing and scaling genotypes...done (11417ms) 
   -calc working matrices...done (3388ms) 
   -calc level 0 ridge...done (6242ms) 
 block [201] : 1000 snps  (62116ms) 
   -residualizing and scaling genotypes...done (8607ms) 
   -calc working matrices...done (3560ms) 
   -calc level 0 ridge...done (5002ms) 
 block [202] : 1000 snps  (60089ms) 
   -residualizing and scaling genotypes...done (8775ms) 
   -calc working matrices...done (3435ms) 
   -calc level 0 ridge...done (5481ms) 
 block [203] : 1000 snps  (65380ms) 
   -residualizing and scaling genotypes...done (8706ms) 
   -calc working matrices...done (3365ms) 
   -calc level 0 ridge...done (6197ms) 
 block [204] : 1000 snps  (54257ms) 
   -residualizing and scaling genotypes...done (8716ms) 
   -calc working matrices...done (3432ms) 
   -calc level 0 ridge...done (6288ms) 
 block [205] : 625 snps  (33023ms) 
   -residualizing and scaling genotypes...done (5557ms) 
   -calc working matrices...done (1541ms) 
   -calc level 0 ridge...done (3543ms) 
Chromosome 7
 block [206] : 1000 snps  (52776ms) 
   -residualizing and scaling genotypes...done (8648ms) 
   -calc working matrices...done (3481ms) 
   -calc level 0 ridge...done (5421ms) 
 block [207] : 1000 snps  (55757ms) 
   -residualizing and scaling genotypes...done (8676ms) 
   -calc working matrices...done (3454ms) 
   -calc level 0 ridge...done (6259ms) 
 block [208] : 1000 snps  (52901ms) 
   -residualizing and scaling genotypes...done (8679ms) 
   -calc working matrices...done (3450ms) 
   -calc level 0 ridge...done (6035ms) 
 block [209] : 1000 snps  (57298ms) 
   -residualizing and scaling genotypes...done (8883ms) 
   -calc working matrices...done (3505ms) 
   -calc level 0 ridge...done (5379ms) 
 block [210] : 1000 snps  (57520ms) 
   -residualizing and scaling genotypes...done (8863ms) 
   -calc working matrices...done (3464ms) 
   -calc level 0 ridge...done (5313ms) 
 block [211] : 1000 snps  (56551ms) 
   -residualizing and scaling genotypes...done (8836ms) 
   -calc working matrices...done (3512ms) 
   -calc level 0 ridge...done (6247ms) 
 block [212] : 1000 snps  (52919ms) 
   -residualizing and scaling genotypes...done (8717ms) 
   -calc working matrices...done (3491ms) 
   -calc level 0 ridge...done (5020ms) 
 block [213] : 1000 snps  (61272ms) 
   -residualizing and scaling genotypes...done (8787ms) 
   -calc working matrices...done (3564ms) 
   -calc level 0 ridge...done (4793ms) 
 block [214] : 1000 snps  (61243ms) 
   -residualizing and scaling genotypes...done (8753ms) 
   -calc working matrices...done (3582ms) 
   -calc level 0 ridge...done (6263ms) 
 block [215] : 1000 snps  (54107ms) 
   -residualizing and scaling genotypes...done (8770ms) 
   -calc working matrices...done (3582ms) 
   -calc level 0 ridge...done (5811ms) 
 block [216] : 1000 snps  (59465ms) 
   -residualizing and scaling genotypes...done (8886ms) 
   -calc working matrices...done (3650ms) 
   -calc level 0 ridge...done (4859ms) 
 block [217] : 1000 snps  (61539ms) 
   -residualizing and scaling genotypes...done (11011ms) 
   -calc working matrices...done (3504ms) 
   -calc level 0 ridge...done (4830ms) 
 block [218] : 1000 snps  (53326ms) 
   -residualizing and scaling genotypes...done (8732ms) 
   -calc working matrices...done (3476ms) 
   -calc level 0 ridge...done (6219ms) 
 block [219] : 1000 snps  (52681ms) 
   -residualizing and scaling genotypes...done (8753ms) 
   -calc working matrices...done (3547ms) 
   -calc level 0 ridge...done (5541ms) 
 block [220] : 1000 snps  (57406ms) 
   -residualizing and scaling genotypes...done (11141ms) 
   -calc working matrices...done (3557ms) 
   -calc level 0 ridge...done (4957ms) 
 block [221] : 1000 snps  (63400ms) 
   -residualizing and scaling genotypes...done (8628ms) 
   -calc working matrices...done (3568ms) 
   -calc level 0 ridge...done (5758ms) 
 block [222] : 1000 snps  (54136ms) 
   -residualizing and scaling genotypes...done (8626ms) 
   -calc working matrices...done (3507ms) 
   -calc level 0 ridge...done (5706ms) 
 block [223] : 1000 snps  (54064ms) 
   -residualizing and scaling genotypes...done (8627ms) 
   -calc working matrices...done (3413ms) 
   -calc level 0 ridge...done (5797ms) 
 block [224] : 1000 snps  (70723ms) 
   -residualizing and scaling genotypes...done (11458ms) 
   -calc working matrices...done (3484ms) 
   -calc level 0 ridge...done (6289ms) 
 block [225] : 1000 snps  (61186ms) 
   -residualizing and scaling genotypes...done (8726ms) 
   -calc working matrices...done (3695ms) 
   -calc level 0 ridge...done (5729ms) 
 block [226] : 1000 snps  (53978ms) 
   -residualizing and scaling genotypes...done (8693ms) 
   -calc working matrices...done (3481ms) 
   -calc level 0 ridge...done (5714ms) 
 block [227] : 1000 snps  (53940ms) 
   -residualizing and scaling genotypes...done (8603ms) 
   -calc working matrices...done (3519ms) 
   -calc level 0 ridge...done (5775ms) 
 block [228] : 1000 snps  (54258ms) 
   -residualizing and scaling genotypes...done (8604ms) 
   -calc working matrices...done (3614ms) 
   -calc level 0 ridge...done (5691ms) 
 block [229] : 1000 snps  (70220ms) 
   -residualizing and scaling genotypes...done (8649ms) 
   -calc working matrices...done (3529ms) 
   -calc level 0 ridge...done (6311ms) 
 block [230] : 1000 snps  (52659ms) 
   -residualizing and scaling genotypes...done (8726ms) 
   -calc working matrices...done (3487ms) 
   -calc level 0 ridge...done (5052ms) 
 block [231] : 1000 snps  (59569ms) 
   -residualizing and scaling genotypes...done (9467ms) 
   -calc working matrices...done (3555ms) 
   -calc level 0 ridge...done (5045ms) 
 block [232] : 1000 snps  (61058ms) 
   -residualizing and scaling genotypes...done (8921ms) 
   -calc working matrices...done (3530ms) 
   -calc level 0 ridge...done (5425ms) 
 block [233] : 128 snps  (10234ms) 
   -residualizing and scaling genotypes...done (1578ms) 
   -calc working matrices...done (152ms) 
   -calc level 0 ridge...done (636ms) 
Chromosome 8
 block [234] : 1000 snps  (52667ms) 
   -residualizing and scaling genotypes...done (8747ms) 
   -calc working matrices...done (3569ms) 
   -calc level 0 ridge...done (4891ms) 
 block [235] : 1000 snps  (61184ms) 
   -residualizing and scaling genotypes...done (8708ms) 
   -calc working matrices...done (3674ms) 
   -calc level 0 ridge...done (5838ms) 
 block [236] : 1000 snps  (57179ms) 
   -residualizing and scaling genotypes...done (8789ms) 
   -calc working matrices...done (3604ms) 
   -calc level 0 ridge...done (6015ms) 
 block [237] : 1000 snps  (54891ms) 
   -residualizing and scaling genotypes...done (8656ms) 
   -calc working matrices...done (3568ms) 
   -calc level 0 ridge...done (6122ms) 
 block [238] : 1000 snps  (54344ms) 
   -residualizing and scaling genotypes...done (8654ms) 
   -calc working matrices...done (3581ms) 
   -calc level 0 ridge...done (6167ms) 
 block [239] : 1000 snps  (52523ms) 
   -residualizing and scaling genotypes...done (8618ms) 
   -calc working matrices...done (3501ms) 
   -calc level 0 ridge...done (6163ms) 
 block [240] : 1000 snps  (52580ms) 
   -residualizing and scaling genotypes...done (8672ms) 
   -calc working matrices...done (3681ms) 
   -calc level 0 ridge...done (6257ms) 
 block [241] : 1000 snps  (52475ms) 
   -residualizing and scaling genotypes...done (8647ms) 
   -calc working matrices...done (3635ms) 
   -calc level 0 ridge...done (6221ms) 
 block [242] : 1000 snps  (71105ms) 
   -residualizing and scaling genotypes...done (11003ms) 
   -calc working matrices...done (3622ms) 
   -calc level 0 ridge...done (5071ms) 
 block [243] : 1000 snps  (60086ms) 
   -residualizing and scaling genotypes...done (8809ms) 
   -calc working matrices...done (3579ms) 
   -calc level 0 ridge...done (5527ms) 
 block [244] : 1000 snps  (58462ms) 
   -residualizing and scaling genotypes...done (8737ms) 
   -calc working matrices...done (3503ms) 
   -calc level 0 ridge...done (4758ms) 
 block [245] : 1000 snps  (57738ms) 
   -residualizing and scaling genotypes...done (8768ms) 
   -calc working matrices...done (3500ms) 
   -calc level 0 ridge...done (5353ms) 
 block [246] : 1000 snps  (64068ms) 
   -residualizing and scaling genotypes...done (8991ms) 
   -calc working matrices...done (3517ms) 
   -calc level 0 ridge...done (5275ms) 
 block [247] : 1000 snps  (56876ms) 
   -residualizing and scaling genotypes...done (8813ms) 
   -calc working matrices...done (3615ms) 
   -calc level 0 ridge...done (6041ms) 
 block [248] : 1000 snps  (66369ms) 
   -residualizing and scaling genotypes...done (8671ms) 
   -calc working matrices...done (3516ms) 
   -calc level 0 ridge...done (5025ms) 
 block [249] : 1000 snps  (57624ms) 
   -residualizing and scaling genotypes...done (8808ms) 
   -calc working matrices...done (3452ms) 
   -calc level 0 ridge...done (5665ms) 
 block [250] : 1000 snps  (68548ms) 
   -residualizing and scaling genotypes...done (8776ms) 
   -calc working matrices...done (3578ms) 
   -calc level 0 ridge...done (6284ms) 
 block [251] : 1000 snps  (52628ms) 
   -residualizing and scaling genotypes...done (8706ms) 
   -calc working matrices...done (3640ms) 
   -calc level 0 ridge...done (6055ms) 
 block [252] : 1000 snps  (56049ms) 
   -residualizing and scaling genotypes...done (8809ms) 
   -calc working matrices...done (3605ms) 
   -calc level 0 ridge...done (6070ms) 
 block [253] : 1000 snps  (55121ms) 
   -residualizing and scaling genotypes...done (8781ms) 
   -calc working matrices...done (3673ms) 
   -calc level 0 ridge...done (6104ms) 
 block [254] : 1000 snps  (52948ms) 
   -residualizing and scaling genotypes...done (8807ms) 
   -calc working matrices...done (3659ms) 
   -calc level 0 ridge...done (6317ms) 
 block [255] : 1000 snps  (52757ms) 
   -residualizing and scaling genotypes...done (8683ms) 
   -calc working matrices...done (3469ms) 
   -calc level 0 ridge...done (6172ms) 
 block [256] : 1000 snps  (56049ms) 
   -residualizing and scaling genotypes...done (8770ms) 
   -calc working matrices...done (3471ms) 
   -calc level 0 ridge...done (5614ms) 
 block [257] : 1000 snps  (60006ms) 
   -residualizing and scaling genotypes...done (8660ms) 
   -calc working matrices...done (3484ms) 
   -calc level 0 ridge...done (4568ms) 
 block [258] : 1000 snps  (59952ms) 
   -residualizing and scaling genotypes...done (8796ms) 
   -calc working matrices...done (3460ms) 
   -calc level 0 ridge...done (5462ms) 
 block [259] : 794 snps  (41675ms) 
   -residualizing and scaling genotypes...done (8041ms) 
   -calc working matrices...done (2426ms) 
   -calc level 0 ridge...done (4397ms) 
Chromosome 9
 block [260] : 1000 snps  (52900ms) 
   -residualizing and scaling genotypes...done (8642ms) 
   -calc working matrices...done (3446ms) 
   -calc level 0 ridge...done (6281ms) 
 block [261] : 1000 snps  (52873ms) 
   -residualizing and scaling genotypes...done (8770ms) 
   -calc working matrices...done (3468ms) 
   -calc level 0 ridge...done (6240ms) 
 block [262] : 1000 snps  (66717ms) 
   -residualizing and scaling genotypes...done (8744ms) 
   -calc working matrices...done (3524ms) 
   -calc level 0 ridge...done (5816ms) 
 block [263] : 1000 snps  (53335ms) 
   -residualizing and scaling genotypes...done (8583ms) 
   -calc working matrices...done (3495ms) 
   -calc level 0 ridge...done (4864ms) 
 block [264] : 1000 snps  (64175ms) 
   -residualizing and scaling genotypes...done (8803ms) 
   -calc working matrices...done (3499ms) 
   -calc level 0 ridge...done (5745ms) 
 block [265] : 1000 snps  (66443ms) 
   -residualizing and scaling genotypes...done (8628ms) 
   -calc working matrices...done (3484ms) 
   -calc level 0 ridge...done (5746ms) 
 block [266] : 1000 snps  (53283ms) 
   -residualizing and scaling genotypes...done (8596ms) 
   -calc working matrices...done (3510ms) 
   -calc level 0 ridge...done (5684ms) 
 block [267] : 1000 snps  (53654ms) 
   -residualizing and scaling genotypes...done (8812ms) 
   -calc working matrices...done (3494ms) 
   -calc level 0 ridge...done (5016ms) 
 block [268] : 1000 snps  (55222ms) 
   -residualizing and scaling genotypes...done (8709ms) 
   -calc working matrices...done (3635ms) 
   -calc level 0 ridge...done (4998ms) 
 block [269] : 1000 snps  (67215ms) 
   -residualizing and scaling genotypes...done (10002ms) 
   -calc working matrices...done (3504ms) 
   -calc level 0 ridge...done (4117ms) 
 block [270] : 1000 snps  (71677ms) 
   -residualizing and scaling genotypes...done (9686ms) 
   -calc working matrices...done (3474ms) 
   -calc level 0 ridge...done (5122ms) 
 block [271] : 1000 snps  (55319ms) 
   -residualizing and scaling genotypes...done (8629ms) 
   -calc working matrices...done (3576ms) 
   -calc level 0 ridge...done (5484ms) 
 block [272] : 1000 snps  (59190ms) 
   -residualizing and scaling genotypes...done (8835ms) 
   -calc working matrices...done (3600ms) 
   -calc level 0 ridge...done (5255ms) 
 block [273] : 1000 snps  (65215ms) 
   -residualizing and scaling genotypes...done (8752ms) 
   -calc working matrices...done (3650ms) 
   -calc level 0 ridge...done (4843ms) 
 block [274] : 1000 snps  (60023ms) 
   -residualizing and scaling genotypes...done (8904ms) 
   -calc working matrices...done (3511ms) 
   -calc level 0 ridge...done (5040ms) 
 block [275] : 1000 snps  (66046ms) 
   -residualizing and scaling genotypes...done (11032ms) 
   -calc working matrices...done (3544ms) 
   -calc level 0 ridge...done (5008ms) 
 block [276] : 1000 snps  (54218ms) 
   -residualizing and scaling genotypes...done (8665ms) 
   -calc working matrices...done (3594ms) 
   -calc level 0 ridge...done (6199ms) 
 block [277] : 1000 snps  (52633ms) 
   -residualizing and scaling genotypes...done (8646ms) 
   -calc working matrices...done (3551ms) 
   -calc level 0 ridge...done (6264ms) 
 block [278] : 1000 snps  (52695ms) 
   -residualizing and scaling genotypes...done (8636ms) 
   -calc working matrices...done (3528ms) 
   -calc level 0 ridge...done (6254ms) 
 block [279] : 1000 snps  (70265ms) 
   -residualizing and scaling genotypes...done (8775ms) 
   -calc working matrices...done (3516ms) 
   -calc level 0 ridge...done (5809ms) 
 block [280] : 1000 snps  (53877ms) 
   -residualizing and scaling genotypes...done (8729ms) 
   -calc working matrices...done (3517ms) 
   -calc level 0 ridge...done (5752ms) 
 block [281] : 841 snps  (43849ms) 
   -residualizing and scaling genotypes...done (7232ms) 
   -calc working matrices...done (2598ms) 
   -calc level 0 ridge...done (5164ms) 
Chromosome 10
 block [282] : 1000 snps  (52538ms) 
   -residualizing and scaling genotypes...done (8750ms) 
   -calc working matrices...done (3686ms) 
   -calc level 0 ridge...done (6218ms) 
 block [283] : 1000 snps  (52765ms) 
   -residualizing and scaling genotypes...done (8794ms) 
   -calc working matrices...done (3304ms) 
   -calc level 0 ridge...done (6234ms) 
 block [284] : 1000 snps  (52815ms) 
   -residualizing and scaling genotypes...done (8791ms) 
   -calc working matrices...done (3321ms) 
   -calc level 0 ridge...done (6244ms) 
 block [285] : 1000 snps  (52956ms) 
   -residualizing and scaling genotypes...done (8781ms) 
   -calc working matrices...done (3379ms) 
   -calc level 0 ridge...done (5615ms) 
 block [286] : 1000 snps  (58658ms) 
   -residualizing and scaling genotypes...done (8812ms) 
   -calc working matrices...done (3308ms) 
   -calc level 0 ridge...done (6241ms) 
 block [287] : 1000 snps  (52687ms) 
   -residualizing and scaling genotypes...done (8827ms) 
   -calc working matrices...done (3324ms) 
   -calc level 0 ridge...done (6122ms) 
 block [288] : 1000 snps  (52913ms) 
   -residualizing and scaling genotypes...done (8768ms) 
   -calc working matrices...done (3426ms) 
   -calc level 0 ridge...done (6219ms) 
 block [289] : 1000 snps  (52645ms) 
   -residualizing and scaling genotypes...done (8795ms) 
   -calc working matrices...done (3346ms) 
   -calc level 0 ridge...done (6113ms) 
 block [290] : 1000 snps  (53005ms) 
   -residualizing and scaling genotypes...done (8780ms) 
   -calc working matrices...done (3343ms) 
   -calc level 0 ridge...done (6153ms) 
 block [291] : 1000 snps  (52773ms) 
   -residualizing and scaling genotypes...done (8795ms) 
   -calc working matrices...done (3378ms) 
   -calc level 0 ridge...done (6257ms) 
 block [292] : 1000 snps  (52607ms) 
   -residualizing and scaling genotypes...done (8803ms) 
   -calc working matrices...done (3357ms) 
   -calc level 0 ridge...done (6198ms) 
 block [293] : 1000 snps  (52539ms) 
   -residualizing and scaling genotypes...done (8673ms) 
   -calc working matrices...done (3396ms) 
   -calc level 0 ridge...done (6238ms) 
 block [294] : 1000 snps  (52736ms) 
   -residualizing and scaling genotypes...done (8641ms) 
   -calc working matrices...done (3405ms) 
   -calc level 0 ridge...done (6192ms) 
 block [295] : 1000 snps  (52241ms) 
   -residualizing and scaling genotypes...done (8776ms) 
   -calc working matrices...done (3329ms) 
   -calc level 0 ridge...done (6208ms) 
 block [296] : 1000 snps  (52539ms) 
   -residualizing and scaling genotypes...done (8772ms) 
   -calc working matrices...done (3449ms) 
   -calc level 0 ridge...done (6176ms) 
 block [297] : 1000 snps  (65677ms) 
   -residualizing and scaling genotypes...done (8847ms) 
   -calc working matrices...done (3458ms) 
   -calc level 0 ridge...done (5468ms) 
 block [298] : 1000 snps  (69015ms) 
   -residualizing and scaling genotypes...done (8884ms) 
   -calc working matrices...done (3424ms) 
   -calc level 0 ridge...done (4751ms) 
 block [299] : 1000 snps  (69465ms) 
   -residualizing and scaling genotypes...done (10158ms) 
   -calc working matrices...done (3344ms) 
   -calc level 0 ridge...done (4247ms) 
 block [300] : 1000 snps  (61366ms) 
   -residualizing and scaling genotypes...done (8678ms) 
   -calc working matrices...done (3439ms) 
   -calc level 0 ridge...done (6352ms) 
 block [301] : 1000 snps  (52608ms) 
   -residualizing and scaling genotypes...done (8679ms) 
   -calc working matrices...done (3463ms) 
   -calc level 0 ridge...done (5574ms) 
 block [302] : 1000 snps  (60788ms) 
   -residualizing and scaling genotypes...done (8878ms) 
   -calc working matrices...done (3378ms) 
   -calc level 0 ridge...done (5929ms) 
 block [303] : 1000 snps  (55416ms) 
   -residualizing and scaling genotypes...done (8669ms) 
   -calc working matrices...done (3412ms) 
   -calc level 0 ridge...done (6230ms) 
 block [304] : 1000 snps  (69749ms) 
   -residualizing and scaling genotypes...done (8779ms) 
   -calc working matrices...done (3427ms) 
   -calc level 0 ridge...done (5791ms) 
 block [305] : 1000 snps  (54377ms) 
   -residualizing and scaling genotypes...done (8782ms) 
   -calc working matrices...done (3393ms) 
   -calc level 0 ridge...done (4648ms) 
 block [306] : 487 snps  (27005ms) 
   -residualizing and scaling genotypes...done (4385ms) 
   -calc working matrices...done (1065ms) 
   -calc level 0 ridge...done (2619ms) 
Chromosome 11
 block [307] : 1000 snps  (56919ms) 
   -residualizing and scaling genotypes...done (8639ms) 
   -calc working matrices...done (3544ms) 
   -calc level 0 ridge...done (5758ms) 
 block [308] : 1000 snps  (66256ms) 
   -residualizing and scaling genotypes...done (8631ms) 
   -calc working matrices...done (3666ms) 
   -calc level 0 ridge...done (5791ms) 
 block [309] : 1000 snps  (54222ms) 
   -residualizing and scaling genotypes...done (8737ms) 
   -calc working matrices...done (3477ms) 
   -calc level 0 ridge...done (5857ms) 
 block [310] : 1000 snps  (69311ms) 
   -residualizing and scaling genotypes...done (8771ms) 
   -calc working matrices...done (3588ms) 
   -calc level 0 ridge...done (6332ms) 
 block [311] : 1000 snps  (52862ms) 
   -residualizing and scaling genotypes...done (8736ms) 
   -calc working matrices...done (3483ms) 
   -calc level 0 ridge...done (6240ms) 
 block [312] : 1000 snps  (52598ms) 
   -residualizing and scaling genotypes...done (8787ms) 
   -calc working matrices...done (3434ms) 
   -calc level 0 ridge...done (6286ms) 
 block [313] : 1000 snps  (52623ms) 
   -residualizing and scaling genotypes...done (8632ms) 
   -calc working matrices...done (3530ms) 
   -calc level 0 ridge...done (6256ms) 
 block [314] : 1000 snps  (52616ms) 
   -residualizing and scaling genotypes...done (8690ms) 
   -calc working matrices...done (3524ms) 
   -calc level 0 ridge...done (6314ms) 
 block [315] : 1000 snps  (52709ms) 
   -residualizing and scaling genotypes...done (8692ms) 
   -calc working matrices...done (3501ms) 
   -calc level 0 ridge...done (4882ms) 
 block [316] : 1000 snps  (60012ms) 
   -residualizing and scaling genotypes...done (8649ms) 
   -calc working matrices...done (3602ms) 
   -calc level 0 ridge...done (6149ms) 
 block [317] : 1000 snps  (52640ms) 
   -residualizing and scaling genotypes...done (8613ms) 
   -calc working matrices...done (3433ms) 
   -calc level 0 ridge...done (6094ms) 
 block [318] : 1000 snps  (54563ms) 
   -residualizing and scaling genotypes...done (8673ms) 
   -calc working matrices...done (3580ms) 
   -calc level 0 ridge...done (6158ms) 
 block [319] : 1000 snps  (55878ms) 
   -residualizing and scaling genotypes...done (8694ms) 
   -calc working matrices...done (3503ms) 
   -calc level 0 ridge...done (6025ms) 
 block [320] : 1000 snps  (59060ms) 
   -residualizing and scaling genotypes...done (8766ms) 
   -calc working matrices...done (3540ms) 
   -calc level 0 ridge...done (4908ms) 
 block [321] : 1000 snps  (59559ms) 
   -residualizing and scaling genotypes...done (8750ms) 
   -calc working matrices...done (3572ms) 
   -calc level 0 ridge...done (6040ms) 
 block [322] : 1000 snps  (55593ms) 
   -residualizing and scaling genotypes...done (8840ms) 
   -calc working matrices...done (3519ms) 
   -calc level 0 ridge...done (4441ms) 
 block [323] : 1000 snps  (63081ms) 
   -residualizing and scaling genotypes...done (8909ms) 
   -calc working matrices...done (3606ms) 
   -calc level 0 ridge...done (5305ms) 
 block [324] : 1000 snps  (56894ms) 
   -residualizing and scaling genotypes...done (8832ms) 
   -calc working matrices...done (3496ms) 
   -calc level 0 ridge...done (5803ms) 
 block [325] : 1000 snps  (58925ms) 
   -residualizing and scaling genotypes...done (8898ms) 
   -calc working matrices...done (3554ms) 
   -calc level 0 ridge...done (4836ms) 
 block [326] : 1000 snps  (61687ms) 
   -residualizing and scaling genotypes...done (8985ms) 
   -calc working matrices...done (3585ms) 
   -calc level 0 ridge...done (5757ms) 
 block [327] : 1000 snps  (58863ms) 
   -residualizing and scaling genotypes...done (8768ms) 
   -calc working matrices...done (3545ms) 
   -calc level 0 ridge...done (4644ms) 
 block [328] : 1000 snps  (61792ms) 
   -residualizing and scaling genotypes...done (8823ms) 
   -calc working matrices...done (3526ms) 
   -calc level 0 ridge...done (5774ms) 
 block [329] : 1000 snps  (56346ms) 
   -residualizing and scaling genotypes...done (8868ms) 
   -calc working matrices...done (3574ms) 
   -calc level 0 ridge...done (6063ms) 
 block [330] : 937 snps  (49155ms) 
   -residualizing and scaling genotypes...done (8044ms) 
   -calc working matrices...done (3452ms) 
   -calc level 0 ridge...done (5847ms) 
Chromosome 12
 block [331] : 1000 snps  (52620ms) 
   -residualizing and scaling genotypes...done (8622ms) 
   -calc working matrices...done (3635ms) 
   -calc level 0 ridge...done (6217ms) 
 block [332] : 1000 snps  (52808ms) 
   -residualizing and scaling genotypes...done (11111ms) 
   -calc working matrices...done (3550ms) 
   -calc level 0 ridge...done (5933ms) 
 block [333] : 1000 snps  (63066ms) 
   -residualizing and scaling genotypes...done (8628ms) 
   -calc working matrices...done (3522ms) 
   -calc level 0 ridge...done (5740ms) 
 block [334] : 1000 snps  (54004ms) 
   -residualizing and scaling genotypes...done (8624ms) 
   -calc working matrices...done (3477ms) 
   -calc level 0 ridge...done (5667ms) 
 block [335] : 1000 snps  (53823ms) 
   -residualizing and scaling genotypes...done (8730ms) 
   -calc working matrices...done (3527ms) 
   -calc level 0 ridge...done (4805ms) 
 block [336] : 1000 snps  (64877ms) 
   -residualizing and scaling genotypes...done (8886ms) 
   -calc working matrices...done (3559ms) 
   -calc level 0 ridge...done (5288ms) 
 block [337] : 1000 snps  (54245ms) 
   -residualizing and scaling genotypes...done (8760ms) 
   -calc working matrices...done (3532ms) 
   -calc level 0 ridge...done (5644ms) 
 block [338] : 1000 snps  (57689ms) 
   -residualizing and scaling genotypes...done (11361ms) 
   -calc working matrices...done (3532ms) 
   -calc level 0 ridge...done (5584ms) 
 block [339] : 1000 snps  (63811ms) 
   -residualizing and scaling genotypes...done (8741ms) 
   -calc working matrices...done (3730ms) 
   -calc level 0 ridge...done (5465ms) 
 block [340] : 1000 snps  (58757ms) 
   -residualizing and scaling genotypes...done (8868ms) 
   -calc working matrices...done (3463ms) 
   -calc level 0 ridge...done (5868ms) 
 block [341] : 1000 snps  (58362ms) 
   -residualizing and scaling genotypes...done (8895ms) 
   -calc working matrices...done (3601ms) 
   -calc level 0 ridge...done (5705ms) 
 block [342] : 1000 snps  (55908ms) 
   -residualizing and scaling genotypes...done (8746ms) 
   -calc working matrices...done (3493ms) 
   -calc level 0 ridge...done (6080ms) 
 block [343] : 1000 snps  (53865ms) 
   -residualizing and scaling genotypes...done (11295ms) 
   -calc working matrices...done (3479ms) 
   -calc level 0 ridge...done (6212ms) 
 block [344] : 1000 snps  (62533ms) 
   -residualizing and scaling genotypes...done (8636ms) 
   -calc working matrices...done (3526ms) 
   -calc level 0 ridge...done (5762ms) 
 block [345] : 1000 snps  (53536ms) 
   -residualizing and scaling genotypes...done (8598ms) 
   -calc working matrices...done (3649ms) 
   -calc level 0 ridge...done (5899ms) 
 block [346] : 1000 snps  (54001ms) 
   -residualizing and scaling genotypes...done (8619ms) 
   -calc working matrices...done (3618ms) 
   -calc level 0 ridge...done (5786ms) 
 block [347] : 1000 snps  (70802ms) 
   -residualizing and scaling genotypes...done (8734ms) 
   -calc working matrices...done (3630ms) 
   -calc level 0 ridge...done (6265ms) 
 block [348] : 1000 snps  (53605ms) 
   -residualizing and scaling genotypes...done (8841ms) 
   -calc working matrices...done (3591ms) 
   -calc level 0 ridge...done (6325ms) 
 block [349] : 1000 snps  (53001ms) 
   -residualizing and scaling genotypes...done (8741ms) 
   -calc working matrices...done (3635ms) 
   -calc level 0 ridge...done (5202ms) 
 block [350] : 1000 snps  (54712ms) 
   -residualizing and scaling genotypes...done (8811ms) 
   -calc working matrices...done (3622ms) 
   -calc level 0 ridge...done (5481ms) 
 block [351] : 1000 snps  (60830ms) 
   -residualizing and scaling genotypes...done (8948ms) 
   -calc working matrices...done (3576ms) 
   -calc level 0 ridge...done (4882ms) 
 block [352] : 1000 snps  (65518ms) 
   -residualizing and scaling genotypes...done (8652ms) 
   -calc working matrices...done (3571ms) 
   -calc level 0 ridge...done (5830ms) 
 block [353] : 1000 snps  (53939ms) 
   -residualizing and scaling genotypes...done (8618ms) 
   -calc working matrices...done (3461ms) 
   -calc level 0 ridge...done (5838ms) 
 block [354] : 482 snps  (26560ms) 
   -residualizing and scaling genotypes...done (5564ms) 
   -calc working matrices...done (942ms) 
   -calc level 0 ridge...done (2578ms) 
Chromosome 13
 block [355] : 1000 snps  (53049ms) 
   -residualizing and scaling genotypes...done (8840ms) 
   -calc working matrices...done (3490ms) 
   -calc level 0 ridge...done (6117ms) 
 block [356] : 1000 snps  (52955ms) 
   -residualizing and scaling genotypes...done (8665ms) 
   -calc working matrices...done (3424ms) 
   -calc level 0 ridge...done (5236ms) 
 block [357] : 1000 snps  (60288ms) 
   -residualizing and scaling genotypes...done (8830ms) 
   -calc working matrices...done (3367ms) 
   -calc level 0 ridge...done (5733ms) 
 block [358] : 1000 snps  (57615ms) 
   -residualizing and scaling genotypes...done (8782ms) 
   -calc working matrices...done (3385ms) 
   -calc level 0 ridge...done (6177ms) 
 block [359] : 1000 snps  (68984ms) 
   -residualizing and scaling genotypes...done (11244ms) 
   -calc working matrices...done (3388ms) 
   -calc level 0 ridge...done (4456ms) 
 block [360] : 1000 snps  (60959ms) 
   -residualizing and scaling genotypes...done (8723ms) 
   -calc working matrices...done (3378ms) 
   -calc level 0 ridge...done (5719ms) 
 block [361] : 1000 snps  (53666ms) 
   -residualizing and scaling genotypes...done (8615ms) 
   -calc working matrices...done (3285ms) 
   -calc level 0 ridge...done (5766ms) 
 block [362] : 1000 snps  (53380ms) 
   -residualizing and scaling genotypes...done (8680ms) 
   -calc working matrices...done (3344ms) 
   -calc level 0 ridge...done (5026ms) 
 block [363] : 1000 snps  (54038ms) 
   -residualizing and scaling genotypes...done (8541ms) 
   -calc working matrices...done (3327ms) 
   -calc level 0 ridge...done (5027ms) 
 block [364] : 1000 snps  (57454ms) 
   -residualizing and scaling genotypes...done (8796ms) 
   -calc working matrices...done (3379ms) 
   -calc level 0 ridge...done (5441ms) 
 block [365] : 1000 snps  (53818ms) 
   -residualizing and scaling genotypes...done (8743ms) 
   -calc working matrices...done (3417ms) 
   -calc level 0 ridge...done (5785ms) 
 block [366] : 1000 snps  (53450ms) 
   -residualizing and scaling genotypes...done (8596ms) 
   -calc working matrices...done (3407ms) 
   -calc level 0 ridge...done (5855ms) 
 block [367] : 1000 snps  (53538ms) 
   -residualizing and scaling genotypes...done (8612ms) 
   -calc working matrices...done (3415ms) 
   -calc level 0 ridge...done (5746ms) 
 block [368] : 1000 snps  (53737ms) 
   -residualizing and scaling genotypes...done (8764ms) 
   -calc working matrices...done (3323ms) 
   -calc level 0 ridge...done (5777ms) 
 block [369] : 1000 snps  (53700ms) 
   -residualizing and scaling genotypes...done (8763ms) 
   -calc working matrices...done (3453ms) 
   -calc level 0 ridge...done (5805ms) 
 block [370] : 1000 snps  (53711ms) 
   -residualizing and scaling genotypes...done (8714ms) 
   -calc working matrices...done (3336ms) 
   -calc level 0 ridge...done (5843ms) 
 block [371] : 1000 snps  (53849ms) 
   -residualizing and scaling genotypes...done (11176ms) 
   -calc working matrices...done (3426ms) 
   -calc level 0 ridge...done (5038ms) 
 block [372] : 207 snps  (10811ms) 
   -residualizing and scaling genotypes...done (1930ms) 
   -calc working matrices...done (324ms) 
   -calc level 0 ridge...done (984ms) 
Chromosome 14
 block [373] : 1000 snps  (53911ms) 
   -residualizing and scaling genotypes...done (8659ms) 
   -calc working matrices...done (3620ms) 
   -calc level 0 ridge...done (5778ms) 
 block [374] : 1000 snps  (53610ms) 
   -residualizing and scaling genotypes...done (8794ms) 
   -calc working matrices...done (3507ms) 
   -calc level 0 ridge...done (5765ms) 
 block [375] : 1000 snps  (67614ms) 
   -residualizing and scaling genotypes...done (8698ms) 
   -calc working matrices...done (3514ms) 
   -calc level 0 ridge...done (6536ms) 
 block [376] : 1000 snps  (56339ms) 
   -residualizing and scaling genotypes...done (8798ms) 
   -calc working matrices...done (3577ms) 
   -calc level 0 ridge...done (6347ms) 
 block [377] : 1000 snps  (52874ms) 
   -residualizing and scaling genotypes...done (8785ms) 
   -calc working matrices...done (3595ms) 
   -calc level 0 ridge...done (6240ms) 
 block [378] : 1000 snps  (53162ms) 
   -residualizing and scaling genotypes...done (8818ms) 
   -calc working matrices...done (3421ms) 
   -calc level 0 ridge...done (4627ms) 
 block [379] : 1000 snps  (59089ms) 
   -residualizing and scaling genotypes...done (8919ms) 
   -calc working matrices...done (3502ms) 
   -calc level 0 ridge...done (4466ms) 
 block [380] : 1000 snps  (58800ms) 
   -residualizing and scaling genotypes...done (8794ms) 
   -calc working matrices...done (3555ms) 
   -calc level 0 ridge...done (6255ms) 
 block [381] : 1000 snps  (52800ms) 
   -residualizing and scaling genotypes...done (8803ms) 
   -calc working matrices...done (3416ms) 
   -calc level 0 ridge...done (6196ms) 
 block [382] : 1000 snps  (55679ms) 
   -residualizing and scaling genotypes...done (8682ms) 
   -calc working matrices...done (3497ms) 
   -calc level 0 ridge...done (6177ms) 
 block [383] : 1000 snps  (69862ms) 
   -residualizing and scaling genotypes...done (10724ms) 
   -calc working matrices...done (3585ms) 
   -calc level 0 ridge...done (4466ms) 
 block [384] : 1000 snps  (67562ms) 
   -residualizing and scaling genotypes...done (9033ms) 
   -calc working matrices...done (3479ms) 
   -calc level 0 ridge...done (5354ms) 
 block [385] : 1000 snps  (55062ms) 
   -residualizing and scaling genotypes...done (8644ms) 
   -calc working matrices...done (3581ms) 
   -calc level 0 ridge...done (6242ms) 
 block [386] : 1000 snps  (52874ms) 
   -residualizing and scaling genotypes...done (8660ms) 
   -calc working matrices...done (3500ms) 
   -calc level 0 ridge...done (6262ms) 
 block [387] : 1000 snps  (52680ms) 
   -residualizing and scaling genotypes...done (8659ms) 
   -calc working matrices...done (3610ms) 
   -calc level 0 ridge...done (6315ms) 
 block [388] : 1000 snps  (52653ms) 
   -residualizing and scaling genotypes...done (11231ms) 
   -calc working matrices...done (3475ms) 
   -calc level 0 ridge...done (6213ms) 
 block [389] : 106 snps  (5931ms) 
   -residualizing and scaling genotypes...done (1383ms) 
   -calc working matrices...done (119ms) 
   -calc level 0 ridge...done (574ms) 
Chromosome 15
 block [390] : 1000 snps  (53893ms) 
   -residualizing and scaling genotypes...done (8669ms) 
   -calc working matrices...done (3514ms) 
   -calc level 0 ridge...done (4531ms) 
 block [391] : 1000 snps  (60816ms) 
   -residualizing and scaling genotypes...done (8865ms) 
   -calc working matrices...done (3575ms) 
   -calc level 0 ridge...done (5408ms) 
 block [392] : 1000 snps  (60457ms) 
   -residualizing and scaling genotypes...done (8909ms) 
   -calc working matrices...done (3591ms) 
   -calc level 0 ridge...done (4856ms) 
 block [393] : 1000 snps  (58480ms) 
   -residualizing and scaling genotypes...done (8790ms) 
   -calc working matrices...done (3487ms) 
   -calc level 0 ridge...done (5864ms) 
 block [394] : 1000 snps  (53610ms) 
   -residualizing and scaling genotypes...done (8702ms) 
   -calc working matrices...done (3545ms) 
   -calc level 0 ridge...done (5782ms) 
 block [395] : 1000 snps  (69017ms) 
   -residualizing and scaling genotypes...done (8748ms) 
   -calc working matrices...done (3534ms) 
   -calc level 0 ridge...done (6201ms) 
 block [396] : 1000 snps  (53301ms) 
   -residualizing and scaling genotypes...done (8683ms) 
   -calc working matrices...done (3808ms) 
   -calc level 0 ridge...done (6256ms) 
 block [397] : 1000 snps  (53259ms) 
   -residualizing and scaling genotypes...done (8710ms) 
   -calc working matrices...done (3635ms) 
   -calc level 0 ridge...done (5704ms) 
 block [398] : 1000 snps  (58270ms) 
   -residualizing and scaling genotypes...done (11085ms) 
   -calc working matrices...done (3443ms) 
   -calc level 0 ridge...done (6043ms) 
 block [399] : 1000 snps  (53213ms) 
   -residualizing and scaling genotypes...done (8693ms) 
   -calc working matrices...done (3563ms) 
   -calc level 0 ridge...done (5044ms) 
 block [400] : 1000 snps  (60217ms) 
   -residualizing and scaling genotypes...done (11007ms) 
   -calc working matrices...done (3579ms) 
   -calc level 0 ridge...done (4980ms) 
 block [401] : 1000 snps  (62594ms) 
   -residualizing and scaling genotypes...done (8769ms) 
   -calc working matrices...done (3470ms) 
   -calc level 0 ridge...done (4962ms) 
 block [402] : 1000 snps  (59637ms) 
   -residualizing and scaling genotypes...done (8869ms) 
   -calc working matrices...done (3593ms) 
   -calc level 0 ridge...done (5468ms) 
 block [403] : 1000 snps  (55657ms) 
   -residualizing and scaling genotypes...done (8775ms) 
   -calc working matrices...done (3596ms) 
   -calc level 0 ridge...done (5789ms) 
 block [404] : 1000 snps  (54089ms) 
   -residualizing and scaling genotypes...done (8633ms) 
   -calc working matrices...done (3564ms) 
   -calc level 0 ridge...done (5855ms) 
 block [405] : 386 snps  (21024ms) 
   -residualizing and scaling genotypes...done (3357ms) 
   -calc working matrices...done (698ms) 
   -calc level 0 ridge...done (1893ms) 
Chromosome 16
 block [406] : 1000 snps  (53858ms) 
   -residualizing and scaling genotypes...done (8663ms) 
   -calc working matrices...done (3384ms) 
   -calc level 0 ridge...done (5877ms) 
 block [407] : 1000 snps  (53825ms) 
   -residualizing and scaling genotypes...done (8663ms) 
   -calc working matrices...done (3342ms) 
   -calc level 0 ridge...done (5875ms) 
 block [408] : 1000 snps  (69836ms) 
   -residualizing and scaling genotypes...done (8747ms) 
   -calc working matrices...done (3330ms) 
   -calc level 0 ridge...done (6346ms) 
 block [409] : 1000 snps  (68662ms) 
   -residualizing and scaling genotypes...done (10542ms) 
   -calc working matrices...done (3402ms) 
   -calc level 0 ridge...done (4373ms) 
 block [410] : 1000 snps  (57231ms) 
   -residualizing and scaling genotypes...done (8619ms) 
   -calc working matrices...done (3350ms) 
   -calc level 0 ridge...done (5016ms) 
 block [411] : 1000 snps  (64859ms) 
   -residualizing and scaling genotypes...done (8799ms) 
   -calc working matrices...done (3442ms) 
   -calc level 0 ridge...done (4803ms) 
 block [412] : 1000 snps  (65395ms) 
   -residualizing and scaling genotypes...done (8742ms) 
   -calc working matrices...done (3358ms) 
   -calc level 0 ridge...done (5674ms) 
 block [413] : 1000 snps  (57639ms) 
   -residualizing and scaling genotypes...done (8727ms) 
   -calc working matrices...done (3352ms) 
   -calc level 0 ridge...done (5429ms) 
 block [414] : 1000 snps  (59382ms) 
   -residualizing and scaling genotypes...done (8660ms) 
   -calc working matrices...done (3342ms) 
   -calc level 0 ridge...done (5974ms) 
 block [415] : 1000 snps  (53655ms) 
   -residualizing and scaling genotypes...done (8603ms) 
   -calc working matrices...done (3343ms) 
   -calc level 0 ridge...done (5781ms) 
 block [416] : 1000 snps  (53442ms) 
   -residualizing and scaling genotypes...done (11200ms) 
   -calc working matrices...done (3453ms) 
   -calc level 0 ridge...done (5850ms) 
 block [417] : 1000 snps  (53511ms) 
   -residualizing and scaling genotypes...done (8612ms) 
   -calc working matrices...done (3303ms) 
   -calc level 0 ridge...done (5680ms) 
 block [418] : 1000 snps  (53709ms) 
   -residualizing and scaling genotypes...done (8637ms) 
   -calc working matrices...done (3359ms) 
   -calc level 0 ridge...done (5745ms) 
 block [419] : 1000 snps  (53745ms) 
   -residualizing and scaling genotypes...done (8757ms) 
   -calc working matrices...done (3326ms) 
   -calc level 0 ridge...done (5754ms) 
 block [420] : 1000 snps  (53899ms) 
   -residualizing and scaling genotypes...done (8612ms) 
   -calc working matrices...done (3334ms) 
   -calc level 0 ridge...done (5792ms) 
 block [421] : 1000 snps  (54181ms) 
   -residualizing and scaling genotypes...done (8621ms) 
   -calc working matrices...done (3369ms) 
   -calc level 0 ridge...done (5762ms) 
 block [422] : 1000 snps  (54002ms) 
   -residualizing and scaling genotypes...done (8658ms) 
   -calc working matrices...done (3354ms) 
   -calc level 0 ridge...done (5641ms) 
 block [423] : 404 snps  (23154ms) 
   -residualizing and scaling genotypes...done (4641ms) 
   -calc working matrices...done (792ms) 
   -calc level 0 ridge...done (2000ms) 
Chromosome 17
 block [424] : 1000 snps  (54021ms) 
   -residualizing and scaling genotypes...done (11366ms) 
   -calc working matrices...done (3646ms) 
   -calc level 0 ridge...done (5735ms) 
 block [425] : 1000 snps  (53736ms) 
   -residualizing and scaling genotypes...done (8724ms) 
   -calc working matrices...done (3541ms) 
   -calc level 0 ridge...done (5774ms) 
 block [426] : 1000 snps  (53919ms) 
   -residualizing and scaling genotypes...done (11340ms) 
   -calc working matrices...done (3576ms) 
   -calc level 0 ridge...done (4930ms) 
 block [427] : 1000 snps  (63797ms) 
   -residualizing and scaling genotypes...done (8664ms) 
   -calc working matrices...done (3494ms) 
   -calc level 0 ridge...done (6266ms) 
 block [428] : 1000 snps  (67501ms) 
   -residualizing and scaling genotypes...done (10411ms) 
   -calc working matrices...done (3616ms) 
   -calc level 0 ridge...done (3975ms) 
 block [429] : 1000 snps  (54370ms) 
   -residualizing and scaling genotypes...done (8698ms) 
   -calc working matrices...done (3581ms) 
   -calc level 0 ridge...done (6263ms) 
 block [430] : 1000 snps  (54807ms) 
   -residualizing and scaling genotypes...done (8682ms) 
   -calc working matrices...done (3703ms) 
   -calc level 0 ridge...done (6193ms) 
 block [431] : 1000 snps  (53179ms) 
   -residualizing and scaling genotypes...done (8674ms) 
   -calc working matrices...done (3696ms) 
   -calc level 0 ridge...done (6325ms) 
 block [432] : 1000 snps  (53228ms) 
   -residualizing and scaling genotypes...done (8641ms) 
   -calc working matrices...done (3635ms) 
   -calc level 0 ridge...done (6264ms) 
 block [433] : 1000 snps  (52962ms) 
   -residualizing and scaling genotypes...done (8643ms) 
   -calc working matrices...done (3624ms) 
   -calc level 0 ridge...done (6335ms) 
 block [434] : 1000 snps  (52929ms) 
   -residualizing and scaling genotypes...done (8628ms) 
   -calc working matrices...done (3644ms) 
   -calc level 0 ridge...done (6356ms) 
 block [435] : 1000 snps  (53048ms) 
   -residualizing and scaling genotypes...done (8651ms) 
   -calc working matrices...done (3605ms) 
   -calc level 0 ridge...done (6280ms) 
 block [436] : 1000 snps  (53126ms) 
   -residualizing and scaling genotypes...done (8712ms) 
   -calc working matrices...done (3554ms) 
   -calc level 0 ridge...done (6346ms) 
 block [437] : 1000 snps  (53128ms) 
   -residualizing and scaling genotypes...done (8628ms) 
   -calc working matrices...done (3546ms) 
   -calc level 0 ridge...done (6268ms) 
 block [438] : 1000 snps  (53367ms) 
   -residualizing and scaling genotypes...done (8666ms) 
   -calc working matrices...done (3504ms) 
   -calc level 0 ridge...done (6195ms) 
 block [439] : 798 snps  (41986ms) 
   -residualizing and scaling genotypes...done (6835ms) 
   -calc working matrices...done (2495ms) 
   -calc level 0 ridge...done (4791ms) 
Chromosome 18
 block [440] : 1000 snps  (53424ms) 
   -residualizing and scaling genotypes...done (8706ms) 
   -calc working matrices...done (3557ms) 
   -calc level 0 ridge...done (5752ms) 
 block [441] : 1000 snps  (53804ms) 
   -residualizing and scaling genotypes...done (8752ms) 
   -calc working matrices...done (3654ms) 
   -calc level 0 ridge...done (4933ms) 
 block [442] : 1000 snps  (56781ms) 
   -residualizing and scaling genotypes...done (8832ms) 
   -calc working matrices...done (3599ms) 
   -calc level 0 ridge...done (5803ms) 
 block [443] : 1000 snps  (54094ms) 
   -residualizing and scaling genotypes...done (8650ms) 
   -calc working matrices...done (3488ms) 
   -calc level 0 ridge...done (5887ms) 
 block [444] : 1000 snps  (53576ms) 
   -residualizing and scaling genotypes...done (11329ms) 
   -calc working matrices...done (3548ms) 
   -calc level 0 ridge...done (5326ms) 
 block [445] : 1000 snps  (54426ms) 
   -residualizing and scaling genotypes...done (8807ms) 
   -calc working matrices...done (3622ms) 
   -calc level 0 ridge...done (5793ms) 
 block [446] : 1000 snps  (69418ms) 
   -residualizing and scaling genotypes...done (8646ms) 
   -calc working matrices...done (3501ms) 
   -calc level 0 ridge...done (6314ms) 
 block [447] : 1000 snps  (52825ms) 
   -residualizing and scaling genotypes...done (8680ms) 
   -calc working matrices...done (3631ms) 
   -calc level 0 ridge...done (6254ms) 
 block [448] : 1000 snps  (53010ms) 
   -residualizing and scaling genotypes...done (8770ms) 
   -calc working matrices...done (3481ms) 
   -calc level 0 ridge...done (6245ms) 
 block [449] : 1000 snps  (52825ms) 
   -residualizing and scaling genotypes...done (8756ms) 
   -calc working matrices...done (3517ms) 
   -calc level 0 ridge...done (6288ms) 
 block [450] : 1000 snps  (53405ms) 
   -residualizing and scaling genotypes...done (8605ms) 
   -calc working matrices...done (3568ms) 
   -calc level 0 ridge...done (6130ms) 
 block [451] : 1000 snps  (52680ms) 
   -residualizing and scaling genotypes...done (8627ms) 
   -calc working matrices...done (3604ms) 
   -calc level 0 ridge...done (6233ms) 
 block [452] : 1000 snps  (52740ms) 
   -residualizing and scaling genotypes...done (8776ms) 
   -calc working matrices...done (3578ms) 
   -calc level 0 ridge...done (6114ms) 
 block [453] : 1000 snps  (66690ms) 
   -residualizing and scaling genotypes...done (8607ms) 
   -calc working matrices...done (3492ms) 
   -calc level 0 ridge...done (5729ms) 
 block [454] : 1000 snps  (53841ms) 
   -residualizing and scaling genotypes...done (8623ms) 
   -calc working matrices...done (3522ms) 
   -calc level 0 ridge...done (5709ms) 
 block [455] : 133 snps  (6951ms) 
   -residualizing and scaling genotypes...done (1167ms) 
   -calc working matrices...done (162ms) 
   -calc level 0 ridge...done (552ms) 
Chromosome 19
 block [456] : 1000 snps  (54130ms) 
   -residualizing and scaling genotypes...done (8784ms) 
   -calc working matrices...done (3629ms) 
   -calc level 0 ridge...done (5102ms) 
 block [457] : 1000 snps  (56045ms) 
   -residualizing and scaling genotypes...done (8738ms) 
   -calc working matrices...done (3418ms) 
   -calc level 0 ridge...done (5395ms) 
 block [458] : 1000 snps  (59282ms) 
   -residualizing and scaling genotypes...done (8905ms) 
   -calc working matrices...done (3523ms) 
   -calc level 0 ridge...done (6011ms) 
 block [459] : 1000 snps  (53158ms) 
   -residualizing and scaling genotypes...done (8747ms) 
   -calc working matrices...done (3459ms) 
   -calc level 0 ridge...done (6078ms) 
 block [460] : 1000 snps  (53235ms) 
   -residualizing and scaling genotypes...done (8643ms) 
   -calc working matrices...done (3545ms) 
   -calc level 0 ridge...done (6119ms) 
 block [461] : 1000 snps  (70412ms) 
   -residualizing and scaling genotypes...done (8728ms) 
   -calc working matrices...done (3503ms) 
   -calc level 0 ridge...done (5864ms) 
 block [462] : 1000 snps  (53822ms) 
   -residualizing and scaling genotypes...done (8764ms) 
   -calc working matrices...done (3555ms) 
   -calc level 0 ridge...done (4893ms) 
 block [463] : 1000 snps  (60046ms) 
   -residualizing and scaling genotypes...done (8966ms) 
   -calc working matrices...done (3569ms) 
   -calc level 0 ridge...done (5705ms) 
 block [464] : 1000 snps  (54034ms) 
   -residualizing and scaling genotypes...done (8661ms) 
   -calc working matrices...done (3393ms) 
   -calc level 0 ridge...done (5358ms) 
 block [465] : 1000 snps  (55556ms) 
   -residualizing and scaling genotypes...done (8628ms) 
   -calc working matrices...done (3502ms) 
   -calc level 0 ridge...done (5712ms) 
 block [466] : 1000 snps  (68388ms) 
   -residualizing and scaling genotypes...done (8776ms) 
   -calc working matrices...done (3528ms) 
   -calc level 0 ridge...done (6254ms) 
 block [467] : 1000 snps  (53066ms) 
   -residualizing and scaling genotypes...done (8709ms) 
   -calc working matrices...done (3510ms) 
   -calc level 0 ridge...done (5540ms) 
 block [468] : 551 snps  (29829ms) 
   -residualizing and scaling genotypes...done (4850ms) 
   -calc working matrices...done (1237ms) 
   -calc level 0 ridge...done (3216ms) 
Chromosome 20
 block [469] : 1000 snps  (53043ms) 
   -residualizing and scaling genotypes...done (8789ms) 
   -calc working matrices...done (3515ms) 
   -calc level 0 ridge...done (6107ms) 
 block [470] : 1000 snps  (52945ms) 
   -residualizing and scaling genotypes...done (8775ms) 
   -calc working matrices...done (3414ms) 
   -calc level 0 ridge...done (6111ms) 
 block [471] : 1000 snps  (52634ms) 
   -residualizing and scaling genotypes...done (8764ms) 
   -calc working matrices...done (3626ms) 
   -calc level 0 ridge...done (6127ms) 
 block [472] : 1000 snps  (52548ms) 
   -residualizing and scaling genotypes...done (8760ms) 
   -calc working matrices...done (3430ms) 
   -calc level 0 ridge...done (6111ms) 
 block [473] : 1000 snps  (52904ms) 
   -residualizing and scaling genotypes...done (8776ms) 
   -calc working matrices...done (3685ms) 
   -calc level 0 ridge...done (6115ms) 
 block [474] : 1000 snps  (52569ms) 
   -residualizing and scaling genotypes...done (8659ms) 
   -calc working matrices...done (3636ms) 
   -calc level 0 ridge...done (6204ms) 
 block [475] : 1000 snps  (52660ms) 
   -residualizing and scaling genotypes...done (8824ms) 
   -calc working matrices...done (3579ms) 
   -calc level 0 ridge...done (6159ms) 
 block [476] : 1000 snps  (52653ms) 
   -residualizing and scaling genotypes...done (8778ms) 
   -calc working matrices...done (3644ms) 
   -calc level 0 ridge...done (6134ms) 
 block [477] : 1000 snps  (52889ms) 
   -residualizing and scaling genotypes...done (8729ms) 
   -calc working matrices...done (3539ms) 
   -calc level 0 ridge...done (6225ms) 
 block [478] : 1000 snps  (52876ms) 
   -residualizing and scaling genotypes...done (8806ms) 
   -calc working matrices...done (3526ms) 
   -calc level 0 ridge...done (6200ms) 
 block [479] : 1000 snps  (52984ms) 
   -residualizing and scaling genotypes...done (8812ms) 
   -calc working matrices...done (3601ms) 
   -calc level 0 ridge...done (4909ms) 
 block [480] : 1000 snps  (57960ms) 
   -residualizing and scaling genotypes...done (11377ms) 
   -calc working matrices...done (3468ms) 
   -calc level 0 ridge...done (6016ms) 
 block [481] : 1000 snps  (65660ms) 
   -residualizing and scaling genotypes...done (8640ms) 
   -calc working matrices...done (3742ms) 
   -calc level 0 ridge...done (5799ms) 
 block [482] : 299 snps  (16243ms) 
   -residualizing and scaling genotypes...done (3354ms) 
   -calc working matrices...done (547ms) 
   -calc level 0 ridge...done (1411ms) 
Chromosome 21
 block [483] : 1000 snps  (52745ms) 
   -residualizing and scaling genotypes...done (8732ms) 
   -calc working matrices...done (3536ms) 
   -calc level 0 ridge...done (6013ms) 
 block [484] : 1000 snps  (70506ms) 
   -residualizing and scaling genotypes...done (8628ms) 
   -calc working matrices...done (3606ms) 
   -calc level 0 ridge...done (5092ms) 
 block [485] : 1000 snps  (58677ms) 
   -residualizing and scaling genotypes...done (8801ms) 
   -calc working matrices...done (3404ms) 
   -calc level 0 ridge...done (5675ms) 
 block [486] : 1000 snps  (54137ms) 
   -residualizing and scaling genotypes...done (8661ms) 
   -calc working matrices...done (3603ms) 
   -calc level 0 ridge...done (5888ms) 
 block [487] : 1000 snps  (53737ms) 
   -residualizing and scaling genotypes...done (8592ms) 
   -calc working matrices...done (3478ms) 
   -calc level 0 ridge...done (5764ms) 
 block [488] : 1000 snps  (53833ms) 
   -residualizing and scaling genotypes...done (8627ms) 
   -calc working matrices...done (3450ms) 
   -calc level 0 ridge...done (5729ms) 
 block [489] : 1000 snps  (54232ms) 
   -residualizing and scaling genotypes...done (8639ms) 
   -calc working matrices...done (3562ms) 
   -calc level 0 ridge...done (5779ms) 
 block [490] : 550 snps  (30425ms) 
   -residualizing and scaling genotypes...done (4769ms) 
   -calc working matrices...done (1222ms) 
   -calc level 0 ridge...done (2815ms) 
Chromosome 22
 block [491] : 1000 snps  (57106ms) 
   -residualizing and scaling genotypes...done (8580ms) 
   -calc working matrices...done (3386ms) 
   -calc level 0 ridge...done (5676ms) 
 block [492] : 1000 snps  (71325ms) 
   -residualizing and scaling genotypes...done (9936ms) 
   -calc working matrices...done (3453ms) 
   -calc level 0 ridge...done (4462ms) 
 block [493] : 1000 snps  (64423ms) 
   -residualizing and scaling genotypes...done (9118ms) 
   -calc working matrices...done (3541ms) 
   -calc level 0 ridge...done (4628ms) 
 block [494] : 1000 snps  (54842ms) 
   -residualizing and scaling genotypes...done (8796ms) 
   -calc working matrices...done (3420ms) 
   -calc level 0 ridge...done (5047ms) 
 block [495] : 1000 snps  (55079ms) 
   -residualizing and scaling genotypes...done (8807ms) 
   -calc working matrices...done (3597ms) 
   -calc level 0 ridge...done (5741ms) 
 block [496] : 1000 snps  (54302ms) 
   -residualizing and scaling genotypes...done (9458ms) 
   -calc working matrices...done (3597ms) 
   -calc level 0 ridge...done (5751ms) 
 block [497] : 1000 snps  (68504ms) 
   -residualizing and scaling genotypes...done (8790ms) 
   -calc working matrices...done (3587ms) 
   -calc level 0 ridge...done (6127ms) 
 block [498] : 967 snps  (51552ms) 
   -residualizing and scaling genotypes...done (11003ms) 
   -calc working matrices...done (3516ms) 
   -calc level 0 ridge...done (4511ms) 

 Level 1 ridge...
   -on phenotype 1 (PD)...done (26035ms) 

Output
------
phenotype 1 (PD) : 
  0.01  : Rsq = 0.00159242, MSE = 0.998407
  0.25  : Rsq = 0.0027577, MSE = 0.997971
  0.5   : Rsq = 0.00308797, MSE = 0.997871
  0.75  : Rsq = 0.00336763, MSE = 0.997848
  0.99  : Rsq = 0.00409102, MSE = 0.997729<- min value
  * making predictions...writing LOCO predictions...done (8397ms) 

List of blup files written to: [/gpfs/home/ptseng/Torkamani_Projects/20210901_PD_UKBB/regenie/regenie_output/PD_ukb_step1_BT_pred.list]

Elapsed time : 36985.4s
End time: Wed Nov 17 05:48:03 2021

